[0.802s] DEBUG:colcon:Command line arguments: ['/usr/bin/colcon', 'build']
[0.803s] DEBUG:colcon:Parsed command line arguments: Namespace(log_base=None, log_level=None, verb_name='build', build_base='build', install_base='install', merge_install=False, symlink_install=False, test_result_base=None, continue_on_error=False, executor='parallel', parallel_workers=4, event_handlers=None, ignore_user_meta=False, metas=['./colcon.meta'], base_paths=['.'], packages_ignore=None, packages_ignore_regex=None, paths=None, packages_up_to=None, packages_up_to_regex=None, packages_above=None, packages_above_and_dependencies=None, packages_above_depth=None, packages_select_by_dep=None, packages_skip_by_dep=None, packages_skip_up_to=None, packages_select_build_failed=False, packages_skip_build_finished=False, packages_select_test_failures=False, packages_skip_test_passed=False, packages_select=None, packages_skip=None, packages_select_regex=None, packages_skip_regex=None, packages_start=None, packages_end=None, cmake_args=None, cmake_target=None, cmake_target_skip_unavailable=False, cmake_clean_cache=False, cmake_clean_first=False, cmake_force_configure=False, ament_cmake_args=None, catkin_cmake_args=None, catkin_skip_building_tests=False, verb_parser=<colcon_defaults.argument_parser.defaults.DefaultArgumentsDecorator object at 0x7fb03af310>, verb_extension=<colcon_core.verb.build.BuildVerb object at 0x7fb03aec50>, main=<bound method BuildVerb.main of <colcon_core.verb.build.BuildVerb object at 0x7fb03aec50>>)
[2.821s] Level 1:colcon.colcon_core.package_discovery:discover_packages(colcon_meta) check parameters
[2.822s] Level 1:colcon.colcon_core.package_discovery:discover_packages(recursive) check parameters
[2.822s] Level 1:colcon.colcon_core.package_discovery:discover_packages(ignore) check parameters
[2.822s] Level 1:colcon.colcon_core.package_discovery:discover_packages(path) check parameters
[2.822s] Level 1:colcon.colcon_core.package_discovery:discover_packages(colcon_meta) discover
[2.823s] Level 1:colcon.colcon_core.package_discovery:discover_packages(recursive) discover
[2.823s] INFO:colcon.colcon_core.package_discovery:Crawling recursively for packages in '/home/orangepi/GM'
[2.824s] Level 1:colcon.colcon_core.package_identification:_identify(.) by extensions ['ignore', 'ignore_ament_install']
[2.825s] Level 1:colcon.colcon_core.package_identification:_identify(.) by extension 'ignore'
[2.825s] Level 1:colcon.colcon_core.package_identification:_identify(.) by extension 'ignore_ament_install'
[2.825s] Level 1:colcon.colcon_core.package_identification:_identify(.) by extensions ['colcon_pkg']
[2.826s] Level 1:colcon.colcon_core.package_identification:_identify(.) by extension 'colcon_pkg'
[2.826s] Level 1:colcon.colcon_core.package_identification:_identify(.) by extensions ['colcon_meta']
[2.826s] Level 1:colcon.colcon_core.package_identification:_identify(.) by extension 'colcon_meta'
[2.826s] Level 1:colcon.colcon_core.package_identification:_identify(.) by extensions ['ros']
[2.827s] Level 1:colcon.colcon_core.package_identification:_identify(.) by extension 'ros'
[2.924s] Level 1:colcon.colcon_core.package_identification:_identify(.) by extensions ['cmake', 'python']
[2.925s] Level 1:colcon.colcon_core.package_identification:_identify(.) by extension 'cmake'
[2.925s] Level 1:colcon.colcon_core.package_identification:_identify(.) by extension 'python'
[2.925s] Level 1:colcon.colcon_core.package_identification:_identify(.) by extensions ['python_setup_py']
[2.926s] Level 1:colcon.colcon_core.package_identification:_identify(.) by extension 'python_setup_py'
[2.927s] Level 1:colcon.colcon_core.package_identification:_identify(build) by extensions ['ignore', 'ignore_ament_install']
[2.927s] Level 1:colcon.colcon_core.package_identification:_identify(build) by extension 'ignore'
[2.928s] Level 1:colcon.colcon_core.package_identification:_identify(build) ignored
[2.929s] Level 1:colcon.colcon_core.package_identification:_identify(com) by extensions ['ignore', 'ignore_ament_install']
[2.929s] Level 1:colcon.colcon_core.package_identification:_identify(com) by extension 'ignore'
[2.930s] Level 1:colcon.colcon_core.package_identification:_identify(com) by extension 'ignore_ament_install'
[2.930s] Level 1:colcon.colcon_core.package_identification:_identify(com) by extensions ['colcon_pkg']
[2.930s] Level 1:colcon.colcon_core.package_identification:_identify(com) by extension 'colcon_pkg'
[2.931s] Level 1:colcon.colcon_core.package_identification:_identify(com) by extensions ['colcon_meta']
[2.931s] Level 1:colcon.colcon_core.package_identification:_identify(com) by extension 'colcon_meta'
[2.931s] Level 1:colcon.colcon_core.package_identification:_identify(com) by extensions ['ros']
[2.932s] Level 1:colcon.colcon_core.package_identification:_identify(com) by extension 'ros'
[2.954s] DEBUG:colcon.colcon_core.package_identification:Package 'com' with type 'ros.ament_python' and name 'com'
[2.956s] Level 1:colcon.colcon_core.package_identification:_identify(install) by extensions ['ignore', 'ignore_ament_install']
[2.956s] Level 1:colcon.colcon_core.package_identification:_identify(install) by extension 'ignore'
[2.957s] Level 1:colcon.colcon_core.package_identification:_identify(install) ignored
[2.958s] Level 1:colcon.colcon_core.package_identification:_identify(log) by extensions ['ignore', 'ignore_ament_install']
[2.958s] Level 1:colcon.colcon_core.package_identification:_identify(log) by extension 'ignore'
[2.959s] Level 1:colcon.colcon_core.package_identification:_identify(log) ignored
[2.959s] Level 1:colcon.colcon_core.package_discovery:discover_packages(recursive) using defaults
[2.959s] Level 1:colcon.colcon_core.package_discovery:discover_packages(ignore) discover
[2.960s] Level 1:colcon.colcon_core.package_discovery:discover_packages(ignore) using defaults
[2.960s] Level 1:colcon.colcon_core.package_discovery:discover_packages(path) discover
[2.960s] Level 1:colcon.colcon_core.package_discovery:discover_packages(path) using defaults
[3.241s] Level 5:colcon.colcon_core.verb:set package 'com' build argument 'cmake_args' from command line to 'None'
[3.241s] Level 5:colcon.colcon_core.verb:set package 'com' build argument 'cmake_target' from command line to 'None'
[3.242s] Level 5:colcon.colcon_core.verb:set package 'com' build argument 'cmake_target_skip_unavailable' from command line to 'False'
[3.242s] Level 5:colcon.colcon_core.verb:set package 'com' build argument 'cmake_clean_cache' from command line to 'False'
[3.242s] Level 5:colcon.colcon_core.verb:set package 'com' build argument 'cmake_clean_first' from command line to 'False'
[3.242s] Level 5:colcon.colcon_core.verb:set package 'com' build argument 'cmake_force_configure' from command line to 'False'
[3.242s] Level 5:colcon.colcon_core.verb:set package 'com' build argument 'ament_cmake_args' from command line to 'None'
[3.242s] Level 5:colcon.colcon_core.verb:set package 'com' build argument 'catkin_cmake_args' from command line to 'None'
[3.243s] Level 5:colcon.colcon_core.verb:set package 'com' build argument 'catkin_skip_building_tests' from command line to 'False'
[3.243s] DEBUG:colcon.colcon_core.verb:Building package 'com' with the following arguments: {'ament_cmake_args': None, 'build_base': '/home/orangepi/GM/build/com', 'catkin_cmake_args': None, 'catkin_skip_building_tests': False, 'cmake_args': None, 'cmake_clean_cache': False, 'cmake_clean_first': False, 'cmake_force_configure': False, 'cmake_target': None, 'cmake_target_skip_unavailable': False, 'install_base': '/home/orangepi/GM/install/com', 'merge_install': False, 'path': '/home/orangepi/GM/com', 'symlink_install': False, 'test_result_base': None}
[3.244s] INFO:colcon.colcon_core.executor:Executing jobs using 'parallel' executor
[3.249s] DEBUG:colcon.colcon_parallel_executor.executor.parallel:run_until_complete
[3.251s] INFO:colcon.colcon_ros.task.ament_python.build:Building ROS package in '/home/orangepi/GM/com' with build type 'ament_python'
[3.253s] Level 1:colcon.colcon_core.shell:create_environment_hook('com', 'ament_prefix_path')
[3.279s] INFO:colcon.colcon_core.plugin_system:Skipping extension 'colcon_core.shell.bat': Not used on non-Windows systems
[3.281s] INFO:colcon.colcon_core.shell:Creating environment hook '/home/orangepi/GM/install/com/share/com/hook/ament_prefix_path.ps1'
[3.290s] INFO:colcon.colcon_core.shell:Creating environment descriptor '/home/orangepi/GM/install/com/share/com/hook/ament_prefix_path.dsv'
[3.320s] INFO:colcon.colcon_core.shell:Creating environment hook '/home/orangepi/GM/install/com/share/com/hook/ament_prefix_path.sh'
[3.331s] INFO:colcon.colcon_core.shell:Skip shell extension 'powershell' for command environment: Not usable outside of PowerShell
[3.331s] DEBUG:colcon.colcon_core.shell:Skip shell extension 'dsv' for command environment
[6.076s] INFO:colcon.colcon_core.task.python.build:Building Python package in '/home/orangepi/GM/com'
[6.078s] INFO:colcon.colcon_core.shell:Skip shell extension 'powershell' for command environment: Not usable outside of PowerShell
[6.078s] DEBUG:colcon.colcon_core.shell:Skip shell extension 'dsv' for command environment
[9.731s] DEBUG:colcon.colcon_core.event_handler.log_command:Invoking command in '/home/orangepi/GM/com': PYTHONPATH=/home/orangepi/GM/build/com/prefix_override:/usr/lib/python3/dist-packages/colcon_core/task/python/colcon_distutils_commands:/home/orangepi/GM/install/com/lib/python3.10/site-packages:${PYTHONPATH} /usr/bin/python3 -W ignore:setup.py install is deprecated setup.py egg_info --egg-base ../build/com build --build-base /home/orangepi/GM/build/com/build install --record /home/orangepi/GM/build/com/install.log --single-version-externally-managed install_data
[12.918s] DEBUG:colcon.colcon_core.event_handler.log_command:Invoked command in '/home/orangepi/GM/com' returned '0': PYTHONPATH=/home/orangepi/GM/build/com/prefix_override:/usr/lib/python3/dist-packages/colcon_core/task/python/colcon_distutils_commands:/home/orangepi/GM/install/com/lib/python3.10/site-packages:${PYTHONPATH} /usr/bin/python3 -W ignore:setup.py install is deprecated setup.py egg_info --egg-base ../build/com build --build-base /home/orangepi/GM/build/com/build install --record /home/orangepi/GM/build/com/install.log --single-version-externally-managed install_data
[12.964s] Level 1:colcon.colcon_core.environment:checking '/home/orangepi/GM/install/com' for CMake module files
[12.977s] Level 1:colcon.colcon_core.environment:checking '/home/orangepi/GM/install/com' for CMake config files
[12.988s] Level 1:colcon.colcon_core.environment:checking '/home/orangepi/GM/install/com/lib'
[12.990s] Level 1:colcon.colcon_core.environment:checking '/home/orangepi/GM/install/com/bin'
[12.991s] Level 1:colcon.colcon_core.environment:checking '/home/orangepi/GM/install/com/lib/pkgconfig/com.pc'
[12.992s] Level 1:colcon.colcon_core.environment:checking '/home/orangepi/GM/install/com/lib/python3.10/site-packages'
[12.992s] Level 1:colcon.colcon_core.shell:create_environment_hook('com', 'pythonpath')
[12.994s] INFO:colcon.colcon_core.shell:Creating environment hook '/home/orangepi/GM/install/com/share/com/hook/pythonpath.ps1'
[12.999s] INFO:colcon.colcon_core.shell:Creating environment descriptor '/home/orangepi/GM/install/com/share/com/hook/pythonpath.dsv'
[13.006s] INFO:colcon.colcon_core.shell:Creating environment hook '/home/orangepi/GM/install/com/share/com/hook/pythonpath.sh'
[13.014s] Level 1:colcon.colcon_core.environment:checking '/home/orangepi/GM/install/com/bin'
[13.014s] Level 1:colcon.colcon_core.environment:create_environment_scripts_only(com)
[13.017s] INFO:colcon.colcon_core.shell:Creating package script '/home/orangepi/GM/install/com/share/com/package.ps1'
[13.025s] INFO:colcon.colcon_core.shell:Creating package descriptor '/home/orangepi/GM/install/com/share/com/package.dsv'
[13.033s] INFO:colcon.colcon_core.shell:Creating package script '/home/orangepi/GM/install/com/share/com/package.sh'
[13.062s] INFO:colcon.colcon_core.shell:Creating package script '/home/orangepi/GM/install/com/share/com/package.bash'
[13.079s] INFO:colcon.colcon_core.shell:Creating package script '/home/orangepi/GM/install/com/share/com/package.zsh'
[13.086s] Level 1:colcon.colcon_core.environment:create_file_with_runtime_dependencies(/home/orangepi/GM/install/com/share/colcon-core/packages/com)
[13.090s] DEBUG:colcon.colcon_parallel_executor.executor.parallel:closing loop
[13.091s] DEBUG:colcon.colcon_parallel_executor.executor.parallel:loop closed
[13.091s] DEBUG:colcon.colcon_parallel_executor.executor.parallel:run_until_complete finished with '0'
[13.092s] DEBUG:colcon.colcon_core.event_reactor:joining thread
[13.212s] INFO:colcon.colcon_core.plugin_system:Skipping extension 'colcon_notification.desktop_notification.terminal_notifier': Not used on non-Darwin systems
[13.212s] INFO:colcon.colcon_core.plugin_system:Skipping extension 'colcon_notification.desktop_notification.win32': Not used on non-Windows systems
[13.213s] INFO:colcon.colcon_notification.desktop_notification:Sending desktop notification using 'notify2'
[13.252s] DEBUG:colcon.colcon_core.event_reactor:joined thread
[13.254s] INFO:colcon.colcon_core.shell:Creating prefix script '/home/orangepi/GM/install/local_setup.ps1'
[13.267s] INFO:colcon.colcon_core.shell:Creating prefix util module '/home/orangepi/GM/install/_local_setup_util_ps1.py'
[13.281s] INFO:colcon.colcon_core.shell:Creating prefix chain script '/home/orangepi/GM/install/setup.ps1'
[13.292s] INFO:colcon.colcon_core.shell:Creating prefix script '/home/orangepi/GM/install/local_setup.sh'
[13.299s] INFO:colcon.colcon_core.shell:Creating prefix util module '/home/orangepi/GM/install/_local_setup_util_sh.py'
[13.306s] INFO:colcon.colcon_core.shell:Creating prefix chain script '/home/orangepi/GM/install/setup.sh'
[13.318s] INFO:colcon.colcon_core.shell:Creating prefix script '/home/orangepi/GM/install/local_setup.bash'
[13.345s] INFO:colcon.colcon_core.shell:Creating prefix chain script '/home/orangepi/GM/install/setup.bash'
[13.355s] INFO:colcon.colcon_core.shell:Creating prefix script '/home/orangepi/GM/install/local_setup.zsh'
[13.361s] INFO:colcon.colcon_core.shell:Creating prefix chain script '/home/orangepi/GM/install/setup.zsh'
