[0.125s] DEBUG:colcon:Command line arguments: ['/usr/bin/colcon', 'build']
[0.125s] DEBUG:colcon:Parsed command line arguments: Namespace(log_base=None, log_level=None, verb_name='build', build_base='build', install_base='install', merge_install=False, symlink_install=False, test_result_base=None, continue_on_error=False, executor='parallel', parallel_workers=8, event_handlers=None, ignore_user_meta=False, metas=['./colcon.meta'], base_paths=['.'], packages_ignore=None, packages_ignore_regex=None, paths=None, packages_up_to=None, packages_up_to_regex=None, packages_above=None, packages_above_and_dependencies=None, packages_above_depth=None, packages_select_by_dep=None, packages_skip_by_dep=None, packages_skip_up_to=None, packages_select_build_failed=False, packages_skip_build_finished=False, packages_select_test_failures=False, packages_skip_test_passed=False, packages_select=None, packages_skip=None, packages_select_regex=None, packages_skip_regex=None, packages_start=None, packages_end=None, cmake_args=None, cmake_target=None, cmake_target_skip_unavailable=False, cmake_clean_cache=False, cmake_clean_first=False, cmake_force_configure=False, ament_cmake_args=None, catkin_cmake_args=None, catkin_skip_building_tests=False, verb_parser=<colcon_defaults.argument_parser.defaults.DefaultArgumentsDecorator object at 0x7f9454fa00>, verb_extension=<colcon_core.verb.build.BuildVerb object at 0x7f946b4640>, main=<bound method BuildVerb.main of <colcon_core.verb.build.BuildVerb object at 0x7f946b4640>>)
[0.302s] Level 1:colcon.colcon_core.package_discovery:discover_packages(colcon_meta) check parameters
[0.302s] Level 1:colcon.colcon_core.package_discovery:discover_packages(recursive) check parameters
[0.302s] Level 1:colcon.colcon_core.package_discovery:discover_packages(ignore) check parameters
[0.302s] Level 1:colcon.colcon_core.package_discovery:discover_packages(path) check parameters
[0.302s] Level 1:colcon.colcon_core.package_discovery:discover_packages(colcon_meta) discover
[0.303s] Level 1:colcon.colcon_core.package_discovery:discover_packages(recursive) discover
[0.303s] INFO:colcon.colcon_core.package_discovery:Crawling recursively for packages in '/home/orangepi/GM/RESOURCES/ros2_ws'
[0.303s] Level 1:colcon.colcon_core.package_identification:_identify(.) by extensions ['ignore', 'ignore_ament_install']
[0.303s] Level 1:colcon.colcon_core.package_identification:_identify(.) by extension 'ignore'
[0.303s] Level 1:colcon.colcon_core.package_identification:_identify(.) by extension 'ignore_ament_install'
[0.303s] Level 1:colcon.colcon_core.package_identification:_identify(.) by extensions ['colcon_pkg']
[0.303s] Level 1:colcon.colcon_core.package_identification:_identify(.) by extension 'colcon_pkg'
[0.303s] Level 1:colcon.colcon_core.package_identification:_identify(.) by extensions ['colcon_meta']
[0.303s] Level 1:colcon.colcon_core.package_identification:_identify(.) by extension 'colcon_meta'
[0.303s] Level 1:colcon.colcon_core.package_identification:_identify(.) by extensions ['ros']
[0.303s] Level 1:colcon.colcon_core.package_identification:_identify(.) by extension 'ros'
[0.319s] Level 1:colcon.colcon_core.package_identification:_identify(.) by extensions ['cmake', 'python']
[0.320s] Level 1:colcon.colcon_core.package_identification:_identify(.) by extension 'cmake'
[0.320s] Level 1:colcon.colcon_core.package_identification:_identify(.) by extension 'python'
[0.320s] Level 1:colcon.colcon_core.package_identification:_identify(.) by extensions ['python_setup_py']
[0.320s] Level 1:colcon.colcon_core.package_identification:_identify(.) by extension 'python_setup_py'
[0.320s] Level 1:colcon.colcon_core.package_identification:_identify(build) by extensions ['ignore', 'ignore_ament_install']
[0.320s] Level 1:colcon.colcon_core.package_identification:_identify(build) by extension 'ignore'
[0.320s] Level 1:colcon.colcon_core.package_identification:_identify(build) ignored
[0.320s] Level 1:colcon.colcon_core.package_identification:_identify(install) by extensions ['ignore', 'ignore_ament_install']
[0.320s] Level 1:colcon.colcon_core.package_identification:_identify(install) by extension 'ignore'
[0.320s] Level 1:colcon.colcon_core.package_identification:_identify(install) ignored
[0.320s] Level 1:colcon.colcon_core.package_identification:_identify(log) by extensions ['ignore', 'ignore_ament_install']
[0.321s] Level 1:colcon.colcon_core.package_identification:_identify(log) by extension 'ignore'
[0.321s] Level 1:colcon.colcon_core.package_identification:_identify(log) ignored
[0.321s] Level 1:colcon.colcon_core.package_identification:_identify(src) by extensions ['ignore', 'ignore_ament_install']
[0.321s] Level 1:colcon.colcon_core.package_identification:_identify(src) by extension 'ignore'
[0.321s] Level 1:colcon.colcon_core.package_identification:_identify(src) by extension 'ignore_ament_install'
[0.321s] Level 1:colcon.colcon_core.package_identification:_identify(src) by extensions ['colcon_pkg']
[0.321s] Level 1:colcon.colcon_core.package_identification:_identify(src) by extension 'colcon_pkg'
[0.321s] Level 1:colcon.colcon_core.package_identification:_identify(src) by extensions ['colcon_meta']
[0.321s] Level 1:colcon.colcon_core.package_identification:_identify(src) by extension 'colcon_meta'
[0.321s] Level 1:colcon.colcon_core.package_identification:_identify(src) by extensions ['ros']
[0.321s] Level 1:colcon.colcon_core.package_identification:_identify(src) by extension 'ros'
[0.321s] Level 1:colcon.colcon_core.package_identification:_identify(src) by extensions ['cmake', 'python']
[0.321s] Level 1:colcon.colcon_core.package_identification:_identify(src) by extension 'cmake'
[0.321s] Level 1:colcon.colcon_core.package_identification:_identify(src) by extension 'python'
[0.321s] Level 1:colcon.colcon_core.package_identification:_identify(src) by extensions ['python_setup_py']
[0.321s] Level 1:colcon.colcon_core.package_identification:_identify(src) by extension 'python_setup_py'
[0.321s] Level 1:colcon.colcon_core.package_identification:_identify(src/contact) by extensions ['ignore', 'ignore_ament_install']
[0.321s] Level 1:colcon.colcon_core.package_identification:_identify(src/contact) by extension 'ignore'
[0.322s] Level 1:colcon.colcon_core.package_identification:_identify(src/contact) by extension 'ignore_ament_install'
[0.322s] Level 1:colcon.colcon_core.package_identification:_identify(src/contact) by extensions ['colcon_pkg']
[0.322s] Level 1:colcon.colcon_core.package_identification:_identify(src/contact) by extension 'colcon_pkg'
[0.322s] Level 1:colcon.colcon_core.package_identification:_identify(src/contact) by extensions ['colcon_meta']
[0.322s] Level 1:colcon.colcon_core.package_identification:_identify(src/contact) by extension 'colcon_meta'
[0.322s] Level 1:colcon.colcon_core.package_identification:_identify(src/contact) by extensions ['ros']
[0.322s] Level 1:colcon.colcon_core.package_identification:_identify(src/contact) by extension 'ros'
[0.325s] DEBUG:colcon.colcon_core.package_identification:Package 'src/contact' with type 'ros.ament_cmake' and name 'contact'
[0.325s] Level 1:colcon.colcon_core.package_identification:_identify(src/hero_msgs) by extensions ['ignore', 'ignore_ament_install']
[0.326s] Level 1:colcon.colcon_core.package_identification:_identify(src/hero_msgs) by extension 'ignore'
[0.326s] Level 1:colcon.colcon_core.package_identification:_identify(src/hero_msgs) by extension 'ignore_ament_install'
[0.326s] Level 1:colcon.colcon_core.package_identification:_identify(src/hero_msgs) by extensions ['colcon_pkg']
[0.326s] Level 1:colcon.colcon_core.package_identification:_identify(src/hero_msgs) by extension 'colcon_pkg'
[0.326s] Level 1:colcon.colcon_core.package_identification:_identify(src/hero_msgs) by extensions ['colcon_meta']
[0.326s] Level 1:colcon.colcon_core.package_identification:_identify(src/hero_msgs) by extension 'colcon_meta'
[0.326s] Level 1:colcon.colcon_core.package_identification:_identify(src/hero_msgs) by extensions ['ros']
[0.326s] Level 1:colcon.colcon_core.package_identification:_identify(src/hero_msgs) by extension 'ros'
[0.327s] DEBUG:colcon.colcon_core.package_identification:Package 'src/hero_msgs' with type 'ros.ament_cmake' and name 'hero_msgs'
[0.327s] Level 1:colcon.colcon_core.package_identification:_identify(src/vision_msgs) by extensions ['ignore', 'ignore_ament_install']
[0.327s] Level 1:colcon.colcon_core.package_identification:_identify(src/vision_msgs) by extension 'ignore'
[0.327s] Level 1:colcon.colcon_core.package_identification:_identify(src/vision_msgs) by extension 'ignore_ament_install'
[0.327s] Level 1:colcon.colcon_core.package_identification:_identify(src/vision_msgs) by extensions ['colcon_pkg']
[0.327s] Level 1:colcon.colcon_core.package_identification:_identify(src/vision_msgs) by extension 'colcon_pkg'
[0.327s] Level 1:colcon.colcon_core.package_identification:_identify(src/vision_msgs) by extensions ['colcon_meta']
[0.327s] Level 1:colcon.colcon_core.package_identification:_identify(src/vision_msgs) by extension 'colcon_meta'
[0.327s] Level 1:colcon.colcon_core.package_identification:_identify(src/vision_msgs) by extensions ['ros']
[0.327s] Level 1:colcon.colcon_core.package_identification:_identify(src/vision_msgs) by extension 'ros'
[0.328s] DEBUG:colcon.colcon_core.package_identification:Package 'src/vision_msgs' with type 'ros.ament_cmake' and name 'vision_msgs'
[0.328s] Level 1:colcon.colcon_core.package_discovery:discover_packages(recursive) using defaults
[0.328s] Level 1:colcon.colcon_core.package_discovery:discover_packages(ignore) discover
[0.328s] Level 1:colcon.colcon_core.package_discovery:discover_packages(ignore) using defaults
[0.328s] Level 1:colcon.colcon_core.package_discovery:discover_packages(path) discover
[0.328s] Level 1:colcon.colcon_core.package_discovery:discover_packages(path) using defaults
[0.353s] Level 5:colcon.colcon_core.verb:set package 'hero_msgs' build argument 'cmake_args' from command line to 'None'
[0.353s] Level 5:colcon.colcon_core.verb:set package 'hero_msgs' build argument 'cmake_target' from command line to 'None'
[0.353s] Level 5:colcon.colcon_core.verb:set package 'hero_msgs' build argument 'cmake_target_skip_unavailable' from command line to 'False'
[0.353s] Level 5:colcon.colcon_core.verb:set package 'hero_msgs' build argument 'cmake_clean_cache' from command line to 'False'
[0.353s] Level 5:colcon.colcon_core.verb:set package 'hero_msgs' build argument 'cmake_clean_first' from command line to 'False'
[0.353s] Level 5:colcon.colcon_core.verb:set package 'hero_msgs' build argument 'cmake_force_configure' from command line to 'False'
[0.353s] Level 5:colcon.colcon_core.verb:set package 'hero_msgs' build argument 'ament_cmake_args' from command line to 'None'
[0.353s] Level 5:colcon.colcon_core.verb:set package 'hero_msgs' build argument 'catkin_cmake_args' from command line to 'None'
[0.353s] Level 5:colcon.colcon_core.verb:set package 'hero_msgs' build argument 'catkin_skip_building_tests' from command line to 'False'
[0.353s] DEBUG:colcon.colcon_core.verb:Building package 'hero_msgs' with the following arguments: {'ament_cmake_args': None, 'build_base': '/home/orangepi/GM/RESOURCES/ros2_ws/build/hero_msgs', 'catkin_cmake_args': None, 'catkin_skip_building_tests': False, 'cmake_args': None, 'cmake_clean_cache': False, 'cmake_clean_first': False, 'cmake_force_configure': False, 'cmake_target': None, 'cmake_target_skip_unavailable': False, 'install_base': '/home/orangepi/GM/RESOURCES/ros2_ws/install/hero_msgs', 'merge_install': False, 'path': '/home/orangepi/GM/RESOURCES/ros2_ws/src/hero_msgs', 'symlink_install': False, 'test_result_base': None}
[0.354s] Level 5:colcon.colcon_core.verb:set package 'vision_msgs' build argument 'cmake_args' from command line to 'None'
[0.354s] Level 5:colcon.colcon_core.verb:set package 'vision_msgs' build argument 'cmake_target' from command line to 'None'
[0.354s] Level 5:colcon.colcon_core.verb:set package 'vision_msgs' build argument 'cmake_target_skip_unavailable' from command line to 'False'
[0.354s] Level 5:colcon.colcon_core.verb:set package 'vision_msgs' build argument 'cmake_clean_cache' from command line to 'False'
[0.354s] Level 5:colcon.colcon_core.verb:set package 'vision_msgs' build argument 'cmake_clean_first' from command line to 'False'
[0.354s] Level 5:colcon.colcon_core.verb:set package 'vision_msgs' build argument 'cmake_force_configure' from command line to 'False'
[0.354s] Level 5:colcon.colcon_core.verb:set package 'vision_msgs' build argument 'ament_cmake_args' from command line to 'None'
[0.354s] Level 5:colcon.colcon_core.verb:set package 'vision_msgs' build argument 'catkin_cmake_args' from command line to 'None'
[0.354s] Level 5:colcon.colcon_core.verb:set package 'vision_msgs' build argument 'catkin_skip_building_tests' from command line to 'False'
[0.354s] DEBUG:colcon.colcon_core.verb:Building package 'vision_msgs' with the following arguments: {'ament_cmake_args': None, 'build_base': '/home/orangepi/GM/RESOURCES/ros2_ws/build/vision_msgs', 'catkin_cmake_args': None, 'catkin_skip_building_tests': False, 'cmake_args': None, 'cmake_clean_cache': False, 'cmake_clean_first': False, 'cmake_force_configure': False, 'cmake_target': None, 'cmake_target_skip_unavailable': False, 'install_base': '/home/orangepi/GM/RESOURCES/ros2_ws/install/vision_msgs', 'merge_install': False, 'path': '/home/orangepi/GM/RESOURCES/ros2_ws/src/vision_msgs', 'symlink_install': False, 'test_result_base': None}
[0.354s] Level 5:colcon.colcon_core.verb:set package 'contact' build argument 'cmake_args' from command line to 'None'
[0.354s] Level 5:colcon.colcon_core.verb:set package 'contact' build argument 'cmake_target' from command line to 'None'
[0.354s] Level 5:colcon.colcon_core.verb:set package 'contact' build argument 'cmake_target_skip_unavailable' from command line to 'False'
[0.354s] Level 5:colcon.colcon_core.verb:set package 'contact' build argument 'cmake_clean_cache' from command line to 'False'
[0.354s] Level 5:colcon.colcon_core.verb:set package 'contact' build argument 'cmake_clean_first' from command line to 'False'
[0.354s] Level 5:colcon.colcon_core.verb:set package 'contact' build argument 'cmake_force_configure' from command line to 'False'
[0.354s] Level 5:colcon.colcon_core.verb:set package 'contact' build argument 'ament_cmake_args' from command line to 'None'
[0.354s] Level 5:colcon.colcon_core.verb:set package 'contact' build argument 'catkin_cmake_args' from command line to 'None'
[0.354s] Level 5:colcon.colcon_core.verb:set package 'contact' build argument 'catkin_skip_building_tests' from command line to 'False'
[0.355s] DEBUG:colcon.colcon_core.verb:Building package 'contact' with the following arguments: {'ament_cmake_args': None, 'build_base': '/home/orangepi/GM/RESOURCES/ros2_ws/build/contact', 'catkin_cmake_args': None, 'catkin_skip_building_tests': False, 'cmake_args': None, 'cmake_clean_cache': False, 'cmake_clean_first': False, 'cmake_force_configure': False, 'cmake_target': None, 'cmake_target_skip_unavailable': False, 'install_base': '/home/orangepi/GM/RESOURCES/ros2_ws/install/contact', 'merge_install': False, 'path': '/home/orangepi/GM/RESOURCES/ros2_ws/src/contact', 'symlink_install': False, 'test_result_base': None}
[0.355s] INFO:colcon.colcon_core.executor:Executing jobs using 'parallel' executor
[0.356s] DEBUG:colcon.colcon_parallel_executor.executor.parallel:run_until_complete
[0.356s] INFO:colcon.colcon_ros.task.ament_cmake.build:Building ROS package in '/home/orangepi/GM/RESOURCES/ros2_ws/src/hero_msgs' with build type 'ament_cmake'
[0.357s] INFO:colcon.colcon_cmake.task.cmake.build:Building CMake package in '/home/orangepi/GM/RESOURCES/ros2_ws/src/hero_msgs'
[0.360s] INFO:colcon.colcon_core.plugin_system:Skipping extension 'colcon_core.shell.bat': Not used on non-Windows systems
[0.360s] INFO:colcon.colcon_core.shell:Skip shell extension 'powershell' for command environment: Not usable outside of PowerShell
[0.360s] DEBUG:colcon.colcon_core.shell:Skip shell extension 'dsv' for command environment
[0.366s] INFO:colcon.colcon_ros.task.ament_cmake.build:Building ROS package in '/home/orangepi/GM/RESOURCES/ros2_ws/src/vision_msgs' with build type 'ament_cmake'
[0.366s] INFO:colcon.colcon_cmake.task.cmake.build:Building CMake package in '/home/orangepi/GM/RESOURCES/ros2_ws/src/vision_msgs'
[0.366s] INFO:colcon.colcon_core.shell:Skip shell extension 'powershell' for command environment: Not usable outside of PowerShell
[0.366s] DEBUG:colcon.colcon_core.shell:Skip shell extension 'dsv' for command environment
[0.393s] DEBUG:colcon.colcon_core.event_handler.log_command:Invoking command in '/home/orangepi/GM/RESOURCES/ros2_ws/build/hero_msgs': CMAKE_PREFIX_PATH=${CMAKE_PREFIX_PATH}:/opt/ros/humble /usr/bin/cmake --build /home/orangepi/GM/RESOURCES/ros2_ws/build/hero_msgs -- -j8 -l8
[0.400s] DEBUG:colcon.colcon_core.event_handler.log_command:Invoking command in '/home/orangepi/GM/RESOURCES/ros2_ws/build/vision_msgs': CMAKE_PREFIX_PATH=${CMAKE_PREFIX_PATH}:/opt/ros/humble /usr/bin/cmake --build /home/orangepi/GM/RESOURCES/ros2_ws/build/vision_msgs -- -j8 -l8
[1.032s] DEBUG:colcon.colcon_core.event_handler.log_command:Invoked command in '/home/orangepi/GM/RESOURCES/ros2_ws/build/vision_msgs' returned '0': CMAKE_PREFIX_PATH=${CMAKE_PREFIX_PATH}:/opt/ros/humble /usr/bin/cmake --build /home/orangepi/GM/RESOURCES/ros2_ws/build/vision_msgs -- -j8 -l8
[1.047s] DEBUG:colcon.colcon_core.event_handler.log_command:Invoked command in '/home/orangepi/GM/RESOURCES/ros2_ws/build/hero_msgs' returned '0': CMAKE_PREFIX_PATH=${CMAKE_PREFIX_PATH}:/opt/ros/humble /usr/bin/cmake --build /home/orangepi/GM/RESOURCES/ros2_ws/build/hero_msgs -- -j8 -l8
[1.293s] DEBUG:colcon.colcon_core.event_handler.log_command:Invoking command in '/home/orangepi/GM/RESOURCES/ros2_ws/build/vision_msgs': CMAKE_PREFIX_PATH=${CMAKE_PREFIX_PATH}:/opt/ros/humble /usr/bin/cmake --install /home/orangepi/GM/RESOURCES/ros2_ws/build/vision_msgs
[1.336s] DEBUG:colcon.colcon_core.event_handler.log_command:Invoking command in '/home/orangepi/GM/RESOURCES/ros2_ws/build/hero_msgs': CMAKE_PREFIX_PATH=${CMAKE_PREFIX_PATH}:/opt/ros/humble /usr/bin/cmake --install /home/orangepi/GM/RESOURCES/ros2_ws/build/hero_msgs
[1.439s] Level 1:colcon.colcon_core.environment:create_environment_scripts_only(vision_msgs)
[1.441s] DEBUG:colcon.colcon_core.event_handler.log_command:Invoked command in '/home/orangepi/GM/RESOURCES/ros2_ws/build/vision_msgs' returned '0': CMAKE_PREFIX_PATH=${CMAKE_PREFIX_PATH}:/opt/ros/humble /usr/bin/cmake --install /home/orangepi/GM/RESOURCES/ros2_ws/build/vision_msgs
[1.450s] Level 1:colcon.colcon_core.environment:checking '/home/orangepi/GM/RESOURCES/ros2_ws/install/vision_msgs' for CMake module files
[1.454s] Level 1:colcon.colcon_core.environment:checking '/home/orangepi/GM/RESOURCES/ros2_ws/install/vision_msgs' for CMake config files
[1.457s] Level 1:colcon.colcon_core.shell:create_environment_hook('vision_msgs', 'cmake_prefix_path')
[1.458s] INFO:colcon.colcon_core.shell:Creating environment hook '/home/orangepi/GM/RESOURCES/ros2_ws/install/vision_msgs/share/vision_msgs/hook/cmake_prefix_path.ps1'
[1.464s] INFO:colcon.colcon_core.shell:Creating environment descriptor '/home/orangepi/GM/RESOURCES/ros2_ws/install/vision_msgs/share/vision_msgs/hook/cmake_prefix_path.dsv'
[1.468s] INFO:colcon.colcon_core.shell:Creating environment hook '/home/orangepi/GM/RESOURCES/ros2_ws/install/vision_msgs/share/vision_msgs/hook/cmake_prefix_path.sh'
[1.475s] Level 1:colcon.colcon_core.environment:checking '/home/orangepi/GM/RESOURCES/ros2_ws/install/vision_msgs/lib'
[1.476s] Level 1:colcon.colcon_core.shell:create_environment_hook('vision_msgs', 'ld_library_path_lib')
[1.477s] INFO:colcon.colcon_core.shell:Creating environment hook '/home/orangepi/GM/RESOURCES/ros2_ws/install/vision_msgs/share/vision_msgs/hook/ld_library_path_lib.ps1'
[1.478s] INFO:colcon.colcon_core.shell:Creating environment descriptor '/home/orangepi/GM/RESOURCES/ros2_ws/install/vision_msgs/share/vision_msgs/hook/ld_library_path_lib.dsv'
[1.481s] INFO:colcon.colcon_core.shell:Creating environment hook '/home/orangepi/GM/RESOURCES/ros2_ws/install/vision_msgs/share/vision_msgs/hook/ld_library_path_lib.sh'
[1.483s] Level 1:colcon.colcon_core.environment:checking '/home/orangepi/GM/RESOURCES/ros2_ws/install/vision_msgs/bin'
[1.483s] Level 1:colcon.colcon_core.environment:checking '/home/orangepi/GM/RESOURCES/ros2_ws/install/vision_msgs/lib/pkgconfig/vision_msgs.pc'
[1.488s] Level 1:colcon.colcon_core.environment:checking '/home/orangepi/GM/RESOURCES/ros2_ws/install/vision_msgs/lib/python3.10/site-packages'
[1.489s] Level 1:colcon.colcon_core.environment:checking '/home/orangepi/GM/RESOURCES/ros2_ws/install/vision_msgs/bin'
[1.490s] INFO:colcon.colcon_core.shell:Creating package script '/home/orangepi/GM/RESOURCES/ros2_ws/install/vision_msgs/share/vision_msgs/package.ps1'
[1.493s] INFO:colcon.colcon_core.shell:Creating package descriptor '/home/orangepi/GM/RESOURCES/ros2_ws/install/vision_msgs/share/vision_msgs/package.dsv'
[1.495s] INFO:colcon.colcon_core.shell:Creating package script '/home/orangepi/GM/RESOURCES/ros2_ws/install/vision_msgs/share/vision_msgs/package.sh'
[1.497s] INFO:colcon.colcon_core.shell:Creating package script '/home/orangepi/GM/RESOURCES/ros2_ws/install/vision_msgs/share/vision_msgs/package.bash'
[1.499s] INFO:colcon.colcon_core.shell:Creating package script '/home/orangepi/GM/RESOURCES/ros2_ws/install/vision_msgs/share/vision_msgs/package.zsh'
[1.505s] Level 1:colcon.colcon_core.environment:create_file_with_runtime_dependencies(/home/orangepi/GM/RESOURCES/ros2_ws/install/vision_msgs/share/colcon-core/packages/vision_msgs)
[1.542s] Level 1:colcon.colcon_core.environment:create_environment_scripts_only(hero_msgs)
[1.544s] Level 1:colcon.colcon_core.environment:checking '/home/orangepi/GM/RESOURCES/ros2_ws/install/hero_msgs' for CMake module files
[1.548s] DEBUG:colcon.colcon_core.event_handler.log_command:Invoked command in '/home/orangepi/GM/RESOURCES/ros2_ws/build/hero_msgs' returned '0': CMAKE_PREFIX_PATH=${CMAKE_PREFIX_PATH}:/opt/ros/humble /usr/bin/cmake --install /home/orangepi/GM/RESOURCES/ros2_ws/build/hero_msgs
[1.552s] Level 1:colcon.colcon_core.environment:checking '/home/orangepi/GM/RESOURCES/ros2_ws/install/hero_msgs' for CMake config files
[1.555s] Level 1:colcon.colcon_core.shell:create_environment_hook('hero_msgs', 'cmake_prefix_path')
[1.556s] INFO:colcon.colcon_core.shell:Creating environment hook '/home/orangepi/GM/RESOURCES/ros2_ws/install/hero_msgs/share/hero_msgs/hook/cmake_prefix_path.ps1'
[1.557s] INFO:colcon.colcon_core.shell:Creating environment descriptor '/home/orangepi/GM/RESOURCES/ros2_ws/install/hero_msgs/share/hero_msgs/hook/cmake_prefix_path.dsv'
[1.559s] INFO:colcon.colcon_core.shell:Creating environment hook '/home/orangepi/GM/RESOURCES/ros2_ws/install/hero_msgs/share/hero_msgs/hook/cmake_prefix_path.sh'
[1.560s] Level 1:colcon.colcon_core.environment:checking '/home/orangepi/GM/RESOURCES/ros2_ws/install/hero_msgs/lib'
[1.560s] Level 1:colcon.colcon_core.shell:create_environment_hook('hero_msgs', 'ld_library_path_lib')
[1.561s] INFO:colcon.colcon_core.shell:Creating environment hook '/home/orangepi/GM/RESOURCES/ros2_ws/install/hero_msgs/share/hero_msgs/hook/ld_library_path_lib.ps1'
[1.563s] INFO:colcon.colcon_core.shell:Creating environment descriptor '/home/orangepi/GM/RESOURCES/ros2_ws/install/hero_msgs/share/hero_msgs/hook/ld_library_path_lib.dsv'
[1.565s] INFO:colcon.colcon_core.shell:Creating environment hook '/home/orangepi/GM/RESOURCES/ros2_ws/install/hero_msgs/share/hero_msgs/hook/ld_library_path_lib.sh'
[1.567s] Level 1:colcon.colcon_core.environment:checking '/home/orangepi/GM/RESOURCES/ros2_ws/install/hero_msgs/bin'
[1.567s] Level 1:colcon.colcon_core.environment:checking '/home/orangepi/GM/RESOURCES/ros2_ws/install/hero_msgs/lib/pkgconfig/hero_msgs.pc'
[1.569s] Level 1:colcon.colcon_core.environment:checking '/home/orangepi/GM/RESOURCES/ros2_ws/install/hero_msgs/lib/python3.10/site-packages'
[1.570s] Level 1:colcon.colcon_core.environment:checking '/home/orangepi/GM/RESOURCES/ros2_ws/install/hero_msgs/bin'
[1.572s] INFO:colcon.colcon_core.shell:Creating package script '/home/orangepi/GM/RESOURCES/ros2_ws/install/hero_msgs/share/hero_msgs/package.ps1'
[1.575s] INFO:colcon.colcon_core.shell:Creating package descriptor '/home/orangepi/GM/RESOURCES/ros2_ws/install/hero_msgs/share/hero_msgs/package.dsv'
[1.577s] INFO:colcon.colcon_core.shell:Creating package script '/home/orangepi/GM/RESOURCES/ros2_ws/install/hero_msgs/share/hero_msgs/package.sh'
[1.579s] INFO:colcon.colcon_core.shell:Creating package script '/home/orangepi/GM/RESOURCES/ros2_ws/install/hero_msgs/share/hero_msgs/package.bash'
[1.580s] INFO:colcon.colcon_core.shell:Creating package script '/home/orangepi/GM/RESOURCES/ros2_ws/install/hero_msgs/share/hero_msgs/package.zsh'
[1.582s] Level 1:colcon.colcon_core.environment:create_file_with_runtime_dependencies(/home/orangepi/GM/RESOURCES/ros2_ws/install/hero_msgs/share/colcon-core/packages/hero_msgs)
[1.775s] Level 1:colcon.colcon_core.environment:create_environment_scripts_only(vision_msgs)
[1.776s] Level 1:colcon.colcon_core.environment:checking '/home/orangepi/GM/RESOURCES/ros2_ws/install/vision_msgs' for CMake module files
[1.778s] Level 1:colcon.colcon_core.environment:checking '/home/orangepi/GM/RESOURCES/ros2_ws/install/vision_msgs' for CMake config files
[1.780s] Level 1:colcon.colcon_core.shell:create_environment_hook('vision_msgs', 'cmake_prefix_path')
[1.780s] INFO:colcon.colcon_core.shell:Creating environment hook '/home/orangepi/GM/RESOURCES/ros2_ws/install/vision_msgs/share/vision_msgs/hook/cmake_prefix_path.ps1'
[1.782s] INFO:colcon.colcon_core.shell:Creating environment descriptor '/home/orangepi/GM/RESOURCES/ros2_ws/install/vision_msgs/share/vision_msgs/hook/cmake_prefix_path.dsv'
[1.784s] INFO:colcon.colcon_core.shell:Creating environment hook '/home/orangepi/GM/RESOURCES/ros2_ws/install/vision_msgs/share/vision_msgs/hook/cmake_prefix_path.sh'
[1.786s] Level 1:colcon.colcon_core.environment:checking '/home/orangepi/GM/RESOURCES/ros2_ws/install/vision_msgs/lib'
[1.786s] Level 1:colcon.colcon_core.shell:create_environment_hook('vision_msgs', 'ld_library_path_lib')
[1.787s] INFO:colcon.colcon_core.shell:Creating environment hook '/home/orangepi/GM/RESOURCES/ros2_ws/install/vision_msgs/share/vision_msgs/hook/ld_library_path_lib.ps1'
[1.787s] INFO:colcon.colcon_core.shell:Creating environment descriptor '/home/orangepi/GM/RESOURCES/ros2_ws/install/vision_msgs/share/vision_msgs/hook/ld_library_path_lib.dsv'
[1.788s] INFO:colcon.colcon_core.shell:Creating environment hook '/home/orangepi/GM/RESOURCES/ros2_ws/install/vision_msgs/share/vision_msgs/hook/ld_library_path_lib.sh'
[1.790s] Level 1:colcon.colcon_core.environment:checking '/home/orangepi/GM/RESOURCES/ros2_ws/install/vision_msgs/bin'
[1.790s] Level 1:colcon.colcon_core.environment:checking '/home/orangepi/GM/RESOURCES/ros2_ws/install/vision_msgs/lib/pkgconfig/vision_msgs.pc'
[1.791s] Level 1:colcon.colcon_core.environment:checking '/home/orangepi/GM/RESOURCES/ros2_ws/install/vision_msgs/lib/python3.10/site-packages'
[1.792s] Level 1:colcon.colcon_core.environment:checking '/home/orangepi/GM/RESOURCES/ros2_ws/install/vision_msgs/bin'
[1.794s] INFO:colcon.colcon_core.shell:Creating package script '/home/orangepi/GM/RESOURCES/ros2_ws/install/vision_msgs/share/vision_msgs/package.ps1'
[1.797s] INFO:colcon.colcon_core.shell:Creating package descriptor '/home/orangepi/GM/RESOURCES/ros2_ws/install/vision_msgs/share/vision_msgs/package.dsv'
[1.800s] INFO:colcon.colcon_core.shell:Creating package script '/home/orangepi/GM/RESOURCES/ros2_ws/install/vision_msgs/share/vision_msgs/package.sh'
[1.802s] INFO:colcon.colcon_core.shell:Creating package script '/home/orangepi/GM/RESOURCES/ros2_ws/install/vision_msgs/share/vision_msgs/package.bash'
[1.804s] INFO:colcon.colcon_core.shell:Creating package script '/home/orangepi/GM/RESOURCES/ros2_ws/install/vision_msgs/share/vision_msgs/package.zsh'
[1.807s] Level 1:colcon.colcon_core.environment:create_file_with_runtime_dependencies(/home/orangepi/GM/RESOURCES/ros2_ws/install/vision_msgs/share/colcon-core/packages/vision_msgs)
[1.860s] Level 1:colcon.colcon_core.environment:create_environment_scripts_only(hero_msgs)
[1.861s] Level 1:colcon.colcon_core.environment:checking '/home/orangepi/GM/RESOURCES/ros2_ws/install/hero_msgs' for CMake module files
[1.865s] Level 1:colcon.colcon_core.environment:checking '/home/orangepi/GM/RESOURCES/ros2_ws/install/hero_msgs' for CMake config files
[1.869s] Level 1:colcon.colcon_core.shell:create_environment_hook('hero_msgs', 'cmake_prefix_path')
[1.870s] INFO:colcon.colcon_core.shell:Creating environment hook '/home/orangepi/GM/RESOURCES/ros2_ws/install/hero_msgs/share/hero_msgs/hook/cmake_prefix_path.ps1'
[1.874s] INFO:colcon.colcon_core.shell:Creating environment descriptor '/home/orangepi/GM/RESOURCES/ros2_ws/install/hero_msgs/share/hero_msgs/hook/cmake_prefix_path.dsv'
[1.875s] INFO:colcon.colcon_core.shell:Creating environment hook '/home/orangepi/GM/RESOURCES/ros2_ws/install/hero_msgs/share/hero_msgs/hook/cmake_prefix_path.sh'
[1.877s] Level 1:colcon.colcon_core.environment:checking '/home/orangepi/GM/RESOURCES/ros2_ws/install/hero_msgs/lib'
[1.878s] Level 1:colcon.colcon_core.shell:create_environment_hook('hero_msgs', 'ld_library_path_lib')
[1.879s] INFO:colcon.colcon_core.shell:Creating environment hook '/home/orangepi/GM/RESOURCES/ros2_ws/install/hero_msgs/share/hero_msgs/hook/ld_library_path_lib.ps1'
[1.880s] INFO:colcon.colcon_core.shell:Creating environment descriptor '/home/orangepi/GM/RESOURCES/ros2_ws/install/hero_msgs/share/hero_msgs/hook/ld_library_path_lib.dsv'
[1.881s] INFO:colcon.colcon_core.shell:Creating environment hook '/home/orangepi/GM/RESOURCES/ros2_ws/install/hero_msgs/share/hero_msgs/hook/ld_library_path_lib.sh'
[1.883s] Level 1:colcon.colcon_core.environment:checking '/home/orangepi/GM/RESOURCES/ros2_ws/install/hero_msgs/bin'
[1.884s] Level 1:colcon.colcon_core.environment:checking '/home/orangepi/GM/RESOURCES/ros2_ws/install/hero_msgs/lib/pkgconfig/hero_msgs.pc'
[1.885s] Level 1:colcon.colcon_core.environment:checking '/home/orangepi/GM/RESOURCES/ros2_ws/install/hero_msgs/lib/python3.10/site-packages'
[1.886s] Level 1:colcon.colcon_core.environment:checking '/home/orangepi/GM/RESOURCES/ros2_ws/install/hero_msgs/bin'
[1.888s] INFO:colcon.colcon_core.shell:Creating package script '/home/orangepi/GM/RESOURCES/ros2_ws/install/hero_msgs/share/hero_msgs/package.ps1'
[1.893s] INFO:colcon.colcon_core.shell:Creating package descriptor '/home/orangepi/GM/RESOURCES/ros2_ws/install/hero_msgs/share/hero_msgs/package.dsv'
[1.896s] INFO:colcon.colcon_core.shell:Creating package script '/home/orangepi/GM/RESOURCES/ros2_ws/install/hero_msgs/share/hero_msgs/package.sh'
[1.899s] INFO:colcon.colcon_core.shell:Creating package script '/home/orangepi/GM/RESOURCES/ros2_ws/install/hero_msgs/share/hero_msgs/package.bash'
[1.901s] INFO:colcon.colcon_core.shell:Creating package script '/home/orangepi/GM/RESOURCES/ros2_ws/install/hero_msgs/share/hero_msgs/package.zsh'
[1.903s] Level 1:colcon.colcon_core.environment:create_file_with_runtime_dependencies(/home/orangepi/GM/RESOURCES/ros2_ws/install/hero_msgs/share/colcon-core/packages/hero_msgs)
[1.905s] INFO:colcon.colcon_ros.task.ament_cmake.build:Building ROS package in '/home/orangepi/GM/RESOURCES/ros2_ws/src/contact' with build type 'ament_cmake'
[1.906s] INFO:colcon.colcon_cmake.task.cmake.build:Building CMake package in '/home/orangepi/GM/RESOURCES/ros2_ws/src/contact'
[1.909s] INFO:colcon.colcon_core.shell:Skip shell extension 'powershell' for command environment: Not usable outside of PowerShell
[1.909s] DEBUG:colcon.colcon_core.shell:Skip shell extension 'dsv' for command environment
[1.952s] DEBUG:colcon.colcon_core.event_handler.log_command:Invoking command in '/home/orangepi/GM/RESOURCES/ros2_ws/build/contact': CMAKE_PREFIX_PATH=/home/orangepi/GM/RESOURCES/ros2_ws/install/hero_msgs:/home/orangepi/GM/RESOURCES/ros2_ws/install/vision_msgs:/opt/ros/humble LD_LIBRARY_PATH=/home/orangepi/GM/RESOURCES/ros2_ws/install/hero_msgs/lib:/home/orangepi/GM/RESOURCES/ros2_ws/install/vision_msgs/lib:/root/.x-cmd.root/local/data/pkg/sphere/X/l/j/h/lib:/opt/ros/humble/opt/rviz_ogre_vendor/lib:/opt/ros/humble/lib/aarch64-linux-gnu:/opt/ros/humble/lib /usr/bin/cmake --build /home/orangepi/GM/RESOURCES/ros2_ws/build/contact -- -j8 -l8
[12.742s] DEBUG:colcon.colcon_core.event_handler.log_command:Invoked command in '/home/orangepi/GM/RESOURCES/ros2_ws/build/contact' returned '2': CMAKE_PREFIX_PATH=/home/orangepi/GM/RESOURCES/ros2_ws/install/hero_msgs:/home/orangepi/GM/RESOURCES/ros2_ws/install/vision_msgs:/opt/ros/humble LD_LIBRARY_PATH=/home/orangepi/GM/RESOURCES/ros2_ws/install/hero_msgs/lib:/home/orangepi/GM/RESOURCES/ros2_ws/install/vision_msgs/lib:/root/.x-cmd.root/local/data/pkg/sphere/X/l/j/h/lib:/opt/ros/humble/opt/rviz_ogre_vendor/lib:/opt/ros/humble/lib/aarch64-linux-gnu:/opt/ros/humble/lib /usr/bin/cmake --build /home/orangepi/GM/RESOURCES/ros2_ws/build/contact -- -j8 -l8
[12.821s] Level 1:colcon.colcon_core.environment:create_environment_scripts_only(contact)
[12.823s] Level 1:colcon.colcon_core.environment:checking '/home/orangepi/GM/RESOURCES/ros2_ws/install/contact' for CMake module files
[12.825s] Level 1:colcon.colcon_core.environment:checking '/home/orangepi/GM/RESOURCES/ros2_ws/install/contact' for CMake config files
[12.826s] Level 1:colcon.colcon_core.environment:checking '/home/orangepi/GM/RESOURCES/ros2_ws/install/contact/bin'
[12.827s] Level 1:colcon.colcon_core.environment:checking '/home/orangepi/GM/RESOURCES/ros2_ws/install/contact/lib/pkgconfig/contact.pc'
[12.828s] Level 1:colcon.colcon_core.environment:checking '/home/orangepi/GM/RESOURCES/ros2_ws/install/contact/lib/python3.10/site-packages'
[12.829s] Level 1:colcon.colcon_core.environment:checking '/home/orangepi/GM/RESOURCES/ros2_ws/install/contact/bin'
[12.830s] INFO:colcon.colcon_core.shell:Creating package script '/home/orangepi/GM/RESOURCES/ros2_ws/install/contact/share/contact/package.ps1'
[12.833s] INFO:colcon.colcon_core.shell:Creating package descriptor '/home/orangepi/GM/RESOURCES/ros2_ws/install/contact/share/contact/package.dsv'
[12.835s] INFO:colcon.colcon_core.shell:Creating package script '/home/orangepi/GM/RESOURCES/ros2_ws/install/contact/share/contact/package.sh'
[12.836s] INFO:colcon.colcon_core.shell:Creating package script '/home/orangepi/GM/RESOURCES/ros2_ws/install/contact/share/contact/package.bash'
[12.838s] INFO:colcon.colcon_core.shell:Creating package script '/home/orangepi/GM/RESOURCES/ros2_ws/install/contact/share/contact/package.zsh'
[12.839s] Level 1:colcon.colcon_core.environment:create_file_with_runtime_dependencies(/home/orangepi/GM/RESOURCES/ros2_ws/install/contact/share/colcon-core/packages/contact)
[12.851s] DEBUG:colcon.colcon_parallel_executor.executor.parallel:closing loop
[12.852s] DEBUG:colcon.colcon_parallel_executor.executor.parallel:loop closed
[12.852s] DEBUG:colcon.colcon_parallel_executor.executor.parallel:run_until_complete finished with '2'
[12.852s] DEBUG:colcon.colcon_core.event_reactor:joining thread
[12.955s] INFO:colcon.colcon_core.plugin_system:Skipping extension 'colcon_notification.desktop_notification.terminal_notifier': Not used on non-Darwin systems
[12.956s] INFO:colcon.colcon_core.plugin_system:Skipping extension 'colcon_notification.desktop_notification.win32': Not used on non-Windows systems
[12.956s] INFO:colcon.colcon_notification.desktop_notification:Sending desktop notification using 'notify2'
[12.981s] DEBUG:colcon.colcon_core.event_reactor:joined thread
[12.983s] INFO:colcon.colcon_core.shell:Creating prefix script '/home/orangepi/GM/RESOURCES/ros2_ws/install/local_setup.ps1'
[12.988s] INFO:colcon.colcon_core.shell:Creating prefix util module '/home/orangepi/GM/RESOURCES/ros2_ws/install/_local_setup_util_ps1.py'
[12.995s] INFO:colcon.colcon_core.shell:Creating prefix chain script '/home/orangepi/GM/RESOURCES/ros2_ws/install/setup.ps1'
[13.000s] INFO:colcon.colcon_core.shell:Creating prefix script '/home/orangepi/GM/RESOURCES/ros2_ws/install/local_setup.sh'
[13.002s] INFO:colcon.colcon_core.shell:Creating prefix util module '/home/orangepi/GM/RESOURCES/ros2_ws/install/_local_setup_util_sh.py'
[13.005s] INFO:colcon.colcon_core.shell:Creating prefix chain script '/home/orangepi/GM/RESOURCES/ros2_ws/install/setup.sh'
[13.009s] INFO:colcon.colcon_core.shell:Creating prefix script '/home/orangepi/GM/RESOURCES/ros2_ws/install/local_setup.bash'
[13.011s] INFO:colcon.colcon_core.shell:Creating prefix chain script '/home/orangepi/GM/RESOURCES/ros2_ws/install/setup.bash'
[13.015s] INFO:colcon.colcon_core.shell:Creating prefix script '/home/orangepi/GM/RESOURCES/ros2_ws/install/local_setup.zsh'
[13.017s] INFO:colcon.colcon_core.shell:Creating prefix chain script '/home/orangepi/GM/RESOURCES/ros2_ws/install/setup.zsh'
