[0.021s] Invoking command in '/home/orangepi/GM/RESOURCES/ros2_ws/build/vision_msgs': CMAKE_PREFIX_PATH=${CMAKE_PREFIX_PATH}:/opt/ros/humble /usr/bin/cmake --build /home/orangepi/GM/RESOURCES/ros2_ws/build/vision_msgs -- -j8 -l8
[0.175s] [  1%] Built target vision_msgs__cpp
[0.182s] [ 12%] Built target vision_msgs__rosidl_generator_c
[0.186s] [ 12%] Built target ament_cmake_python_copy_vision_msgs
[0.242s] [ 23%] Built target vision_msgs__rosidl_typesupport_fastrtps_cpp
[0.246s] [ 34%] Built target vision_msgs__rosidl_typesupport_cpp
[0.250s] [ 45%] Built target vision_msgs__rosidl_typesupport_c
[0.253s] [ 56%] Built target vision_msgs__rosidl_typesupport_fastrtps_c
[0.258s] [ 67%] Built target vision_msgs__rosidl_typesupport_introspection_cpp
[0.266s] [ 78%] Built target vision_msgs__rosidl_typesupport_introspection_c
[0.332s] [ 78%] Built target vision_msgs
[0.396s] [ 80%] Built target vision_msgs__py
[0.470s] [ 89%] Built target vision_msgs__rosidl_generator_py
[0.520s] [ 92%] Built target vision_msgs__rosidl_typesupport_fastrtps_c__pyext
[0.529s] [ 96%] Built target vision_msgs__rosidl_typesupport_introspection_c__pyext
[0.543s] [100%] Built target vision_msgs__rosidl_typesupport_c__pyext
[0.566s] running egg_info
[0.567s] writing vision_msgs.egg-info/PKG-INFO
[0.568s] writing dependency_links to vision_msgs.egg-info/dependency_links.txt
[0.568s] writing top-level names to vision_msgs.egg-info/top_level.txt
[0.573s] reading manifest file 'vision_msgs.egg-info/SOURCES.txt'
[0.573s] writing manifest file 'vision_msgs.egg-info/SOURCES.txt'
[0.644s] [100%] Built target ament_cmake_python_build_vision_msgs_egg
[0.678s] Invoked command in '/home/orangepi/GM/RESOURCES/ros2_ws/build/vision_msgs' returned '0': CMAKE_PREFIX_PATH=${CMAKE_PREFIX_PATH}:/opt/ros/humble /usr/bin/cmake --build /home/orangepi/GM/RESOURCES/ros2_ws/build/vision_msgs -- -j8 -l8
[0.912s] Invoking command in '/home/orangepi/GM/RESOURCES/ros2_ws/build/vision_msgs': CMAKE_PREFIX_PATH=${CMAKE_PREFIX_PATH}:/opt/ros/humble /usr/bin/cmake --install /home/orangepi/GM/RESOURCES/ros2_ws/build/vision_msgs
[0.944s] -- Install configuration: ""
[0.945s] -- Up-to-date: /home/orangepi/GM/RESOURCES/ros2_ws/install/vision_msgs/share/ament_index/resource_index/rosidl_interfaces/vision_msgs
[0.945s] -- Up-to-date: /home/orangepi/GM/RESOURCES/ros2_ws/install/vision_msgs/include/vision_msgs/vision_msgs
[0.946s] -- Up-to-date: /home/orangepi/GM/RESOURCES/ros2_ws/install/vision_msgs/include/vision_msgs/vision_msgs/msg
[0.946s] -- Up-to-date: /home/orangepi/GM/RESOURCES/ros2_ws/install/vision_msgs/include/vision_msgs/vision_msgs/msg/detail
[0.947s] -- Up-to-date: /home/orangepi/GM/RESOURCES/ros2_ws/install/vision_msgs/include/vision_msgs/vision_msgs/msg/detail/point__type_support.h
[0.947s] -- Up-to-date: /home/orangepi/GM/RESOURCES/ros2_ws/install/vision_msgs/include/vision_msgs/vision_msgs/msg/detail/point__functions.c
[0.948s] -- Up-to-date: /home/orangepi/GM/RESOURCES/ros2_ws/install/vision_msgs/include/vision_msgs/vision_msgs/msg/detail/armors__functions.h
[0.948s] -- Up-to-date: /home/orangepi/GM/RESOURCES/ros2_ws/install/vision_msgs/include/vision_msgs/vision_msgs/msg/detail/autoaim_state__functions.c
[0.949s] -- Up-to-date: /home/orangepi/GM/RESOURCES/ros2_ws/install/vision_msgs/include/vision_msgs/vision_msgs/msg/detail/autoaim_state__struct.h
[0.949s] -- Up-to-date: /home/orangepi/GM/RESOURCES/ros2_ws/install/vision_msgs/include/vision_msgs/vision_msgs/msg/detail/armors__struct.h
[0.950s] -- Up-to-date: /home/orangepi/GM/RESOURCES/ros2_ws/install/vision_msgs/include/vision_msgs/vision_msgs/msg/detail/point__functions.h
[0.950s] -- Up-to-date: /home/orangepi/GM/RESOURCES/ros2_ws/install/vision_msgs/include/vision_msgs/vision_msgs/msg/detail/autoaim_state__functions.h
[0.951s] -- Up-to-date: /home/orangepi/GM/RESOURCES/ros2_ws/install/vision_msgs/include/vision_msgs/vision_msgs/msg/detail/point__struct.h
[0.951s] -- Up-to-date: /home/orangepi/GM/RESOURCES/ros2_ws/install/vision_msgs/include/vision_msgs/vision_msgs/msg/detail/armor__type_support.h
[0.951s] -- Up-to-date: /home/orangepi/GM/RESOURCES/ros2_ws/install/vision_msgs/include/vision_msgs/vision_msgs/msg/detail/armor__struct.h
[0.952s] -- Up-to-date: /home/orangepi/GM/RESOURCES/ros2_ws/install/vision_msgs/include/vision_msgs/vision_msgs/msg/detail/armors__functions.c
[0.953s] -- Up-to-date: /home/orangepi/GM/RESOURCES/ros2_ws/install/vision_msgs/include/vision_msgs/vision_msgs/msg/detail/armor__functions.c
[0.953s] -- Up-to-date: /home/orangepi/GM/RESOURCES/ros2_ws/install/vision_msgs/include/vision_msgs/vision_msgs/msg/detail/armor__functions.h
[0.953s] -- Up-to-date: /home/orangepi/GM/RESOURCES/ros2_ws/install/vision_msgs/include/vision_msgs/vision_msgs/msg/detail/armors__type_support.h
[0.954s] -- Up-to-date: /home/orangepi/GM/RESOURCES/ros2_ws/install/vision_msgs/include/vision_msgs/vision_msgs/msg/detail/autoaim_state__type_support.h
[0.954s] -- Up-to-date: /home/orangepi/GM/RESOURCES/ros2_ws/install/vision_msgs/include/vision_msgs/vision_msgs/msg/armors.h
[0.954s] -- Up-to-date: /home/orangepi/GM/RESOURCES/ros2_ws/install/vision_msgs/include/vision_msgs/vision_msgs/msg/autoaim_state.h
[0.955s] -- Up-to-date: /home/orangepi/GM/RESOURCES/ros2_ws/install/vision_msgs/include/vision_msgs/vision_msgs/msg/point.h
[0.955s] -- Up-to-date: /home/orangepi/GM/RESOURCES/ros2_ws/install/vision_msgs/include/vision_msgs/vision_msgs/msg/armor.h
[0.956s] -- Up-to-date: /home/orangepi/GM/RESOURCES/ros2_ws/install/vision_msgs/include/vision_msgs/vision_msgs/msg/rosidl_generator_c__visibility_control.h
[0.956s] -- Up-to-date: /home/orangepi/GM/RESOURCES/ros2_ws/install/vision_msgs/share/vision_msgs/environment/library_path.sh
[0.956s] -- Up-to-date: /home/orangepi/GM/RESOURCES/ros2_ws/install/vision_msgs/share/vision_msgs/environment/library_path.dsv
[0.957s] -- Up-to-date: /home/orangepi/GM/RESOURCES/ros2_ws/install/vision_msgs/lib/libvision_msgs__rosidl_generator_c.so
[0.957s] -- Up-to-date: /home/orangepi/GM/RESOURCES/ros2_ws/install/vision_msgs/include/vision_msgs/vision_msgs
[0.957s] -- Up-to-date: /home/orangepi/GM/RESOURCES/ros2_ws/install/vision_msgs/include/vision_msgs/vision_msgs/msg
[0.958s] -- Up-to-date: /home/orangepi/GM/RESOURCES/ros2_ws/install/vision_msgs/include/vision_msgs/vision_msgs/msg/detail
[0.958s] -- Up-to-date: /home/orangepi/GM/RESOURCES/ros2_ws/install/vision_msgs/include/vision_msgs/vision_msgs/msg/detail/autoaim_state__rosidl_typesupport_fastrtps_c.h
[0.958s] -- Up-to-date: /home/orangepi/GM/RESOURCES/ros2_ws/install/vision_msgs/include/vision_msgs/vision_msgs/msg/detail/armor__rosidl_typesupport_fastrtps_c.h
[0.959s] -- Up-to-date: /home/orangepi/GM/RESOURCES/ros2_ws/install/vision_msgs/include/vision_msgs/vision_msgs/msg/detail/armors__rosidl_typesupport_fastrtps_c.h
[0.959s] -- Up-to-date: /home/orangepi/GM/RESOURCES/ros2_ws/install/vision_msgs/include/vision_msgs/vision_msgs/msg/detail/point__rosidl_typesupport_fastrtps_c.h
[0.960s] -- Up-to-date: /home/orangepi/GM/RESOURCES/ros2_ws/install/vision_msgs/include/vision_msgs/vision_msgs/msg/rosidl_typesupport_fastrtps_c__visibility_control.h
[0.960s] -- Up-to-date: /home/orangepi/GM/RESOURCES/ros2_ws/install/vision_msgs/lib/libvision_msgs__rosidl_typesupport_fastrtps_c.so
[0.960s] -- Up-to-date: /home/orangepi/GM/RESOURCES/ros2_ws/install/vision_msgs/include/vision_msgs/vision_msgs
[0.960s] -- Up-to-date: /home/orangepi/GM/RESOURCES/ros2_ws/install/vision_msgs/include/vision_msgs/vision_msgs/msg
[0.961s] -- Up-to-date: /home/orangepi/GM/RESOURCES/ros2_ws/install/vision_msgs/include/vision_msgs/vision_msgs/msg/detail
[0.961s] -- Up-to-date: /home/orangepi/GM/RESOURCES/ros2_ws/install/vision_msgs/include/vision_msgs/vision_msgs/msg/detail/armors__rosidl_typesupport_introspection_c.h
[0.962s] -- Up-to-date: /home/orangepi/GM/RESOURCES/ros2_ws/install/vision_msgs/include/vision_msgs/vision_msgs/msg/detail/point__type_support.c
[0.962s] -- Up-to-date: /home/orangepi/GM/RESOURCES/ros2_ws/install/vision_msgs/include/vision_msgs/vision_msgs/msg/detail/armor__type_support.c
[0.962s] -- Up-to-date: /home/orangepi/GM/RESOURCES/ros2_ws/install/vision_msgs/include/vision_msgs/vision_msgs/msg/detail/armors__type_support.c
[0.963s] -- Up-to-date: /home/orangepi/GM/RESOURCES/ros2_ws/install/vision_msgs/include/vision_msgs/vision_msgs/msg/detail/point__rosidl_typesupport_introspection_c.h
[0.963s] -- Up-to-date: /home/orangepi/GM/RESOURCES/ros2_ws/install/vision_msgs/include/vision_msgs/vision_msgs/msg/detail/autoaim_state__type_support.c
[0.963s] -- Up-to-date: /home/orangepi/GM/RESOURCES/ros2_ws/install/vision_msgs/include/vision_msgs/vision_msgs/msg/detail/autoaim_state__rosidl_typesupport_introspection_c.h
[0.964s] -- Up-to-date: /home/orangepi/GM/RESOURCES/ros2_ws/install/vision_msgs/include/vision_msgs/vision_msgs/msg/detail/armor__rosidl_typesupport_introspection_c.h
[0.964s] -- Up-to-date: /home/orangepi/GM/RESOURCES/ros2_ws/install/vision_msgs/include/vision_msgs/vision_msgs/msg/rosidl_typesupport_introspection_c__visibility_control.h
[0.964s] -- Up-to-date: /home/orangepi/GM/RESOURCES/ros2_ws/install/vision_msgs/lib/libvision_msgs__rosidl_typesupport_introspection_c.so
[0.965s] -- Up-to-date: /home/orangepi/GM/RESOURCES/ros2_ws/install/vision_msgs/lib/libvision_msgs__rosidl_typesupport_c.so
[0.965s] -- Up-to-date: /home/orangepi/GM/RESOURCES/ros2_ws/install/vision_msgs/include/vision_msgs/vision_msgs
[0.965s] -- Up-to-date: /home/orangepi/GM/RESOURCES/ros2_ws/install/vision_msgs/include/vision_msgs/vision_msgs/msg
[0.966s] -- Up-to-date: /home/orangepi/GM/RESOURCES/ros2_ws/install/vision_msgs/include/vision_msgs/vision_msgs/msg/detail
[0.966s] -- Up-to-date: /home/orangepi/GM/RESOURCES/ros2_ws/install/vision_msgs/include/vision_msgs/vision_msgs/msg/detail/armor__traits.hpp
[0.966s] -- Up-to-date: /home/orangepi/GM/RESOURCES/ros2_ws/install/vision_msgs/include/vision_msgs/vision_msgs/msg/detail/point__traits.hpp
[0.967s] -- Up-to-date: /home/orangepi/GM/RESOURCES/ros2_ws/install/vision_msgs/include/vision_msgs/vision_msgs/msg/detail/armors__builder.hpp
[0.967s] -- Up-to-date: /home/orangepi/GM/RESOURCES/ros2_ws/install/vision_msgs/include/vision_msgs/vision_msgs/msg/detail/autoaim_state__builder.hpp
[0.967s] -- Up-to-date: /home/orangepi/GM/RESOURCES/ros2_ws/install/vision_msgs/include/vision_msgs/vision_msgs/msg/detail/armors__traits.hpp
[0.968s] -- Up-to-date: /home/orangepi/GM/RESOURCES/ros2_ws/install/vision_msgs/include/vision_msgs/vision_msgs/msg/detail/autoaim_state__struct.hpp
[0.968s] -- Up-to-date: /home/orangepi/GM/RESOURCES/ros2_ws/install/vision_msgs/include/vision_msgs/vision_msgs/msg/detail/point__struct.hpp
[0.968s] -- Up-to-date: /home/orangepi/GM/RESOURCES/ros2_ws/install/vision_msgs/include/vision_msgs/vision_msgs/msg/detail/armor__builder.hpp
[0.969s] -- Up-to-date: /home/orangepi/GM/RESOURCES/ros2_ws/install/vision_msgs/include/vision_msgs/vision_msgs/msg/detail/point__builder.hpp
[0.969s] -- Up-to-date: /home/orangepi/GM/RESOURCES/ros2_ws/install/vision_msgs/include/vision_msgs/vision_msgs/msg/detail/autoaim_state__traits.hpp
[0.969s] -- Up-to-date: /home/orangepi/GM/RESOURCES/ros2_ws/install/vision_msgs/include/vision_msgs/vision_msgs/msg/detail/armors__struct.hpp
[0.970s] -- Up-to-date: /home/orangepi/GM/RESOURCES/ros2_ws/install/vision_msgs/include/vision_msgs/vision_msgs/msg/detail/armor__struct.hpp
[0.970s] -- Up-to-date: /home/orangepi/GM/RESOURCES/ros2_ws/install/vision_msgs/include/vision_msgs/vision_msgs/msg/autoaim_state.hpp
[0.970s] -- Up-to-date: /home/orangepi/GM/RESOURCES/ros2_ws/install/vision_msgs/include/vision_msgs/vision_msgs/msg/armor.hpp
[0.971s] -- Up-to-date: /home/orangepi/GM/RESOURCES/ros2_ws/install/vision_msgs/include/vision_msgs/vision_msgs/msg/armors.hpp
[0.971s] -- Up-to-date: /home/orangepi/GM/RESOURCES/ros2_ws/install/vision_msgs/include/vision_msgs/vision_msgs/msg/point.hpp
[0.971s] -- Up-to-date: /home/orangepi/GM/RESOURCES/ros2_ws/install/vision_msgs/include/vision_msgs/vision_msgs
[0.972s] -- Up-to-date: /home/orangepi/GM/RESOURCES/ros2_ws/install/vision_msgs/include/vision_msgs/vision_msgs/msg
[0.972s] -- Up-to-date: /home/orangepi/GM/RESOURCES/ros2_ws/install/vision_msgs/include/vision_msgs/vision_msgs/msg/detail
[0.972s] -- Up-to-date: /home/orangepi/GM/RESOURCES/ros2_ws/install/vision_msgs/include/vision_msgs/vision_msgs/msg/detail/armor__rosidl_typesupport_fastrtps_cpp.hpp
[0.973s] -- Up-to-date: /home/orangepi/GM/RESOURCES/ros2_ws/install/vision_msgs/include/vision_msgs/vision_msgs/msg/detail/dds_fastrtps
[0.973s] -- Up-to-date: /home/orangepi/GM/RESOURCES/ros2_ws/install/vision_msgs/include/vision_msgs/vision_msgs/msg/detail/point__rosidl_typesupport_fastrtps_cpp.hpp
[0.973s] -- Up-to-date: /home/orangepi/GM/RESOURCES/ros2_ws/install/vision_msgs/include/vision_msgs/vision_msgs/msg/detail/armors__rosidl_typesupport_fastrtps_cpp.hpp
[0.974s] -- Up-to-date: /home/orangepi/GM/RESOURCES/ros2_ws/install/vision_msgs/include/vision_msgs/vision_msgs/msg/detail/autoaim_state__rosidl_typesupport_fastrtps_cpp.hpp
[0.974s] -- Up-to-date: /home/orangepi/GM/RESOURCES/ros2_ws/install/vision_msgs/include/vision_msgs/vision_msgs/msg/rosidl_typesupport_fastrtps_cpp__visibility_control.h
[0.974s] -- Up-to-date: /home/orangepi/GM/RESOURCES/ros2_ws/install/vision_msgs/lib/libvision_msgs__rosidl_typesupport_fastrtps_cpp.so
[0.975s] -- Up-to-date: /home/orangepi/GM/RESOURCES/ros2_ws/install/vision_msgs/include/vision_msgs/vision_msgs
[0.975s] -- Up-to-date: /home/orangepi/GM/RESOURCES/ros2_ws/install/vision_msgs/include/vision_msgs/vision_msgs/msg
[0.975s] -- Up-to-date: /home/orangepi/GM/RESOURCES/ros2_ws/install/vision_msgs/include/vision_msgs/vision_msgs/msg/detail
[0.975s] -- Up-to-date: /home/orangepi/GM/RESOURCES/ros2_ws/install/vision_msgs/include/vision_msgs/vision_msgs/msg/detail/autoaim_state__type_support.cpp
[0.976s] -- Up-to-date: /home/orangepi/GM/RESOURCES/ros2_ws/install/vision_msgs/include/vision_msgs/vision_msgs/msg/detail/point__rosidl_typesupport_introspection_cpp.hpp
[0.976s] -- Up-to-date: /home/orangepi/GM/RESOURCES/ros2_ws/install/vision_msgs/include/vision_msgs/vision_msgs/msg/detail/autoaim_state__rosidl_typesupport_introspection_cpp.hpp
[0.976s] -- Up-to-date: /home/orangepi/GM/RESOURCES/ros2_ws/install/vision_msgs/include/vision_msgs/vision_msgs/msg/detail/armor__rosidl_typesupport_introspection_cpp.hpp
[0.976s] -- Up-to-date: /home/orangepi/GM/RESOURCES/ros2_ws/install/vision_msgs/include/vision_msgs/vision_msgs/msg/detail/armors__rosidl_typesupport_introspection_cpp.hpp
[0.976s] -- Up-to-date: /home/orangepi/GM/RESOURCES/ros2_ws/install/vision_msgs/include/vision_msgs/vision_msgs/msg/detail/point__type_support.cpp
[0.976s] -- Up-to-date: /home/orangepi/GM/RESOURCES/ros2_ws/install/vision_msgs/include/vision_msgs/vision_msgs/msg/detail/armor__type_support.cpp
[0.976s] -- Up-to-date: /home/orangepi/GM/RESOURCES/ros2_ws/install/vision_msgs/include/vision_msgs/vision_msgs/msg/detail/armors__type_support.cpp
[0.976s] -- Up-to-date: /home/orangepi/GM/RESOURCES/ros2_ws/install/vision_msgs/lib/libvision_msgs__rosidl_typesupport_introspection_cpp.so
[0.976s] -- Up-to-date: /home/orangepi/GM/RESOURCES/ros2_ws/install/vision_msgs/lib/libvision_msgs__rosidl_typesupport_cpp.so
[0.976s] -- Up-to-date: /home/orangepi/GM/RESOURCES/ros2_ws/install/vision_msgs/share/vision_msgs/environment/pythonpath.sh
[0.976s] -- Up-to-date: /home/orangepi/GM/RESOURCES/ros2_ws/install/vision_msgs/share/vision_msgs/environment/pythonpath.dsv
[0.976s] -- Up-to-date: /home/orangepi/GM/RESOURCES/ros2_ws/install/vision_msgs/local/lib/python3.10/dist-packages/vision_msgs-0.0.0-py3.10.egg-info
[0.976s] -- Installing: /home/orangepi/GM/RESOURCES/ros2_ws/install/vision_msgs/local/lib/python3.10/dist-packages/vision_msgs-0.0.0-py3.10.egg-info/top_level.txt
[0.976s] -- Installing: /home/orangepi/GM/RESOURCES/ros2_ws/install/vision_msgs/local/lib/python3.10/dist-packages/vision_msgs-0.0.0-py3.10.egg-info/PKG-INFO
[0.976s] -- Installing: /home/orangepi/GM/RESOURCES/ros2_ws/install/vision_msgs/local/lib/python3.10/dist-packages/vision_msgs-0.0.0-py3.10.egg-info/SOURCES.txt
[0.977s] -- Installing: /home/orangepi/GM/RESOURCES/ros2_ws/install/vision_msgs/local/lib/python3.10/dist-packages/vision_msgs-0.0.0-py3.10.egg-info/dependency_links.txt
[0.977s] -- Up-to-date: /home/orangepi/GM/RESOURCES/ros2_ws/install/vision_msgs/local/lib/python3.10/dist-packages/vision_msgs
[0.977s] -- Up-to-date: /home/orangepi/GM/RESOURCES/ros2_ws/install/vision_msgs/local/lib/python3.10/dist-packages/vision_msgs/msg
[0.977s] -- Up-to-date: /home/orangepi/GM/RESOURCES/ros2_ws/install/vision_msgs/local/lib/python3.10/dist-packages/vision_msgs/msg/__init__.py
[0.977s] -- Up-to-date: /home/orangepi/GM/RESOURCES/ros2_ws/install/vision_msgs/local/lib/python3.10/dist-packages/vision_msgs/msg/_armor_s.c
[0.977s] -- Up-to-date: /home/orangepi/GM/RESOURCES/ros2_ws/install/vision_msgs/local/lib/python3.10/dist-packages/vision_msgs/msg/_point.py
[0.977s] -- Up-to-date: /home/orangepi/GM/RESOURCES/ros2_ws/install/vision_msgs/local/lib/python3.10/dist-packages/vision_msgs/msg/_armors.py
[0.977s] -- Up-to-date: /home/orangepi/GM/RESOURCES/ros2_ws/install/vision_msgs/local/lib/python3.10/dist-packages/vision_msgs/msg/_point_s.c
[0.977s] -- Up-to-date: /home/orangepi/GM/RESOURCES/ros2_ws/install/vision_msgs/local/lib/python3.10/dist-packages/vision_msgs/msg/_armor.py
[0.977s] -- Up-to-date: /home/orangepi/GM/RESOURCES/ros2_ws/install/vision_msgs/local/lib/python3.10/dist-packages/vision_msgs/msg/_autoaim_state.py
[0.977s] -- Up-to-date: /home/orangepi/GM/RESOURCES/ros2_ws/install/vision_msgs/local/lib/python3.10/dist-packages/vision_msgs/msg/_autoaim_state_s.c
[0.977s] -- Up-to-date: /home/orangepi/GM/RESOURCES/ros2_ws/install/vision_msgs/local/lib/python3.10/dist-packages/vision_msgs/msg/_armors_s.c
[0.977s] -- Up-to-date: /home/orangepi/GM/RESOURCES/ros2_ws/install/vision_msgs/local/lib/python3.10/dist-packages/vision_msgs/_vision_msgs_s.ep.rosidl_typesupport_introspection_c.c
[0.977s] -- Up-to-date: /home/orangepi/GM/RESOURCES/ros2_ws/install/vision_msgs/local/lib/python3.10/dist-packages/vision_msgs/__init__.py
[0.977s] -- Up-to-date: /home/orangepi/GM/RESOURCES/ros2_ws/install/vision_msgs/local/lib/python3.10/dist-packages/vision_msgs/vision_msgs_s__rosidl_typesupport_fastrtps_c.cpython-310-aarch64-linux-gnu.so
[0.977s] -- Up-to-date: /home/orangepi/GM/RESOURCES/ros2_ws/install/vision_msgs/local/lib/python3.10/dist-packages/vision_msgs/libvision_msgs__rosidl_generator_py.so
[0.978s] -- Up-to-date: /home/orangepi/GM/RESOURCES/ros2_ws/install/vision_msgs/local/lib/python3.10/dist-packages/vision_msgs/vision_msgs_s__rosidl_typesupport_c.cpython-310-aarch64-linux-gnu.so
[0.978s] -- Up-to-date: /home/orangepi/GM/RESOURCES/ros2_ws/install/vision_msgs/local/lib/python3.10/dist-packages/vision_msgs/_vision_msgs_s.ep.rosidl_typesupport_c.c
[0.978s] -- Up-to-date: /home/orangepi/GM/RESOURCES/ros2_ws/install/vision_msgs/local/lib/python3.10/dist-packages/vision_msgs/vision_msgs_s__rosidl_typesupport_introspection_c.cpython-310-aarch64-linux-gnu.so
[0.978s] -- Up-to-date: /home/orangepi/GM/RESOURCES/ros2_ws/install/vision_msgs/local/lib/python3.10/dist-packages/vision_msgs/_vision_msgs_s.ep.rosidl_typesupport_fastrtps_c.c
[1.017s] Listing '/home/orangepi/GM/RESOURCES/ros2_ws/install/vision_msgs/local/lib/python3.10/dist-packages/vision_msgs'...
[1.018s] Listing '/home/orangepi/GM/RESOURCES/ros2_ws/install/vision_msgs/local/lib/python3.10/dist-packages/vision_msgs/msg'...
[1.033s] -- Up-to-date: /home/orangepi/GM/RESOURCES/ros2_ws/install/vision_msgs/local/lib/python3.10/dist-packages/vision_msgs/vision_msgs_s__rosidl_typesupport_fastrtps_c.cpython-310-aarch64-linux-gnu.so
[1.034s] -- Up-to-date: /home/orangepi/GM/RESOURCES/ros2_ws/install/vision_msgs/local/lib/python3.10/dist-packages/vision_msgs/vision_msgs_s__rosidl_typesupport_introspection_c.cpython-310-aarch64-linux-gnu.so
[1.034s] -- Up-to-date: /home/orangepi/GM/RESOURCES/ros2_ws/install/vision_msgs/local/lib/python3.10/dist-packages/vision_msgs/vision_msgs_s__rosidl_typesupport_c.cpython-310-aarch64-linux-gnu.so
[1.034s] -- Up-to-date: /home/orangepi/GM/RESOURCES/ros2_ws/install/vision_msgs/lib/libvision_msgs__rosidl_generator_py.so
[1.035s] -- Up-to-date: /home/orangepi/GM/RESOURCES/ros2_ws/install/vision_msgs/share/vision_msgs/msg/Point.idl
[1.035s] -- Up-to-date: /home/orangepi/GM/RESOURCES/ros2_ws/install/vision_msgs/share/vision_msgs/msg/Armor.idl
[1.035s] -- Up-to-date: /home/orangepi/GM/RESOURCES/ros2_ws/install/vision_msgs/share/vision_msgs/msg/Armors.idl
[1.035s] -- Up-to-date: /home/orangepi/GM/RESOURCES/ros2_ws/install/vision_msgs/share/vision_msgs/msg/AutoaimState.idl
[1.035s] -- Up-to-date: /home/orangepi/GM/RESOURCES/ros2_ws/install/vision_msgs/share/vision_msgs/msg/Point.msg
[1.035s] -- Up-to-date: /home/orangepi/GM/RESOURCES/ros2_ws/install/vision_msgs/share/vision_msgs/msg/Armor.msg
[1.035s] -- Up-to-date: /home/orangepi/GM/RESOURCES/ros2_ws/install/vision_msgs/share/vision_msgs/msg/Armors.msg
[1.035s] -- Up-to-date: /home/orangepi/GM/RESOURCES/ros2_ws/install/vision_msgs/share/vision_msgs/msg/AutoaimState.msg
[1.035s] -- Up-to-date: /home/orangepi/GM/RESOURCES/ros2_ws/install/vision_msgs/share/ament_index/resource_index/package_run_dependencies/vision_msgs
[1.035s] -- Up-to-date: /home/orangepi/GM/RESOURCES/ros2_ws/install/vision_msgs/share/ament_index/resource_index/parent_prefix_path/vision_msgs
[1.036s] -- Up-to-date: /home/orangepi/GM/RESOURCES/ros2_ws/install/vision_msgs/share/vision_msgs/environment/ament_prefix_path.sh
[1.036s] -- Up-to-date: /home/orangepi/GM/RESOURCES/ros2_ws/install/vision_msgs/share/vision_msgs/environment/ament_prefix_path.dsv
[1.036s] -- Up-to-date: /home/orangepi/GM/RESOURCES/ros2_ws/install/vision_msgs/share/vision_msgs/environment/path.sh
[1.037s] -- Up-to-date: /home/orangepi/GM/RESOURCES/ros2_ws/install/vision_msgs/share/vision_msgs/environment/path.dsv
[1.038s] -- Up-to-date: /home/orangepi/GM/RESOURCES/ros2_ws/install/vision_msgs/share/vision_msgs/local_setup.bash
[1.038s] -- Up-to-date: /home/orangepi/GM/RESOURCES/ros2_ws/install/vision_msgs/share/vision_msgs/local_setup.sh
[1.039s] -- Up-to-date: /home/orangepi/GM/RESOURCES/ros2_ws/install/vision_msgs/share/vision_msgs/local_setup.zsh
[1.039s] -- Up-to-date: /home/orangepi/GM/RESOURCES/ros2_ws/install/vision_msgs/share/vision_msgs/local_setup.dsv
[1.039s] -- Installing: /home/orangepi/GM/RESOURCES/ros2_ws/install/vision_msgs/share/vision_msgs/package.dsv
[1.040s] -- Up-to-date: /home/orangepi/GM/RESOURCES/ros2_ws/install/vision_msgs/share/ament_index/resource_index/packages/vision_msgs
[1.040s] -- Up-to-date: /home/orangepi/GM/RESOURCES/ros2_ws/install/vision_msgs/share/vision_msgs/cmake/export_vision_msgs__rosidl_generator_cExport.cmake
[1.041s] -- Up-to-date: /home/orangepi/GM/RESOURCES/ros2_ws/install/vision_msgs/share/vision_msgs/cmake/export_vision_msgs__rosidl_generator_cExport-noconfig.cmake
[1.041s] -- Up-to-date: /home/orangepi/GM/RESOURCES/ros2_ws/install/vision_msgs/share/vision_msgs/cmake/export_vision_msgs__rosidl_typesupport_fastrtps_cExport.cmake
[1.042s] -- Up-to-date: /home/orangepi/GM/RESOURCES/ros2_ws/install/vision_msgs/share/vision_msgs/cmake/export_vision_msgs__rosidl_typesupport_fastrtps_cExport-noconfig.cmake
[1.042s] -- Up-to-date: /home/orangepi/GM/RESOURCES/ros2_ws/install/vision_msgs/share/vision_msgs/cmake/vision_msgs__rosidl_typesupport_introspection_cExport.cmake
[1.042s] -- Up-to-date: /home/orangepi/GM/RESOURCES/ros2_ws/install/vision_msgs/share/vision_msgs/cmake/vision_msgs__rosidl_typesupport_introspection_cExport-noconfig.cmake
[1.043s] -- Up-to-date: /home/orangepi/GM/RESOURCES/ros2_ws/install/vision_msgs/share/vision_msgs/cmake/vision_msgs__rosidl_typesupport_cExport.cmake
[1.043s] -- Up-to-date: /home/orangepi/GM/RESOURCES/ros2_ws/install/vision_msgs/share/vision_msgs/cmake/vision_msgs__rosidl_typesupport_cExport-noconfig.cmake
[1.044s] -- Up-to-date: /home/orangepi/GM/RESOURCES/ros2_ws/install/vision_msgs/share/vision_msgs/cmake/export_vision_msgs__rosidl_generator_cppExport.cmake
[1.044s] -- Up-to-date: /home/orangepi/GM/RESOURCES/ros2_ws/install/vision_msgs/share/vision_msgs/cmake/export_vision_msgs__rosidl_typesupport_fastrtps_cppExport.cmake
[1.044s] -- Up-to-date: /home/orangepi/GM/RESOURCES/ros2_ws/install/vision_msgs/share/vision_msgs/cmake/export_vision_msgs__rosidl_typesupport_fastrtps_cppExport-noconfig.cmake
[1.045s] -- Up-to-date: /home/orangepi/GM/RESOURCES/ros2_ws/install/vision_msgs/share/vision_msgs/cmake/vision_msgs__rosidl_typesupport_introspection_cppExport.cmake
[1.045s] -- Up-to-date: /home/orangepi/GM/RESOURCES/ros2_ws/install/vision_msgs/share/vision_msgs/cmake/vision_msgs__rosidl_typesupport_introspection_cppExport-noconfig.cmake
[1.045s] -- Up-to-date: /home/orangepi/GM/RESOURCES/ros2_ws/install/vision_msgs/share/vision_msgs/cmake/vision_msgs__rosidl_typesupport_cppExport.cmake
[1.046s] -- Up-to-date: /home/orangepi/GM/RESOURCES/ros2_ws/install/vision_msgs/share/vision_msgs/cmake/vision_msgs__rosidl_typesupport_cppExport-noconfig.cmake
[1.046s] -- Up-to-date: /home/orangepi/GM/RESOURCES/ros2_ws/install/vision_msgs/share/vision_msgs/cmake/export_vision_msgs__rosidl_generator_pyExport.cmake
[1.047s] -- Up-to-date: /home/orangepi/GM/RESOURCES/ros2_ws/install/vision_msgs/share/vision_msgs/cmake/export_vision_msgs__rosidl_generator_pyExport-noconfig.cmake
[1.047s] -- Up-to-date: /home/orangepi/GM/RESOURCES/ros2_ws/install/vision_msgs/share/vision_msgs/cmake/rosidl_cmake-extras.cmake
[1.047s] -- Up-to-date: /home/orangepi/GM/RESOURCES/ros2_ws/install/vision_msgs/share/vision_msgs/cmake/ament_cmake_export_dependencies-extras.cmake
[1.048s] -- Up-to-date: /home/orangepi/GM/RESOURCES/ros2_ws/install/vision_msgs/share/vision_msgs/cmake/ament_cmake_export_include_directories-extras.cmake
[1.048s] -- Up-to-date: /home/orangepi/GM/RESOURCES/ros2_ws/install/vision_msgs/share/vision_msgs/cmake/ament_cmake_export_libraries-extras.cmake
[1.048s] -- Up-to-date: /home/orangepi/GM/RESOURCES/ros2_ws/install/vision_msgs/share/vision_msgs/cmake/ament_cmake_export_targets-extras.cmake
[1.048s] -- Up-to-date: /home/orangepi/GM/RESOURCES/ros2_ws/install/vision_msgs/share/vision_msgs/cmake/rosidl_cmake_export_typesupport_targets-extras.cmake
[1.049s] -- Up-to-date: /home/orangepi/GM/RESOURCES/ros2_ws/install/vision_msgs/share/vision_msgs/cmake/rosidl_cmake_export_typesupport_libraries-extras.cmake
[1.049s] -- Up-to-date: /home/orangepi/GM/RESOURCES/ros2_ws/install/vision_msgs/share/vision_msgs/cmake/vision_msgsConfig.cmake
[1.050s] -- Up-to-date: /home/orangepi/GM/RESOURCES/ros2_ws/install/vision_msgs/share/vision_msgs/cmake/vision_msgsConfig-version.cmake
[1.050s] -- Up-to-date: /home/orangepi/GM/RESOURCES/ros2_ws/install/vision_msgs/share/vision_msgs/package.xml
[1.085s] Invoked command in '/home/orangepi/GM/RESOURCES/ros2_ws/build/vision_msgs' returned '0': CMAKE_PREFIX_PATH=${CMAKE_PREFIX_PATH}:/opt/ros/humble /usr/bin/cmake --install /home/orangepi/GM/RESOURCES/ros2_ws/build/vision_msgs
