-- Found ament_cmake: 1.3.10 (/opt/ros/humble/share/ament_cmake/cmake)
-- Found rclcpp: 16.0.10 (/opt/ros/humble/share/rclcpp/cmake)
-- Found rosidl_generator_c: 3.1.5 (/opt/ros/humble/share/rosidl_generator_c/cmake)
-- Found rosidl_adapter: 3.1.5 (/opt/ros/humble/share/rosidl_adapter/cmake)
-- Found rosidl_generator_cpp: 3.1.5 (/opt/ros/humble/share/rosidl_generator_cpp/cmake)
-- Using all available rosidl_typesupport_c: rosidl_typesupport_fastrtps_c;rosidl_typesupport_introspection_c
-- Using all available rosidl_typesupport_cpp: rosidl_typesupport_fastrtps_cpp;rosidl_typesupport_introspection_cpp
-- Found rmw_implementation_cmake: 6.1.2 (/opt/ros/humble/share/rmw_implementation_cmake/cmake)
-- Found rmw_fastrtps_cpp: 6.2.7 (/opt/ros/humble/share/rmw_fastrtps_cpp/cmake)
-- Using RMW implementation 'rmw_fastrtps_cpp' as default
-- Found hero_msgs: 0.0.1 (/home/orangepi/GM/RESOURCES/ros2_ws/install/hero_msgs/share/hero_msgs/cmake)
-- Found sensor_msgs: 4.2.4 (/opt/ros/humble/share/sensor_msgs/cmake)
-- Configuring done
-- Generating done
-- Build files have been written to: /home/orangepi/GM/RESOURCES/ros2_ws/build/contact
[35m[1mConsolidate compiler generated dependencies of target serial[0m
[ 12%] [32mBuilding CXX object serial/lib/CMakeFiles/serial.dir/src/impl/unix.cc.o[0m
[ 25%] [32mBuilding CXX object serial/lib/CMakeFiles/serial.dir/src/serial.cc.o[0m
[ 37%] [32mBuilding CXX object serial/lib/CMakeFiles/serial.dir/src/impl/list_ports/list_ports_linux.cc.o[0m
[ 50%] [32m[1mLinking CXX static library libserial.a[0m
[ 50%] Built target serial
[35m[1mConsolidate compiler generated dependencies of target contact[0m
[ 75%] [32mBuilding CXX object CMakeFiles/contact.dir/src/CommPort.cpp.o[0m
[ 75%] [32mBuilding CXX object CMakeFiles/contact.dir/src/ContactNode.cpp.o[0m
[ 87%] [32mBuilding CXX object CMakeFiles/contact.dir/src/Checksum.cpp.o[0m
[100%] [32m[1mLinking CXX executable contact[0m
[100%] Built target contact
-- Install configuration: "Debug"
-- Installing: /home/orangepi/GM/RESOURCES/ros2_ws/install/contact/lib/contact/contact
-- Set runtime path of "/home/orangepi/GM/RESOURCES/ros2_ws/install/contact/lib/contact/contact" to ""
-- Up-to-date: /home/orangepi/GM/RESOURCES/ros2_ws/install/contact/share/ament_index/resource_index/package_run_dependencies/contact
-- Installing: /home/orangepi/GM/RESOURCES/ros2_ws/install/contact/share/ament_index/resource_index/parent_prefix_path/contact
-- Up-to-date: /home/orangepi/GM/RESOURCES/ros2_ws/install/contact/share/contact/environment/ament_prefix_path.sh
-- Installing: /home/orangepi/GM/RESOURCES/ros2_ws/install/contact/share/contact/environment/ament_prefix_path.dsv
-- Up-to-date: /home/orangepi/GM/RESOURCES/ros2_ws/install/contact/share/contact/environment/path.sh
-- Installing: /home/orangepi/GM/RESOURCES/ros2_ws/install/contact/share/contact/environment/path.dsv
-- Up-to-date: /home/orangepi/GM/RESOURCES/ros2_ws/install/contact/share/contact/local_setup.bash
-- Up-to-date: /home/orangepi/GM/RESOURCES/ros2_ws/install/contact/share/contact/local_setup.sh
-- Up-to-date: /home/orangepi/GM/RESOURCES/ros2_ws/install/contact/share/contact/local_setup.zsh
-- Installing: /home/orangepi/GM/RESOURCES/ros2_ws/install/contact/share/contact/local_setup.dsv
-- Installing: /home/orangepi/GM/RESOURCES/ros2_ws/install/contact/share/contact/package.dsv
-- Up-to-date: /home/orangepi/GM/RESOURCES/ros2_ws/install/contact/share/ament_index/resource_index/packages/contact
-- Up-to-date: /home/orangepi/GM/RESOURCES/ros2_ws/install/contact/share/contact/cmake/contactConfig.cmake
-- Up-to-date: /home/orangepi/GM/RESOURCES/ros2_ws/install/contact/share/contact/cmake/contactConfig-version.cmake
-- Up-to-date: /home/orangepi/GM/RESOURCES/ros2_ws/install/contact/share/contact/package.xml
