running egg_info
creating ../build/PCVCOM/PCVCOM.egg-info
writing ../build/PCVCOM/PCVCOM.egg-info/PKG-INFO
writing dependency_links to ../build/PCVCOM/PCVCOM.egg-info/dependency_links.txt
writing entry points to ../build/PCVCOM/PCVCOM.egg-info/entry_points.txt
writing requirements to ../build/PCVCOM/PCVCOM.egg-info/requires.txt
writing top-level names to ../build/PCVCOM/PCVCOM.egg-info/top_level.txt
writing manifest file '../build/PCVCOM/PCVCOM.egg-info/SOURCES.txt'
reading manifest file '../build/PCVCOM/PCVCOM.egg-info/SOURCES.txt'
adding license file 'LICENSE'
writing manifest file '../build/PCVCOM/PCVCOM.egg-info/SOURCES.txt'
running build
running build_py
creating /home/orangepi/GM/PCVCOM/build/PCVCOM/build
creating /home/orangepi/GM/PCVCOM/build/PCVCOM/build/lib
creating /home/orangepi/GM/PCVCOM/build/PCVCOM/build/lib/PCVCOM
copying PCVCOM/__init__.py -> /home/orangepi/GM/PCVCOM/build/PCVCOM/build/lib/PCVCOM
copying PCVCOM/pubCom.py -> /home/orangepi/GM/PCVCOM/build/PCVCOM/build/lib/PCVCOM
copying PCVCOM/recvCom.py -> /home/orangepi/GM/PCVCOM/build/PCVCOM/build/lib/PCVCOM
copying PCVCOM/recvComFloat.py -> /home/orangepi/GM/PCVCOM/build/PCVCOM/build/lib/PCVCOM
copying PCVCOM/validation.py -> /home/orangepi/GM/PCVCOM/build/PCVCOM/build/lib/PCVCOM
copying PCVCOM/recvComString.py -> /home/orangepi/GM/PCVCOM/build/PCVCOM/build/lib/PCVCOM
copying PCVCOM/example.py -> /home/orangepi/GM/PCVCOM/build/PCVCOM/build/lib/PCVCOM
copying PCVCOM/recvComFloat_val.py -> /home/orangepi/GM/PCVCOM/build/PCVCOM/build/lib/PCVCOM
running install
running install_lib
creating /home/orangepi/GM/PCVCOM/install/PCVCOM/lib/python3.10/site-packages/PCVCOM
copying /home/orangepi/GM/PCVCOM/build/PCVCOM/build/lib/PCVCOM/__init__.py -> /home/orangepi/GM/PCVCOM/install/PCVCOM/lib/python3.10/site-packages/PCVCOM
copying /home/orangepi/GM/PCVCOM/build/PCVCOM/build/lib/PCVCOM/pubCom.py -> /home/orangepi/GM/PCVCOM/install/PCVCOM/lib/python3.10/site-packages/PCVCOM
copying /home/orangepi/GM/PCVCOM/build/PCVCOM/build/lib/PCVCOM/recvCom.py -> /home/orangepi/GM/PCVCOM/install/PCVCOM/lib/python3.10/site-packages/PCVCOM
copying /home/orangepi/GM/PCVCOM/build/PCVCOM/build/lib/PCVCOM/recvComFloat.py -> /home/orangepi/GM/PCVCOM/install/PCVCOM/lib/python3.10/site-packages/PCVCOM
copying /home/orangepi/GM/PCVCOM/build/PCVCOM/build/lib/PCVCOM/validation.py -> /home/orangepi/GM/PCVCOM/install/PCVCOM/lib/python3.10/site-packages/PCVCOM
copying /home/orangepi/GM/PCVCOM/build/PCVCOM/build/lib/PCVCOM/recvComString.py -> /home/orangepi/GM/PCVCOM/install/PCVCOM/lib/python3.10/site-packages/PCVCOM
copying /home/orangepi/GM/PCVCOM/build/PCVCOM/build/lib/PCVCOM/example.py -> /home/orangepi/GM/PCVCOM/install/PCVCOM/lib/python3.10/site-packages/PCVCOM
copying /home/orangepi/GM/PCVCOM/build/PCVCOM/build/lib/PCVCOM/recvComFloat_val.py -> /home/orangepi/GM/PCVCOM/install/PCVCOM/lib/python3.10/site-packages/PCVCOM
byte-compiling /home/orangepi/GM/PCVCOM/install/PCVCOM/lib/python3.10/site-packages/PCVCOM/__init__.py to __init__.cpython-310.pyc
byte-compiling /home/orangepi/GM/PCVCOM/install/PCVCOM/lib/python3.10/site-packages/PCVCOM/pubCom.py to pubCom.cpython-310.pyc
byte-compiling /home/orangepi/GM/PCVCOM/install/PCVCOM/lib/python3.10/site-packages/PCVCOM/recvCom.py to recvCom.cpython-310.pyc
byte-compiling /home/orangepi/GM/PCVCOM/install/PCVCOM/lib/python3.10/site-packages/PCVCOM/recvComFloat.py to recvComFloat.cpython-310.pyc
byte-compiling /home/orangepi/GM/PCVCOM/install/PCVCOM/lib/python3.10/site-packages/PCVCOM/validation.py to validation.cpython-310.pyc
byte-compiling /home/orangepi/GM/PCVCOM/install/PCVCOM/lib/python3.10/site-packages/PCVCOM/recvComString.py to recvComString.cpython-310.pyc
byte-compiling /home/orangepi/GM/PCVCOM/install/PCVCOM/lib/python3.10/site-packages/PCVCOM/example.py to example.cpython-310.pyc
byte-compiling /home/orangepi/GM/PCVCOM/install/PCVCOM/lib/python3.10/site-packages/PCVCOM/recvComFloat_val.py to recvComFloat_val.cpython-310.pyc
running install_data
creating /home/orangepi/GM/PCVCOM/install/PCVCOM/share/ament_index
creating /home/orangepi/GM/PCVCOM/install/PCVCOM/share/ament_index/resource_index
creating /home/orangepi/GM/PCVCOM/install/PCVCOM/share/ament_index/resource_index/packages
copying resource/PCVCOM -> /home/orangepi/GM/PCVCOM/install/PCVCOM/share/ament_index/resource_index/packages
copying package.xml -> /home/orangepi/GM/PCVCOM/install/PCVCOM/share/PCVCOM
running install_egg_info
Copying ../build/PCVCOM/PCVCOM.egg-info to /home/orangepi/GM/PCVCOM/install/PCVCOM/lib/python3.10/site-packages/PCVCOM-0.0.0-py3.10.egg-info
running install_scripts
Installing eg script to /home/orangepi/GM/PCVCOM/install/PCVCOM/lib/PCVCOM
Installing sub_float script to /home/orangepi/GM/PCVCOM/install/PCVCOM/lib/PCVCOM
Installing sub_float_val script to /home/orangepi/GM/PCVCOM/install/PCVCOM/lib/PCVCOM
Installing sub_string script to /home/orangepi/GM/PCVCOM/install/PCVCOM/lib/PCVCOM
Installing validation script to /home/orangepi/GM/PCVCOM/install/PCVCOM/lib/PCVCOM
writing list of installed files to '/home/orangepi/GM/PCVCOM/build/PCVCOM/install.log'
