[0.020s] Invoking command in '/home/orangepi/GM/RESOURCES/ros2_ws/build/contact': CMAKE_PREFIX_PATH=/home/orangepi/GM/RESOURCES/ros2_ws/install/hero_msgs:/home/orangepi/GM/RESOURCES/ros2_ws/install/vision_msgs:/opt/ros/humble LD_LIBRARY_PATH=/home/orangepi/GM/RESOURCES/ros2_ws/install/hero_msgs/lib:/home/orangepi/GM/RESOURCES/ros2_ws/install/vision_msgs/lib:/root/.x-cmd.root/local/data/pkg/sphere/X/l/j/h/lib:/opt/ros/humble/opt/rviz_ogre_vendor/lib:/opt/ros/humble/lib/aarch64-linux-gnu:/opt/ros/humble/lib /usr/bin/cmake --build /home/orangepi/GM/RESOURCES/ros2_ws/build/contact -- -j8 -l8
[0.218s] [ 50%] Built target serial
[0.273s] [35m[1mConsolidate compiler generated dependencies of target contact[0m
[0.320s] [ 62%] [32mBuilding CXX object CMakeFiles/contact.dir/src/ContactNode.cpp.o[0m
[5.000s] In file included from [01m[K/home/orangepi/GM/RESOURCES/ros2_ws/src/contact/src/ContactNode.cpp:3[m[K:
[5.001s] [01m[K/home/orangepi/GM/RESOURCES/ros2_ws/src/contact/include/CommPort.h:37:3:[m[K [01;35m[Kwarning: [m[K‘[01m[Ktypedef[m[K’ was ignored in this declaration
[5.001s]    37 |   [01;35m[Ktypedef[m[K struct ProjectileRx {
[5.001s]       |   [01;35m[K^~~~~~~[m[K
[5.002s] [01m[K/home/orangepi/GM/RESOURCES/ros2_ws/src/contact/include/CommPort.h:54:3:[m[K [01;35m[Kwarning: [m[K‘[01m[Ktypedef[m[K’ was ignored in this declaration
[5.002s]    54 |   [01;35m[Ktypedef[m[K struct MotionRx {
[5.002s]       |   [01;35m[K^~~~~~~[m[K
[5.229s] In file included from [01m[K/usr/include/c++/11/pstl/glue_algorithm_defs.h:13[m[K,
[5.230s]                  from [01m[K/usr/include/c++/11/algorithm:74[m[K,
[5.230s]                  from [01m[K/opt/ros/humble/include/std_msgs/std_msgs/msg/detail/float64__struct.hpp:8[m[K,
[5.230s]                  from [01m[K/opt/ros/humble/include/std_msgs/std_msgs/msg/float64.hpp:7[m[K,
[5.230s]                  from [01m[K/home/orangepi/GM/RESOURCES/ros2_ws/src/contact/src/ContactNode.cpp:1[m[K:
[5.231s] /usr/include/c++/11/functional: In instantiation of ‘[01m[Kstruct std::_Bind_check_arity<void (ContactNode::*)(double, double, double), ContactNode*, const std::_Placeholder<1>&>[m[K’:
[5.231s] [01m[K/usr/include/c++/11/functional:768:12:[m[K   required from ‘[01m[Kstruct std::_Bind_helper<false, void (ContactNode::*)(double, double, double), ContactNode*, const std::_Placeholder<1>&>[m[K’
[5.231s] [01m[K/usr/include/c++/11/functional:789:5:[m[K   required by substitution of ‘[01m[Ktemplate<class _Func, class ... _BoundArgs> typename std::_Bind_helper<std::__is_socketlike<_Func>::value, _Func, _BoundArgs ...>::type std::bind(_Func&&, _BoundArgs&& ...) [with _Func = void (ContactNode::*)(double, double, double); _BoundArgs = {ContactNode*, const std::_Placeholder<1>&}][m[K’
[5.231s] [01m[K/home/orangepi/GM/RESOURCES/ros2_ws/src/contact/src/ContactNode.cpp:32:18:[m[K   required from here
[5.232s] [01m[K/usr/include/c++/11/functional:756:21:[m[K [01;31m[Kerror: [m[Kstatic assertion failed: Wrong number of arguments for pointer-to-member
[5.232s]   755 |       static_assert(_Varargs::[01;31m[Kvalue[m[K
[5.232s]       |                               [01;31m[K~~~~~[m[K
[5.232s]   756 | [01;31m[K                    ? sizeof...(_BoundArgs) >= _Arity::value + 1[m[K
[5.233s]       |                     [01;31m[K^~~~~~~~~~~~~~~~~~~~~~~~~~~~~~~~~~~~~~~~~~~~[m[K
[5.233s]   757 | [01;31m[K                    : sizeof...(_BoundArgs) == _Arity::value + 1[m[K,
[5.233s]       |                     [01;31m[K~~~~~~~~~~~~~~~~~~~~~~~~~~~~~~~~~~~~~~~~~~~~[m[K
[5.233s] [01m[K/usr/include/c++/11/functional:756:21:[m[K [01;36m[Knote: [m[K‘[01m[K(false ? (2 >= (((long unsigned int)std::integral_constant<long unsigned int, 3>::value) + 1)) : (2 == (((long unsigned int)std::integral_constant<long unsigned int, 3>::value) + 1)))[m[K’ evaluates to false
[6.410s] In file included from [01m[K/opt/ros/humble/include/rclcpp/rclcpp/subscription_base.hpp:32[m[K,
[6.410s]                  from [01m[K/opt/ros/humble/include/rclcpp/rclcpp/callback_group.hpp:29[m[K,
[6.411s]                  from [01m[K/opt/ros/humble/include/rclcpp/rclcpp/any_executable.hpp:20[m[K,
[6.411s]                  from [01m[K/opt/ros/humble/include/rclcpp/rclcpp/memory_strategy.hpp:25[m[K,
[6.411s]                  from [01m[K/opt/ros/humble/include/rclcpp/rclcpp/memory_strategies.hpp:18[m[K,
[6.412s]                  from [01m[K/opt/ros/humble/include/rclcpp/rclcpp/executor_options.hpp:20[m[K,
[6.412s]                  from [01m[K/opt/ros/humble/include/rclcpp/rclcpp/executor.hpp:37[m[K,
[6.412s]                  from [01m[K/opt/ros/humble/include/rclcpp/rclcpp/executors/multi_threaded_executor.hpp:25[m[K,
[6.413s]                  from [01m[K/opt/ros/humble/include/rclcpp/rclcpp/executors.hpp:21[m[K,
[6.413s]                  from [01m[K/opt/ros/humble/include/rclcpp/rclcpp/rclcpp.hpp:155[m[K,
[6.413s]                  from [01m[K/home/orangepi/GM/RESOURCES/ros2_ws/src/contact/include/CommPort.h:7[m[K,
[6.414s]                  from [01m[K/home/orangepi/GM/RESOURCES/ros2_ws/src/contact/src/ContactNode.cpp:3[m[K:
[6.414s] /opt/ros/humble/include/rclcpp/rclcpp/any_subscription_callback.hpp: In instantiation of ‘[01m[Krclcpp::AnySubscriptionCallback<MessageT, AllocatorT> rclcpp::AnySubscriptionCallback<MessageT, AllocatorT>::set(CallbackT) [with CallbackT = std::_Bind<void (ContactNode::*(ContactNode*, std::_Placeholder<1>))(double, double, double)>; MessageT = hero_msgs::msg::Motion_<std::allocator<void> >; AllocatorT = std::allocator<void>][m[K’:
[6.414s] [01m[K/opt/ros/humble/include/rclcpp/rclcpp/subscription_factory.hpp:94:32:[m[K   required from ‘[01m[Krclcpp::SubscriptionFactory rclcpp::create_subscription_factory(CallbackT&&, const rclcpp::SubscriptionOptionsWithAllocator<AllocatorT>&, typename MessageMemoryStrategyT::SharedPtr, std::shared_ptr<rclcpp::topic_statistics::SubscriptionTopicStatistics<ROSMessageType> >) [with MessageT = hero_msgs::msg::Motion_<std::allocator<void> >; CallbackT = std::_Bind<void (ContactNode::*(ContactNode*, std::_Placeholder<1>))(double, double, double)>; AllocatorT = std::allocator<void>; SubscriptionT = rclcpp::Subscription<hero_msgs::msg::Motion_<std::allocator<void> > >; MessageMemoryStrategyT = rclcpp::message_memory_strategy::MessageMemoryStrategy<hero_msgs::msg::Motion_<std::allocator<void> >, std::allocator<void> >; ROSMessageType = hero_msgs::msg::Motion_<std::allocator<void> >; typename MessageMemoryStrategyT::SharedPtr = std::shared_ptr<rclcpp::message_memory_strategy::MessageMemoryStrategy<hero_msgs::msg::Motion_<std::allocator<void> >, std::allocator<void> > >][m[K’
[6.415s] [01m[K/opt/ros/humble/include/rclcpp/rclcpp/create_subscription.hpp:122:63:[m[K   required from ‘[01m[Kstd::shared_ptr<ROSMessageT> rclcpp::detail::create_subscription(NodeParametersT&, NodeTopicsT&, const string&, const rclcpp::QoS&, CallbackT&&, const rclcpp::SubscriptionOptionsWithAllocator<AllocatorT>&, typename MessageMemoryStrategyT::SharedPtr) [with MessageT = hero_msgs::msg::Motion_<std::allocator<void> >; CallbackT = std::_Bind<void (ContactNode::*(ContactNode*, std::_Placeholder<1>))(double, double, double)>; AllocatorT = std::allocator<void>; SubscriptionT = rclcpp::Subscription<hero_msgs::msg::Motion_<std::allocator<void> > >; MessageMemoryStrategyT = rclcpp::message_memory_strategy::MessageMemoryStrategy<hero_msgs::msg::Motion_<std::allocator<void> >, std::allocator<void> >; NodeParametersT = rclcpp::Node; NodeTopicsT = rclcpp::Node; ROSMessageType = hero_msgs::msg::Motion_<std::allocator<void> >; std::string = std::__cxx11::basic_string<char>; typename MessageMemoryStrategyT::SharedPtr = std::shared_ptr<rclcpp::message_memory_strategy::MessageMemoryStrategy<hero_msgs::msg::Motion_<std::allocator<void> >, std::allocator<void> > >][m[K’
[6.415s] [01m[K/opt/ros/humble/include/rclcpp/rclcpp/create_subscription.hpp:191:76:[m[K   required from ‘[01m[Kstd::shared_ptr<ROSMessageT> rclcpp::create_subscription(NodeT&, const string&, const rclcpp::QoS&, CallbackT&&, const rclcpp::SubscriptionOptionsWithAllocator<AllocatorT>&, typename MessageMemoryStrategyT::SharedPtr) [with MessageT = hero_msgs::msg::Motion_<std::allocator<void> >; CallbackT = std::_Bind<void (ContactNode::*(ContactNode*, std::_Placeholder<1>))(double, double, double)>; AllocatorT = std::allocator<void>; SubscriptionT = rclcpp::Subscription<hero_msgs::msg::Motion_<std::allocator<void> > >; MessageMemoryStrategyT = rclcpp::message_memory_strategy::MessageMemoryStrategy<hero_msgs::msg::Motion_<std::allocator<void> >, std::allocator<void> >; NodeT = rclcpp::Node; std::string = std::__cxx11::basic_string<char>; typename MessageMemoryStrategyT::SharedPtr = std::shared_ptr<rclcpp::message_memory_strategy::MessageMemoryStrategy<hero_msgs::msg::Motion_<std::allocator<void> >, std::allocator<void> > >][m[K’
[6.416s] [01m[K/opt/ros/humble/include/rclcpp/rclcpp/node_impl.hpp:99:47:[m[K   required from ‘[01m[Kstd::shared_ptr<ROSMessageT> rclcpp::Node::create_subscription(const string&, const rclcpp::QoS&, CallbackT&&, const rclcpp::SubscriptionOptionsWithAllocator<AllocatorT>&, typename MessageMemoryStrategyT::SharedPtr) [with MessageT = hero_msgs::msg::Motion_<std::allocator<void> >; CallbackT = std::_Bind<void (ContactNode::*(ContactNode*, std::_Placeholder<1>))(double, double, double)>; AllocatorT = std::allocator<void>; SubscriptionT = rclcpp::Subscription<hero_msgs::msg::Motion_<std::allocator<void> > >; MessageMemoryStrategyT = rclcpp::message_memory_strategy::MessageMemoryStrategy<hero_msgs::msg::Motion_<std::allocator<void> >, std::allocator<void> >; std::string = std::__cxx11::basic_string<char>; typename MessageMemoryStrategyT::SharedPtr = std::shared_ptr<rclcpp::message_memory_strategy::MessageMemoryStrategy<hero_msgs::msg::Motion_<std::allocator<void> >, std::allocator<void> > >][m[K’
[6.416s] [01m[K/home/orangepi/GM/RESOURCES/ros2_ws/src/contact/src/ContactNode.cpp:30:69:[m[K   required from here
[6.417s] [01m[K/opt/ros/humble/include/rclcpp/rclcpp/any_subscription_callback.hpp:394:27:[m[K [01;31m[Kerror: [m[Kno matching function for call to ‘[01m[Kstd::function<void(double, double, double)>::function(std::_Bind<void (ContactNode::*(ContactNode*, std::_Placeholder<1>))(double, double, double)>&)[m[K’
[6.417s]   394 |       callback_variant_ = [01;31m[Kstatic_cast<typename scbth::callback_type>(callback)[m[K;
[6.417s]       |                           [01;31m[K^~~~~~~~~~~~~~~~~~~~~~~~~~~~~~~~~~~~~~~~~~~~~~~~~~~~[m[K
[6.418s] In file included from [01m[K/usr/include/c++/11/functional:59[m[K,
[6.418s]                  from [01m[K/usr/include/c++/11/pstl/glue_algorithm_defs.h:13[m[K,
[6.419s]                  from [01m[K/usr/include/c++/11/algorithm:74[m[K,
[6.419s]                  from [01m[K/opt/ros/humble/include/std_msgs/std_msgs/msg/detail/float64__struct.hpp:8[m[K,
[6.419s]                  from [01m[K/opt/ros/humble/include/std_msgs/std_msgs/msg/float64.hpp:7[m[K,
[6.420s]                  from [01m[K/home/orangepi/GM/RESOURCES/ros2_ws/src/contact/src/ContactNode.cpp:1[m[K:
[6.420s] [01m[K/usr/include/c++/11/bits/std_function.h:435:9:[m[K [01;36m[Knote: [m[Kcandidate: ‘[01m[Ktemplate<class _Functor, class _Constraints> std::function<_Res(_ArgTypes ...)>::function(_Functor&&) [with _Functor = _Functor; _Constraints = _Constraints; _Res = void; _ArgTypes = {double, double, double}][m[K’
[6.420s]   435 |         [01;36m[Kfunction[m[K(_Functor&& __f)
[6.421s]       |         [01;36m[K^~~~~~~~[m[K
[6.421s] [01m[K/usr/include/c++/11/bits/std_function.h:435:9:[m[K [01;36m[Knote: [m[K  template argument deduction/substitution failed:
[6.422s] In file included from [01m[K/usr/include/c++/11/bits/move.h:57[m[K,
[6.422s]                  from [01m[K/usr/include/c++/11/bits/stl_pair.h:59[m[K,
[6.422s]                  from [01m[K/usr/include/c++/11/utility:70[m[K,
[6.422s]                  from [01m[K/usr/include/c++/11/algorithm:60[m[K,
[6.422s]                  from [01m[K/opt/ros/humble/include/std_msgs/std_msgs/msg/detail/float64__struct.hpp:8[m[K,
[6.422s]                  from [01m[K/opt/ros/humble/include/std_msgs/std_msgs/msg/float64.hpp:7[m[K,
[6.422s]                  from [01m[K/home/orangepi/GM/RESOURCES/ros2_ws/src/contact/src/ContactNode.cpp:1[m[K:
[6.422s] /usr/include/c++/11/type_traits: In substitution of ‘[01m[Ktemplate<bool _Cond, class _Tp> using __enable_if_t = typename std::enable_if::type [with bool _Cond = false; _Tp = void][m[K’:
[6.422s] [01m[K/usr/include/c++/11/bits/std_function.h:353:8:[m[K   required by substitution of ‘[01m[Ktemplate<class _Res, class ... _ArgTypes> template<class _Cond, class _Tp> using _Requires = std::__enable_if_t<_Cond::value, _Tp> [with _Cond = std::function<void(double, double, double)>::_Callable<std::_Bind<void (ContactNode::*(ContactNode*, std::_Placeholder<1>))(double, double, double)>&, std::_Bind<void (ContactNode::*(ContactNode*, std::_Placeholder<1>))(double, double, double)>, std::__invoke_result<std::_Bind<void (ContactNode::*(ContactNode*, std::_Placeholder<1>))(double, double, double)>&, double, double, double> >; _Tp = void; _Res = void; _ArgTypes = {double, double, double}][m[K’
[6.423s] [01m[K/usr/include/c++/11/bits/std_function.h:434:9:[m[K   required from ‘[01m[Krclcpp::AnySubscriptionCallback<MessageT, AllocatorT> rclcpp::AnySubscriptionCallback<MessageT, AllocatorT>::set(CallbackT) [with CallbackT = std::_Bind<void (ContactNode::*(ContactNode*, std::_Placeholder<1>))(double, double, double)>; MessageT = hero_msgs::msg::Motion_<std::allocator<void> >; AllocatorT = std::allocator<void>][m[K’
[6.423s] [01m[K/opt/ros/humble/include/rclcpp/rclcpp/subscription_factory.hpp:94:32:[m[K   required from ‘[01m[Krclcpp::SubscriptionFactory rclcpp::create_subscription_factory(CallbackT&&, const rclcpp::SubscriptionOptionsWithAllocator<AllocatorT>&, typename MessageMemoryStrategyT::SharedPtr, std::shared_ptr<rclcpp::topic_statistics::SubscriptionTopicStatistics<ROSMessageType> >) [with MessageT = hero_msgs::msg::Motion_<std::allocator<void> >; CallbackT = std::_Bind<void (ContactNode::*(ContactNode*, std::_Placeholder<1>))(double, double, double)>; AllocatorT = std::allocator<void>; SubscriptionT = rclcpp::Subscription<hero_msgs::msg::Motion_<std::allocator<void> > >; MessageMemoryStrategyT = rclcpp::message_memory_strategy::MessageMemoryStrategy<hero_msgs::msg::Motion_<std::allocator<void> >, std::allocator<void> >; ROSMessageType = hero_msgs::msg::Motion_<std::allocator<void> >; typename MessageMemoryStrategyT::SharedPtr = std::shared_ptr<rclcpp::message_memory_strategy::MessageMemoryStrategy<hero_msgs::msg::Motion_<std::allocator<void> >, std::allocator<void> > >][m[K’
[6.423s] [01m[K/opt/ros/humble/include/rclcpp/rclcpp/create_subscription.hpp:122:63:[m[K   required from ‘[01m[Kstd::shared_ptr<ROSMessageT> rclcpp::detail::create_subscription(NodeParametersT&, NodeTopicsT&, const string&, const rclcpp::QoS&, CallbackT&&, const rclcpp::SubscriptionOptionsWithAllocator<AllocatorT>&, typename MessageMemoryStrategyT::SharedPtr) [with MessageT = hero_msgs::msg::Motion_<std::allocator<void> >; CallbackT = std::_Bind<void (ContactNode::*(ContactNode*, std::_Placeholder<1>))(double, double, double)>; AllocatorT = std::allocator<void>; SubscriptionT = rclcpp::Subscription<hero_msgs::msg::Motion_<std::allocator<void> > >; MessageMemoryStrategyT = rclcpp::message_memory_strategy::MessageMemoryStrategy<hero_msgs::msg::Motion_<std::allocator<void> >, std::allocator<void> >; NodeParametersT = rclcpp::Node; NodeTopicsT = rclcpp::Node; ROSMessageType = hero_msgs::msg::Motion_<std::allocator<void> >; std::string = std::__cxx11::basic_string<char>; typename MessageMemoryStrategyT::SharedPtr = std::shared_ptr<rclcpp::message_memory_strategy::MessageMemoryStrategy<hero_msgs::msg::Motion_<std::allocator<void> >, std::allocator<void> > >][m[K’
[6.423s] [01m[K/opt/ros/humble/include/rclcpp/rclcpp/create_subscription.hpp:191:76:[m[K   required from ‘[01m[Kstd::shared_ptr<ROSMessageT> rclcpp::create_subscription(NodeT&, const string&, const rclcpp::QoS&, CallbackT&&, const rclcpp::SubscriptionOptionsWithAllocator<AllocatorT>&, typename MessageMemoryStrategyT::SharedPtr) [with MessageT = hero_msgs::msg::Motion_<std::allocator<void> >; CallbackT = std::_Bind<void (ContactNode::*(ContactNode*, std::_Placeholder<1>))(double, double, double)>; AllocatorT = std::allocator<void>; SubscriptionT = rclcpp::Subscription<hero_msgs::msg::Motion_<std::allocator<void> > >; MessageMemoryStrategyT = rclcpp::message_memory_strategy::MessageMemoryStrategy<hero_msgs::msg::Motion_<std::allocator<void> >, std::allocator<void> >; NodeT = rclcpp::Node; std::string = std::__cxx11::basic_string<char>; typename MessageMemoryStrategyT::SharedPtr = std::shared_ptr<rclcpp::message_memory_strategy::MessageMemoryStrategy<hero_msgs::msg::Motion_<std::allocator<void> >, std::allocator<void> > >][m[K’
[6.423s] [01m[K/opt/ros/humble/include/rclcpp/rclcpp/node_impl.hpp:99:47:[m[K   required from ‘[01m[Kstd::shared_ptr<ROSMessageT> rclcpp::Node::create_subscription(const string&, const rclcpp::QoS&, CallbackT&&, const rclcpp::SubscriptionOptionsWithAllocator<AllocatorT>&, typename MessageMemoryStrategyT::SharedPtr) [with MessageT = hero_msgs::msg::Motion_<std::allocator<void> >; CallbackT = std::_Bind<void (ContactNode::*(ContactNode*, std::_Placeholder<1>))(double, double, double)>; AllocatorT = std::allocator<void>; SubscriptionT = rclcpp::Subscription<hero_msgs::msg::Motion_<std::allocator<void> > >; MessageMemoryStrategyT = rclcpp::message_memory_strategy::MessageMemoryStrategy<hero_msgs::msg::Motion_<std::allocator<void> >, std::allocator<void> >; std::string = std::__cxx11::basic_string<char>; typename MessageMemoryStrategyT::SharedPtr = std::shared_ptr<rclcpp::message_memory_strategy::MessageMemoryStrategy<hero_msgs::msg::Motion_<std::allocator<void> >, std::allocator<void> > >][m[K’
[6.423s] [01m[K/home/orangepi/GM/RESOURCES/ros2_ws/src/contact/src/ContactNode.cpp:30:69:[m[K   required from here
[6.423s] [01m[K/usr/include/c++/11/type_traits:2205:11:[m[K [01;31m[Kerror: [m[Kno type named ‘[01m[Ktype[m[K’ in ‘[01m[Kstruct std::enable_if<false, void>[m[K’
[6.423s]  2205 |     using [01;31m[K__enable_if_t[m[K = typename enable_if<_Cond, _Tp>::type;
[6.423s]       |           [01;31m[K^~~~~~~~~~~~~[m[K
[6.423s] In file included from [01m[K/usr/include/c++/11/functional:59[m[K,
[6.423s]                  from [01m[K/usr/include/c++/11/pstl/glue_algorithm_defs.h:13[m[K,
[6.423s]                  from [01m[K/usr/include/c++/11/algorithm:74[m[K,
[6.424s]                  from [01m[K/opt/ros/humble/include/std_msgs/std_msgs/msg/detail/float64__struct.hpp:8[m[K,
[6.424s]                  from [01m[K/opt/ros/humble/include/std_msgs/std_msgs/msg/float64.hpp:7[m[K,
[6.424s]                  from [01m[K/home/orangepi/GM/RESOURCES/ros2_ws/src/contact/src/ContactNode.cpp:1[m[K:
[6.424s] /opt/ros/humble/include/rclcpp/rclcpp/any_subscription_callback.hpp: In instantiation of ‘[01m[Krclcpp::AnySubscriptionCallback<MessageT, AllocatorT> rclcpp::AnySubscriptionCallback<MessageT, AllocatorT>::set(CallbackT) [with CallbackT = std::_Bind<void (ContactNode::*(ContactNode*, std::_Placeholder<1>))(double, double, double)>; MessageT = hero_msgs::msg::Motion_<std::allocator<void> >; AllocatorT = std::allocator<void>][m[K’:
[6.424s] [01m[K/opt/ros/humble/include/rclcpp/rclcpp/subscription_factory.hpp:94:32:[m[K   required from ‘[01m[Krclcpp::SubscriptionFactory rclcpp::create_subscription_factory(CallbackT&&, const rclcpp::SubscriptionOptionsWithAllocator<AllocatorT>&, typename MessageMemoryStrategyT::SharedPtr, std::shared_ptr<rclcpp::topic_statistics::SubscriptionTopicStatistics<ROSMessageType> >) [with MessageT = hero_msgs::msg::Motion_<std::allocator<void> >; CallbackT = std::_Bind<void (ContactNode::*(ContactNode*, std::_Placeholder<1>))(double, double, double)>; AllocatorT = std::allocator<void>; SubscriptionT = rclcpp::Subscription<hero_msgs::msg::Motion_<std::allocator<void> > >; MessageMemoryStrategyT = rclcpp::message_memory_strategy::MessageMemoryStrategy<hero_msgs::msg::Motion_<std::allocator<void> >, std::allocator<void> >; ROSMessageType = hero_msgs::msg::Motion_<std::allocator<void> >; typename MessageMemoryStrategyT::SharedPtr = std::shared_ptr<rclcpp::message_memory_strategy::MessageMemoryStrategy<hero_msgs::msg::Motion_<std::allocator<void> >, std::allocator<void> > >][m[K’
[6.424s] [01m[K/opt/ros/humble/include/rclcpp/rclcpp/create_subscription.hpp:122:63:[m[K   required from ‘[01m[Kstd::shared_ptr<ROSMessageT> rclcpp::detail::create_subscription(NodeParametersT&, NodeTopicsT&, const string&, const rclcpp::QoS&, CallbackT&&, const rclcpp::SubscriptionOptionsWithAllocator<AllocatorT>&, typename MessageMemoryStrategyT::SharedPtr) [with MessageT = hero_msgs::msg::Motion_<std::allocator<void> >; CallbackT = std::_Bind<void (ContactNode::*(ContactNode*, std::_Placeholder<1>))(double, double, double)>; AllocatorT = std::allocator<void>; SubscriptionT = rclcpp::Subscription<hero_msgs::msg::Motion_<std::allocator<void> > >; MessageMemoryStrategyT = rclcpp::message_memory_strategy::MessageMemoryStrategy<hero_msgs::msg::Motion_<std::allocator<void> >, std::allocator<void> >; NodeParametersT = rclcpp::Node; NodeTopicsT = rclcpp::Node; ROSMessageType = hero_msgs::msg::Motion_<std::allocator<void> >; std::string = std::__cxx11::basic_string<char>; typename MessageMemoryStrategyT::SharedPtr = std::shared_ptr<rclcpp::message_memory_strategy::MessageMemoryStrategy<hero_msgs::msg::Motion_<std::allocator<void> >, std::allocator<void> > >][m[K’
[6.424s] [01m[K/opt/ros/humble/include/rclcpp/rclcpp/create_subscription.hpp:191:76:[m[K   required from ‘[01m[Kstd::shared_ptr<ROSMessageT> rclcpp::create_subscription(NodeT&, const string&, const rclcpp::QoS&, CallbackT&&, const rclcpp::SubscriptionOptionsWithAllocator<AllocatorT>&, typename MessageMemoryStrategyT::SharedPtr) [with MessageT = hero_msgs::msg::Motion_<std::allocator<void> >; CallbackT = std::_Bind<void (ContactNode::*(ContactNode*, std::_Placeholder<1>))(double, double, double)>; AllocatorT = std::allocator<void>; SubscriptionT = rclcpp::Subscription<hero_msgs::msg::Motion_<std::allocator<void> > >; MessageMemoryStrategyT = rclcpp::message_memory_strategy::MessageMemoryStrategy<hero_msgs::msg::Motion_<std::allocator<void> >, std::allocator<void> >; NodeT = rclcpp::Node; std::string = std::__cxx11::basic_string<char>; typename MessageMemoryStrategyT::SharedPtr = std::shared_ptr<rclcpp::message_memory_strategy::MessageMemoryStrategy<hero_msgs::msg::Motion_<std::allocator<void> >, std::allocator<void> > >][m[K’
[6.424s] [01m[K/opt/ros/humble/include/rclcpp/rclcpp/node_impl.hpp:99:47:[m[K   required from ‘[01m[Kstd::shared_ptr<ROSMessageT> rclcpp::Node::create_subscription(const string&, const rclcpp::QoS&, CallbackT&&, const rclcpp::SubscriptionOptionsWithAllocator<AllocatorT>&, typename MessageMemoryStrategyT::SharedPtr) [with MessageT = hero_msgs::msg::Motion_<std::allocator<void> >; CallbackT = std::_Bind<void (ContactNode::*(ContactNode*, std::_Placeholder<1>))(double, double, double)>; AllocatorT = std::allocator<void>; SubscriptionT = rclcpp::Subscription<hero_msgs::msg::Motion_<std::allocator<void> > >; MessageMemoryStrategyT = rclcpp::message_memory_strategy::MessageMemoryStrategy<hero_msgs::msg::Motion_<std::allocator<void> >, std::allocator<void> >; std::string = std::__cxx11::basic_string<char>; typename MessageMemoryStrategyT::SharedPtr = std::shared_ptr<rclcpp::message_memory_strategy::MessageMemoryStrategy<hero_msgs::msg::Motion_<std::allocator<void> >, std::allocator<void> > >][m[K’
[6.424s] [01m[K/home/orangepi/GM/RESOURCES/ros2_ws/src/contact/src/ContactNode.cpp:30:69:[m[K   required from here
[6.424s] [01m[K/usr/include/c++/11/bits/std_function.h:404:7:[m[K [01;36m[Knote: [m[Kcandidate: ‘[01m[Kstd::function<_Res(_ArgTypes ...)>::function(std::function<_Res(_ArgTypes ...)>&&) [with _Res = void; _ArgTypes = {double, double, double}][m[K’
[6.424s]   404 |       [01;36m[Kfunction[m[K(function&& __x) noexcept
[6.424s]       |       [01;36m[K^~~~~~~~[m[K
[6.424s] [01m[K/usr/include/c++/11/bits/std_function.h:404:27:[m[K [01;36m[Knote: [m[K  no known conversion for argument 1 from ‘[01m[Kstd::_Bind<void (ContactNode::*(ContactNode*, std::_Placeholder<1>))(double, double, double)>[m[K’ to ‘[01m[Kstd::function<void(double, double, double)>&&[m[K’
[6.425s]   404 |       function([01;36m[Kfunction&& __x[m[K) noexcept
[6.425s]       |                [01;36m[K~~~~~~~~~~~^~~[m[K
[6.425s] [01m[K/usr/include/c++/11/bits/std_function.h:386:7:[m[K [01;36m[Knote: [m[Kcandidate: ‘[01m[Kstd::function<_Res(_ArgTypes ...)>::function(const std::function<_Res(_ArgTypes ...)>&) [with _Res = void; _ArgTypes = {double, double, double}][m[K’
[6.425s]   386 |       [01;36m[Kfunction[m[K(const function& __x)
[6.425s]       |       [01;36m[K^~~~~~~~[m[K
[6.425s] [01m[K/usr/include/c++/11/bits/std_function.h:386:32:[m[K [01;36m[Knote: [m[K  no known conversion for argument 1 from ‘[01m[Kstd::_Bind<void (ContactNode::*(ContactNode*, std::_Placeholder<1>))(double, double, double)>[m[K’ to ‘[01m[Kconst std::function<void(double, double, double)>&[m[K’
[6.425s]   386 |       function([01;36m[Kconst function& __x[m[K)
[6.425s]       |                [01;36m[K~~~~~~~~~~~~~~~~^~~[m[K
[6.425s] [01m[K/usr/include/c++/11/bits/std_function.h:375:7:[m[K [01;36m[Knote: [m[Kcandidate: ‘[01m[Kstd::function<_Res(_ArgTypes ...)>::function(std::nullptr_t) [with _Res = void; _ArgTypes = {double, double, double}; std::nullptr_t = std::nullptr_t][m[K’
[6.425s]   375 |       [01;36m[Kfunction[m[K(nullptr_t) noexcept
[6.425s]       |       [01;36m[K^~~~~~~~[m[K
[6.425s] [01m[K/usr/include/c++/11/bits/std_function.h:375:16:[m[K [01;36m[Knote: [m[K  no known conversion for argument 1 from ‘[01m[Kstd::_Bind<void (ContactNode::*(ContactNode*, std::_Placeholder<1>))(double, double, double)>[m[K’ to ‘[01m[Kstd::nullptr_t[m[K’
[6.425s]   375 |       function([01;36m[Knullptr_t[m[K) noexcept
[6.425s]       |                [01;36m[K^~~~~~~~~[m[K
[6.425s] [01m[K/usr/include/c++/11/bits/std_function.h:368:7:[m[K [01;36m[Knote: [m[Kcandidate: ‘[01m[Kstd::function<_Res(_ArgTypes ...)>::function() [with _Res = void; _ArgTypes = {double, double, double}][m[K’
[6.426s]   368 |       [01;36m[Kfunction[m[K() noexcept
[6.426s]       |       [01;36m[K^~~~~~~~[m[K
[6.426s] [01m[K/usr/include/c++/11/bits/std_function.h:368:7:[m[K [01;36m[Knote: [m[K  candidate expects 0 arguments, 1 provided
[12.379s] gmake[2]: *** [CMakeFiles/contact.dir/build.make:76: CMakeFiles/contact.dir/src/ContactNode.cpp.o] Error 1
[12.380s] gmake[1]: *** [CMakeFiles/Makefile2:154: CMakeFiles/contact.dir/all] Error 2
[12.381s] gmake: *** [Makefile:146: all] Error 2
[12.386s] Invoked command in '/home/orangepi/GM/RESOURCES/ros2_ws/build/contact' returned '2': CMAKE_PREFIX_PATH=/home/orangepi/GM/RESOURCES/ros2_ws/install/hero_msgs:/home/orangepi/GM/RESOURCES/ros2_ws/install/vision_msgs:/opt/ros/humble LD_LIBRARY_PATH=/home/orangepi/GM/RESOURCES/ros2_ws/install/hero_msgs/lib:/home/orangepi/GM/RESOURCES/ros2_ws/install/vision_msgs/lib:/root/.x-cmd.root/local/data/pkg/sphere/X/l/j/h/lib:/opt/ros/humble/opt/rviz_ogre_vendor/lib:/opt/ros/humble/lib/aarch64-linux-gnu:/opt/ros/humble/lib /usr/bin/cmake --build /home/orangepi/GM/RESOURCES/ros2_ws/build/contact -- -j8 -l8
