[0.018s] Invoking command in '/home/orangepi/GM/RESOURCES/ros2_ws/build/hero_msgs': CMAKE_PREFIX_PATH=${CMAKE_PREFIX_PATH}:/opt/ros/humble /usr/bin/cmake --build /home/orangepi/GM/RESOURCES/ros2_ws/build/hero_msgs -- -j8 -l8
[0.178s] [  1%] Built target hero_msgs__cpp
[0.181s] [ 12%] Built target hero_msgs__rosidl_generator_c
[0.187s] [ 12%] Built target ament_cmake_python_copy_hero_msgs
[0.263s] [ 34%] Built target hero_msgs__rosidl_typesupport_introspection_cpp
[0.264s] [ 34%] Built target hero_msgs__rosidl_typesupport_fastrtps_cpp
[0.272s] [ 46%] Built target hero_msgs__rosidl_typesupport_fastrtps_c
[0.280s] [ 57%] Built target hero_msgs__rosidl_typesupport_cpp
[0.280s] [ 68%] Built target hero_msgs__rosidl_typesupport_introspection_c
[0.283s] [ 79%] Built target hero_msgs__rosidl_typesupport_c
[0.312s] [ 79%] Built target hero_msgs
[0.365s] [ 80%] Built target hero_msgs__py
[0.425s] [ 90%] Built target hero_msgs__rosidl_generator_py
[0.486s] [ 93%] Built target hero_msgs__rosidl_typesupport_c__pyext
[0.493s] [ 96%] Built target hero_msgs__rosidl_typesupport_introspection_c__pyext
[0.513s] [100%] Built target hero_msgs__rosidl_typesupport_fastrtps_c__pyext
[0.593s] running egg_info
[0.594s] writing hero_msgs.egg-info/PKG-INFO
[0.595s] writing dependency_links to hero_msgs.egg-info/dependency_links.txt
[0.597s] writing top-level names to hero_msgs.egg-info/top_level.txt
[0.605s] reading manifest file 'hero_msgs.egg-info/SOURCES.txt'
[0.606s] writing manifest file 'hero_msgs.egg-info/SOURCES.txt'
[0.713s] [100%] Built target ament_cmake_python_build_hero_msgs_egg
[0.753s] Invoked command in '/home/orangepi/GM/RESOURCES/ros2_ws/build/hero_msgs' returned '0': CMAKE_PREFIX_PATH=${CMAKE_PREFIX_PATH}:/opt/ros/humble /usr/bin/cmake --build /home/orangepi/GM/RESOURCES/ros2_ws/build/hero_msgs -- -j8 -l8
[1.017s] Invoking command in '/home/orangepi/GM/RESOURCES/ros2_ws/build/hero_msgs': CMAKE_PREFIX_PATH=${CMAKE_PREFIX_PATH}:/opt/ros/humble /usr/bin/cmake --install /home/orangepi/GM/RESOURCES/ros2_ws/build/hero_msgs
[1.038s] -- Install configuration: ""
[1.039s] -- Up-to-date: /home/orangepi/GM/RESOURCES/ros2_ws/install/hero_msgs/share/ament_index/resource_index/rosidl_interfaces/hero_msgs
[1.041s] -- Up-to-date: /home/orangepi/GM/RESOURCES/ros2_ws/install/hero_msgs/include/hero_msgs/hero_msgs
[1.042s] -- Up-to-date: /home/orangepi/GM/RESOURCES/ros2_ws/install/hero_msgs/include/hero_msgs/hero_msgs/msg
[1.043s] -- Up-to-date: /home/orangepi/GM/RESOURCES/ros2_ws/install/hero_msgs/include/hero_msgs/hero_msgs/msg/detail
[1.044s] -- Up-to-date: /home/orangepi/GM/RESOURCES/ros2_ws/install/hero_msgs/include/hero_msgs/hero_msgs/msg/detail/auto_aim__functions.h
[1.045s] -- Up-to-date: /home/orangepi/GM/RESOURCES/ros2_ws/install/hero_msgs/include/hero_msgs/hero_msgs/msg/detail/motion__struct.h
[1.045s] -- Up-to-date: /home/orangepi/GM/RESOURCES/ros2_ws/install/hero_msgs/include/hero_msgs/hero_msgs/msg/detail/motion__functions.c
[1.046s] -- Up-to-date: /home/orangepi/GM/RESOURCES/ros2_ws/install/hero_msgs/include/hero_msgs/hero_msgs/msg/detail/auto_aim__type_support.h
[1.047s] -- Up-to-date: /home/orangepi/GM/RESOURCES/ros2_ws/install/hero_msgs/include/hero_msgs/hero_msgs/msg/detail/dual_loop_pid_with_filter__struct.h
[1.047s] -- Up-to-date: /home/orangepi/GM/RESOURCES/ros2_ws/install/hero_msgs/include/hero_msgs/hero_msgs/msg/detail/auto_aim__struct.h
[1.048s] -- Up-to-date: /home/orangepi/GM/RESOURCES/ros2_ws/install/hero_msgs/include/hero_msgs/hero_msgs/msg/detail/dual_loop_pid_with_filter__functions.c
[1.048s] -- Up-to-date: /home/orangepi/GM/RESOURCES/ros2_ws/install/hero_msgs/include/hero_msgs/hero_msgs/msg/detail/dual_loop_pid_with_filter__functions.h
[1.049s] -- Up-to-date: /home/orangepi/GM/RESOURCES/ros2_ws/install/hero_msgs/include/hero_msgs/hero_msgs/msg/detail/auto_aim__functions.c
[1.049s] -- Up-to-date: /home/orangepi/GM/RESOURCES/ros2_ws/install/hero_msgs/include/hero_msgs/hero_msgs/msg/detail/dual_loop_pid_with_filter__type_support.h
[1.049s] -- Up-to-date: /home/orangepi/GM/RESOURCES/ros2_ws/install/hero_msgs/include/hero_msgs/hero_msgs/msg/detail/motion__type_support.h
[1.050s] -- Up-to-date: /home/orangepi/GM/RESOURCES/ros2_ws/install/hero_msgs/include/hero_msgs/hero_msgs/msg/detail/motion__functions.h
[1.050s] -- Up-to-date: /home/orangepi/GM/RESOURCES/ros2_ws/install/hero_msgs/include/hero_msgs/hero_msgs/msg/dual_loop_pid_with_filter.h
[1.051s] -- Up-to-date: /home/orangepi/GM/RESOURCES/ros2_ws/install/hero_msgs/include/hero_msgs/hero_msgs/msg/auto_aim.h
[1.051s] -- Up-to-date: /home/orangepi/GM/RESOURCES/ros2_ws/install/hero_msgs/include/hero_msgs/hero_msgs/msg/motion.h
[1.052s] -- Up-to-date: /home/orangepi/GM/RESOURCES/ros2_ws/install/hero_msgs/include/hero_msgs/hero_msgs/msg/rosidl_generator_c__visibility_control.h
[1.052s] -- Up-to-date: /home/orangepi/GM/RESOURCES/ros2_ws/install/hero_msgs/include/hero_msgs/hero_msgs/srv
[1.052s] -- Up-to-date: /home/orangepi/GM/RESOURCES/ros2_ws/install/hero_msgs/include/hero_msgs/hero_msgs/srv/detail
[1.053s] -- Up-to-date: /home/orangepi/GM/RESOURCES/ros2_ws/install/hero_msgs/include/hero_msgs/hero_msgs/srv/detail/vision_mode_switch__struct.h
[1.053s] -- Up-to-date: /home/orangepi/GM/RESOURCES/ros2_ws/install/hero_msgs/include/hero_msgs/hero_msgs/srv/detail/vision_mode_switch__type_support.h
[1.054s] -- Up-to-date: /home/orangepi/GM/RESOURCES/ros2_ws/install/hero_msgs/include/hero_msgs/hero_msgs/srv/detail/reset_motor_position__functions.h
[1.054s] -- Up-to-date: /home/orangepi/GM/RESOURCES/ros2_ws/install/hero_msgs/include/hero_msgs/hero_msgs/srv/detail/vision_mode_switch__functions.c
[1.055s] -- Up-to-date: /home/orangepi/GM/RESOURCES/ros2_ws/install/hero_msgs/include/hero_msgs/hero_msgs/srv/detail/reset_motor_position__struct.h
[1.055s] -- Up-to-date: /home/orangepi/GM/RESOURCES/ros2_ws/install/hero_msgs/include/hero_msgs/hero_msgs/srv/detail/reset_motor_position__type_support.h
[1.055s] -- Up-to-date: /home/orangepi/GM/RESOURCES/ros2_ws/install/hero_msgs/include/hero_msgs/hero_msgs/srv/detail/reset_motor_position__functions.c
[1.056s] -- Up-to-date: /home/orangepi/GM/RESOURCES/ros2_ws/install/hero_msgs/include/hero_msgs/hero_msgs/srv/detail/vision_mode_switch__functions.h
[1.056s] -- Up-to-date: /home/orangepi/GM/RESOURCES/ros2_ws/install/hero_msgs/include/hero_msgs/hero_msgs/srv/reset_motor_position.h
[1.056s] -- Up-to-date: /home/orangepi/GM/RESOURCES/ros2_ws/install/hero_msgs/include/hero_msgs/hero_msgs/srv/vision_mode_switch.h
[1.058s] -- Up-to-date: /home/orangepi/GM/RESOURCES/ros2_ws/install/hero_msgs/share/hero_msgs/environment/library_path.sh
[1.058s] -- Up-to-date: /home/orangepi/GM/RESOURCES/ros2_ws/install/hero_msgs/share/hero_msgs/environment/library_path.dsv
[1.059s] -- Up-to-date: /home/orangepi/GM/RESOURCES/ros2_ws/install/hero_msgs/lib/libhero_msgs__rosidl_generator_c.so
[1.060s] -- Up-to-date: /home/orangepi/GM/RESOURCES/ros2_ws/install/hero_msgs/include/hero_msgs/hero_msgs
[1.060s] -- Up-to-date: /home/orangepi/GM/RESOURCES/ros2_ws/install/hero_msgs/include/hero_msgs/hero_msgs/msg
[1.062s] -- Up-to-date: /home/orangepi/GM/RESOURCES/ros2_ws/install/hero_msgs/include/hero_msgs/hero_msgs/msg/detail
[1.063s] -- Up-to-date: /home/orangepi/GM/RESOURCES/ros2_ws/install/hero_msgs/include/hero_msgs/hero_msgs/msg/detail/auto_aim__rosidl_typesupport_fastrtps_c.h
[1.063s] -- Up-to-date: /home/orangepi/GM/RESOURCES/ros2_ws/install/hero_msgs/include/hero_msgs/hero_msgs/msg/detail/motion__rosidl_typesupport_fastrtps_c.h
[1.063s] -- Up-to-date: /home/orangepi/GM/RESOURCES/ros2_ws/install/hero_msgs/include/hero_msgs/hero_msgs/msg/detail/dual_loop_pid_with_filter__rosidl_typesupport_fastrtps_c.h
[1.064s] -- Up-to-date: /home/orangepi/GM/RESOURCES/ros2_ws/install/hero_msgs/include/hero_msgs/hero_msgs/msg/rosidl_typesupport_fastrtps_c__visibility_control.h
[1.064s] -- Up-to-date: /home/orangepi/GM/RESOURCES/ros2_ws/install/hero_msgs/include/hero_msgs/hero_msgs/srv
[1.065s] -- Up-to-date: /home/orangepi/GM/RESOURCES/ros2_ws/install/hero_msgs/include/hero_msgs/hero_msgs/srv/detail
[1.065s] -- Up-to-date: /home/orangepi/GM/RESOURCES/ros2_ws/install/hero_msgs/include/hero_msgs/hero_msgs/srv/detail/vision_mode_switch__rosidl_typesupport_fastrtps_c.h
[1.066s] -- Up-to-date: /home/orangepi/GM/RESOURCES/ros2_ws/install/hero_msgs/include/hero_msgs/hero_msgs/srv/detail/reset_motor_position__rosidl_typesupport_fastrtps_c.h
[1.066s] -- Up-to-date: /home/orangepi/GM/RESOURCES/ros2_ws/install/hero_msgs/lib/libhero_msgs__rosidl_typesupport_fastrtps_c.so
[1.069s] -- Up-to-date: /home/orangepi/GM/RESOURCES/ros2_ws/install/hero_msgs/include/hero_msgs/hero_msgs
[1.070s] -- Up-to-date: /home/orangepi/GM/RESOURCES/ros2_ws/install/hero_msgs/include/hero_msgs/hero_msgs/msg
[1.070s] -- Up-to-date: /home/orangepi/GM/RESOURCES/ros2_ws/install/hero_msgs/include/hero_msgs/hero_msgs/msg/detail
[1.070s] -- Up-to-date: /home/orangepi/GM/RESOURCES/ros2_ws/install/hero_msgs/include/hero_msgs/hero_msgs/msg/detail/auto_aim__traits.hpp
[1.071s] -- Up-to-date: /home/orangepi/GM/RESOURCES/ros2_ws/install/hero_msgs/include/hero_msgs/hero_msgs/msg/detail/auto_aim__builder.hpp
[1.071s] -- Up-to-date: /home/orangepi/GM/RESOURCES/ros2_ws/install/hero_msgs/include/hero_msgs/hero_msgs/msg/detail/dual_loop_pid_with_filter__builder.hpp
[1.072s] -- Up-to-date: /home/orangepi/GM/RESOURCES/ros2_ws/install/hero_msgs/include/hero_msgs/hero_msgs/msg/detail/motion__traits.hpp
[1.072s] -- Up-to-date: /home/orangepi/GM/RESOURCES/ros2_ws/install/hero_msgs/include/hero_msgs/hero_msgs/msg/detail/dual_loop_pid_with_filter__traits.hpp
[1.073s] -- Up-to-date: /home/orangepi/GM/RESOURCES/ros2_ws/install/hero_msgs/include/hero_msgs/hero_msgs/msg/detail/auto_aim__struct.hpp
[1.073s] -- Up-to-date: /home/orangepi/GM/RESOURCES/ros2_ws/install/hero_msgs/include/hero_msgs/hero_msgs/msg/detail/motion__builder.hpp
[1.073s] -- Up-to-date: /home/orangepi/GM/RESOURCES/ros2_ws/install/hero_msgs/include/hero_msgs/hero_msgs/msg/detail/dual_loop_pid_with_filter__struct.hpp
[1.074s] -- Up-to-date: /home/orangepi/GM/RESOURCES/ros2_ws/install/hero_msgs/include/hero_msgs/hero_msgs/msg/detail/motion__struct.hpp
[1.074s] -- Up-to-date: /home/orangepi/GM/RESOURCES/ros2_ws/install/hero_msgs/include/hero_msgs/hero_msgs/msg/auto_aim.hpp
[1.074s] -- Up-to-date: /home/orangepi/GM/RESOURCES/ros2_ws/install/hero_msgs/include/hero_msgs/hero_msgs/msg/dual_loop_pid_with_filter.hpp
[1.075s] -- Up-to-date: /home/orangepi/GM/RESOURCES/ros2_ws/install/hero_msgs/include/hero_msgs/hero_msgs/msg/motion.hpp
[1.075s] -- Up-to-date: /home/orangepi/GM/RESOURCES/ros2_ws/install/hero_msgs/include/hero_msgs/hero_msgs/srv
[1.076s] -- Up-to-date: /home/orangepi/GM/RESOURCES/ros2_ws/install/hero_msgs/include/hero_msgs/hero_msgs/srv/vision_mode_switch.hpp
[1.076s] -- Up-to-date: /home/orangepi/GM/RESOURCES/ros2_ws/install/hero_msgs/include/hero_msgs/hero_msgs/srv/detail
[1.076s] -- Up-to-date: /home/orangepi/GM/RESOURCES/ros2_ws/install/hero_msgs/include/hero_msgs/hero_msgs/srv/detail/reset_motor_position__traits.hpp
[1.077s] -- Up-to-date: /home/orangepi/GM/RESOURCES/ros2_ws/install/hero_msgs/include/hero_msgs/hero_msgs/srv/detail/vision_mode_switch__struct.hpp
[1.077s] -- Up-to-date: /home/orangepi/GM/RESOURCES/ros2_ws/install/hero_msgs/include/hero_msgs/hero_msgs/srv/detail/vision_mode_switch__traits.hpp
[1.077s] -- Up-to-date: /home/orangepi/GM/RESOURCES/ros2_ws/install/hero_msgs/include/hero_msgs/hero_msgs/srv/detail/vision_mode_switch__builder.hpp
[1.078s] -- Up-to-date: /home/orangepi/GM/RESOURCES/ros2_ws/install/hero_msgs/include/hero_msgs/hero_msgs/srv/detail/reset_motor_position__struct.hpp
[1.078s] -- Up-to-date: /home/orangepi/GM/RESOURCES/ros2_ws/install/hero_msgs/include/hero_msgs/hero_msgs/srv/detail/reset_motor_position__builder.hpp
[1.078s] -- Up-to-date: /home/orangepi/GM/RESOURCES/ros2_ws/install/hero_msgs/include/hero_msgs/hero_msgs/srv/reset_motor_position.hpp
[1.079s] -- Up-to-date: /home/orangepi/GM/RESOURCES/ros2_ws/install/hero_msgs/include/hero_msgs/hero_msgs
[1.079s] -- Up-to-date: /home/orangepi/GM/RESOURCES/ros2_ws/install/hero_msgs/include/hero_msgs/hero_msgs/msg
[1.079s] -- Up-to-date: /home/orangepi/GM/RESOURCES/ros2_ws/install/hero_msgs/include/hero_msgs/hero_msgs/msg/detail
[1.080s] -- Up-to-date: /home/orangepi/GM/RESOURCES/ros2_ws/install/hero_msgs/include/hero_msgs/hero_msgs/msg/detail/dual_loop_pid_with_filter__rosidl_typesupport_fastrtps_cpp.hpp
[1.080s] -- Up-to-date: /home/orangepi/GM/RESOURCES/ros2_ws/install/hero_msgs/include/hero_msgs/hero_msgs/msg/detail/dds_fastrtps
[1.080s] -- Up-to-date: /home/orangepi/GM/RESOURCES/ros2_ws/install/hero_msgs/include/hero_msgs/hero_msgs/msg/detail/auto_aim__rosidl_typesupport_fastrtps_cpp.hpp
[1.081s] -- Up-to-date: /home/orangepi/GM/RESOURCES/ros2_ws/install/hero_msgs/include/hero_msgs/hero_msgs/msg/detail/motion__rosidl_typesupport_fastrtps_cpp.hpp
[1.081s] -- Up-to-date: /home/orangepi/GM/RESOURCES/ros2_ws/install/hero_msgs/include/hero_msgs/hero_msgs/msg/rosidl_typesupport_fastrtps_cpp__visibility_control.h
[1.081s] -- Up-to-date: /home/orangepi/GM/RESOURCES/ros2_ws/install/hero_msgs/include/hero_msgs/hero_msgs/srv
[1.082s] -- Up-to-date: /home/orangepi/GM/RESOURCES/ros2_ws/install/hero_msgs/include/hero_msgs/hero_msgs/srv/detail
[1.082s] -- Up-to-date: /home/orangepi/GM/RESOURCES/ros2_ws/install/hero_msgs/include/hero_msgs/hero_msgs/srv/detail/dds_fastrtps
[1.082s] -- Up-to-date: /home/orangepi/GM/RESOURCES/ros2_ws/install/hero_msgs/include/hero_msgs/hero_msgs/srv/detail/vision_mode_switch__rosidl_typesupport_fastrtps_cpp.hpp
[1.083s] -- Up-to-date: /home/orangepi/GM/RESOURCES/ros2_ws/install/hero_msgs/include/hero_msgs/hero_msgs/srv/detail/reset_motor_position__rosidl_typesupport_fastrtps_cpp.hpp
[1.084s] -- Up-to-date: /home/orangepi/GM/RESOURCES/ros2_ws/install/hero_msgs/lib/libhero_msgs__rosidl_typesupport_fastrtps_cpp.so
[1.084s] -- Up-to-date: /home/orangepi/GM/RESOURCES/ros2_ws/install/hero_msgs/include/hero_msgs/hero_msgs
[1.084s] -- Up-to-date: /home/orangepi/GM/RESOURCES/ros2_ws/install/hero_msgs/include/hero_msgs/hero_msgs/msg
[1.085s] -- Up-to-date: /home/orangepi/GM/RESOURCES/ros2_ws/install/hero_msgs/include/hero_msgs/hero_msgs/msg/detail
[1.086s] -- Up-to-date: /home/orangepi/GM/RESOURCES/ros2_ws/install/hero_msgs/include/hero_msgs/hero_msgs/msg/detail/dual_loop_pid_with_filter__rosidl_typesupport_introspection_c.h
[1.086s] -- Up-to-date: /home/orangepi/GM/RESOURCES/ros2_ws/install/hero_msgs/include/hero_msgs/hero_msgs/msg/detail/auto_aim__type_support.c
[1.086s] -- Up-to-date: /home/orangepi/GM/RESOURCES/ros2_ws/install/hero_msgs/include/hero_msgs/hero_msgs/msg/detail/motion__rosidl_typesupport_introspection_c.h
[1.087s] -- Up-to-date: /home/orangepi/GM/RESOURCES/ros2_ws/install/hero_msgs/include/hero_msgs/hero_msgs/msg/detail/motion__type_support.c
[1.087s] -- Up-to-date: /home/orangepi/GM/RESOURCES/ros2_ws/install/hero_msgs/include/hero_msgs/hero_msgs/msg/detail/auto_aim__rosidl_typesupport_introspection_c.h
[1.087s] -- Up-to-date: /home/orangepi/GM/RESOURCES/ros2_ws/install/hero_msgs/include/hero_msgs/hero_msgs/msg/detail/dual_loop_pid_with_filter__type_support.c
[1.088s] -- Up-to-date: /home/orangepi/GM/RESOURCES/ros2_ws/install/hero_msgs/include/hero_msgs/hero_msgs/msg/rosidl_typesupport_introspection_c__visibility_control.h
[1.088s] -- Up-to-date: /home/orangepi/GM/RESOURCES/ros2_ws/install/hero_msgs/include/hero_msgs/hero_msgs/srv
[1.088s] -- Up-to-date: /home/orangepi/GM/RESOURCES/ros2_ws/install/hero_msgs/include/hero_msgs/hero_msgs/srv/detail
[1.089s] -- Up-to-date: /home/orangepi/GM/RESOURCES/ros2_ws/install/hero_msgs/include/hero_msgs/hero_msgs/srv/detail/reset_motor_position__rosidl_typesupport_introspection_c.h
[1.089s] -- Up-to-date: /home/orangepi/GM/RESOURCES/ros2_ws/install/hero_msgs/include/hero_msgs/hero_msgs/srv/detail/vision_mode_switch__type_support.c
[1.090s] -- Up-to-date: /home/orangepi/GM/RESOURCES/ros2_ws/install/hero_msgs/include/hero_msgs/hero_msgs/srv/detail/vision_mode_switch__rosidl_typesupport_introspection_c.h
[1.090s] -- Up-to-date: /home/orangepi/GM/RESOURCES/ros2_ws/install/hero_msgs/include/hero_msgs/hero_msgs/srv/detail/reset_motor_position__type_support.c
[1.090s] -- Up-to-date: /home/orangepi/GM/RESOURCES/ros2_ws/install/hero_msgs/lib/libhero_msgs__rosidl_typesupport_introspection_c.so
[1.092s] -- Up-to-date: /home/orangepi/GM/RESOURCES/ros2_ws/install/hero_msgs/lib/libhero_msgs__rosidl_typesupport_c.so
[1.092s] -- Up-to-date: /home/orangepi/GM/RESOURCES/ros2_ws/install/hero_msgs/include/hero_msgs/hero_msgs
[1.093s] -- Up-to-date: /home/orangepi/GM/RESOURCES/ros2_ws/install/hero_msgs/include/hero_msgs/hero_msgs/msg
[1.094s] -- Up-to-date: /home/orangepi/GM/RESOURCES/ros2_ws/install/hero_msgs/include/hero_msgs/hero_msgs/msg/detail
[1.094s] -- Up-to-date: /home/orangepi/GM/RESOURCES/ros2_ws/install/hero_msgs/include/hero_msgs/hero_msgs/msg/detail/motion__type_support.cpp
[1.095s] -- Up-to-date: /home/orangepi/GM/RESOURCES/ros2_ws/install/hero_msgs/include/hero_msgs/hero_msgs/msg/detail/auto_aim__rosidl_typesupport_introspection_cpp.hpp
[1.095s] -- Up-to-date: /home/orangepi/GM/RESOURCES/ros2_ws/install/hero_msgs/include/hero_msgs/hero_msgs/msg/detail/dual_loop_pid_with_filter__rosidl_typesupport_introspection_cpp.hpp
[1.096s] -- Up-to-date: /home/orangepi/GM/RESOURCES/ros2_ws/install/hero_msgs/include/hero_msgs/hero_msgs/msg/detail/auto_aim__type_support.cpp
[1.096s] -- Up-to-date: /home/orangepi/GM/RESOURCES/ros2_ws/install/hero_msgs/include/hero_msgs/hero_msgs/msg/detail/motion__rosidl_typesupport_introspection_cpp.hpp
[1.097s] -- Up-to-date: /home/orangepi/GM/RESOURCES/ros2_ws/install/hero_msgs/include/hero_msgs/hero_msgs/msg/detail/dual_loop_pid_with_filter__type_support.cpp
[1.097s] -- Up-to-date: /home/orangepi/GM/RESOURCES/ros2_ws/install/hero_msgs/include/hero_msgs/hero_msgs/srv
[1.097s] -- Up-to-date: /home/orangepi/GM/RESOURCES/ros2_ws/install/hero_msgs/include/hero_msgs/hero_msgs/srv/detail
[1.098s] -- Up-to-date: /home/orangepi/GM/RESOURCES/ros2_ws/install/hero_msgs/include/hero_msgs/hero_msgs/srv/detail/vision_mode_switch__rosidl_typesupport_introspection_cpp.hpp
[1.098s] -- Up-to-date: /home/orangepi/GM/RESOURCES/ros2_ws/install/hero_msgs/include/hero_msgs/hero_msgs/srv/detail/reset_motor_position__rosidl_typesupport_introspection_cpp.hpp
[1.098s] -- Up-to-date: /home/orangepi/GM/RESOURCES/ros2_ws/install/hero_msgs/include/hero_msgs/hero_msgs/srv/detail/vision_mode_switch__type_support.cpp
[1.099s] -- Up-to-date: /home/orangepi/GM/RESOURCES/ros2_ws/install/hero_msgs/include/hero_msgs/hero_msgs/srv/detail/reset_motor_position__type_support.cpp
[1.099s] -- Up-to-date: /home/orangepi/GM/RESOURCES/ros2_ws/install/hero_msgs/lib/libhero_msgs__rosidl_typesupport_introspection_cpp.so
[1.102s] -- Up-to-date: /home/orangepi/GM/RESOURCES/ros2_ws/install/hero_msgs/lib/libhero_msgs__rosidl_typesupport_cpp.so
[1.103s] -- Up-to-date: /home/orangepi/GM/RESOURCES/ros2_ws/install/hero_msgs/share/hero_msgs/environment/pythonpath.sh
[1.103s] -- Up-to-date: /home/orangepi/GM/RESOURCES/ros2_ws/install/hero_msgs/share/hero_msgs/environment/pythonpath.dsv
[1.103s] -- Up-to-date: /home/orangepi/GM/RESOURCES/ros2_ws/install/hero_msgs/local/lib/python3.10/dist-packages/hero_msgs-0.0.1-py3.10.egg-info
[1.104s] -- Installing: /home/orangepi/GM/RESOURCES/ros2_ws/install/hero_msgs/local/lib/python3.10/dist-packages/hero_msgs-0.0.1-py3.10.egg-info/top_level.txt
[1.109s] -- Installing: /home/orangepi/GM/RESOURCES/ros2_ws/install/hero_msgs/local/lib/python3.10/dist-packages/hero_msgs-0.0.1-py3.10.egg-info/PKG-INFO
[1.109s] -- Installing: /home/orangepi/GM/RESOURCES/ros2_ws/install/hero_msgs/local/lib/python3.10/dist-packages/hero_msgs-0.0.1-py3.10.egg-info/SOURCES.txt
[1.109s] -- Installing: /home/orangepi/GM/RESOURCES/ros2_ws/install/hero_msgs/local/lib/python3.10/dist-packages/hero_msgs-0.0.1-py3.10.egg-info/dependency_links.txt
[1.110s] -- Up-to-date: /home/orangepi/GM/RESOURCES/ros2_ws/install/hero_msgs/local/lib/python3.10/dist-packages/hero_msgs
[1.111s] -- Up-to-date: /home/orangepi/GM/RESOURCES/ros2_ws/install/hero_msgs/local/lib/python3.10/dist-packages/hero_msgs/msg
[1.111s] -- Up-to-date: /home/orangepi/GM/RESOURCES/ros2_ws/install/hero_msgs/local/lib/python3.10/dist-packages/hero_msgs/msg/_motion.py
[1.112s] -- Up-to-date: /home/orangepi/GM/RESOURCES/ros2_ws/install/hero_msgs/local/lib/python3.10/dist-packages/hero_msgs/msg/_auto_aim.py
[1.112s] -- Up-to-date: /home/orangepi/GM/RESOURCES/ros2_ws/install/hero_msgs/local/lib/python3.10/dist-packages/hero_msgs/msg/__init__.py
[1.112s] -- Up-to-date: /home/orangepi/GM/RESOURCES/ros2_ws/install/hero_msgs/local/lib/python3.10/dist-packages/hero_msgs/msg/_motion_s.c
[1.113s] -- Up-to-date: /home/orangepi/GM/RESOURCES/ros2_ws/install/hero_msgs/local/lib/python3.10/dist-packages/hero_msgs/msg/_dual_loop_pid_with_filter_s.c
[1.113s] -- Up-to-date: /home/orangepi/GM/RESOURCES/ros2_ws/install/hero_msgs/local/lib/python3.10/dist-packages/hero_msgs/msg/_auto_aim_s.c
[1.113s] -- Up-to-date: /home/orangepi/GM/RESOURCES/ros2_ws/install/hero_msgs/local/lib/python3.10/dist-packages/hero_msgs/msg/_dual_loop_pid_with_filter.py
[1.113s] -- Up-to-date: /home/orangepi/GM/RESOURCES/ros2_ws/install/hero_msgs/local/lib/python3.10/dist-packages/hero_msgs/hero_msgs_s__rosidl_typesupport_c.cpython-310-aarch64-linux-gnu.so
[1.113s] -- Up-to-date: /home/orangepi/GM/RESOURCES/ros2_ws/install/hero_msgs/local/lib/python3.10/dist-packages/hero_msgs/__init__.py
[1.113s] -- Up-to-date: /home/orangepi/GM/RESOURCES/ros2_ws/install/hero_msgs/local/lib/python3.10/dist-packages/hero_msgs/_hero_msgs_s.ep.rosidl_typesupport_fastrtps_c.c
[1.113s] -- Up-to-date: /home/orangepi/GM/RESOURCES/ros2_ws/install/hero_msgs/local/lib/python3.10/dist-packages/hero_msgs/hero_msgs_s__rosidl_typesupport_introspection_c.cpython-310-aarch64-linux-gnu.so
[1.113s] -- Up-to-date: /home/orangepi/GM/RESOURCES/ros2_ws/install/hero_msgs/local/lib/python3.10/dist-packages/hero_msgs/hero_msgs_s__rosidl_typesupport_fastrtps_c.cpython-310-aarch64-linux-gnu.so
[1.113s] -- Up-to-date: /home/orangepi/GM/RESOURCES/ros2_ws/install/hero_msgs/local/lib/python3.10/dist-packages/hero_msgs/_hero_msgs_s.ep.rosidl_typesupport_c.c
[1.114s] -- Up-to-date: /home/orangepi/GM/RESOURCES/ros2_ws/install/hero_msgs/local/lib/python3.10/dist-packages/hero_msgs/srv
[1.114s] -- Up-to-date: /home/orangepi/GM/RESOURCES/ros2_ws/install/hero_msgs/local/lib/python3.10/dist-packages/hero_msgs/srv/_vision_mode_switch.py
[1.114s] -- Up-to-date: /home/orangepi/GM/RESOURCES/ros2_ws/install/hero_msgs/local/lib/python3.10/dist-packages/hero_msgs/srv/__init__.py
[1.114s] -- Up-to-date: /home/orangepi/GM/RESOURCES/ros2_ws/install/hero_msgs/local/lib/python3.10/dist-packages/hero_msgs/srv/_vision_mode_switch_s.c
[1.114s] -- Up-to-date: /home/orangepi/GM/RESOURCES/ros2_ws/install/hero_msgs/local/lib/python3.10/dist-packages/hero_msgs/srv/_reset_motor_position_s.c
[1.114s] -- Up-to-date: /home/orangepi/GM/RESOURCES/ros2_ws/install/hero_msgs/local/lib/python3.10/dist-packages/hero_msgs/srv/_reset_motor_position.py
[1.114s] -- Up-to-date: /home/orangepi/GM/RESOURCES/ros2_ws/install/hero_msgs/local/lib/python3.10/dist-packages/hero_msgs/libhero_msgs__rosidl_generator_py.so
[1.114s] -- Up-to-date: /home/orangepi/GM/RESOURCES/ros2_ws/install/hero_msgs/local/lib/python3.10/dist-packages/hero_msgs/_hero_msgs_s.ep.rosidl_typesupport_introspection_c.c
[1.119s] Listing '/home/orangepi/GM/RESOURCES/ros2_ws/install/hero_msgs/local/lib/python3.10/dist-packages/hero_msgs'...
[1.119s] Listing '/home/orangepi/GM/RESOURCES/ros2_ws/install/hero_msgs/local/lib/python3.10/dist-packages/hero_msgs/msg'...
[1.119s] Listing '/home/orangepi/GM/RESOURCES/ros2_ws/install/hero_msgs/local/lib/python3.10/dist-packages/hero_msgs/srv'...
[1.120s] -- Up-to-date: /home/orangepi/GM/RESOURCES/ros2_ws/install/hero_msgs/local/lib/python3.10/dist-packages/hero_msgs/hero_msgs_s__rosidl_typesupport_fastrtps_c.cpython-310-aarch64-linux-gnu.so
[1.121s] -- Up-to-date: /home/orangepi/GM/RESOURCES/ros2_ws/install/hero_msgs/local/lib/python3.10/dist-packages/hero_msgs/hero_msgs_s__rosidl_typesupport_introspection_c.cpython-310-aarch64-linux-gnu.so
[1.121s] -- Up-to-date: /home/orangepi/GM/RESOURCES/ros2_ws/install/hero_msgs/local/lib/python3.10/dist-packages/hero_msgs/hero_msgs_s__rosidl_typesupport_c.cpython-310-aarch64-linux-gnu.so
[1.121s] -- Up-to-date: /home/orangepi/GM/RESOURCES/ros2_ws/install/hero_msgs/lib/libhero_msgs__rosidl_generator_py.so
[1.121s] -- Up-to-date: /home/orangepi/GM/RESOURCES/ros2_ws/install/hero_msgs/share/hero_msgs/msg/AutoAIM.idl
[1.121s] -- Up-to-date: /home/orangepi/GM/RESOURCES/ros2_ws/install/hero_msgs/share/hero_msgs/msg/DualLoopPIDWithFilter.idl
[1.122s] -- Up-to-date: /home/orangepi/GM/RESOURCES/ros2_ws/install/hero_msgs/share/hero_msgs/msg/Motion.idl
[1.122s] -- Up-to-date: /home/orangepi/GM/RESOURCES/ros2_ws/install/hero_msgs/share/hero_msgs/srv/VisionModeSwitch.idl
[1.122s] -- Up-to-date: /home/orangepi/GM/RESOURCES/ros2_ws/install/hero_msgs/share/hero_msgs/srv/ResetMotorPosition.idl
[1.122s] -- Up-to-date: /home/orangepi/GM/RESOURCES/ros2_ws/install/hero_msgs/share/hero_msgs/msg/AutoAIM.msg
[1.122s] -- Up-to-date: /home/orangepi/GM/RESOURCES/ros2_ws/install/hero_msgs/share/hero_msgs/msg/DualLoopPIDWithFilter.msg
[1.122s] -- Up-to-date: /home/orangepi/GM/RESOURCES/ros2_ws/install/hero_msgs/share/hero_msgs/msg/Motion.msg
[1.123s] -- Up-to-date: /home/orangepi/GM/RESOURCES/ros2_ws/install/hero_msgs/share/hero_msgs/srv/VisionModeSwitch.srv
[1.124s] -- Up-to-date: /home/orangepi/GM/RESOURCES/ros2_ws/install/hero_msgs/share/hero_msgs/srv/VisionModeSwitch_Request.msg
[1.125s] -- Up-to-date: /home/orangepi/GM/RESOURCES/ros2_ws/install/hero_msgs/share/hero_msgs/srv/VisionModeSwitch_Response.msg
[1.125s] -- Up-to-date: /home/orangepi/GM/RESOURCES/ros2_ws/install/hero_msgs/share/hero_msgs/srv/ResetMotorPosition.srv
[1.125s] -- Up-to-date: /home/orangepi/GM/RESOURCES/ros2_ws/install/hero_msgs/share/hero_msgs/srv/ResetMotorPosition_Request.msg
[1.125s] -- Up-to-date: /home/orangepi/GM/RESOURCES/ros2_ws/install/hero_msgs/share/hero_msgs/srv/ResetMotorPosition_Response.msg
[1.125s] -- Up-to-date: /home/orangepi/GM/RESOURCES/ros2_ws/install/hero_msgs/share/ament_index/resource_index/package_run_dependencies/hero_msgs
[1.125s] -- Up-to-date: /home/orangepi/GM/RESOURCES/ros2_ws/install/hero_msgs/share/ament_index/resource_index/parent_prefix_path/hero_msgs
[1.125s] -- Up-to-date: /home/orangepi/GM/RESOURCES/ros2_ws/install/hero_msgs/share/hero_msgs/environment/ament_prefix_path.sh
[1.125s] -- Up-to-date: /home/orangepi/GM/RESOURCES/ros2_ws/install/hero_msgs/share/hero_msgs/environment/ament_prefix_path.dsv
[1.126s] -- Up-to-date: /home/orangepi/GM/RESOURCES/ros2_ws/install/hero_msgs/share/hero_msgs/environment/path.sh
[1.126s] -- Up-to-date: /home/orangepi/GM/RESOURCES/ros2_ws/install/hero_msgs/share/hero_msgs/environment/path.dsv
[1.126s] -- Up-to-date: /home/orangepi/GM/RESOURCES/ros2_ws/install/hero_msgs/share/hero_msgs/local_setup.bash
[1.126s] -- Up-to-date: /home/orangepi/GM/RESOURCES/ros2_ws/install/hero_msgs/share/hero_msgs/local_setup.sh
[1.126s] -- Up-to-date: /home/orangepi/GM/RESOURCES/ros2_ws/install/hero_msgs/share/hero_msgs/local_setup.zsh
[1.126s] -- Up-to-date: /home/orangepi/GM/RESOURCES/ros2_ws/install/hero_msgs/share/hero_msgs/local_setup.dsv
[1.126s] -- Installing: /home/orangepi/GM/RESOURCES/ros2_ws/install/hero_msgs/share/hero_msgs/package.dsv
[1.126s] -- Up-to-date: /home/orangepi/GM/RESOURCES/ros2_ws/install/hero_msgs/share/ament_index/resource_index/packages/hero_msgs
[1.126s] -- Up-to-date: /home/orangepi/GM/RESOURCES/ros2_ws/install/hero_msgs/share/hero_msgs/cmake/export_hero_msgs__rosidl_generator_cExport.cmake
[1.126s] -- Up-to-date: /home/orangepi/GM/RESOURCES/ros2_ws/install/hero_msgs/share/hero_msgs/cmake/export_hero_msgs__rosidl_generator_cExport-noconfig.cmake
[1.127s] -- Up-to-date: /home/orangepi/GM/RESOURCES/ros2_ws/install/hero_msgs/share/hero_msgs/cmake/export_hero_msgs__rosidl_typesupport_fastrtps_cExport.cmake
[1.127s] -- Up-to-date: /home/orangepi/GM/RESOURCES/ros2_ws/install/hero_msgs/share/hero_msgs/cmake/export_hero_msgs__rosidl_typesupport_fastrtps_cExport-noconfig.cmake
[1.127s] -- Up-to-date: /home/orangepi/GM/RESOURCES/ros2_ws/install/hero_msgs/share/hero_msgs/cmake/export_hero_msgs__rosidl_generator_cppExport.cmake
[1.127s] -- Up-to-date: /home/orangepi/GM/RESOURCES/ros2_ws/install/hero_msgs/share/hero_msgs/cmake/export_hero_msgs__rosidl_typesupport_fastrtps_cppExport.cmake
[1.127s] -- Up-to-date: /home/orangepi/GM/RESOURCES/ros2_ws/install/hero_msgs/share/hero_msgs/cmake/export_hero_msgs__rosidl_typesupport_fastrtps_cppExport-noconfig.cmake
[1.128s] -- Up-to-date: /home/orangepi/GM/RESOURCES/ros2_ws/install/hero_msgs/share/hero_msgs/cmake/hero_msgs__rosidl_typesupport_introspection_cExport.cmake
[1.128s] -- Up-to-date: /home/orangepi/GM/RESOURCES/ros2_ws/install/hero_msgs/share/hero_msgs/cmake/hero_msgs__rosidl_typesupport_introspection_cExport-noconfig.cmake
[1.130s] -- Up-to-date: /home/orangepi/GM/RESOURCES/ros2_ws/install/hero_msgs/share/hero_msgs/cmake/hero_msgs__rosidl_typesupport_cExport.cmake
[1.130s] -- Up-to-date: /home/orangepi/GM/RESOURCES/ros2_ws/install/hero_msgs/share/hero_msgs/cmake/hero_msgs__rosidl_typesupport_cExport-noconfig.cmake
[1.131s] -- Up-to-date: /home/orangepi/GM/RESOURCES/ros2_ws/install/hero_msgs/share/hero_msgs/cmake/hero_msgs__rosidl_typesupport_introspection_cppExport.cmake
[1.132s] -- Up-to-date: /home/orangepi/GM/RESOURCES/ros2_ws/install/hero_msgs/share/hero_msgs/cmake/hero_msgs__rosidl_typesupport_introspection_cppExport-noconfig.cmake
[1.132s] -- Up-to-date: /home/orangepi/GM/RESOURCES/ros2_ws/install/hero_msgs/share/hero_msgs/cmake/hero_msgs__rosidl_typesupport_cppExport.cmake
[1.132s] -- Up-to-date: /home/orangepi/GM/RESOURCES/ros2_ws/install/hero_msgs/share/hero_msgs/cmake/hero_msgs__rosidl_typesupport_cppExport-noconfig.cmake
[1.133s] -- Up-to-date: /home/orangepi/GM/RESOURCES/ros2_ws/install/hero_msgs/share/hero_msgs/cmake/export_hero_msgs__rosidl_generator_pyExport.cmake
[1.133s] -- Up-to-date: /home/orangepi/GM/RESOURCES/ros2_ws/install/hero_msgs/share/hero_msgs/cmake/export_hero_msgs__rosidl_generator_pyExport-noconfig.cmake
[1.133s] -- Up-to-date: /home/orangepi/GM/RESOURCES/ros2_ws/install/hero_msgs/share/hero_msgs/cmake/rosidl_cmake-extras.cmake
[1.133s] -- Up-to-date: /home/orangepi/GM/RESOURCES/ros2_ws/install/hero_msgs/share/hero_msgs/cmake/ament_cmake_export_dependencies-extras.cmake
[1.134s] -- Up-to-date: /home/orangepi/GM/RESOURCES/ros2_ws/install/hero_msgs/share/hero_msgs/cmake/ament_cmake_export_include_directories-extras.cmake
[1.134s] -- Up-to-date: /home/orangepi/GM/RESOURCES/ros2_ws/install/hero_msgs/share/hero_msgs/cmake/ament_cmake_export_libraries-extras.cmake
[1.134s] -- Up-to-date: /home/orangepi/GM/RESOURCES/ros2_ws/install/hero_msgs/share/hero_msgs/cmake/ament_cmake_export_targets-extras.cmake
[1.135s] -- Up-to-date: /home/orangepi/GM/RESOURCES/ros2_ws/install/hero_msgs/share/hero_msgs/cmake/rosidl_cmake_export_typesupport_targets-extras.cmake
[1.135s] -- Up-to-date: /home/orangepi/GM/RESOURCES/ros2_ws/install/hero_msgs/share/hero_msgs/cmake/rosidl_cmake_export_typesupport_libraries-extras.cmake
[1.135s] -- Up-to-date: /home/orangepi/GM/RESOURCES/ros2_ws/install/hero_msgs/share/hero_msgs/cmake/hero_msgsConfig.cmake
[1.135s] -- Up-to-date: /home/orangepi/GM/RESOURCES/ros2_ws/install/hero_msgs/share/hero_msgs/cmake/hero_msgsConfig-version.cmake
[1.135s] -- Up-to-date: /home/orangepi/GM/RESOURCES/ros2_ws/install/hero_msgs/share/hero_msgs/package.xml
[1.181s] Invoked command in '/home/orangepi/GM/RESOURCES/ros2_ws/build/hero_msgs' returned '0': CMAKE_PREFIX_PATH=${CMAKE_PREFIX_PATH}:/opt/ros/humble /usr/bin/cmake --install /home/orangepi/GM/RESOURCES/ros2_ws/build/hero_msgs
