[0.021s] Invoking command in '/home/orangepi/GM/RESOURCES/ros2_ws/build/hero_msgs': CMAKE_PREFIX_PATH=${CMAKE_PREFIX_PATH}:/opt/ros/humble /usr/bin/cmake --build /home/orangepi/GM/RESOURCES/ros2_ws/build/hero_msgs -- -j8 -l8
[0.157s] [  1%] Built target hero_msgs__cpp
[0.159s] [  1%] Built target ament_cmake_python_copy_hero_msgs
[0.161s] [ 12%] Built target hero_msgs__rosidl_generator_c
[0.252s] [ 23%] Built target hero_msgs__rosidl_typesupport_fastrtps_c
[0.255s] [ 34%] Built target hero_msgs__rosidl_typesupport_fastrtps_cpp
[0.265s] [ 46%] Built target hero_msgs__rosidl_typesupport_cpp
[0.267s] [ 68%] Built target hero_msgs__rosidl_typesupport_c
[0.267s] [ 68%] Built target hero_msgs__rosidl_typesupport_introspection_c
[0.271s] [ 79%] Built target hero_msgs__rosidl_typesupport_introspection_cpp
[0.302s] [ 79%] Built target hero_msgs
[0.348s] [ 80%] Built target hero_msgs__py
[0.414s] [ 90%] Built target hero_msgs__rosidl_generator_py
[0.474s] [ 93%] Built target hero_msgs__rosidl_typesupport_introspection_c__pyext
[0.505s] [100%] Built target hero_msgs__rosidl_typesupport_fastrtps_c__pyext
[0.506s] [100%] Built target hero_msgs__rosidl_typesupport_c__pyext
[0.527s] running egg_info
[0.528s] writing hero_msgs.egg-info/PKG-INFO
[0.528s] writing dependency_links to hero_msgs.egg-info/dependency_links.txt
[0.531s] writing top-level names to hero_msgs.egg-info/top_level.txt
[0.537s] reading manifest file 'hero_msgs.egg-info/SOURCES.txt'
[0.538s] writing manifest file 'hero_msgs.egg-info/SOURCES.txt'
[0.614s] [100%] Built target ament_cmake_python_build_hero_msgs_egg
[0.652s] Invoked command in '/home/orangepi/GM/RESOURCES/ros2_ws/build/hero_msgs' returned '0': CMAKE_PREFIX_PATH=${CMAKE_PREFIX_PATH}:/opt/ros/humble /usr/bin/cmake --build /home/orangepi/GM/RESOURCES/ros2_ws/build/hero_msgs -- -j8 -l8
[0.929s] Invoking command in '/home/orangepi/GM/RESOURCES/ros2_ws/build/hero_msgs': CMAKE_PREFIX_PATH=${CMAKE_PREFIX_PATH}:/opt/ros/humble /usr/bin/cmake --install /home/orangepi/GM/RESOURCES/ros2_ws/build/hero_msgs
[0.973s] -- Install configuration: ""
[0.978s] -- Up-to-date: /home/orangepi/GM/RESOURCES/ros2_ws/install/hero_msgs/share/ament_index/resource_index/rosidl_interfaces/hero_msgs
[0.978s] -- Up-to-date: /home/orangepi/GM/RESOURCES/ros2_ws/install/hero_msgs/include/hero_msgs/hero_msgs
[0.979s] -- Up-to-date: /home/orangepi/GM/RESOURCES/ros2_ws/install/hero_msgs/include/hero_msgs/hero_msgs/msg
[0.979s] -- Up-to-date: /home/orangepi/GM/RESOURCES/ros2_ws/install/hero_msgs/include/hero_msgs/hero_msgs/msg/detail
[0.979s] -- Up-to-date: /home/orangepi/GM/RESOURCES/ros2_ws/install/hero_msgs/include/hero_msgs/hero_msgs/msg/detail/auto_aim__functions.h
[0.980s] -- Up-to-date: /home/orangepi/GM/RESOURCES/ros2_ws/install/hero_msgs/include/hero_msgs/hero_msgs/msg/detail/motion__struct.h
[0.980s] -- Up-to-date: /home/orangepi/GM/RESOURCES/ros2_ws/install/hero_msgs/include/hero_msgs/hero_msgs/msg/detail/motion__functions.c
[0.980s] -- Up-to-date: /home/orangepi/GM/RESOURCES/ros2_ws/install/hero_msgs/include/hero_msgs/hero_msgs/msg/detail/auto_aim__type_support.h
[0.981s] -- Up-to-date: /home/orangepi/GM/RESOURCES/ros2_ws/install/hero_msgs/include/hero_msgs/hero_msgs/msg/detail/dual_loop_pid_with_filter__struct.h
[0.981s] -- Up-to-date: /home/orangepi/GM/RESOURCES/ros2_ws/install/hero_msgs/include/hero_msgs/hero_msgs/msg/detail/auto_aim__struct.h
[0.981s] -- Up-to-date: /home/orangepi/GM/RESOURCES/ros2_ws/install/hero_msgs/include/hero_msgs/hero_msgs/msg/detail/dual_loop_pid_with_filter__functions.c
[0.982s] -- Up-to-date: /home/orangepi/GM/RESOURCES/ros2_ws/install/hero_msgs/include/hero_msgs/hero_msgs/msg/detail/dual_loop_pid_with_filter__functions.h
[0.982s] -- Up-to-date: /home/orangepi/GM/RESOURCES/ros2_ws/install/hero_msgs/include/hero_msgs/hero_msgs/msg/detail/auto_aim__functions.c
[0.983s] -- Up-to-date: /home/orangepi/GM/RESOURCES/ros2_ws/install/hero_msgs/include/hero_msgs/hero_msgs/msg/detail/dual_loop_pid_with_filter__type_support.h
[0.983s] -- Up-to-date: /home/orangepi/GM/RESOURCES/ros2_ws/install/hero_msgs/include/hero_msgs/hero_msgs/msg/detail/motion__type_support.h
[0.983s] -- Up-to-date: /home/orangepi/GM/RESOURCES/ros2_ws/install/hero_msgs/include/hero_msgs/hero_msgs/msg/detail/motion__functions.h
[0.984s] -- Up-to-date: /home/orangepi/GM/RESOURCES/ros2_ws/install/hero_msgs/include/hero_msgs/hero_msgs/msg/dual_loop_pid_with_filter.h
[0.984s] -- Up-to-date: /home/orangepi/GM/RESOURCES/ros2_ws/install/hero_msgs/include/hero_msgs/hero_msgs/msg/auto_aim.h
[0.984s] -- Up-to-date: /home/orangepi/GM/RESOURCES/ros2_ws/install/hero_msgs/include/hero_msgs/hero_msgs/msg/motion.h
[0.985s] -- Up-to-date: /home/orangepi/GM/RESOURCES/ros2_ws/install/hero_msgs/include/hero_msgs/hero_msgs/msg/rosidl_generator_c__visibility_control.h
[0.985s] -- Up-to-date: /home/orangepi/GM/RESOURCES/ros2_ws/install/hero_msgs/include/hero_msgs/hero_msgs/srv
[0.985s] -- Up-to-date: /home/orangepi/GM/RESOURCES/ros2_ws/install/hero_msgs/include/hero_msgs/hero_msgs/srv/detail
[0.986s] -- Up-to-date: /home/orangepi/GM/RESOURCES/ros2_ws/install/hero_msgs/include/hero_msgs/hero_msgs/srv/detail/vision_mode_switch__struct.h
[0.986s] -- Up-to-date: /home/orangepi/GM/RESOURCES/ros2_ws/install/hero_msgs/include/hero_msgs/hero_msgs/srv/detail/vision_mode_switch__type_support.h
[0.986s] -- Up-to-date: /home/orangepi/GM/RESOURCES/ros2_ws/install/hero_msgs/include/hero_msgs/hero_msgs/srv/detail/reset_motor_position__functions.h
[0.987s] -- Up-to-date: /home/orangepi/GM/RESOURCES/ros2_ws/install/hero_msgs/include/hero_msgs/hero_msgs/srv/detail/vision_mode_switch__functions.c
[0.987s] -- Up-to-date: /home/orangepi/GM/RESOURCES/ros2_ws/install/hero_msgs/include/hero_msgs/hero_msgs/srv/detail/reset_motor_position__struct.h
[0.987s] -- Up-to-date: /home/orangepi/GM/RESOURCES/ros2_ws/install/hero_msgs/include/hero_msgs/hero_msgs/srv/detail/reset_motor_position__type_support.h
[0.988s] -- Up-to-date: /home/orangepi/GM/RESOURCES/ros2_ws/install/hero_msgs/include/hero_msgs/hero_msgs/srv/detail/reset_motor_position__functions.c
[0.988s] -- Up-to-date: /home/orangepi/GM/RESOURCES/ros2_ws/install/hero_msgs/include/hero_msgs/hero_msgs/srv/detail/vision_mode_switch__functions.h
[0.988s] -- Up-to-date: /home/orangepi/GM/RESOURCES/ros2_ws/install/hero_msgs/include/hero_msgs/hero_msgs/srv/reset_motor_position.h
[0.989s] -- Up-to-date: /home/orangepi/GM/RESOURCES/ros2_ws/install/hero_msgs/include/hero_msgs/hero_msgs/srv/vision_mode_switch.h
[0.989s] -- Up-to-date: /home/orangepi/GM/RESOURCES/ros2_ws/install/hero_msgs/share/hero_msgs/environment/library_path.sh
[0.989s] -- Up-to-date: /home/orangepi/GM/RESOURCES/ros2_ws/install/hero_msgs/share/hero_msgs/environment/library_path.dsv
[0.990s] -- Up-to-date: /home/orangepi/GM/RESOURCES/ros2_ws/install/hero_msgs/lib/libhero_msgs__rosidl_generator_c.so
[0.992s] -- Up-to-date: /home/orangepi/GM/RESOURCES/ros2_ws/install/hero_msgs/include/hero_msgs/hero_msgs
[0.992s] -- Up-to-date: /home/orangepi/GM/RESOURCES/ros2_ws/install/hero_msgs/include/hero_msgs/hero_msgs/msg
[0.992s] -- Up-to-date: /home/orangepi/GM/RESOURCES/ros2_ws/install/hero_msgs/include/hero_msgs/hero_msgs/msg/detail
[0.993s] -- Up-to-date: /home/orangepi/GM/RESOURCES/ros2_ws/install/hero_msgs/include/hero_msgs/hero_msgs/msg/detail/auto_aim__rosidl_typesupport_fastrtps_c.h
[0.993s] -- Up-to-date: /home/orangepi/GM/RESOURCES/ros2_ws/install/hero_msgs/include/hero_msgs/hero_msgs/msg/detail/motion__rosidl_typesupport_fastrtps_c.h
[0.994s] -- Up-to-date: /home/orangepi/GM/RESOURCES/ros2_ws/install/hero_msgs/include/hero_msgs/hero_msgs/msg/detail/dual_loop_pid_with_filter__rosidl_typesupport_fastrtps_c.h
[0.994s] -- Up-to-date: /home/orangepi/GM/RESOURCES/ros2_ws/install/hero_msgs/include/hero_msgs/hero_msgs/msg/rosidl_typesupport_fastrtps_c__visibility_control.h
[0.994s] -- Up-to-date: /home/orangepi/GM/RESOURCES/ros2_ws/install/hero_msgs/include/hero_msgs/hero_msgs/srv
[0.995s] -- Up-to-date: /home/orangepi/GM/RESOURCES/ros2_ws/install/hero_msgs/include/hero_msgs/hero_msgs/srv/detail
[0.995s] -- Up-to-date: /home/orangepi/GM/RESOURCES/ros2_ws/install/hero_msgs/include/hero_msgs/hero_msgs/srv/detail/vision_mode_switch__rosidl_typesupport_fastrtps_c.h
[0.995s] -- Up-to-date: /home/orangepi/GM/RESOURCES/ros2_ws/install/hero_msgs/include/hero_msgs/hero_msgs/srv/detail/reset_motor_position__rosidl_typesupport_fastrtps_c.h
[1.002s] -- Up-to-date: /home/orangepi/GM/RESOURCES/ros2_ws/install/hero_msgs/lib/libhero_msgs__rosidl_typesupport_fastrtps_c.so
[1.002s] -- Up-to-date: /home/orangepi/GM/RESOURCES/ros2_ws/install/hero_msgs/include/hero_msgs/hero_msgs
[1.003s] -- Up-to-date: /home/orangepi/GM/RESOURCES/ros2_ws/install/hero_msgs/include/hero_msgs/hero_msgs/msg
[1.003s] -- Up-to-date: /home/orangepi/GM/RESOURCES/ros2_ws/install/hero_msgs/include/hero_msgs/hero_msgs/msg/detail
[1.003s] -- Up-to-date: /home/orangepi/GM/RESOURCES/ros2_ws/install/hero_msgs/include/hero_msgs/hero_msgs/msg/detail/auto_aim__traits.hpp
[1.004s] -- Up-to-date: /home/orangepi/GM/RESOURCES/ros2_ws/install/hero_msgs/include/hero_msgs/hero_msgs/msg/detail/auto_aim__builder.hpp
[1.004s] -- Up-to-date: /home/orangepi/GM/RESOURCES/ros2_ws/install/hero_msgs/include/hero_msgs/hero_msgs/msg/detail/dual_loop_pid_with_filter__builder.hpp
[1.004s] -- Up-to-date: /home/orangepi/GM/RESOURCES/ros2_ws/install/hero_msgs/include/hero_msgs/hero_msgs/msg/detail/motion__traits.hpp
[1.005s] -- Up-to-date: /home/orangepi/GM/RESOURCES/ros2_ws/install/hero_msgs/include/hero_msgs/hero_msgs/msg/detail/dual_loop_pid_with_filter__traits.hpp
[1.005s] -- Up-to-date: /home/orangepi/GM/RESOURCES/ros2_ws/install/hero_msgs/include/hero_msgs/hero_msgs/msg/detail/auto_aim__struct.hpp
[1.005s] -- Up-to-date: /home/orangepi/GM/RESOURCES/ros2_ws/install/hero_msgs/include/hero_msgs/hero_msgs/msg/detail/motion__builder.hpp
[1.006s] -- Up-to-date: /home/orangepi/GM/RESOURCES/ros2_ws/install/hero_msgs/include/hero_msgs/hero_msgs/msg/detail/dual_loop_pid_with_filter__struct.hpp
[1.006s] -- Up-to-date: /home/orangepi/GM/RESOURCES/ros2_ws/install/hero_msgs/include/hero_msgs/hero_msgs/msg/detail/motion__struct.hpp
[1.006s] -- Up-to-date: /home/orangepi/GM/RESOURCES/ros2_ws/install/hero_msgs/include/hero_msgs/hero_msgs/msg/auto_aim.hpp
[1.007s] -- Up-to-date: /home/orangepi/GM/RESOURCES/ros2_ws/install/hero_msgs/include/hero_msgs/hero_msgs/msg/dual_loop_pid_with_filter.hpp
[1.007s] -- Up-to-date: /home/orangepi/GM/RESOURCES/ros2_ws/install/hero_msgs/include/hero_msgs/hero_msgs/msg/motion.hpp
[1.007s] -- Up-to-date: /home/orangepi/GM/RESOURCES/ros2_ws/install/hero_msgs/include/hero_msgs/hero_msgs/srv
[1.008s] -- Up-to-date: /home/orangepi/GM/RESOURCES/ros2_ws/install/hero_msgs/include/hero_msgs/hero_msgs/srv/vision_mode_switch.hpp
[1.008s] -- Up-to-date: /home/orangepi/GM/RESOURCES/ros2_ws/install/hero_msgs/include/hero_msgs/hero_msgs/srv/detail
[1.008s] -- Up-to-date: /home/orangepi/GM/RESOURCES/ros2_ws/install/hero_msgs/include/hero_msgs/hero_msgs/srv/detail/reset_motor_position__traits.hpp
[1.009s] -- Up-to-date: /home/orangepi/GM/RESOURCES/ros2_ws/install/hero_msgs/include/hero_msgs/hero_msgs/srv/detail/vision_mode_switch__struct.hpp
[1.009s] -- Up-to-date: /home/orangepi/GM/RESOURCES/ros2_ws/install/hero_msgs/include/hero_msgs/hero_msgs/srv/detail/vision_mode_switch__traits.hpp
[1.009s] -- Up-to-date: /home/orangepi/GM/RESOURCES/ros2_ws/install/hero_msgs/include/hero_msgs/hero_msgs/srv/detail/vision_mode_switch__builder.hpp
[1.010s] -- Up-to-date: /home/orangepi/GM/RESOURCES/ros2_ws/install/hero_msgs/include/hero_msgs/hero_msgs/srv/detail/reset_motor_position__struct.hpp
[1.010s] -- Up-to-date: /home/orangepi/GM/RESOURCES/ros2_ws/install/hero_msgs/include/hero_msgs/hero_msgs/srv/detail/reset_motor_position__builder.hpp
[1.010s] -- Up-to-date: /home/orangepi/GM/RESOURCES/ros2_ws/install/hero_msgs/include/hero_msgs/hero_msgs/srv/reset_motor_position.hpp
[1.011s] -- Up-to-date: /home/orangepi/GM/RESOURCES/ros2_ws/install/hero_msgs/include/hero_msgs/hero_msgs
[1.011s] -- Up-to-date: /home/orangepi/GM/RESOURCES/ros2_ws/install/hero_msgs/include/hero_msgs/hero_msgs/msg
[1.011s] -- Up-to-date: /home/orangepi/GM/RESOURCES/ros2_ws/install/hero_msgs/include/hero_msgs/hero_msgs/msg/detail
[1.012s] -- Up-to-date: /home/orangepi/GM/RESOURCES/ros2_ws/install/hero_msgs/include/hero_msgs/hero_msgs/msg/detail/dual_loop_pid_with_filter__rosidl_typesupport_fastrtps_cpp.hpp
[1.012s] -- Up-to-date: /home/orangepi/GM/RESOURCES/ros2_ws/install/hero_msgs/include/hero_msgs/hero_msgs/msg/detail/dds_fastrtps
[1.012s] -- Up-to-date: /home/orangepi/GM/RESOURCES/ros2_ws/install/hero_msgs/include/hero_msgs/hero_msgs/msg/detail/auto_aim__rosidl_typesupport_fastrtps_cpp.hpp
[1.023s] -- Up-to-date: /home/orangepi/GM/RESOURCES/ros2_ws/install/hero_msgs/include/hero_msgs/hero_msgs/msg/detail/motion__rosidl_typesupport_fastrtps_cpp.hpp
[1.024s] -- Up-to-date: /home/orangepi/GM/RESOURCES/ros2_ws/install/hero_msgs/include/hero_msgs/hero_msgs/msg/rosidl_typesupport_fastrtps_cpp__visibility_control.h
[1.024s] -- Up-to-date: /home/orangepi/GM/RESOURCES/ros2_ws/install/hero_msgs/include/hero_msgs/hero_msgs/srv
[1.024s] -- Up-to-date: /home/orangepi/GM/RESOURCES/ros2_ws/install/hero_msgs/include/hero_msgs/hero_msgs/srv/detail
[1.024s] -- Up-to-date: /home/orangepi/GM/RESOURCES/ros2_ws/install/hero_msgs/include/hero_msgs/hero_msgs/srv/detail/dds_fastrtps
[1.024s] -- Up-to-date: /home/orangepi/GM/RESOURCES/ros2_ws/install/hero_msgs/include/hero_msgs/hero_msgs/srv/detail/vision_mode_switch__rosidl_typesupport_fastrtps_cpp.hpp
[1.024s] -- Up-to-date: /home/orangepi/GM/RESOURCES/ros2_ws/install/hero_msgs/include/hero_msgs/hero_msgs/srv/detail/reset_motor_position__rosidl_typesupport_fastrtps_cpp.hpp
[1.024s] -- Up-to-date: /home/orangepi/GM/RESOURCES/ros2_ws/install/hero_msgs/lib/libhero_msgs__rosidl_typesupport_fastrtps_cpp.so
[1.024s] -- Up-to-date: /home/orangepi/GM/RESOURCES/ros2_ws/install/hero_msgs/include/hero_msgs/hero_msgs
[1.024s] -- Up-to-date: /home/orangepi/GM/RESOURCES/ros2_ws/install/hero_msgs/include/hero_msgs/hero_msgs/msg
[1.024s] -- Up-to-date: /home/orangepi/GM/RESOURCES/ros2_ws/install/hero_msgs/include/hero_msgs/hero_msgs/msg/detail
[1.025s] -- Up-to-date: /home/orangepi/GM/RESOURCES/ros2_ws/install/hero_msgs/include/hero_msgs/hero_msgs/msg/detail/dual_loop_pid_with_filter__rosidl_typesupport_introspection_c.h
[1.025s] -- Up-to-date: /home/orangepi/GM/RESOURCES/ros2_ws/install/hero_msgs/include/hero_msgs/hero_msgs/msg/detail/auto_aim__type_support.c
[1.025s] -- Up-to-date: /home/orangepi/GM/RESOURCES/ros2_ws/install/hero_msgs/include/hero_msgs/hero_msgs/msg/detail/motion__rosidl_typesupport_introspection_c.h
[1.025s] -- Up-to-date: /home/orangepi/GM/RESOURCES/ros2_ws/install/hero_msgs/include/hero_msgs/hero_msgs/msg/detail/motion__type_support.c
[1.025s] -- Up-to-date: /home/orangepi/GM/RESOURCES/ros2_ws/install/hero_msgs/include/hero_msgs/hero_msgs/msg/detail/auto_aim__rosidl_typesupport_introspection_c.h
[1.025s] -- Up-to-date: /home/orangepi/GM/RESOURCES/ros2_ws/install/hero_msgs/include/hero_msgs/hero_msgs/msg/detail/dual_loop_pid_with_filter__type_support.c
[1.025s] -- Up-to-date: /home/orangepi/GM/RESOURCES/ros2_ws/install/hero_msgs/include/hero_msgs/hero_msgs/msg/rosidl_typesupport_introspection_c__visibility_control.h
[1.025s] -- Up-to-date: /home/orangepi/GM/RESOURCES/ros2_ws/install/hero_msgs/include/hero_msgs/hero_msgs/srv
[1.025s] -- Up-to-date: /home/orangepi/GM/RESOURCES/ros2_ws/install/hero_msgs/include/hero_msgs/hero_msgs/srv/detail
[1.025s] -- Up-to-date: /home/orangepi/GM/RESOURCES/ros2_ws/install/hero_msgs/include/hero_msgs/hero_msgs/srv/detail/reset_motor_position__rosidl_typesupport_introspection_c.h
[1.025s] -- Up-to-date: /home/orangepi/GM/RESOURCES/ros2_ws/install/hero_msgs/include/hero_msgs/hero_msgs/srv/detail/vision_mode_switch__type_support.c
[1.025s] -- Up-to-date: /home/orangepi/GM/RESOURCES/ros2_ws/install/hero_msgs/include/hero_msgs/hero_msgs/srv/detail/vision_mode_switch__rosidl_typesupport_introspection_c.h
[1.025s] -- Up-to-date: /home/orangepi/GM/RESOURCES/ros2_ws/install/hero_msgs/include/hero_msgs/hero_msgs/srv/detail/reset_motor_position__type_support.c
[1.025s] -- Up-to-date: /home/orangepi/GM/RESOURCES/ros2_ws/install/hero_msgs/lib/libhero_msgs__rosidl_typesupport_introspection_c.so
[1.025s] -- Up-to-date: /home/orangepi/GM/RESOURCES/ros2_ws/install/hero_msgs/lib/libhero_msgs__rosidl_typesupport_c.so
[1.025s] -- Up-to-date: /home/orangepi/GM/RESOURCES/ros2_ws/install/hero_msgs/include/hero_msgs/hero_msgs
[1.025s] -- Up-to-date: /home/orangepi/GM/RESOURCES/ros2_ws/install/hero_msgs/include/hero_msgs/hero_msgs/msg
[1.026s] -- Up-to-date: /home/orangepi/GM/RESOURCES/ros2_ws/install/hero_msgs/include/hero_msgs/hero_msgs/msg/detail
[1.026s] -- Up-to-date: /home/orangepi/GM/RESOURCES/ros2_ws/install/hero_msgs/include/hero_msgs/hero_msgs/msg/detail/motion__type_support.cpp
[1.026s] -- Up-to-date: /home/orangepi/GM/RESOURCES/ros2_ws/install/hero_msgs/include/hero_msgs/hero_msgs/msg/detail/auto_aim__rosidl_typesupport_introspection_cpp.hpp
[1.026s] -- Up-to-date: /home/orangepi/GM/RESOURCES/ros2_ws/install/hero_msgs/include/hero_msgs/hero_msgs/msg/detail/dual_loop_pid_with_filter__rosidl_typesupport_introspection_cpp.hpp
[1.026s] -- Up-to-date: /home/orangepi/GM/RESOURCES/ros2_ws/install/hero_msgs/include/hero_msgs/hero_msgs/msg/detail/auto_aim__type_support.cpp
[1.026s] -- Up-to-date: /home/orangepi/GM/RESOURCES/ros2_ws/install/hero_msgs/include/hero_msgs/hero_msgs/msg/detail/motion__rosidl_typesupport_introspection_cpp.hpp
[1.026s] -- Up-to-date: /home/orangepi/GM/RESOURCES/ros2_ws/install/hero_msgs/include/hero_msgs/hero_msgs/msg/detail/dual_loop_pid_with_filter__type_support.cpp
[1.026s] -- Up-to-date: /home/orangepi/GM/RESOURCES/ros2_ws/install/hero_msgs/include/hero_msgs/hero_msgs/srv
[1.026s] -- Up-to-date: /home/orangepi/GM/RESOURCES/ros2_ws/install/hero_msgs/include/hero_msgs/hero_msgs/srv/detail
[1.026s] -- Up-to-date: /home/orangepi/GM/RESOURCES/ros2_ws/install/hero_msgs/include/hero_msgs/hero_msgs/srv/detail/vision_mode_switch__rosidl_typesupport_introspection_cpp.hpp
[1.026s] -- Up-to-date: /home/orangepi/GM/RESOURCES/ros2_ws/install/hero_msgs/include/hero_msgs/hero_msgs/srv/detail/reset_motor_position__rosidl_typesupport_introspection_cpp.hpp
[1.026s] -- Up-to-date: /home/orangepi/GM/RESOURCES/ros2_ws/install/hero_msgs/include/hero_msgs/hero_msgs/srv/detail/vision_mode_switch__type_support.cpp
[1.026s] -- Up-to-date: /home/orangepi/GM/RESOURCES/ros2_ws/install/hero_msgs/include/hero_msgs/hero_msgs/srv/detail/reset_motor_position__type_support.cpp
[1.027s] -- Up-to-date: /home/orangepi/GM/RESOURCES/ros2_ws/install/hero_msgs/lib/libhero_msgs__rosidl_typesupport_introspection_cpp.so
[1.029s] -- Up-to-date: /home/orangepi/GM/RESOURCES/ros2_ws/install/hero_msgs/lib/libhero_msgs__rosidl_typesupport_cpp.so
[1.029s] -- Up-to-date: /home/orangepi/GM/RESOURCES/ros2_ws/install/hero_msgs/share/hero_msgs/environment/pythonpath.sh
[1.029s] -- Up-to-date: /home/orangepi/GM/RESOURCES/ros2_ws/install/hero_msgs/share/hero_msgs/environment/pythonpath.dsv
[1.029s] -- Up-to-date: /home/orangepi/GM/RESOURCES/ros2_ws/install/hero_msgs/local/lib/python3.10/dist-packages/hero_msgs-0.0.1-py3.10.egg-info
[1.029s] -- Installing: /home/orangepi/GM/RESOURCES/ros2_ws/install/hero_msgs/local/lib/python3.10/dist-packages/hero_msgs-0.0.1-py3.10.egg-info/top_level.txt
[1.029s] -- Installing: /home/orangepi/GM/RESOURCES/ros2_ws/install/hero_msgs/local/lib/python3.10/dist-packages/hero_msgs-0.0.1-py3.10.egg-info/PKG-INFO
[1.029s] -- Installing: /home/orangepi/GM/RESOURCES/ros2_ws/install/hero_msgs/local/lib/python3.10/dist-packages/hero_msgs-0.0.1-py3.10.egg-info/SOURCES.txt
[1.029s] -- Installing: /home/orangepi/GM/RESOURCES/ros2_ws/install/hero_msgs/local/lib/python3.10/dist-packages/hero_msgs-0.0.1-py3.10.egg-info/dependency_links.txt
[1.029s] -- Up-to-date: /home/orangepi/GM/RESOURCES/ros2_ws/install/hero_msgs/local/lib/python3.10/dist-packages/hero_msgs
[1.029s] -- Up-to-date: /home/orangepi/GM/RESOURCES/ros2_ws/install/hero_msgs/local/lib/python3.10/dist-packages/hero_msgs/msg
[1.030s] -- Up-to-date: /home/orangepi/GM/RESOURCES/ros2_ws/install/hero_msgs/local/lib/python3.10/dist-packages/hero_msgs/msg/_motion.py
[1.030s] -- Up-to-date: /home/orangepi/GM/RESOURCES/ros2_ws/install/hero_msgs/local/lib/python3.10/dist-packages/hero_msgs/msg/_auto_aim.py
[1.030s] -- Up-to-date: /home/orangepi/GM/RESOURCES/ros2_ws/install/hero_msgs/local/lib/python3.10/dist-packages/hero_msgs/msg/__init__.py
[1.030s] -- Up-to-date: /home/orangepi/GM/RESOURCES/ros2_ws/install/hero_msgs/local/lib/python3.10/dist-packages/hero_msgs/msg/_motion_s.c
[1.030s] -- Up-to-date: /home/orangepi/GM/RESOURCES/ros2_ws/install/hero_msgs/local/lib/python3.10/dist-packages/hero_msgs/msg/_dual_loop_pid_with_filter_s.c
[1.030s] -- Up-to-date: /home/orangepi/GM/RESOURCES/ros2_ws/install/hero_msgs/local/lib/python3.10/dist-packages/hero_msgs/msg/_auto_aim_s.c
[1.030s] -- Up-to-date: /home/orangepi/GM/RESOURCES/ros2_ws/install/hero_msgs/local/lib/python3.10/dist-packages/hero_msgs/msg/_dual_loop_pid_with_filter.py
[1.030s] -- Up-to-date: /home/orangepi/GM/RESOURCES/ros2_ws/install/hero_msgs/local/lib/python3.10/dist-packages/hero_msgs/hero_msgs_s__rosidl_typesupport_c.cpython-310-aarch64-linux-gnu.so
[1.030s] -- Up-to-date: /home/orangepi/GM/RESOURCES/ros2_ws/install/hero_msgs/local/lib/python3.10/dist-packages/hero_msgs/__init__.py
[1.030s] -- Up-to-date: /home/orangepi/GM/RESOURCES/ros2_ws/install/hero_msgs/local/lib/python3.10/dist-packages/hero_msgs/_hero_msgs_s.ep.rosidl_typesupport_fastrtps_c.c
[1.030s] -- Up-to-date: /home/orangepi/GM/RESOURCES/ros2_ws/install/hero_msgs/local/lib/python3.10/dist-packages/hero_msgs/hero_msgs_s__rosidl_typesupport_introspection_c.cpython-310-aarch64-linux-gnu.so
[1.030s] -- Up-to-date: /home/orangepi/GM/RESOURCES/ros2_ws/install/hero_msgs/local/lib/python3.10/dist-packages/hero_msgs/hero_msgs_s__rosidl_typesupport_fastrtps_c.cpython-310-aarch64-linux-gnu.so
[1.030s] -- Up-to-date: /home/orangepi/GM/RESOURCES/ros2_ws/install/hero_msgs/local/lib/python3.10/dist-packages/hero_msgs/_hero_msgs_s.ep.rosidl_typesupport_c.c
[1.030s] -- Up-to-date: /home/orangepi/GM/RESOURCES/ros2_ws/install/hero_msgs/local/lib/python3.10/dist-packages/hero_msgs/srv
[1.030s] -- Up-to-date: /home/orangepi/GM/RESOURCES/ros2_ws/install/hero_msgs/local/lib/python3.10/dist-packages/hero_msgs/srv/_vision_mode_switch.py
[1.031s] -- Up-to-date: /home/orangepi/GM/RESOURCES/ros2_ws/install/hero_msgs/local/lib/python3.10/dist-packages/hero_msgs/srv/__init__.py
[1.031s] -- Up-to-date: /home/orangepi/GM/RESOURCES/ros2_ws/install/hero_msgs/local/lib/python3.10/dist-packages/hero_msgs/srv/_vision_mode_switch_s.c
[1.031s] -- Up-to-date: /home/orangepi/GM/RESOURCES/ros2_ws/install/hero_msgs/local/lib/python3.10/dist-packages/hero_msgs/srv/_reset_motor_position_s.c
[1.031s] -- Up-to-date: /home/orangepi/GM/RESOURCES/ros2_ws/install/hero_msgs/local/lib/python3.10/dist-packages/hero_msgs/srv/_reset_motor_position.py
[1.031s] -- Up-to-date: /home/orangepi/GM/RESOURCES/ros2_ws/install/hero_msgs/local/lib/python3.10/dist-packages/hero_msgs/libhero_msgs__rosidl_generator_py.so
[1.031s] -- Up-to-date: /home/orangepi/GM/RESOURCES/ros2_ws/install/hero_msgs/local/lib/python3.10/dist-packages/hero_msgs/_hero_msgs_s.ep.rosidl_typesupport_introspection_c.c
[1.044s] Listing '/home/orangepi/GM/RESOURCES/ros2_ws/install/hero_msgs/local/lib/python3.10/dist-packages/hero_msgs'...
[1.044s] Listing '/home/orangepi/GM/RESOURCES/ros2_ws/install/hero_msgs/local/lib/python3.10/dist-packages/hero_msgs/msg'...
[1.044s] Listing '/home/orangepi/GM/RESOURCES/ros2_ws/install/hero_msgs/local/lib/python3.10/dist-packages/hero_msgs/srv'...
[1.081s] -- Up-to-date: /home/orangepi/GM/RESOURCES/ros2_ws/install/hero_msgs/local/lib/python3.10/dist-packages/hero_msgs/hero_msgs_s__rosidl_typesupport_fastrtps_c.cpython-310-aarch64-linux-gnu.so
[1.081s] -- Up-to-date: /home/orangepi/GM/RESOURCES/ros2_ws/install/hero_msgs/local/lib/python3.10/dist-packages/hero_msgs/hero_msgs_s__rosidl_typesupport_introspection_c.cpython-310-aarch64-linux-gnu.so
[1.083s] -- Up-to-date: /home/orangepi/GM/RESOURCES/ros2_ws/install/hero_msgs/local/lib/python3.10/dist-packages/hero_msgs/hero_msgs_s__rosidl_typesupport_c.cpython-310-aarch64-linux-gnu.so
[1.083s] -- Up-to-date: /home/orangepi/GM/RESOURCES/ros2_ws/install/hero_msgs/lib/libhero_msgs__rosidl_generator_py.so
[1.084s] -- Up-to-date: /home/orangepi/GM/RESOURCES/ros2_ws/install/hero_msgs/share/hero_msgs/msg/AutoAIM.idl
[1.085s] -- Up-to-date: /home/orangepi/GM/RESOURCES/ros2_ws/install/hero_msgs/share/hero_msgs/msg/DualLoopPIDWithFilter.idl
[1.085s] -- Up-to-date: /home/orangepi/GM/RESOURCES/ros2_ws/install/hero_msgs/share/hero_msgs/msg/Motion.idl
[1.086s] -- Up-to-date: /home/orangepi/GM/RESOURCES/ros2_ws/install/hero_msgs/share/hero_msgs/srv/VisionModeSwitch.idl
[1.086s] -- Up-to-date: /home/orangepi/GM/RESOURCES/ros2_ws/install/hero_msgs/share/hero_msgs/srv/ResetMotorPosition.idl
[1.087s] -- Up-to-date: /home/orangepi/GM/RESOURCES/ros2_ws/install/hero_msgs/share/hero_msgs/msg/AutoAIM.msg
[1.087s] -- Up-to-date: /home/orangepi/GM/RESOURCES/ros2_ws/install/hero_msgs/share/hero_msgs/msg/DualLoopPIDWithFilter.msg
[1.087s] -- Up-to-date: /home/orangepi/GM/RESOURCES/ros2_ws/install/hero_msgs/share/hero_msgs/msg/Motion.msg
[1.088s] -- Up-to-date: /home/orangepi/GM/RESOURCES/ros2_ws/install/hero_msgs/share/hero_msgs/srv/VisionModeSwitch.srv
[1.088s] -- Up-to-date: /home/orangepi/GM/RESOURCES/ros2_ws/install/hero_msgs/share/hero_msgs/srv/VisionModeSwitch_Request.msg
[1.088s] -- Up-to-date: /home/orangepi/GM/RESOURCES/ros2_ws/install/hero_msgs/share/hero_msgs/srv/VisionModeSwitch_Response.msg
[1.089s] -- Up-to-date: /home/orangepi/GM/RESOURCES/ros2_ws/install/hero_msgs/share/hero_msgs/srv/ResetMotorPosition.srv
[1.089s] -- Up-to-date: /home/orangepi/GM/RESOURCES/ros2_ws/install/hero_msgs/share/hero_msgs/srv/ResetMotorPosition_Request.msg
[1.090s] -- Up-to-date: /home/orangepi/GM/RESOURCES/ros2_ws/install/hero_msgs/share/hero_msgs/srv/ResetMotorPosition_Response.msg
[1.090s] -- Up-to-date: /home/orangepi/GM/RESOURCES/ros2_ws/install/hero_msgs/share/ament_index/resource_index/package_run_dependencies/hero_msgs
[1.090s] -- Up-to-date: /home/orangepi/GM/RESOURCES/ros2_ws/install/hero_msgs/share/ament_index/resource_index/parent_prefix_path/hero_msgs
[1.091s] -- Up-to-date: /home/orangepi/GM/RESOURCES/ros2_ws/install/hero_msgs/share/hero_msgs/environment/ament_prefix_path.sh
[1.091s] -- Up-to-date: /home/orangepi/GM/RESOURCES/ros2_ws/install/hero_msgs/share/hero_msgs/environment/ament_prefix_path.dsv
[1.091s] -- Up-to-date: /home/orangepi/GM/RESOURCES/ros2_ws/install/hero_msgs/share/hero_msgs/environment/path.sh
[1.092s] -- Up-to-date: /home/orangepi/GM/RESOURCES/ros2_ws/install/hero_msgs/share/hero_msgs/environment/path.dsv
[1.092s] -- Up-to-date: /home/orangepi/GM/RESOURCES/ros2_ws/install/hero_msgs/share/hero_msgs/local_setup.bash
[1.093s] -- Up-to-date: /home/orangepi/GM/RESOURCES/ros2_ws/install/hero_msgs/share/hero_msgs/local_setup.sh
[1.093s] -- Up-to-date: /home/orangepi/GM/RESOURCES/ros2_ws/install/hero_msgs/share/hero_msgs/local_setup.zsh
[1.093s] -- Up-to-date: /home/orangepi/GM/RESOURCES/ros2_ws/install/hero_msgs/share/hero_msgs/local_setup.dsv
[1.095s] -- Installing: /home/orangepi/GM/RESOURCES/ros2_ws/install/hero_msgs/share/hero_msgs/package.dsv
[1.096s] -- Up-to-date: /home/orangepi/GM/RESOURCES/ros2_ws/install/hero_msgs/share/ament_index/resource_index/packages/hero_msgs
[1.096s] -- Up-to-date: /home/orangepi/GM/RESOURCES/ros2_ws/install/hero_msgs/share/hero_msgs/cmake/export_hero_msgs__rosidl_generator_cExport.cmake
[1.097s] -- Up-to-date: /home/orangepi/GM/RESOURCES/ros2_ws/install/hero_msgs/share/hero_msgs/cmake/export_hero_msgs__rosidl_generator_cExport-noconfig.cmake
[1.098s] -- Up-to-date: /home/orangepi/GM/RESOURCES/ros2_ws/install/hero_msgs/share/hero_msgs/cmake/export_hero_msgs__rosidl_typesupport_fastrtps_cExport.cmake
[1.099s] -- Up-to-date: /home/orangepi/GM/RESOURCES/ros2_ws/install/hero_msgs/share/hero_msgs/cmake/export_hero_msgs__rosidl_typesupport_fastrtps_cExport-noconfig.cmake
[1.101s] -- Up-to-date: /home/orangepi/GM/RESOURCES/ros2_ws/install/hero_msgs/share/hero_msgs/cmake/export_hero_msgs__rosidl_generator_cppExport.cmake
[1.102s] -- Up-to-date: /home/orangepi/GM/RESOURCES/ros2_ws/install/hero_msgs/share/hero_msgs/cmake/export_hero_msgs__rosidl_typesupport_fastrtps_cppExport.cmake
[1.103s] -- Up-to-date: /home/orangepi/GM/RESOURCES/ros2_ws/install/hero_msgs/share/hero_msgs/cmake/export_hero_msgs__rosidl_typesupport_fastrtps_cppExport-noconfig.cmake
[1.104s] -- Up-to-date: /home/orangepi/GM/RESOURCES/ros2_ws/install/hero_msgs/share/hero_msgs/cmake/hero_msgs__rosidl_typesupport_introspection_cExport.cmake
[1.104s] -- Up-to-date: /home/orangepi/GM/RESOURCES/ros2_ws/install/hero_msgs/share/hero_msgs/cmake/hero_msgs__rosidl_typesupport_introspection_cExport-noconfig.cmake
[1.106s] -- Up-to-date: /home/orangepi/GM/RESOURCES/ros2_ws/install/hero_msgs/share/hero_msgs/cmake/hero_msgs__rosidl_typesupport_cExport.cmake
[1.107s] -- Up-to-date: /home/orangepi/GM/RESOURCES/ros2_ws/install/hero_msgs/share/hero_msgs/cmake/hero_msgs__rosidl_typesupport_cExport-noconfig.cmake
[1.108s] -- Up-to-date: /home/orangepi/GM/RESOURCES/ros2_ws/install/hero_msgs/share/hero_msgs/cmake/hero_msgs__rosidl_typesupport_introspection_cppExport.cmake
[1.112s] -- Up-to-date: /home/orangepi/GM/RESOURCES/ros2_ws/install/hero_msgs/share/hero_msgs/cmake/hero_msgs__rosidl_typesupport_introspection_cppExport-noconfig.cmake
[1.114s] -- Up-to-date: /home/orangepi/GM/RESOURCES/ros2_ws/install/hero_msgs/share/hero_msgs/cmake/hero_msgs__rosidl_typesupport_cppExport.cmake
[1.115s] -- Up-to-date: /home/orangepi/GM/RESOURCES/ros2_ws/install/hero_msgs/share/hero_msgs/cmake/hero_msgs__rosidl_typesupport_cppExport-noconfig.cmake
[1.116s] -- Up-to-date: /home/orangepi/GM/RESOURCES/ros2_ws/install/hero_msgs/share/hero_msgs/cmake/export_hero_msgs__rosidl_generator_pyExport.cmake
[1.116s] -- Up-to-date: /home/orangepi/GM/RESOURCES/ros2_ws/install/hero_msgs/share/hero_msgs/cmake/export_hero_msgs__rosidl_generator_pyExport-noconfig.cmake
[1.118s] -- Up-to-date: /home/orangepi/GM/RESOURCES/ros2_ws/install/hero_msgs/share/hero_msgs/cmake/rosidl_cmake-extras.cmake
[1.118s] -- Up-to-date: /home/orangepi/GM/RESOURCES/ros2_ws/install/hero_msgs/share/hero_msgs/cmake/ament_cmake_export_dependencies-extras.cmake
[1.120s] -- Up-to-date: /home/orangepi/GM/RESOURCES/ros2_ws/install/hero_msgs/share/hero_msgs/cmake/ament_cmake_export_include_directories-extras.cmake
[1.120s] -- Up-to-date: /home/orangepi/GM/RESOURCES/ros2_ws/install/hero_msgs/share/hero_msgs/cmake/ament_cmake_export_libraries-extras.cmake
[1.121s] -- Up-to-date: /home/orangepi/GM/RESOURCES/ros2_ws/install/hero_msgs/share/hero_msgs/cmake/ament_cmake_export_targets-extras.cmake
[1.124s] -- Up-to-date: /home/orangepi/GM/RESOURCES/ros2_ws/install/hero_msgs/share/hero_msgs/cmake/rosidl_cmake_export_typesupport_targets-extras.cmake
[1.124s] -- Up-to-date: /home/orangepi/GM/RESOURCES/ros2_ws/install/hero_msgs/share/hero_msgs/cmake/rosidl_cmake_export_typesupport_libraries-extras.cmake
[1.126s] -- Up-to-date: /home/orangepi/GM/RESOURCES/ros2_ws/install/hero_msgs/share/hero_msgs/cmake/hero_msgsConfig.cmake
[1.127s] -- Up-to-date: /home/orangepi/GM/RESOURCES/ros2_ws/install/hero_msgs/share/hero_msgs/cmake/hero_msgsConfig-version.cmake
[1.128s] -- Up-to-date: /home/orangepi/GM/RESOURCES/ros2_ws/install/hero_msgs/share/hero_msgs/package.xml
[1.129s] Invoked command in '/home/orangepi/GM/RESOURCES/ros2_ws/build/hero_msgs' returned '0': CMAKE_PREFIX_PATH=${CMAKE_PREFIX_PATH}:/opt/ros/humble /usr/bin/cmake --install /home/orangepi/GM/RESOURCES/ros2_ws/build/hero_msgs
