[0.794s] DEBUG:colcon:Command line arguments: ['/usr/bin/colcon', 'build']
[0.794s] DEBUG:colcon:Parsed command line arguments: Namespace(log_base=None, log_level=None, verb_name='build', build_base='build', install_base='install', merge_install=False, symlink_install=False, test_result_base=None, continue_on_error=False, executor='parallel', parallel_workers=4, event_handlers=None, ignore_user_meta=False, metas=['./colcon.meta'], base_paths=['.'], packages_ignore=None, packages_ignore_regex=None, paths=None, packages_up_to=None, packages_up_to_regex=None, packages_above=None, packages_above_and_dependencies=None, packages_above_depth=None, packages_select_by_dep=None, packages_skip_by_dep=None, packages_skip_up_to=None, packages_select_build_failed=False, packages_skip_build_finished=False, packages_select_test_failures=False, packages_skip_test_passed=False, packages_select=None, packages_skip=None, packages_select_regex=None, packages_skip_regex=None, packages_start=None, packages_end=None, cmake_args=None, cmake_target=None, cmake_target_skip_unavailable=False, cmake_clean_cache=False, cmake_clean_first=False, cmake_force_configure=False, ament_cmake_args=None, catkin_cmake_args=None, catkin_skip_building_tests=False, verb_parser=<colcon_defaults.argument_parser.defaults.DefaultArgumentsDecorator object at 0x7f970b75b0>, verb_extension=<colcon_core.verb.build.BuildVerb object at 0x7f970b6ef0>, main=<bound method BuildVerb.main of <colcon_core.verb.build.BuildVerb object at 0x7f970b6ef0>>)
[2.816s] Level 1:colcon.colcon_core.package_discovery:discover_packages(colcon_meta) check parameters
[2.816s] Level 1:colcon.colcon_core.package_discovery:discover_packages(recursive) check parameters
[2.817s] Level 1:colcon.colcon_core.package_discovery:discover_packages(ignore) check parameters
[2.817s] Level 1:colcon.colcon_core.package_discovery:discover_packages(path) check parameters
[2.817s] Level 1:colcon.colcon_core.package_discovery:discover_packages(colcon_meta) discover
[2.817s] Level 1:colcon.colcon_core.package_discovery:discover_packages(recursive) discover
[2.817s] INFO:colcon.colcon_core.package_discovery:Crawling recursively for packages in '/home/orangepi/GM'
[2.819s] Level 1:colcon.colcon_core.package_identification:_identify(.) by extensions ['ignore', 'ignore_ament_install']
[2.819s] Level 1:colcon.colcon_core.package_identification:_identify(.) by extension 'ignore'
[2.820s] Level 1:colcon.colcon_core.package_identification:_identify(.) by extension 'ignore_ament_install'
[2.820s] Level 1:colcon.colcon_core.package_identification:_identify(.) by extensions ['colcon_pkg']
[2.820s] Level 1:colcon.colcon_core.package_identification:_identify(.) by extension 'colcon_pkg'
[2.820s] Level 1:colcon.colcon_core.package_identification:_identify(.) by extensions ['colcon_meta']
[2.821s] Level 1:colcon.colcon_core.package_identification:_identify(.) by extension 'colcon_meta'
[2.821s] Level 1:colcon.colcon_core.package_identification:_identify(.) by extensions ['ros']
[2.821s] Level 1:colcon.colcon_core.package_identification:_identify(.) by extension 'ros'
[2.916s] Level 1:colcon.colcon_core.package_identification:_identify(.) by extensions ['cmake', 'python']
[2.916s] Level 1:colcon.colcon_core.package_identification:_identify(.) by extension 'cmake'
[2.917s] Level 1:colcon.colcon_core.package_identification:_identify(.) by extension 'python'
[2.917s] Level 1:colcon.colcon_core.package_identification:_identify(.) by extensions ['python_setup_py']
[2.917s] Level 1:colcon.colcon_core.package_identification:_identify(.) by extension 'python_setup_py'
[2.918s] Level 1:colcon.colcon_core.package_identification:_identify(build) by extensions ['ignore', 'ignore_ament_install']
[2.919s] Level 1:colcon.colcon_core.package_identification:_identify(build) by extension 'ignore'
[2.919s] Level 1:colcon.colcon_core.package_identification:_identify(build) ignored
[2.921s] Level 1:colcon.colcon_core.package_identification:_identify(com) by extensions ['ignore', 'ignore_ament_install']
[2.921s] Level 1:colcon.colcon_core.package_identification:_identify(com) by extension 'ignore'
[2.921s] Level 1:colcon.colcon_core.package_identification:_identify(com) by extension 'ignore_ament_install'
[2.922s] Level 1:colcon.colcon_core.package_identification:_identify(com) by extensions ['colcon_pkg']
[2.922s] Level 1:colcon.colcon_core.package_identification:_identify(com) by extension 'colcon_pkg'
[2.922s] Level 1:colcon.colcon_core.package_identification:_identify(com) by extensions ['colcon_meta']
[2.922s] Level 1:colcon.colcon_core.package_identification:_identify(com) by extension 'colcon_meta'
[2.923s] Level 1:colcon.colcon_core.package_identification:_identify(com) by extensions ['ros']
[2.923s] Level 1:colcon.colcon_core.package_identification:_identify(com) by extension 'ros'
[2.945s] DEBUG:colcon.colcon_core.package_identification:Package 'com' with type 'ros.ament_python' and name 'com'
[2.946s] Level 1:colcon.colcon_core.package_identification:_identify(install) by extensions ['ignore', 'ignore_ament_install']
[2.947s] Level 1:colcon.colcon_core.package_identification:_identify(install) by extension 'ignore'
[2.948s] Level 1:colcon.colcon_core.package_identification:_identify(install) ignored
[2.949s] Level 1:colcon.colcon_core.package_identification:_identify(log) by extensions ['ignore', 'ignore_ament_install']
[2.949s] Level 1:colcon.colcon_core.package_identification:_identify(log) by extension 'ignore'
[2.950s] Level 1:colcon.colcon_core.package_identification:_identify(log) ignored
[2.950s] Level 1:colcon.colcon_core.package_discovery:discover_packages(recursive) using defaults
[2.950s] Level 1:colcon.colcon_core.package_discovery:discover_packages(ignore) discover
[2.950s] Level 1:colcon.colcon_core.package_discovery:discover_packages(ignore) using defaults
[2.951s] Level 1:colcon.colcon_core.package_discovery:discover_packages(path) discover
[2.951s] Level 1:colcon.colcon_core.package_discovery:discover_packages(path) using defaults
[3.232s] Level 5:colcon.colcon_core.verb:set package 'com' build argument 'cmake_args' from command line to 'None'
[3.233s] Level 5:colcon.colcon_core.verb:set package 'com' build argument 'cmake_target' from command line to 'None'
[3.233s] Level 5:colcon.colcon_core.verb:set package 'com' build argument 'cmake_target_skip_unavailable' from command line to 'False'
[3.233s] Level 5:colcon.colcon_core.verb:set package 'com' build argument 'cmake_clean_cache' from command line to 'False'
[3.233s] Level 5:colcon.colcon_core.verb:set package 'com' build argument 'cmake_clean_first' from command line to 'False'
[3.234s] Level 5:colcon.colcon_core.verb:set package 'com' build argument 'cmake_force_configure' from command line to 'False'
[3.234s] Level 5:colcon.colcon_core.verb:set package 'com' build argument 'ament_cmake_args' from command line to 'None'
[3.234s] Level 5:colcon.colcon_core.verb:set package 'com' build argument 'catkin_cmake_args' from command line to 'None'
[3.234s] Level 5:colcon.colcon_core.verb:set package 'com' build argument 'catkin_skip_building_tests' from command line to 'False'
[3.234s] DEBUG:colcon.colcon_core.verb:Building package 'com' with the following arguments: {'ament_cmake_args': None, 'build_base': '/home/orangepi/GM/build/com', 'catkin_cmake_args': None, 'catkin_skip_building_tests': False, 'cmake_args': None, 'cmake_clean_cache': False, 'cmake_clean_first': False, 'cmake_force_configure': False, 'cmake_target': None, 'cmake_target_skip_unavailable': False, 'install_base': '/home/orangepi/GM/install/com', 'merge_install': False, 'path': '/home/orangepi/GM/com', 'symlink_install': False, 'test_result_base': None}
[3.235s] INFO:colcon.colcon_core.executor:Executing jobs using 'parallel' executor
[3.241s] DEBUG:colcon.colcon_parallel_executor.executor.parallel:run_until_complete
[3.242s] INFO:colcon.colcon_ros.task.ament_python.build:Building ROS package in '/home/orangepi/GM/com' with build type 'ament_python'
[3.243s] Level 1:colcon.colcon_core.shell:create_environment_hook('com', 'ament_prefix_path')
[3.272s] INFO:colcon.colcon_core.plugin_system:Skipping extension 'colcon_core.shell.bat': Not used on non-Windows systems
[3.274s] INFO:colcon.colcon_core.shell:Creating environment hook '/home/orangepi/GM/install/com/share/com/hook/ament_prefix_path.ps1'
[3.285s] INFO:colcon.colcon_core.shell:Creating environment descriptor '/home/orangepi/GM/install/com/share/com/hook/ament_prefix_path.dsv'
[3.291s] INFO:colcon.colcon_core.shell:Creating environment hook '/home/orangepi/GM/install/com/share/com/hook/ament_prefix_path.sh'
[3.311s] INFO:colcon.colcon_core.shell:Skip shell extension 'powershell' for command environment: Not usable outside of PowerShell
[3.313s] DEBUG:colcon.colcon_core.shell:Skip shell extension 'dsv' for command environment
[6.919s] INFO:colcon.colcon_core.task.python.build:Building Python package in '/home/orangepi/GM/com'
[6.923s] INFO:colcon.colcon_core.shell:Skip shell extension 'powershell' for command environment: Not usable outside of PowerShell
[6.925s] DEBUG:colcon.colcon_core.shell:Skip shell extension 'dsv' for command environment
[11.259s] DEBUG:colcon.colcon_core.event_handler.log_command:Invoking command in '/home/orangepi/GM/com': PYTHONPATH=/home/orangepi/GM/build/com/prefix_override:/usr/lib/python3/dist-packages/colcon_core/task/python/colcon_distutils_commands:/home/orangepi/GM/install/com/lib/python3.10/site-packages:${PYTHONPATH} /usr/bin/python3 -W ignore:setup.py install is deprecated setup.py egg_info --egg-base ../build/com build --build-base /home/orangepi/GM/build/com/build install --record /home/orangepi/GM/build/com/install.log --single-version-externally-managed install_data
[15.264s] DEBUG:colcon.colcon_core.event_handler.log_command:Invoked command in '/home/orangepi/GM/com' returned '0': PYTHONPATH=/home/orangepi/GM/build/com/prefix_override:/usr/lib/python3/dist-packages/colcon_core/task/python/colcon_distutils_commands:/home/orangepi/GM/install/com/lib/python3.10/site-packages:${PYTHONPATH} /usr/bin/python3 -W ignore:setup.py install is deprecated setup.py egg_info --egg-base ../build/com build --build-base /home/orangepi/GM/build/com/build install --record /home/orangepi/GM/build/com/install.log --single-version-externally-managed install_data
[15.320s] Level 1:colcon.colcon_core.environment:checking '/home/orangepi/GM/install/com' for CMake module files
[15.344s] Level 1:colcon.colcon_core.environment:checking '/home/orangepi/GM/install/com' for CMake config files
[15.372s] Level 1:colcon.colcon_core.environment:checking '/home/orangepi/GM/install/com/lib'
[15.375s] Level 1:colcon.colcon_core.environment:checking '/home/orangepi/GM/install/com/bin'
[15.376s] Level 1:colcon.colcon_core.environment:checking '/home/orangepi/GM/install/com/lib/pkgconfig/com.pc'
[15.378s] Level 1:colcon.colcon_core.environment:checking '/home/orangepi/GM/install/com/lib/python3.10/site-packages'
[15.379s] Level 1:colcon.colcon_core.shell:create_environment_hook('com', 'pythonpath')
[15.381s] INFO:colcon.colcon_core.shell:Creating environment hook '/home/orangepi/GM/install/com/share/com/hook/pythonpath.ps1'
[15.392s] INFO:colcon.colcon_core.shell:Creating environment descriptor '/home/orangepi/GM/install/com/share/com/hook/pythonpath.dsv'
[15.400s] INFO:colcon.colcon_core.shell:Creating environment hook '/home/orangepi/GM/install/com/share/com/hook/pythonpath.sh'
[15.414s] Level 1:colcon.colcon_core.environment:checking '/home/orangepi/GM/install/com/bin'
[15.415s] Level 1:colcon.colcon_core.environment:create_environment_scripts_only(com)
[15.417s] INFO:colcon.colcon_core.shell:Creating package script '/home/orangepi/GM/install/com/share/com/package.ps1'
[15.444s] INFO:colcon.colcon_core.shell:Creating package descriptor '/home/orangepi/GM/install/com/share/com/package.dsv'
[15.462s] INFO:colcon.colcon_core.shell:Creating package script '/home/orangepi/GM/install/com/share/com/package.sh'
[15.477s] INFO:colcon.colcon_core.shell:Creating package script '/home/orangepi/GM/install/com/share/com/package.bash'
[15.489s] INFO:colcon.colcon_core.shell:Creating package script '/home/orangepi/GM/install/com/share/com/package.zsh'
[15.499s] Level 1:colcon.colcon_core.environment:create_file_with_runtime_dependencies(/home/orangepi/GM/install/com/share/colcon-core/packages/com)
[15.505s] DEBUG:colcon.colcon_parallel_executor.executor.parallel:closing loop
[15.508s] DEBUG:colcon.colcon_parallel_executor.executor.parallel:loop closed
[15.509s] DEBUG:colcon.colcon_parallel_executor.executor.parallel:run_until_complete finished with '0'
[15.514s] DEBUG:colcon.colcon_core.event_reactor:joining thread
[15.695s] INFO:colcon.colcon_core.plugin_system:Skipping extension 'colcon_notification.desktop_notification.terminal_notifier': Not used on non-Darwin systems
[15.697s] INFO:colcon.colcon_core.plugin_system:Skipping extension 'colcon_notification.desktop_notification.win32': Not used on non-Windows systems
[15.697s] INFO:colcon.colcon_notification.desktop_notification:Sending desktop notification using 'notify2'
[15.749s] DEBUG:colcon.colcon_core.event_reactor:joined thread
[15.752s] INFO:colcon.colcon_core.shell:Creating prefix script '/home/orangepi/GM/install/local_setup.ps1'
[15.766s] INFO:colcon.colcon_core.shell:Creating prefix util module '/home/orangepi/GM/install/_local_setup_util_ps1.py'
[15.782s] INFO:colcon.colcon_core.shell:Creating prefix chain script '/home/orangepi/GM/install/setup.ps1'
[15.796s] INFO:colcon.colcon_core.shell:Creating prefix script '/home/orangepi/GM/install/local_setup.sh'
[15.804s] INFO:colcon.colcon_core.shell:Creating prefix util module '/home/orangepi/GM/install/_local_setup_util_sh.py'
[15.833s] INFO:colcon.colcon_core.shell:Creating prefix chain script '/home/orangepi/GM/install/setup.sh'
[15.846s] INFO:colcon.colcon_core.shell:Creating prefix script '/home/orangepi/GM/install/local_setup.bash'
[15.855s] INFO:colcon.colcon_core.shell:Creating prefix chain script '/home/orangepi/GM/install/setup.bash'
[15.868s] INFO:colcon.colcon_core.shell:Creating prefix script '/home/orangepi/GM/install/local_setup.zsh'
[15.877s] INFO:colcon.colcon_core.shell:Creating prefix chain script '/home/orangepi/GM/install/setup.zsh'
