[0.021s] Invoking command in '/home/orangepi/GM/RESOURCES/ros2_ws/build/vision_msgs': CMAKE_PREFIX_PATH=/opt/ros/humble /usr/bin/cmake --build /home/orangepi/GM/RESOURCES/ros2_ws/build/vision_msgs -- -j8 -l8
[0.126s] [  1%] Built target vision_msgs__cpp
[0.135s] [ 12%] Built target vision_msgs__rosidl_generator_c
[0.150s] [ 12%] Built target ament_cmake_python_copy_vision_msgs
[0.173s] [ 23%] Built target vision_msgs__rosidl_typesupport_cpp
[0.181s] [ 34%] Built target vision_msgs__rosidl_typesupport_fastrtps_cpp
[0.191s] [ 45%] Built target vision_msgs__rosidl_typesupport_introspection_cpp
[0.207s] [ 56%] Built target vision_msgs__rosidl_typesupport_introspection_c
[0.208s] [ 78%] Built target vision_msgs__rosidl_typesupport_fastrtps_c
[0.208s] [ 78%] Built target vision_msgs__rosidl_typesupport_c
[0.271s] [ 78%] Built target vision_msgs
[0.331s] [ 80%] Built target vision_msgs__py
[0.413s] [ 89%] Built target vision_msgs__rosidl_generator_py
[0.459s] [ 92%] Built target vision_msgs__rosidl_typesupport_fastrtps_c__pyext
[0.488s] [ 96%] Built target vision_msgs__rosidl_typesupport_introspection_c__pyext
[0.491s] [100%] Built target vision_msgs__rosidl_typesupport_c__pyext
[0.501s] running egg_info
[0.502s] writing vision_msgs.egg-info/PKG-INFO
[0.503s] writing dependency_links to vision_msgs.egg-info/dependency_links.txt
[0.503s] writing top-level names to vision_msgs.egg-info/top_level.txt
[0.509s] reading manifest file 'vision_msgs.egg-info/SOURCES.txt'
[0.509s] writing manifest file 'vision_msgs.egg-info/SOURCES.txt'
[0.585s] [100%] Built target ament_cmake_python_build_vision_msgs_egg
[0.621s] Invoked command in '/home/orangepi/GM/RESOURCES/ros2_ws/build/vision_msgs' returned '0': CMAKE_PREFIX_PATH=/opt/ros/humble /usr/bin/cmake --build /home/orangepi/GM/RESOURCES/ros2_ws/build/vision_msgs -- -j8 -l8
[0.834s] Invoking command in '/home/orangepi/GM/RESOURCES/ros2_ws/build/vision_msgs': CMAKE_PREFIX_PATH=/opt/ros/humble /usr/bin/cmake --install /home/orangepi/GM/RESOURCES/ros2_ws/build/vision_msgs
