[6.978s] Invoking command in '/home/orangepi/GM/com': PYTHONPATH=/home/orangepi/GM/build/com/prefix_override:/usr/lib/python3/dist-packages/colcon_core/task/python/colcon_distutils_commands:/home/orangepi/GM/install/com/lib/python3.10/site-packages:${PYTHONPATH} /usr/bin/python3 -W ignore:setup.py install is deprecated setup.py egg_info --egg-base ../build/com build --build-base /home/orangepi/GM/build/com/build install --record /home/orangepi/GM/build/com/install.log --single-version-externally-managed install_data
[9.440s] running egg_info
[9.445s] writing ../build/com/com.egg-info/PKG-INFO
[9.449s] writing dependency_links to ../build/com/com.egg-info/dependency_links.txt
[9.463s] writing entry points to ../build/com/com.egg-info/entry_points.txt
[9.468s] writing requirements to ../build/com/com.egg-info/requires.txt
[9.471s] writing top-level names to ../build/com/com.egg-info/top_level.txt
[9.502s] reading manifest file '../build/com/com.egg-info/SOURCES.txt'
[9.516s] writing manifest file '../build/com/com.egg-info/SOURCES.txt'
[9.517s] running build
[9.518s] running build_py
[9.524s] copying com/com_sub.py -> /home/orangepi/GM/build/com/build/lib/com
[9.527s] running install
[9.529s] running install_lib
[9.542s] copying /home/orangepi/GM/build/com/build/lib/com/com_sub.py -> /home/orangepi/GM/install/com/lib/python3.10/site-packages/com
[9.549s] byte-compiling /home/orangepi/GM/install/com/lib/python3.10/site-packages/com/com_sub.py to com_sub.cpython-310.pyc
[9.557s] running install_data
[9.566s] running install_egg_info
[9.598s] removing '/home/orangepi/GM/install/com/lib/python3.10/site-packages/com-0.0.0-py3.10.egg-info' (and everything under it)
[9.603s] Copying ../build/com/com.egg-info to /home/orangepi/GM/install/com/lib/python3.10/site-packages/com-0.0.0-py3.10.egg-info
[9.624s] running install_scripts
[9.833s] Installing com_sub script to /home/orangepi/GM/install/com/lib/com
[9.836s] writing list of installed files to '/home/orangepi/GM/build/com/install.log'
[10.156s] Invoked command in '/home/orangepi/GM/com' returned '0': PYTHONPATH=/home/orangepi/GM/build/com/prefix_override:/usr/lib/python3/dist-packages/colcon_core/task/python/colcon_distutils_commands:/home/orangepi/GM/install/com/lib/python3.10/site-packages:${PYTHONPATH} /usr/bin/python3 -W ignore:setup.py install is deprecated setup.py egg_info --egg-base ../build/com build --build-base /home/orangepi/GM/build/com/build install --record /home/orangepi/GM/build/com/install.log --single-version-externally-managed install_data
