[9.063s] Invoking command in '/home/orangepi/GM/com': PYTHONPATH=/home/orangepi/GM/build/com/prefix_override:/usr/lib/python3/dist-packages/colcon_core/task/python/colcon_distutils_commands:/home/orangepi/GM/install/com/lib/python3.10/site-packages:${PYTHONPATH} /usr/bin/python3 -W ignore:setup.py install is deprecated setup.py egg_info --egg-base ../build/com build --build-base /home/orangepi/GM/build/com/build install --record /home/orangepi/GM/build/com/install.log --single-version-externally-managed install_data
[12.348s] running egg_info
[12.357s] creating ../build/com/com.egg-info
[12.361s] writing ../build/com/com.egg-info/PKG-INFO
[12.370s] writing dependency_links to ../build/com/com.egg-info/dependency_links.txt
[12.374s] writing entry points to ../build/com/com.egg-info/entry_points.txt
[12.375s] writing requirements to ../build/com/com.egg-info/requires.txt
[12.377s] writing top-level names to ../build/com/com.egg-info/top_level.txt
[12.379s] writing manifest file '../build/com/com.egg-info/SOURCES.txt'
[12.397s] reading manifest file '../build/com/com.egg-info/SOURCES.txt'
[12.409s] writing manifest file '../build/com/com.egg-info/SOURCES.txt'
[12.411s] running build
[12.412s] running build_py
[12.413s] creating /home/orangepi/GM/build/com/build
[12.413s] creating /home/orangepi/GM/build/com/build/lib
[12.414s] creating /home/orangepi/GM/build/com/build/lib/com
[12.414s] copying com/__init__.py -> /home/orangepi/GM/build/com/build/lib/com
[12.417s] copying com/com_sub.py -> /home/orangepi/GM/build/com/build/lib/com
[12.421s] running install
[12.424s] running install_lib
[12.437s] creating /home/orangepi/GM/install/com/lib/python3.10/site-packages/com
[12.439s] copying /home/orangepi/GM/build/com/build/lib/com/__init__.py -> /home/orangepi/GM/install/com/lib/python3.10/site-packages/com
[12.446s] copying /home/orangepi/GM/build/com/build/lib/com/com_sub.py -> /home/orangepi/GM/install/com/lib/python3.10/site-packages/com
[12.469s] byte-compiling /home/orangepi/GM/install/com/lib/python3.10/site-packages/com/__init__.py to __init__.cpython-310.pyc
[12.487s] byte-compiling /home/orangepi/GM/install/com/lib/python3.10/site-packages/com/com_sub.py to com_sub.cpython-310.pyc
[12.495s] running install_data
[12.496s] creating /home/orangepi/GM/install/com/share/ament_index
[12.497s] creating /home/orangepi/GM/install/com/share/ament_index/resource_index
[12.497s] creating /home/orangepi/GM/install/com/share/ament_index/resource_index/packages
[12.498s] copying resource/com -> /home/orangepi/GM/install/com/share/ament_index/resource_index/packages
[12.501s] copying package.xml -> /home/orangepi/GM/install/com/share/com
[12.502s] running install_egg_info
[12.526s] Copying ../build/com/com.egg-info to /home/orangepi/GM/install/com/lib/python3.10/site-packages/com-0.0.0-py3.10.egg-info
[12.584s] running install_scripts
[12.856s] Installing com_sub script to /home/orangepi/GM/install/com/lib/com
[12.870s] writing list of installed files to '/home/orangepi/GM/build/com/install.log'
[13.250s] Invoked command in '/home/orangepi/GM/com' returned '0': PYTHONPATH=/home/orangepi/GM/build/com/prefix_override:/usr/lib/python3/dist-packages/colcon_core/task/python/colcon_distutils_commands:/home/orangepi/GM/install/com/lib/python3.10/site-packages:${PYTHONPATH} /usr/bin/python3 -W ignore:setup.py install is deprecated setup.py egg_info --egg-base ../build/com build --build-base /home/orangepi/GM/build/com/build install --record /home/orangepi/GM/build/com/install.log --single-version-externally-managed install_data
