-- The C compiler identification is GNU 11.4.0
-- The CXX compiler identification is GNU 11.4.0
-- Detecting C compiler ABI info
-- Detecting C compiler ABI info - done
-- Check for working C compiler: /usr/bin/cc - skipped
-- Detecting C compile features
-- Detecting C compile features - done
-- Detecting CXX compiler ABI info
-- Detecting CXX compiler ABI info - done
-- Check for working CXX compiler: /usr/bin/c++ - skipped
-- Detecting CXX compile features
-- Detecting CXX compile features - done
-- Found ament_cmake: 1.3.10 (/opt/ros/humble/share/ament_cmake/cmake)
-- Found Python3: /usr/bin/python3 (found version "3.10.12") found components: Interpreter 
-- Found std_msgs: 4.2.4 (/opt/ros/humble/share/std_msgs/cmake)
-- Found rosidl_generator_c: 3.1.5 (/opt/ros/humble/share/rosidl_generator_c/cmake)
-- Found rosidl_adapter: 3.1.5 (/opt/ros/humble/share/rosidl_adapter/cmake)
-- Found rosidl_generator_cpp: 3.1.5 (/opt/ros/humble/share/rosidl_generator_cpp/cmake)
-- Using all available rosidl_typesupport_c: rosidl_typesupport_fastrtps_c;rosidl_typesupport_introspection_c
-- Using all available rosidl_typesupport_cpp: rosidl_typesupport_fastrtps_cpp;rosidl_typesupport_introspection_cpp
-- Found rosidl_default_generators: 1.2.0 (/opt/ros/humble/share/rosidl_default_generators/cmake)
-- Found ament_lint_auto: 0.12.11 (/opt/ros/humble/share/ament_lint_auto/cmake)
-- Found ament_cmake_ros: 0.10.0 (/opt/ros/humble/share/ament_cmake_ros/cmake)
-- Using all available rosidl_typesupport_c: rosidl_typesupport_fastrtps_c;rosidl_typesupport_introspection_c
-- Using all available rosidl_typesupport_cpp: rosidl_typesupport_fastrtps_cpp;rosidl_typesupport_introspection_cpp
-- Found PythonInterp: /usr/bin/python3 (found suitable version "3.10.12", minimum required is "3.6") 
-- Found python_cmake_module: 0.10.0 (/opt/ros/humble/share/python_cmake_module/cmake)
-- Found PythonLibs: /usr/lib/aarch64-linux-gnu/libpython3.10.so (found suitable version "3.10.12", minimum required is "3.5") 
-- Using PYTHON_EXECUTABLE: /usr/bin/python3
-- Using PYTHON_INCLUDE_DIRS: /usr/include/python3.10
-- Using PYTHON_LIBRARIES: /usr/lib/aarch64-linux-gnu/libpython3.10.so
-- Found PythonExtra: .so  
-- Added test 'copyright' to check source files copyright and LICENSE
-- Added test 'lint_cmake' to check CMake code style
-- Added test 'xmllint' to check XML markup files
-- Configuring done
-- Generating done
-- Build files have been written to: /home/orangepi/GM/RESOURCES/ros2_ws/build/hero_msgs
[  1%] [34m[1mGenerating C code for ROS interfaces[0m
[  3%] [34m[1mGenerating C++ code for ROS interfaces[0m
[  3%] Built target ament_cmake_python_copy_hero_msgs
running egg_info
creating hero_msgs.egg-info
writing hero_msgs.egg-info/PKG-INFO
writing dependency_links to hero_msgs.egg-info/dependency_links.txt
writing top-level names to hero_msgs.egg-info/top_level.txt
writing manifest file 'hero_msgs.egg-info/SOURCES.txt'
reading manifest file 'hero_msgs.egg-info/SOURCES.txt'
writing manifest file 'hero_msgs.egg-info/SOURCES.txt'
[  3%] Built target ament_cmake_python_build_hero_msgs_egg
[  3%] Built target hero_msgs__cpp
[  5%] [34m[1mGenerating C++ type support dispatch for ROS interfaces[0m
[  7%] [34m[1mGenerating C++ type support for eProsima Fast-RTPS[0m
[  9%] [34m[1mGenerating C++ introspection for ROS interfaces[0m
[ 10%] [32mBuilding C object CMakeFiles/hero_msgs__rosidl_generator_c.dir/rosidl_generator_c/hero_msgs/msg/detail/dual_loop_pid_with_filter__functions.c.o[0m
[ 14%] [32mBuilding C object CMakeFiles/hero_msgs__rosidl_generator_c.dir/rosidl_generator_c/hero_msgs/msg/detail/auto_aim__functions.c.o[0m
[ 14%] [32mBuilding C object CMakeFiles/hero_msgs__rosidl_generator_c.dir/rosidl_generator_c/hero_msgs/srv/detail/vision_mode_switch__functions.c.o[0m
[ 16%] [32mBuilding C object CMakeFiles/hero_msgs__rosidl_generator_c.dir/rosidl_generator_c/hero_msgs/srv/detail/reset_motor_position__functions.c.o[0m
[ 18%] [32m[1mLinking C shared library libhero_msgs__rosidl_generator_c.so[0m
[ 18%] Built target hero_msgs__rosidl_generator_c
[ 20%] [34m[1mGenerating C introspection for ROS interfaces[0m
[ 21%] [34m[1mGenerating C type support dispatch for ROS interfaces[0m
[ 23%] [34m[1mGenerating C type support for eProsima Fast-RTPS[0m
[ 25%] [32mBuilding CXX object CMakeFiles/hero_msgs__rosidl_typesupport_cpp.dir/rosidl_typesupport_cpp/hero_msgs/msg/auto_aim__type_support.cpp.o[0m
[ 27%] [32mBuilding CXX object CMakeFiles/hero_msgs__rosidl_typesupport_cpp.dir/rosidl_typesupport_cpp/hero_msgs/srv/vision_mode_switch__type_support.cpp.o[0m
[ 29%] [32mBuilding CXX object CMakeFiles/hero_msgs__rosidl_typesupport_cpp.dir/rosidl_typesupport_cpp/hero_msgs/msg/dual_loop_pid_with_filter__type_support.cpp.o[0m
[ 30%] [32mBuilding CXX object CMakeFiles/hero_msgs__rosidl_typesupport_introspection_cpp.dir/rosidl_typesupport_introspection_cpp/hero_msgs/msg/detail/auto_aim__type_support.cpp.o[0m
[ 32%] [32mBuilding CXX object CMakeFiles/hero_msgs__rosidl_typesupport_fastrtps_cpp.dir/rosidl_typesupport_fastrtps_cpp/hero_msgs/msg/detail/dds_fastrtps/auto_aim__type_support.cpp.o[0m
[ 34%] [32mBuilding CXX object CMakeFiles/hero_msgs__rosidl_typesupport_introspection_cpp.dir/rosidl_typesupport_introspection_cpp/hero_msgs/msg/detail/dual_loop_pid_with_filter__type_support.cpp.o[0m
[ 36%] [32mBuilding CXX object CMakeFiles/hero_msgs__rosidl_typesupport_cpp.dir/rosidl_typesupport_cpp/hero_msgs/srv/reset_motor_position__type_support.cpp.o[0m
[ 38%] [32mBuilding CXX object CMakeFiles/hero_msgs__rosidl_typesupport_fastrtps_cpp.dir/rosidl_typesupport_fastrtps_cpp/hero_msgs/msg/detail/dds_fastrtps/dual_loop_pid_with_filter__type_support.cpp.o[0m
[ 40%] [32mBuilding CXX object CMakeFiles/hero_msgs__rosidl_typesupport_fastrtps_cpp.dir/rosidl_typesupport_fastrtps_cpp/hero_msgs/srv/detail/dds_fastrtps/vision_mode_switch__type_support.cpp.o[0m
[ 41%] [32mBuilding C object CMakeFiles/hero_msgs__rosidl_typesupport_introspection_c.dir/rosidl_typesupport_introspection_c/hero_msgs/msg/detail/auto_aim__type_support.c.o[0m
[ 43%] [32mBuilding CXX object CMakeFiles/hero_msgs__rosidl_typesupport_fastrtps_c.dir/rosidl_typesupport_fastrtps_c/hero_msgs/msg/detail/auto_aim__type_support_c.cpp.o[0m
[ 45%] [32mBuilding C object CMakeFiles/hero_msgs__rosidl_typesupport_introspection_c.dir/rosidl_typesupport_introspection_c/hero_msgs/msg/detail/dual_loop_pid_with_filter__type_support.c.o[0m
[ 47%] [32m[1mLinking CXX shared library libhero_msgs__rosidl_typesupport_cpp.so[0m
[ 47%] Built target hero_msgs__rosidl_typesupport_cpp
[ 49%] [32mBuilding CXX object CMakeFiles/hero_msgs__rosidl_typesupport_introspection_cpp.dir/rosidl_typesupport_introspection_cpp/hero_msgs/srv/detail/vision_mode_switch__type_support.cpp.o[0m
[ 50%] [32mBuilding CXX object CMakeFiles/hero_msgs__rosidl_typesupport_introspection_cpp.dir/rosidl_typesupport_introspection_cpp/hero_msgs/srv/detail/reset_motor_position__type_support.cpp.o[0m
[ 52%] [32mBuilding C object CMakeFiles/hero_msgs__rosidl_typesupport_introspection_c.dir/rosidl_typesupport_introspection_c/hero_msgs/srv/detail/vision_mode_switch__type_support.c.o[0m
[ 54%] [32mBuilding CXX object CMakeFiles/hero_msgs__rosidl_typesupport_fastrtps_c.dir/rosidl_typesupport_fastrtps_c/hero_msgs/msg/detail/dual_loop_pid_with_filter__type_support_c.cpp.o[0m
[ 56%] [32mBuilding C object CMakeFiles/hero_msgs__rosidl_typesupport_introspection_c.dir/rosidl_typesupport_introspection_c/hero_msgs/srv/detail/reset_motor_position__type_support.c.o[0m
[ 58%] [32m[1mLinking C shared library libhero_msgs__rosidl_typesupport_introspection_c.so[0m
[ 60%] [32mBuilding CXX object CMakeFiles/hero_msgs__rosidl_typesupport_fastrtps_c.dir/rosidl_typesupport_fastrtps_c/hero_msgs/srv/detail/vision_mode_switch__type_support_c.cpp.o[0m
[ 61%] [32mBuilding CXX object CMakeFiles/hero_msgs__rosidl_typesupport_fastrtps_cpp.dir/rosidl_typesupport_fastrtps_cpp/hero_msgs/srv/detail/dds_fastrtps/reset_motor_position__type_support.cpp.o[0m
[ 61%] Built target hero_msgs__rosidl_typesupport_introspection_c
[ 63%] [32mBuilding CXX object CMakeFiles/hero_msgs__rosidl_typesupport_fastrtps_c.dir/rosidl_typesupport_fastrtps_c/hero_msgs/srv/detail/reset_motor_position__type_support_c.cpp.o[0m
[ 65%] [32mBuilding CXX object CMakeFiles/hero_msgs__rosidl_typesupport_c.dir/rosidl_typesupport_c/hero_msgs/msg/auto_aim__type_support.cpp.o[0m
[ 67%] [32mBuilding CXX object CMakeFiles/hero_msgs__rosidl_typesupport_c.dir/rosidl_typesupport_c/hero_msgs/msg/dual_loop_pid_with_filter__type_support.cpp.o[0m
[ 69%] [32mBuilding CXX object CMakeFiles/hero_msgs__rosidl_typesupport_c.dir/rosidl_typesupport_c/hero_msgs/srv/vision_mode_switch__type_support.cpp.o[0m
[ 70%] [32mBuilding CXX object CMakeFiles/hero_msgs__rosidl_typesupport_c.dir/rosidl_typesupport_c/hero_msgs/srv/reset_motor_position__type_support.cpp.o[0m
[ 72%] [32m[1mLinking CXX shared library libhero_msgs__rosidl_typesupport_c.so[0m
[ 74%] [32m[1mLinking CXX shared library libhero_msgs__rosidl_typesupport_introspection_cpp.so[0m
[ 74%] Built target hero_msgs__rosidl_typesupport_c
[ 74%] Built target hero_msgs__rosidl_typesupport_introspection_cpp
[ 76%] [32m[1mLinking CXX shared library libhero_msgs__rosidl_typesupport_fastrtps_c.so[0m
[ 76%] Built target hero_msgs__rosidl_typesupport_fastrtps_c
[ 78%] [32m[1mLinking CXX shared library libhero_msgs__rosidl_typesupport_fastrtps_cpp.so[0m
[ 78%] Built target hero_msgs__rosidl_typesupport_fastrtps_cpp
[ 78%] Built target hero_msgs
[ 80%] [34m[1mGenerating Python code for ROS interfaces[0m
[ 80%] Built target hero_msgs__py
[ 81%] [32mBuilding C object CMakeFiles/hero_msgs__rosidl_generator_py.dir/rosidl_generator_py/hero_msgs/srv/_vision_mode_switch_s.c.o[0m
[ 83%] [32mBuilding C object CMakeFiles/hero_msgs__rosidl_generator_py.dir/rosidl_generator_py/hero_msgs/msg/_dual_loop_pid_with_filter_s.c.o[0m
[ 87%] [32mBuilding C object CMakeFiles/hero_msgs__rosidl_generator_py.dir/rosidl_generator_py/hero_msgs/msg/_auto_aim_s.c.o[0m
[ 87%] [32mBuilding C object CMakeFiles/hero_msgs__rosidl_generator_py.dir/rosidl_generator_py/hero_msgs/srv/_reset_motor_position_s.c.o[0m
[ 89%] [32m[1mLinking C shared library rosidl_generator_py/hero_msgs/libhero_msgs__rosidl_generator_py.so[0m
[ 89%] Built target hero_msgs__rosidl_generator_py
[ 90%] [32mBuilding C object CMakeFiles/hero_msgs__rosidl_typesupport_fastrtps_c__pyext.dir/rosidl_generator_py/hero_msgs/_hero_msgs_s.ep.rosidl_typesupport_fastrtps_c.c.o[0m
[ 92%] [32mBuilding C object CMakeFiles/hero_msgs__rosidl_typesupport_c__pyext.dir/rosidl_generator_py/hero_msgs/_hero_msgs_s.ep.rosidl_typesupport_c.c.o[0m
[ 94%] [32mBuilding C object CMakeFiles/hero_msgs__rosidl_typesupport_introspection_c__pyext.dir/rosidl_generator_py/hero_msgs/_hero_msgs_s.ep.rosidl_typesupport_introspection_c.c.o[0m
[ 96%] [32m[1mLinking C shared library rosidl_generator_py/hero_msgs/hero_msgs_s__rosidl_typesupport_fastrtps_c.cpython-310-aarch64-linux-gnu.so[0m
[ 98%] [32m[1mLinking C shared library rosidl_generator_py/hero_msgs/hero_msgs_s__rosidl_typesupport_c.cpython-310-aarch64-linux-gnu.so[0m
[100%] [32m[1mLinking C shared library rosidl_generator_py/hero_msgs/hero_msgs_s__rosidl_typesupport_introspection_c.cpython-310-aarch64-linux-gnu.so[0m
[100%] Built target hero_msgs__rosidl_typesupport_fastrtps_c__pyext
[100%] Built target hero_msgs__rosidl_typesupport_c__pyext
[100%] Built target hero_msgs__rosidl_typesupport_introspection_c__pyext
-- Install configuration: ""
-- Installing: /home/orangepi/GM/RESOURCES/ros2_ws/install/hero_msgs/share/ament_index/resource_index/rosidl_interfaces/hero_msgs
-- Installing: /home/orangepi/GM/RESOURCES/ros2_ws/install/hero_msgs/include/hero_msgs/hero_msgs
-- Installing: /home/orangepi/GM/RESOURCES/ros2_ws/install/hero_msgs/include/hero_msgs/hero_msgs/msg
-- Installing: /home/orangepi/GM/RESOURCES/ros2_ws/install/hero_msgs/include/hero_msgs/hero_msgs/msg/detail
-- Installing: /home/orangepi/GM/RESOURCES/ros2_ws/install/hero_msgs/include/hero_msgs/hero_msgs/msg/detail/auto_aim__functions.h
-- Installing: /home/orangepi/GM/RESOURCES/ros2_ws/install/hero_msgs/include/hero_msgs/hero_msgs/msg/detail/auto_aim__type_support.h
-- Installing: /home/orangepi/GM/RESOURCES/ros2_ws/install/hero_msgs/include/hero_msgs/hero_msgs/msg/detail/dual_loop_pid_with_filter__struct.h
-- Installing: /home/orangepi/GM/RESOURCES/ros2_ws/install/hero_msgs/include/hero_msgs/hero_msgs/msg/detail/auto_aim__struct.h
-- Installing: /home/orangepi/GM/RESOURCES/ros2_ws/install/hero_msgs/include/hero_msgs/hero_msgs/msg/detail/dual_loop_pid_with_filter__functions.c
-- Installing: /home/orangepi/GM/RESOURCES/ros2_ws/install/hero_msgs/include/hero_msgs/hero_msgs/msg/detail/dual_loop_pid_with_filter__functions.h
-- Installing: /home/orangepi/GM/RESOURCES/ros2_ws/install/hero_msgs/include/hero_msgs/hero_msgs/msg/detail/auto_aim__functions.c
-- Installing: /home/orangepi/GM/RESOURCES/ros2_ws/install/hero_msgs/include/hero_msgs/hero_msgs/msg/detail/dual_loop_pid_with_filter__type_support.h
-- Installing: /home/orangepi/GM/RESOURCES/ros2_ws/install/hero_msgs/include/hero_msgs/hero_msgs/msg/dual_loop_pid_with_filter.h
-- Installing: /home/orangepi/GM/RESOURCES/ros2_ws/install/hero_msgs/include/hero_msgs/hero_msgs/msg/auto_aim.h
-- Installing: /home/orangepi/GM/RESOURCES/ros2_ws/install/hero_msgs/include/hero_msgs/hero_msgs/msg/rosidl_generator_c__visibility_control.h
-- Installing: /home/orangepi/GM/RESOURCES/ros2_ws/install/hero_msgs/include/hero_msgs/hero_msgs/srv
-- Installing: /home/orangepi/GM/RESOURCES/ros2_ws/install/hero_msgs/include/hero_msgs/hero_msgs/srv/detail
-- Installing: /home/orangepi/GM/RESOURCES/ros2_ws/install/hero_msgs/include/hero_msgs/hero_msgs/srv/detail/vision_mode_switch__struct.h
-- Installing: /home/orangepi/GM/RESOURCES/ros2_ws/install/hero_msgs/include/hero_msgs/hero_msgs/srv/detail/vision_mode_switch__type_support.h
-- Installing: /home/orangepi/GM/RESOURCES/ros2_ws/install/hero_msgs/include/hero_msgs/hero_msgs/srv/detail/reset_motor_position__functions.h
-- Installing: /home/orangepi/GM/RESOURCES/ros2_ws/install/hero_msgs/include/hero_msgs/hero_msgs/srv/detail/vision_mode_switch__functions.c
-- Installing: /home/orangepi/GM/RESOURCES/ros2_ws/install/hero_msgs/include/hero_msgs/hero_msgs/srv/detail/reset_motor_position__struct.h
-- Installing: /home/orangepi/GM/RESOURCES/ros2_ws/install/hero_msgs/include/hero_msgs/hero_msgs/srv/detail/reset_motor_position__type_support.h
-- Installing: /home/orangepi/GM/RESOURCES/ros2_ws/install/hero_msgs/include/hero_msgs/hero_msgs/srv/detail/reset_motor_position__functions.c
-- Installing: /home/orangepi/GM/RESOURCES/ros2_ws/install/hero_msgs/include/hero_msgs/hero_msgs/srv/detail/vision_mode_switch__functions.h
-- Installing: /home/orangepi/GM/RESOURCES/ros2_ws/install/hero_msgs/include/hero_msgs/hero_msgs/srv/reset_motor_position.h
-- Installing: /home/orangepi/GM/RESOURCES/ros2_ws/install/hero_msgs/include/hero_msgs/hero_msgs/srv/vision_mode_switch.h
-- Installing: /home/orangepi/GM/RESOURCES/ros2_ws/install/hero_msgs/share/hero_msgs/environment/library_path.sh
-- Installing: /home/orangepi/GM/RESOURCES/ros2_ws/install/hero_msgs/share/hero_msgs/environment/library_path.dsv
-- Installing: /home/orangepi/GM/RESOURCES/ros2_ws/install/hero_msgs/lib/libhero_msgs__rosidl_generator_c.so
-- Set runtime path of "/home/orangepi/GM/RESOURCES/ros2_ws/install/hero_msgs/lib/libhero_msgs__rosidl_generator_c.so" to ""
-- Up-to-date: /home/orangepi/GM/RESOURCES/ros2_ws/install/hero_msgs/include/hero_msgs/hero_msgs
-- Up-to-date: /home/orangepi/GM/RESOURCES/ros2_ws/install/hero_msgs/include/hero_msgs/hero_msgs/msg
-- Up-to-date: /home/orangepi/GM/RESOURCES/ros2_ws/install/hero_msgs/include/hero_msgs/hero_msgs/msg/detail
-- Installing: /home/orangepi/GM/RESOURCES/ros2_ws/install/hero_msgs/include/hero_msgs/hero_msgs/msg/detail/auto_aim__rosidl_typesupport_fastrtps_c.h
-- Installing: /home/orangepi/GM/RESOURCES/ros2_ws/install/hero_msgs/include/hero_msgs/hero_msgs/msg/detail/dual_loop_pid_with_filter__rosidl_typesupport_fastrtps_c.h
-- Installing: /home/orangepi/GM/RESOURCES/ros2_ws/install/hero_msgs/include/hero_msgs/hero_msgs/msg/rosidl_typesupport_fastrtps_c__visibility_control.h
-- Up-to-date: /home/orangepi/GM/RESOURCES/ros2_ws/install/hero_msgs/include/hero_msgs/hero_msgs/srv
-- Up-to-date: /home/orangepi/GM/RESOURCES/ros2_ws/install/hero_msgs/include/hero_msgs/hero_msgs/srv/detail
-- Installing: /home/orangepi/GM/RESOURCES/ros2_ws/install/hero_msgs/include/hero_msgs/hero_msgs/srv/detail/vision_mode_switch__rosidl_typesupport_fastrtps_c.h
-- Installing: /home/orangepi/GM/RESOURCES/ros2_ws/install/hero_msgs/include/hero_msgs/hero_msgs/srv/detail/reset_motor_position__rosidl_typesupport_fastrtps_c.h
-- Installing: /home/orangepi/GM/RESOURCES/ros2_ws/install/hero_msgs/lib/libhero_msgs__rosidl_typesupport_fastrtps_c.so
-- Set runtime path of "/home/orangepi/GM/RESOURCES/ros2_ws/install/hero_msgs/lib/libhero_msgs__rosidl_typesupport_fastrtps_c.so" to ""
-- Up-to-date: /home/orangepi/GM/RESOURCES/ros2_ws/install/hero_msgs/include/hero_msgs/hero_msgs
-- Up-to-date: /home/orangepi/GM/RESOURCES/ros2_ws/install/hero_msgs/include/hero_msgs/hero_msgs/msg
-- Up-to-date: /home/orangepi/GM/RESOURCES/ros2_ws/install/hero_msgs/include/hero_msgs/hero_msgs/msg/detail
-- Installing: /home/orangepi/GM/RESOURCES/ros2_ws/install/hero_msgs/include/hero_msgs/hero_msgs/msg/detail/auto_aim__traits.hpp
-- Installing: /home/orangepi/GM/RESOURCES/ros2_ws/install/hero_msgs/include/hero_msgs/hero_msgs/msg/detail/auto_aim__builder.hpp
-- Installing: /home/orangepi/GM/RESOURCES/ros2_ws/install/hero_msgs/include/hero_msgs/hero_msgs/msg/detail/dual_loop_pid_with_filter__builder.hpp
-- Installing: /home/orangepi/GM/RESOURCES/ros2_ws/install/hero_msgs/include/hero_msgs/hero_msgs/msg/detail/dual_loop_pid_with_filter__traits.hpp
-- Installing: /home/orangepi/GM/RESOURCES/ros2_ws/install/hero_msgs/include/hero_msgs/hero_msgs/msg/detail/auto_aim__struct.hpp
-- Installing: /home/orangepi/GM/RESOURCES/ros2_ws/install/hero_msgs/include/hero_msgs/hero_msgs/msg/detail/dual_loop_pid_with_filter__struct.hpp
-- Installing: /home/orangepi/GM/RESOURCES/ros2_ws/install/hero_msgs/include/hero_msgs/hero_msgs/msg/auto_aim.hpp
-- Installing: /home/orangepi/GM/RESOURCES/ros2_ws/install/hero_msgs/include/hero_msgs/hero_msgs/msg/dual_loop_pid_with_filter.hpp
-- Up-to-date: /home/orangepi/GM/RESOURCES/ros2_ws/install/hero_msgs/include/hero_msgs/hero_msgs/srv
-- Installing: /home/orangepi/GM/RESOURCES/ros2_ws/install/hero_msgs/include/hero_msgs/hero_msgs/srv/vision_mode_switch.hpp
-- Up-to-date: /home/orangepi/GM/RESOURCES/ros2_ws/install/hero_msgs/include/hero_msgs/hero_msgs/srv/detail
-- Installing: /home/orangepi/GM/RESOURCES/ros2_ws/install/hero_msgs/include/hero_msgs/hero_msgs/srv/detail/reset_motor_position__traits.hpp
-- Installing: /home/orangepi/GM/RESOURCES/ros2_ws/install/hero_msgs/include/hero_msgs/hero_msgs/srv/detail/vision_mode_switch__struct.hpp
-- Installing: /home/orangepi/GM/RESOURCES/ros2_ws/install/hero_msgs/include/hero_msgs/hero_msgs/srv/detail/vision_mode_switch__traits.hpp
-- Installing: /home/orangepi/GM/RESOURCES/ros2_ws/install/hero_msgs/include/hero_msgs/hero_msgs/srv/detail/vision_mode_switch__builder.hpp
-- Installing: /home/orangepi/GM/RESOURCES/ros2_ws/install/hero_msgs/include/hero_msgs/hero_msgs/srv/detail/reset_motor_position__struct.hpp
-- Installing: /home/orangepi/GM/RESOURCES/ros2_ws/install/hero_msgs/include/hero_msgs/hero_msgs/srv/detail/reset_motor_position__builder.hpp
-- Installing: /home/orangepi/GM/RESOURCES/ros2_ws/install/hero_msgs/include/hero_msgs/hero_msgs/srv/reset_motor_position.hpp
-- Up-to-date: /home/orangepi/GM/RESOURCES/ros2_ws/install/hero_msgs/include/hero_msgs/hero_msgs
-- Up-to-date: /home/orangepi/GM/RESOURCES/ros2_ws/install/hero_msgs/include/hero_msgs/hero_msgs/msg
-- Up-to-date: /home/orangepi/GM/RESOURCES/ros2_ws/install/hero_msgs/include/hero_msgs/hero_msgs/msg/detail
-- Installing: /home/orangepi/GM/RESOURCES/ros2_ws/install/hero_msgs/include/hero_msgs/hero_msgs/msg/detail/dual_loop_pid_with_filter__rosidl_typesupport_fastrtps_cpp.hpp
-- Installing: /home/orangepi/GM/RESOURCES/ros2_ws/install/hero_msgs/include/hero_msgs/hero_msgs/msg/detail/dds_fastrtps
-- Installing: /home/orangepi/GM/RESOURCES/ros2_ws/install/hero_msgs/include/hero_msgs/hero_msgs/msg/detail/auto_aim__rosidl_typesupport_fastrtps_cpp.hpp
-- Installing: /home/orangepi/GM/RESOURCES/ros2_ws/install/hero_msgs/include/hero_msgs/hero_msgs/msg/rosidl_typesupport_fastrtps_cpp__visibility_control.h
-- Up-to-date: /home/orangepi/GM/RESOURCES/ros2_ws/install/hero_msgs/include/hero_msgs/hero_msgs/srv
-- Up-to-date: /home/orangepi/GM/RESOURCES/ros2_ws/install/hero_msgs/include/hero_msgs/hero_msgs/srv/detail
-- Installing: /home/orangepi/GM/RESOURCES/ros2_ws/install/hero_msgs/include/hero_msgs/hero_msgs/srv/detail/dds_fastrtps
-- Installing: /home/orangepi/GM/RESOURCES/ros2_ws/install/hero_msgs/include/hero_msgs/hero_msgs/srv/detail/vision_mode_switch__rosidl_typesupport_fastrtps_cpp.hpp
-- Installing: /home/orangepi/GM/RESOURCES/ros2_ws/install/hero_msgs/include/hero_msgs/hero_msgs/srv/detail/reset_motor_position__rosidl_typesupport_fastrtps_cpp.hpp
-- Installing: /home/orangepi/GM/RESOURCES/ros2_ws/install/hero_msgs/lib/libhero_msgs__rosidl_typesupport_fastrtps_cpp.so
-- Set runtime path of "/home/orangepi/GM/RESOURCES/ros2_ws/install/hero_msgs/lib/libhero_msgs__rosidl_typesupport_fastrtps_cpp.so" to ""
-- Up-to-date: /home/orangepi/GM/RESOURCES/ros2_ws/install/hero_msgs/include/hero_msgs/hero_msgs
-- Up-to-date: /home/orangepi/GM/RESOURCES/ros2_ws/install/hero_msgs/include/hero_msgs/hero_msgs/msg
-- Up-to-date: /home/orangepi/GM/RESOURCES/ros2_ws/install/hero_msgs/include/hero_msgs/hero_msgs/msg/detail
-- Installing: /home/orangepi/GM/RESOURCES/ros2_ws/install/hero_msgs/include/hero_msgs/hero_msgs/msg/detail/dual_loop_pid_with_filter__rosidl_typesupport_introspection_c.h
-- Installing: /home/orangepi/GM/RESOURCES/ros2_ws/install/hero_msgs/include/hero_msgs/hero_msgs/msg/detail/auto_aim__type_support.c
-- Installing: /home/orangepi/GM/RESOURCES/ros2_ws/install/hero_msgs/include/hero_msgs/hero_msgs/msg/detail/auto_aim__rosidl_typesupport_introspection_c.h
-- Installing: /home/orangepi/GM/RESOURCES/ros2_ws/install/hero_msgs/include/hero_msgs/hero_msgs/msg/detail/dual_loop_pid_with_filter__type_support.c
-- Installing: /home/orangepi/GM/RESOURCES/ros2_ws/install/hero_msgs/include/hero_msgs/hero_msgs/msg/rosidl_typesupport_introspection_c__visibility_control.h
-- Up-to-date: /home/orangepi/GM/RESOURCES/ros2_ws/install/hero_msgs/include/hero_msgs/hero_msgs/srv
-- Up-to-date: /home/orangepi/GM/RESOURCES/ros2_ws/install/hero_msgs/include/hero_msgs/hero_msgs/srv/detail
-- Installing: /home/orangepi/GM/RESOURCES/ros2_ws/install/hero_msgs/include/hero_msgs/hero_msgs/srv/detail/reset_motor_position__rosidl_typesupport_introspection_c.h
-- Installing: /home/orangepi/GM/RESOURCES/ros2_ws/install/hero_msgs/include/hero_msgs/hero_msgs/srv/detail/vision_mode_switch__type_support.c
-- Installing: /home/orangepi/GM/RESOURCES/ros2_ws/install/hero_msgs/include/hero_msgs/hero_msgs/srv/detail/vision_mode_switch__rosidl_typesupport_introspection_c.h
-- Installing: /home/orangepi/GM/RESOURCES/ros2_ws/install/hero_msgs/include/hero_msgs/hero_msgs/srv/detail/reset_motor_position__type_support.c
-- Installing: /home/orangepi/GM/RESOURCES/ros2_ws/install/hero_msgs/lib/libhero_msgs__rosidl_typesupport_introspection_c.so
-- Set runtime path of "/home/orangepi/GM/RESOURCES/ros2_ws/install/hero_msgs/lib/libhero_msgs__rosidl_typesupport_introspection_c.so" to ""
-- Installing: /home/orangepi/GM/RESOURCES/ros2_ws/install/hero_msgs/lib/libhero_msgs__rosidl_typesupport_c.so
-- Set runtime path of "/home/orangepi/GM/RESOURCES/ros2_ws/install/hero_msgs/lib/libhero_msgs__rosidl_typesupport_c.so" to ""
-- Up-to-date: /home/orangepi/GM/RESOURCES/ros2_ws/install/hero_msgs/include/hero_msgs/hero_msgs
-- Up-to-date: /home/orangepi/GM/RESOURCES/ros2_ws/install/hero_msgs/include/hero_msgs/hero_msgs/msg
-- Up-to-date: /home/orangepi/GM/RESOURCES/ros2_ws/install/hero_msgs/include/hero_msgs/hero_msgs/msg/detail
-- Installing: /home/orangepi/GM/RESOURCES/ros2_ws/install/hero_msgs/include/hero_msgs/hero_msgs/msg/detail/auto_aim__rosidl_typesupport_introspection_cpp.hpp
-- Installing: /home/orangepi/GM/RESOURCES/ros2_ws/install/hero_msgs/include/hero_msgs/hero_msgs/msg/detail/dual_loop_pid_with_filter__rosidl_typesupport_introspection_cpp.hpp
-- Installing: /home/orangepi/GM/RESOURCES/ros2_ws/install/hero_msgs/include/hero_msgs/hero_msgs/msg/detail/auto_aim__type_support.cpp
-- Installing: /home/orangepi/GM/RESOURCES/ros2_ws/install/hero_msgs/include/hero_msgs/hero_msgs/msg/detail/dual_loop_pid_with_filter__type_support.cpp
-- Up-to-date: /home/orangepi/GM/RESOURCES/ros2_ws/install/hero_msgs/include/hero_msgs/hero_msgs/srv
-- Up-to-date: /home/orangepi/GM/RESOURCES/ros2_ws/install/hero_msgs/include/hero_msgs/hero_msgs/srv/detail
-- Installing: /home/orangepi/GM/RESOURCES/ros2_ws/install/hero_msgs/include/hero_msgs/hero_msgs/srv/detail/vision_mode_switch__rosidl_typesupport_introspection_cpp.hpp
-- Installing: /home/orangepi/GM/RESOURCES/ros2_ws/install/hero_msgs/include/hero_msgs/hero_msgs/srv/detail/reset_motor_position__rosidl_typesupport_introspection_cpp.hpp
-- Installing: /home/orangepi/GM/RESOURCES/ros2_ws/install/hero_msgs/include/hero_msgs/hero_msgs/srv/detail/vision_mode_switch__type_support.cpp
-- Installing: /home/orangepi/GM/RESOURCES/ros2_ws/install/hero_msgs/include/hero_msgs/hero_msgs/srv/detail/reset_motor_position__type_support.cpp
-- Installing: /home/orangepi/GM/RESOURCES/ros2_ws/install/hero_msgs/lib/libhero_msgs__rosidl_typesupport_introspection_cpp.so
-- Set runtime path of "/home/orangepi/GM/RESOURCES/ros2_ws/install/hero_msgs/lib/libhero_msgs__rosidl_typesupport_introspection_cpp.so" to ""
-- Installing: /home/orangepi/GM/RESOURCES/ros2_ws/install/hero_msgs/lib/libhero_msgs__rosidl_typesupport_cpp.so
-- Set runtime path of "/home/orangepi/GM/RESOURCES/ros2_ws/install/hero_msgs/lib/libhero_msgs__rosidl_typesupport_cpp.so" to ""
-- Installing: /home/orangepi/GM/RESOURCES/ros2_ws/install/hero_msgs/share/hero_msgs/environment/pythonpath.sh
-- Installing: /home/orangepi/GM/RESOURCES/ros2_ws/install/hero_msgs/share/hero_msgs/environment/pythonpath.dsv
-- Installing: /home/orangepi/GM/RESOURCES/ros2_ws/install/hero_msgs/local/lib/python3.10/dist-packages/hero_msgs-0.0.1-py3.10.egg-info
-- Installing: /home/orangepi/GM/RESOURCES/ros2_ws/install/hero_msgs/local/lib/python3.10/dist-packages/hero_msgs-0.0.1-py3.10.egg-info/top_level.txt
-- Installing: /home/orangepi/GM/RESOURCES/ros2_ws/install/hero_msgs/local/lib/python3.10/dist-packages/hero_msgs-0.0.1-py3.10.egg-info/PKG-INFO
-- Installing: /home/orangepi/GM/RESOURCES/ros2_ws/install/hero_msgs/local/lib/python3.10/dist-packages/hero_msgs-0.0.1-py3.10.egg-info/SOURCES.txt
-- Installing: /home/orangepi/GM/RESOURCES/ros2_ws/install/hero_msgs/local/lib/python3.10/dist-packages/hero_msgs-0.0.1-py3.10.egg-info/dependency_links.txt
-- Installing: /home/orangepi/GM/RESOURCES/ros2_ws/install/hero_msgs/local/lib/python3.10/dist-packages/hero_msgs
-- Installing: /home/orangepi/GM/RESOURCES/ros2_ws/install/hero_msgs/local/lib/python3.10/dist-packages/hero_msgs/msg
-- Installing: /home/orangepi/GM/RESOURCES/ros2_ws/install/hero_msgs/local/lib/python3.10/dist-packages/hero_msgs/msg/_auto_aim.py
-- Installing: /home/orangepi/GM/RESOURCES/ros2_ws/install/hero_msgs/local/lib/python3.10/dist-packages/hero_msgs/msg/__init__.py
-- Installing: /home/orangepi/GM/RESOURCES/ros2_ws/install/hero_msgs/local/lib/python3.10/dist-packages/hero_msgs/msg/_dual_loop_pid_with_filter_s.c
-- Installing: /home/orangepi/GM/RESOURCES/ros2_ws/install/hero_msgs/local/lib/python3.10/dist-packages/hero_msgs/msg/_auto_aim_s.c
-- Installing: /home/orangepi/GM/RESOURCES/ros2_ws/install/hero_msgs/local/lib/python3.10/dist-packages/hero_msgs/msg/_dual_loop_pid_with_filter.py
-- Installing: /home/orangepi/GM/RESOURCES/ros2_ws/install/hero_msgs/local/lib/python3.10/dist-packages/hero_msgs/hero_msgs_s__rosidl_typesupport_c.cpython-310-aarch64-linux-gnu.so
-- Installing: /home/orangepi/GM/RESOURCES/ros2_ws/install/hero_msgs/local/lib/python3.10/dist-packages/hero_msgs/__init__.py
-- Installing: /home/orangepi/GM/RESOURCES/ros2_ws/install/hero_msgs/local/lib/python3.10/dist-packages/hero_msgs/_hero_msgs_s.ep.rosidl_typesupport_fastrtps_c.c
-- Installing: /home/orangepi/GM/RESOURCES/ros2_ws/install/hero_msgs/local/lib/python3.10/dist-packages/hero_msgs/hero_msgs_s__rosidl_typesupport_introspection_c.cpython-310-aarch64-linux-gnu.so
-- Installing: /home/orangepi/GM/RESOURCES/ros2_ws/install/hero_msgs/local/lib/python3.10/dist-packages/hero_msgs/hero_msgs_s__rosidl_typesupport_fastrtps_c.cpython-310-aarch64-linux-gnu.so
-- Installing: /home/orangepi/GM/RESOURCES/ros2_ws/install/hero_msgs/local/lib/python3.10/dist-packages/hero_msgs/_hero_msgs_s.ep.rosidl_typesupport_c.c
-- Installing: /home/orangepi/GM/RESOURCES/ros2_ws/install/hero_msgs/local/lib/python3.10/dist-packages/hero_msgs/srv
-- Installing: /home/orangepi/GM/RESOURCES/ros2_ws/install/hero_msgs/local/lib/python3.10/dist-packages/hero_msgs/srv/_vision_mode_switch.py
-- Installing: /home/orangepi/GM/RESOURCES/ros2_ws/install/hero_msgs/local/lib/python3.10/dist-packages/hero_msgs/srv/__init__.py
-- Installing: /home/orangepi/GM/RESOURCES/ros2_ws/install/hero_msgs/local/lib/python3.10/dist-packages/hero_msgs/srv/_vision_mode_switch_s.c
-- Installing: /home/orangepi/GM/RESOURCES/ros2_ws/install/hero_msgs/local/lib/python3.10/dist-packages/hero_msgs/srv/_reset_motor_position_s.c
-- Installing: /home/orangepi/GM/RESOURCES/ros2_ws/install/hero_msgs/local/lib/python3.10/dist-packages/hero_msgs/srv/_reset_motor_position.py
-- Installing: /home/orangepi/GM/RESOURCES/ros2_ws/install/hero_msgs/local/lib/python3.10/dist-packages/hero_msgs/libhero_msgs__rosidl_generator_py.so
-- Installing: /home/orangepi/GM/RESOURCES/ros2_ws/install/hero_msgs/local/lib/python3.10/dist-packages/hero_msgs/_hero_msgs_s.ep.rosidl_typesupport_introspection_c.c
Listing '/home/orangepi/GM/RESOURCES/ros2_ws/install/hero_msgs/local/lib/python3.10/dist-packages/hero_msgs'...
Compiling '/home/orangepi/GM/RESOURCES/ros2_ws/install/hero_msgs/local/lib/python3.10/dist-packages/hero_msgs/__init__.py'...
Listing '/home/orangepi/GM/RESOURCES/ros2_ws/install/hero_msgs/local/lib/python3.10/dist-packages/hero_msgs/msg'...
Compiling '/home/orangepi/GM/RESOURCES/ros2_ws/install/hero_msgs/local/lib/python3.10/dist-packages/hero_msgs/msg/__init__.py'...
Compiling '/home/orangepi/GM/RESOURCES/ros2_ws/install/hero_msgs/local/lib/python3.10/dist-packages/hero_msgs/msg/_auto_aim.py'...
Compiling '/home/orangepi/GM/RESOURCES/ros2_ws/install/hero_msgs/local/lib/python3.10/dist-packages/hero_msgs/msg/_dual_loop_pid_with_filter.py'...
Listing '/home/orangepi/GM/RESOURCES/ros2_ws/install/hero_msgs/local/lib/python3.10/dist-packages/hero_msgs/srv'...
Compiling '/home/orangepi/GM/RESOURCES/ros2_ws/install/hero_msgs/local/lib/python3.10/dist-packages/hero_msgs/srv/__init__.py'...
Compiling '/home/orangepi/GM/RESOURCES/ros2_ws/install/hero_msgs/local/lib/python3.10/dist-packages/hero_msgs/srv/_reset_motor_position.py'...
Compiling '/home/orangepi/GM/RESOURCES/ros2_ws/install/hero_msgs/local/lib/python3.10/dist-packages/hero_msgs/srv/_vision_mode_switch.py'...
-- Installing: /home/orangepi/GM/RESOURCES/ros2_ws/install/hero_msgs/local/lib/python3.10/dist-packages/hero_msgs/hero_msgs_s__rosidl_typesupport_fastrtps_c.cpython-310-aarch64-linux-gnu.so
-- Set runtime path of "/home/orangepi/GM/RESOURCES/ros2_ws/install/hero_msgs/local/lib/python3.10/dist-packages/hero_msgs/hero_msgs_s__rosidl_typesupport_fastrtps_c.cpython-310-aarch64-linux-gnu.so" to ""
-- Installing: /home/orangepi/GM/RESOURCES/ros2_ws/install/hero_msgs/local/lib/python3.10/dist-packages/hero_msgs/hero_msgs_s__rosidl_typesupport_introspection_c.cpython-310-aarch64-linux-gnu.so
-- Set runtime path of "/home/orangepi/GM/RESOURCES/ros2_ws/install/hero_msgs/local/lib/python3.10/dist-packages/hero_msgs/hero_msgs_s__rosidl_typesupport_introspection_c.cpython-310-aarch64-linux-gnu.so" to ""
-- Installing: /home/orangepi/GM/RESOURCES/ros2_ws/install/hero_msgs/local/lib/python3.10/dist-packages/hero_msgs/hero_msgs_s__rosidl_typesupport_c.cpython-310-aarch64-linux-gnu.so
-- Set runtime path of "/home/orangepi/GM/RESOURCES/ros2_ws/install/hero_msgs/local/lib/python3.10/dist-packages/hero_msgs/hero_msgs_s__rosidl_typesupport_c.cpython-310-aarch64-linux-gnu.so" to ""
-- Installing: /home/orangepi/GM/RESOURCES/ros2_ws/install/hero_msgs/lib/libhero_msgs__rosidl_generator_py.so
-- Set runtime path of "/home/orangepi/GM/RESOURCES/ros2_ws/install/hero_msgs/lib/libhero_msgs__rosidl_generator_py.so" to ""
-- Installing: /home/orangepi/GM/RESOURCES/ros2_ws/install/hero_msgs/share/hero_msgs/msg/AutoAIM.idl
-- Installing: /home/orangepi/GM/RESOURCES/ros2_ws/install/hero_msgs/share/hero_msgs/msg/DualLoopPIDWithFilter.idl
-- Installing: /home/orangepi/GM/RESOURCES/ros2_ws/install/hero_msgs/share/hero_msgs/srv/VisionModeSwitch.idl
-- Installing: /home/orangepi/GM/RESOURCES/ros2_ws/install/hero_msgs/share/hero_msgs/srv/ResetMotorPosition.idl
-- Installing: /home/orangepi/GM/RESOURCES/ros2_ws/install/hero_msgs/share/hero_msgs/msg/AutoAIM.msg
-- Installing: /home/orangepi/GM/RESOURCES/ros2_ws/install/hero_msgs/share/hero_msgs/msg/DualLoopPIDWithFilter.msg
-- Installing: /home/orangepi/GM/RESOURCES/ros2_ws/install/hero_msgs/share/hero_msgs/srv/VisionModeSwitch.srv
-- Installing: /home/orangepi/GM/RESOURCES/ros2_ws/install/hero_msgs/share/hero_msgs/srv/VisionModeSwitch_Request.msg
-- Installing: /home/orangepi/GM/RESOURCES/ros2_ws/install/hero_msgs/share/hero_msgs/srv/VisionModeSwitch_Response.msg
-- Installing: /home/orangepi/GM/RESOURCES/ros2_ws/install/hero_msgs/share/hero_msgs/srv/ResetMotorPosition.srv
-- Installing: /home/orangepi/GM/RESOURCES/ros2_ws/install/hero_msgs/share/hero_msgs/srv/ResetMotorPosition_Request.msg
-- Installing: /home/orangepi/GM/RESOURCES/ros2_ws/install/hero_msgs/share/hero_msgs/srv/ResetMotorPosition_Response.msg
-- Installing: /home/orangepi/GM/RESOURCES/ros2_ws/install/hero_msgs/share/ament_index/resource_index/package_run_dependencies/hero_msgs
-- Installing: /home/orangepi/GM/RESOURCES/ros2_ws/install/hero_msgs/share/ament_index/resource_index/parent_prefix_path/hero_msgs
-- Installing: /home/orangepi/GM/RESOURCES/ros2_ws/install/hero_msgs/share/hero_msgs/environment/ament_prefix_path.sh
-- Installing: /home/orangepi/GM/RESOURCES/ros2_ws/install/hero_msgs/share/hero_msgs/environment/ament_prefix_path.dsv
-- Installing: /home/orangepi/GM/RESOURCES/ros2_ws/install/hero_msgs/share/hero_msgs/environment/path.sh
-- Installing: /home/orangepi/GM/RESOURCES/ros2_ws/install/hero_msgs/share/hero_msgs/environment/path.dsv
-- Installing: /home/orangepi/GM/RESOURCES/ros2_ws/install/hero_msgs/share/hero_msgs/local_setup.bash
-- Installing: /home/orangepi/GM/RESOURCES/ros2_ws/install/hero_msgs/share/hero_msgs/local_setup.sh
-- Installing: /home/orangepi/GM/RESOURCES/ros2_ws/install/hero_msgs/share/hero_msgs/local_setup.zsh
-- Installing: /home/orangepi/GM/RESOURCES/ros2_ws/install/hero_msgs/share/hero_msgs/local_setup.dsv
-- Installing: /home/orangepi/GM/RESOURCES/ros2_ws/install/hero_msgs/share/hero_msgs/package.dsv
-- Installing: /home/orangepi/GM/RESOURCES/ros2_ws/install/hero_msgs/share/ament_index/resource_index/packages/hero_msgs
-- Installing: /home/orangepi/GM/RESOURCES/ros2_ws/install/hero_msgs/share/hero_msgs/cmake/export_hero_msgs__rosidl_generator_cExport.cmake
-- Installing: /home/orangepi/GM/RESOURCES/ros2_ws/install/hero_msgs/share/hero_msgs/cmake/export_hero_msgs__rosidl_generator_cExport-noconfig.cmake
-- Installing: /home/orangepi/GM/RESOURCES/ros2_ws/install/hero_msgs/share/hero_msgs/cmake/export_hero_msgs__rosidl_typesupport_fastrtps_cExport.cmake
-- Installing: /home/orangepi/GM/RESOURCES/ros2_ws/install/hero_msgs/share/hero_msgs/cmake/export_hero_msgs__rosidl_typesupport_fastrtps_cExport-noconfig.cmake
-- Installing: /home/orangepi/GM/RESOURCES/ros2_ws/install/hero_msgs/share/hero_msgs/cmake/export_hero_msgs__rosidl_generator_cppExport.cmake
-- Installing: /home/orangepi/GM/RESOURCES/ros2_ws/install/hero_msgs/share/hero_msgs/cmake/export_hero_msgs__rosidl_typesupport_fastrtps_cppExport.cmake
-- Installing: /home/orangepi/GM/RESOURCES/ros2_ws/install/hero_msgs/share/hero_msgs/cmake/export_hero_msgs__rosidl_typesupport_fastrtps_cppExport-noconfig.cmake
-- Installing: /home/orangepi/GM/RESOURCES/ros2_ws/install/hero_msgs/share/hero_msgs/cmake/hero_msgs__rosidl_typesupport_introspection_cExport.cmake
-- Installing: /home/orangepi/GM/RESOURCES/ros2_ws/install/hero_msgs/share/hero_msgs/cmake/hero_msgs__rosidl_typesupport_introspection_cExport-noconfig.cmake
-- Installing: /home/orangepi/GM/RESOURCES/ros2_ws/install/hero_msgs/share/hero_msgs/cmake/hero_msgs__rosidl_typesupport_cExport.cmake
-- Installing: /home/orangepi/GM/RESOURCES/ros2_ws/install/hero_msgs/share/hero_msgs/cmake/hero_msgs__rosidl_typesupport_cExport-noconfig.cmake
-- Installing: /home/orangepi/GM/RESOURCES/ros2_ws/install/hero_msgs/share/hero_msgs/cmake/hero_msgs__rosidl_typesupport_introspection_cppExport.cmake
-- Installing: /home/orangepi/GM/RESOURCES/ros2_ws/install/hero_msgs/share/hero_msgs/cmake/hero_msgs__rosidl_typesupport_introspection_cppExport-noconfig.cmake
-- Installing: /home/orangepi/GM/RESOURCES/ros2_ws/install/hero_msgs/share/hero_msgs/cmake/hero_msgs__rosidl_typesupport_cppExport.cmake
-- Installing: /home/orangepi/GM/RESOURCES/ros2_ws/install/hero_msgs/share/hero_msgs/cmake/hero_msgs__rosidl_typesupport_cppExport-noconfig.cmake
-- Installing: /home/orangepi/GM/RESOURCES/ros2_ws/install/hero_msgs/share/hero_msgs/cmake/export_hero_msgs__rosidl_generator_pyExport.cmake
-- Installing: /home/orangepi/GM/RESOURCES/ros2_ws/install/hero_msgs/share/hero_msgs/cmake/export_hero_msgs__rosidl_generator_pyExport-noconfig.cmake
-- Installing: /home/orangepi/GM/RESOURCES/ros2_ws/install/hero_msgs/share/hero_msgs/cmake/rosidl_cmake-extras.cmake
-- Installing: /home/orangepi/GM/RESOURCES/ros2_ws/install/hero_msgs/share/hero_msgs/cmake/ament_cmake_export_dependencies-extras.cmake
-- Installing: /home/orangepi/GM/RESOURCES/ros2_ws/install/hero_msgs/share/hero_msgs/cmake/ament_cmake_export_include_directories-extras.cmake
-- Installing: /home/orangepi/GM/RESOURCES/ros2_ws/install/hero_msgs/share/hero_msgs/cmake/ament_cmake_export_libraries-extras.cmake
-- Installing: /home/orangepi/GM/RESOURCES/ros2_ws/install/hero_msgs/share/hero_msgs/cmake/ament_cmake_export_targets-extras.cmake
-- Installing: /home/orangepi/GM/RESOURCES/ros2_ws/install/hero_msgs/share/hero_msgs/cmake/rosidl_cmake_export_typesupport_targets-extras.cmake
-- Installing: /home/orangepi/GM/RESOURCES/ros2_ws/install/hero_msgs/share/hero_msgs/cmake/rosidl_cmake_export_typesupport_libraries-extras.cmake
-- Installing: /home/orangepi/GM/RESOURCES/ros2_ws/install/hero_msgs/share/hero_msgs/cmake/hero_msgsConfig.cmake
-- Installing: /home/orangepi/GM/RESOURCES/ros2_ws/install/hero_msgs/share/hero_msgs/cmake/hero_msgsConfig-version.cmake
-- Installing: /home/orangepi/GM/RESOURCES/ros2_ws/install/hero_msgs/share/hero_msgs/package.xml
