[0.016s] Invoking command in '/home/orangepi/GM/RESOURCES/ros2_ws/build/hero_msgs': CMAKE_PREFIX_PATH=/opt/ros/humble /usr/bin/cmake /home/orangepi/GM/RESOURCES/ros2_ws/src/hero_msgs -DCMAKE_INSTALL_PREFIX=/home/orangepi/GM/RESOURCES/ros2_ws/install/hero_msgs
[0.191s] -- The C compiler identification is GNU 11.4.0
[0.357s] -- The CXX compiler identification is GNU 11.4.0
[0.368s] -- Detecting C compiler ABI info
[0.510s] -- Detecting C compiler ABI info - done
[0.527s] -- Check for working C compiler: /usr/bin/cc - skipped
[0.528s] -- Detecting C compile features
[0.528s] -- Detecting C compile features - done
[0.533s] -- Detecting CXX compiler ABI info
[0.762s] -- Detecting CXX compiler ABI info - done
[0.773s] -- Check for working CXX compiler: /usr/bin/c++ - skipped
[0.774s] -- Detecting CXX compile features
[0.774s] -- Detecting CXX compile features - done
[0.778s] -- Found ament_cmake: 1.3.10 (/opt/ros/humble/share/ament_cmake/cmake)
[1.130s] -- Found Python3: /usr/bin/python3 (found version "3.10.12") found components: Interpreter 
[1.347s] -- Found std_msgs: 4.2.4 (/opt/ros/humble/share/std_msgs/cmake)
[1.384s] -- Found rosidl_generator_c: 3.1.5 (/opt/ros/humble/share/rosidl_generator_c/cmake)
[1.391s] -- Found rosidl_adapter: 3.1.5 (/opt/ros/humble/share/rosidl_adapter/cmake)
[1.400s] -- Found rosidl_generator_cpp: 3.1.5 (/opt/ros/humble/share/rosidl_generator_cpp/cmake)
[1.415s] -- Using all available rosidl_typesupport_c: rosidl_typesupport_fastrtps_c;rosidl_typesupport_introspection_c
[1.435s] -- Using all available rosidl_typesupport_cpp: rosidl_typesupport_fastrtps_cpp;rosidl_typesupport_introspection_cpp
[1.473s] -- Found rosidl_default_generators: 1.2.0 (/opt/ros/humble/share/rosidl_default_generators/cmake)
[1.483s] -- Found ament_lint_auto: 0.12.11 (/opt/ros/humble/share/ament_lint_auto/cmake)
[2.143s] -- Found ament_cmake_ros: 0.10.0 (/opt/ros/humble/share/ament_cmake_ros/cmake)
[2.859s] -- Using all available rosidl_typesupport_c: rosidl_typesupport_fastrtps_c;rosidl_typesupport_introspection_c
[3.212s] -- Using all available rosidl_typesupport_cpp: rosidl_typesupport_fastrtps_cpp;rosidl_typesupport_introspection_cpp
[3.270s] -- Found PythonInterp: /usr/bin/python3 (found suitable version "3.10.12", minimum required is "3.6") 
[3.271s] -- Found python_cmake_module: 0.10.0 (/opt/ros/humble/share/python_cmake_module/cmake)
[3.360s] -- Found PythonLibs: /usr/lib/aarch64-linux-gnu/libpython3.10.so (found suitable version "3.10.12", minimum required is "3.5") 
[3.361s] -- Using PYTHON_EXECUTABLE: /usr/bin/python3
[3.361s] -- Using PYTHON_INCLUDE_DIRS: /usr/include/python3.10
[3.361s] -- Using PYTHON_LIBRARIES: /usr/lib/aarch64-linux-gnu/libpython3.10.so
[3.410s] -- Found PythonExtra: .so  
[3.522s] -- Added test 'copyright' to check source files copyright and LICENSE
[3.524s] -- Added test 'lint_cmake' to check CMake code style
[3.525s] -- Added test 'xmllint' to check XML markup files
[3.531s] -- Configuring done
[3.583s] -- Generating done
[3.586s] -- Build files have been written to: /home/orangepi/GM/RESOURCES/ros2_ws/build/hero_msgs
[3.609s] Invoked command in '/home/orangepi/GM/RESOURCES/ros2_ws/build/hero_msgs' returned '0': CMAKE_PREFIX_PATH=/opt/ros/humble /usr/bin/cmake /home/orangepi/GM/RESOURCES/ros2_ws/src/hero_msgs -DCMAKE_INSTALL_PREFIX=/home/orangepi/GM/RESOURCES/ros2_ws/install/hero_msgs
[3.612s] Invoking command in '/home/orangepi/GM/RESOURCES/ros2_ws/build/hero_msgs': CMAKE_PREFIX_PATH=/opt/ros/humble /usr/bin/cmake --build /home/orangepi/GM/RESOURCES/ros2_ws/build/hero_msgs -- -j8 -l8
[3.747s] [  1%] [34m[1mGenerating C code for ROS interfaces[0m
[3.778s] [  3%] [34m[1mGenerating C++ code for ROS interfaces[0m
[3.799s] [  3%] Built target ament_cmake_python_copy_hero_msgs
[4.145s] running egg_info
[4.146s] creating hero_msgs.egg-info
[4.147s] writing hero_msgs.egg-info/PKG-INFO
[4.147s] writing dependency_links to hero_msgs.egg-info/dependency_links.txt
[4.148s] writing top-level names to hero_msgs.egg-info/top_level.txt
[4.148s] writing manifest file 'hero_msgs.egg-info/SOURCES.txt'
[4.154s] reading manifest file 'hero_msgs.egg-info/SOURCES.txt'
[4.155s] writing manifest file 'hero_msgs.egg-info/SOURCES.txt'
[4.255s] [  3%] Built target ament_cmake_python_build_hero_msgs_egg
[4.839s] [  3%] Built target hero_msgs__cpp
[4.866s] [  5%] [34m[1mGenerating C++ type support dispatch for ROS interfaces[0m
[4.874s] [  7%] [34m[1mGenerating C++ type support for eProsima Fast-RTPS[0m
[4.887s] [  9%] [34m[1mGenerating C++ introspection for ROS interfaces[0m
[4.989s] [ 10%] [32mBuilding C object CMakeFiles/hero_msgs__rosidl_generator_c.dir/rosidl_generator_c/hero_msgs/msg/detail/dual_loop_pid_with_filter__functions.c.o[0m
[4.990s] [ 14%] [32mBuilding C object CMakeFiles/hero_msgs__rosidl_generator_c.dir/rosidl_generator_c/hero_msgs/msg/detail/auto_aim__functions.c.o[0m
[4.993s] [ 14%] [32mBuilding C object CMakeFiles/hero_msgs__rosidl_generator_c.dir/rosidl_generator_c/hero_msgs/srv/detail/vision_mode_switch__functions.c.o[0m
[5.005s] [ 16%] [32mBuilding C object CMakeFiles/hero_msgs__rosidl_generator_c.dir/rosidl_generator_c/hero_msgs/srv/detail/reset_motor_position__functions.c.o[0m
[5.229s] [ 18%] [32m[1mLinking C shared library libhero_msgs__rosidl_generator_c.so[0m
[5.421s] [ 18%] Built target hero_msgs__rosidl_generator_c
[5.491s] [ 20%] [34m[1mGenerating C introspection for ROS interfaces[0m
[5.499s] [ 21%] [34m[1mGenerating C type support dispatch for ROS interfaces[0m
[5.516s] [ 23%] [34m[1mGenerating C type support for eProsima Fast-RTPS[0m
[5.855s] [ 25%] [32mBuilding CXX object CMakeFiles/hero_msgs__rosidl_typesupport_cpp.dir/rosidl_typesupport_cpp/hero_msgs/msg/auto_aim__type_support.cpp.o[0m
[5.886s] [ 27%] [32mBuilding CXX object CMakeFiles/hero_msgs__rosidl_typesupport_cpp.dir/rosidl_typesupport_cpp/hero_msgs/srv/vision_mode_switch__type_support.cpp.o[0m
[5.892s] [ 29%] [32mBuilding CXX object CMakeFiles/hero_msgs__rosidl_typesupport_cpp.dir/rosidl_typesupport_cpp/hero_msgs/msg/dual_loop_pid_with_filter__type_support.cpp.o[0m
[6.616s] [ 30%] [32mBuilding CXX object CMakeFiles/hero_msgs__rosidl_typesupport_introspection_cpp.dir/rosidl_typesupport_introspection_cpp/hero_msgs/msg/detail/auto_aim__type_support.cpp.o[0m
[6.719s] [ 32%] [32mBuilding CXX object CMakeFiles/hero_msgs__rosidl_typesupport_fastrtps_cpp.dir/rosidl_typesupport_fastrtps_cpp/hero_msgs/msg/detail/dds_fastrtps/auto_aim__type_support.cpp.o[0m
[6.846s] [ 34%] [32mBuilding CXX object CMakeFiles/hero_msgs__rosidl_typesupport_introspection_cpp.dir/rosidl_typesupport_introspection_cpp/hero_msgs/msg/detail/dual_loop_pid_with_filter__type_support.cpp.o[0m
[6.883s] [ 36%] [32mBuilding CXX object CMakeFiles/hero_msgs__rosidl_typesupport_cpp.dir/rosidl_typesupport_cpp/hero_msgs/srv/reset_motor_position__type_support.cpp.o[0m
[7.635s] [ 38%] [32mBuilding CXX object CMakeFiles/hero_msgs__rosidl_typesupport_fastrtps_cpp.dir/rosidl_typesupport_fastrtps_cpp/hero_msgs/msg/detail/dds_fastrtps/dual_loop_pid_with_filter__type_support.cpp.o[0m
[7.651s] [ 40%] [32mBuilding CXX object CMakeFiles/hero_msgs__rosidl_typesupport_fastrtps_cpp.dir/rosidl_typesupport_fastrtps_cpp/hero_msgs/srv/detail/dds_fastrtps/vision_mode_switch__type_support.cpp.o[0m
[7.720s] [ 41%] [32mBuilding C object CMakeFiles/hero_msgs__rosidl_typesupport_introspection_c.dir/rosidl_typesupport_introspection_c/hero_msgs/msg/detail/auto_aim__type_support.c.o[0m
[7.875s] [ 43%] [32mBuilding CXX object CMakeFiles/hero_msgs__rosidl_typesupport_fastrtps_c.dir/rosidl_typesupport_fastrtps_c/hero_msgs/msg/detail/auto_aim__type_support_c.cpp.o[0m
[8.006s] [ 45%] [32mBuilding C object CMakeFiles/hero_msgs__rosidl_typesupport_introspection_c.dir/rosidl_typesupport_introspection_c/hero_msgs/msg/detail/dual_loop_pid_with_filter__type_support.c.o[0m
[8.060s] [ 47%] [32m[1mLinking CXX shared library libhero_msgs__rosidl_typesupport_cpp.so[0m
[8.261s] [ 47%] Built target hero_msgs__rosidl_typesupport_cpp
[8.276s] [ 49%] [32mBuilding CXX object CMakeFiles/hero_msgs__rosidl_typesupport_introspection_cpp.dir/rosidl_typesupport_introspection_cpp/hero_msgs/srv/detail/vision_mode_switch__type_support.cpp.o[0m
[8.300s] [ 50%] [32mBuilding CXX object CMakeFiles/hero_msgs__rosidl_typesupport_introspection_cpp.dir/rosidl_typesupport_introspection_cpp/hero_msgs/srv/detail/reset_motor_position__type_support.cpp.o[0m
[8.305s] [ 52%] [32mBuilding C object CMakeFiles/hero_msgs__rosidl_typesupport_introspection_c.dir/rosidl_typesupport_introspection_c/hero_msgs/srv/detail/vision_mode_switch__type_support.c.o[0m
[8.386s] [ 54%] [32mBuilding CXX object CMakeFiles/hero_msgs__rosidl_typesupport_fastrtps_c.dir/rosidl_typesupport_fastrtps_c/hero_msgs/msg/detail/dual_loop_pid_with_filter__type_support_c.cpp.o[0m
[8.612s] [ 56%] [32mBuilding C object CMakeFiles/hero_msgs__rosidl_typesupport_introspection_c.dir/rosidl_typesupport_introspection_c/hero_msgs/srv/detail/reset_motor_position__type_support.c.o[0m
[8.983s] [ 58%] [32m[1mLinking C shared library libhero_msgs__rosidl_typesupport_introspection_c.so[0m
[9.011s] [ 60%] [32mBuilding CXX object CMakeFiles/hero_msgs__rosidl_typesupport_fastrtps_c.dir/rosidl_typesupport_fastrtps_c/hero_msgs/srv/detail/vision_mode_switch__type_support_c.cpp.o[0m
[9.215s] [ 61%] [32mBuilding CXX object CMakeFiles/hero_msgs__rosidl_typesupport_fastrtps_cpp.dir/rosidl_typesupport_fastrtps_cpp/hero_msgs/srv/detail/dds_fastrtps/reset_motor_position__type_support.cpp.o[0m
[9.238s] [ 61%] Built target hero_msgs__rosidl_typesupport_introspection_c
[9.313s] [ 63%] [32mBuilding CXX object CMakeFiles/hero_msgs__rosidl_typesupport_fastrtps_c.dir/rosidl_typesupport_fastrtps_c/hero_msgs/srv/detail/reset_motor_position__type_support_c.cpp.o[0m
[9.404s] [ 65%] [32mBuilding CXX object CMakeFiles/hero_msgs__rosidl_typesupport_c.dir/rosidl_typesupport_c/hero_msgs/msg/auto_aim__type_support.cpp.o[0m
[9.434s] [ 67%] [32mBuilding CXX object CMakeFiles/hero_msgs__rosidl_typesupport_c.dir/rosidl_typesupport_c/hero_msgs/msg/dual_loop_pid_with_filter__type_support.cpp.o[0m
[9.532s] [ 69%] [32mBuilding CXX object CMakeFiles/hero_msgs__rosidl_typesupport_c.dir/rosidl_typesupport_c/hero_msgs/srv/vision_mode_switch__type_support.cpp.o[0m
[9.589s] [ 70%] [32mBuilding CXX object CMakeFiles/hero_msgs__rosidl_typesupport_c.dir/rosidl_typesupport_c/hero_msgs/srv/reset_motor_position__type_support.cpp.o[0m
[9.723s] [ 72%] [32m[1mLinking CXX shared library libhero_msgs__rosidl_typesupport_c.so[0m
[9.833s] [ 74%] [32m[1mLinking CXX shared library libhero_msgs__rosidl_typesupport_introspection_cpp.so[0m
[9.911s] [ 74%] Built target hero_msgs__rosidl_typesupport_c
[10.251s] [ 74%] Built target hero_msgs__rosidl_typesupport_introspection_cpp
[10.263s] [ 76%] [32m[1mLinking CXX shared library libhero_msgs__rosidl_typesupport_fastrtps_c.so[0m
[10.490s] [ 76%] Built target hero_msgs__rosidl_typesupport_fastrtps_c
[10.673s] [ 78%] [32m[1mLinking CXX shared library libhero_msgs__rosidl_typesupport_fastrtps_cpp.so[0m
[10.860s] [ 78%] Built target hero_msgs__rosidl_typesupport_fastrtps_cpp
[10.916s] [ 78%] Built target hero_msgs
[10.991s] [ 80%] [34m[1mGenerating Python code for ROS interfaces[0m
[12.641s] [ 80%] Built target hero_msgs__py
[12.698s] [ 81%] [32mBuilding C object CMakeFiles/hero_msgs__rosidl_generator_py.dir/rosidl_generator_py/hero_msgs/srv/_vision_mode_switch_s.c.o[0m
[12.703s] [ 83%] [32mBuilding C object CMakeFiles/hero_msgs__rosidl_generator_py.dir/rosidl_generator_py/hero_msgs/msg/_dual_loop_pid_with_filter_s.c.o[0m
[12.705s] [ 87%] [32mBuilding C object CMakeFiles/hero_msgs__rosidl_generator_py.dir/rosidl_generator_py/hero_msgs/msg/_auto_aim_s.c.o[0m
[12.705s] [ 87%] [32mBuilding C object CMakeFiles/hero_msgs__rosidl_generator_py.dir/rosidl_generator_py/hero_msgs/srv/_reset_motor_position_s.c.o[0m
[12.915s] [ 89%] [32m[1mLinking C shared library rosidl_generator_py/hero_msgs/libhero_msgs__rosidl_generator_py.so[0m
[13.028s] [ 89%] Built target hero_msgs__rosidl_generator_py
[13.077s] [ 90%] [32mBuilding C object CMakeFiles/hero_msgs__rosidl_typesupport_fastrtps_c__pyext.dir/rosidl_generator_py/hero_msgs/_hero_msgs_s.ep.rosidl_typesupport_fastrtps_c.c.o[0m
[13.084s] [ 92%] [32mBuilding C object CMakeFiles/hero_msgs__rosidl_typesupport_c__pyext.dir/rosidl_generator_py/hero_msgs/_hero_msgs_s.ep.rosidl_typesupport_c.c.o[0m
[13.092s] [ 94%] [32mBuilding C object CMakeFiles/hero_msgs__rosidl_typesupport_introspection_c__pyext.dir/rosidl_generator_py/hero_msgs/_hero_msgs_s.ep.rosidl_typesupport_introspection_c.c.o[0m
[13.252s] [ 96%] [32m[1mLinking C shared library rosidl_generator_py/hero_msgs/hero_msgs_s__rosidl_typesupport_fastrtps_c.cpython-310-aarch64-linux-gnu.so[0m
[13.270s] [ 98%] [32m[1mLinking C shared library rosidl_generator_py/hero_msgs/hero_msgs_s__rosidl_typesupport_c.cpython-310-aarch64-linux-gnu.so[0m
[13.287s] [100%] [32m[1mLinking C shared library rosidl_generator_py/hero_msgs/hero_msgs_s__rosidl_typesupport_introspection_c.cpython-310-aarch64-linux-gnu.so[0m
[13.326s] [100%] Built target hero_msgs__rosidl_typesupport_fastrtps_c__pyext
[13.358s] [100%] Built target hero_msgs__rosidl_typesupport_c__pyext
[13.394s] [100%] Built target hero_msgs__rosidl_typesupport_introspection_c__pyext
[13.440s] Invoked command in '/home/orangepi/GM/RESOURCES/ros2_ws/build/hero_msgs' returned '0': CMAKE_PREFIX_PATH=/opt/ros/humble /usr/bin/cmake --build /home/orangepi/GM/RESOURCES/ros2_ws/build/hero_msgs -- -j8 -l8
[13.650s] Invoking command in '/home/orangepi/GM/RESOURCES/ros2_ws/build/hero_msgs': CMAKE_PREFIX_PATH=/opt/ros/humble /usr/bin/cmake --install /home/orangepi/GM/RESOURCES/ros2_ws/build/hero_msgs
[13.672s] -- Install configuration: ""
[13.672s] -- Installing: /home/orangepi/GM/RESOURCES/ros2_ws/install/hero_msgs/share/ament_index/resource_index/rosidl_interfaces/hero_msgs
[13.673s] -- Installing: /home/orangepi/GM/RESOURCES/ros2_ws/install/hero_msgs/include/hero_msgs/hero_msgs
[13.674s] -- Installing: /home/orangepi/GM/RESOURCES/ros2_ws/install/hero_msgs/include/hero_msgs/hero_msgs/msg
[13.674s] -- Installing: /home/orangepi/GM/RESOURCES/ros2_ws/install/hero_msgs/include/hero_msgs/hero_msgs/msg/detail
[13.675s] -- Installing: /home/orangepi/GM/RESOURCES/ros2_ws/install/hero_msgs/include/hero_msgs/hero_msgs/msg/detail/auto_aim__functions.h
[13.675s] -- Installing: /home/orangepi/GM/RESOURCES/ros2_ws/install/hero_msgs/include/hero_msgs/hero_msgs/msg/detail/auto_aim__type_support.h
[13.675s] -- Installing: /home/orangepi/GM/RESOURCES/ros2_ws/install/hero_msgs/include/hero_msgs/hero_msgs/msg/detail/dual_loop_pid_with_filter__struct.h
[13.676s] -- Installing: /home/orangepi/GM/RESOURCES/ros2_ws/install/hero_msgs/include/hero_msgs/hero_msgs/msg/detail/auto_aim__struct.h
[13.692s] -- Installing: /home/orangepi/GM/RESOURCES/ros2_ws/install/hero_msgs/include/hero_msgs/hero_msgs/msg/detail/dual_loop_pid_with_filter__functions.c
[13.695s] -- Installing: /home/orangepi/GM/RESOURCES/ros2_ws/install/hero_msgs/include/hero_msgs/hero_msgs/msg/detail/dual_loop_pid_with_filter__functions.h
[13.696s] -- Installing: /home/orangepi/GM/RESOURCES/ros2_ws/install/hero_msgs/include/hero_msgs/hero_msgs/msg/detail/auto_aim__functions.c
[13.696s] -- Installing: /home/orangepi/GM/RESOURCES/ros2_ws/install/hero_msgs/include/hero_msgs/hero_msgs/msg/detail/dual_loop_pid_with_filter__type_support.h
[13.696s] -- Installing: /home/orangepi/GM/RESOURCES/ros2_ws/install/hero_msgs/include/hero_msgs/hero_msgs/msg/dual_loop_pid_with_filter.h
[13.697s] -- Installing: /home/orangepi/GM/RESOURCES/ros2_ws/install/hero_msgs/include/hero_msgs/hero_msgs/msg/auto_aim.h
[13.697s] -- Installing: /home/orangepi/GM/RESOURCES/ros2_ws/install/hero_msgs/include/hero_msgs/hero_msgs/msg/rosidl_generator_c__visibility_control.h
[13.698s] -- Installing: /home/orangepi/GM/RESOURCES/ros2_ws/install/hero_msgs/include/hero_msgs/hero_msgs/srv
[13.698s] -- Installing: /home/orangepi/GM/RESOURCES/ros2_ws/install/hero_msgs/include/hero_msgs/hero_msgs/srv/detail
[13.698s] -- Installing: /home/orangepi/GM/RESOURCES/ros2_ws/install/hero_msgs/include/hero_msgs/hero_msgs/srv/detail/vision_mode_switch__struct.h
[13.699s] -- Installing: /home/orangepi/GM/RESOURCES/ros2_ws/install/hero_msgs/include/hero_msgs/hero_msgs/srv/detail/vision_mode_switch__type_support.h
[13.699s] -- Installing: /home/orangepi/GM/RESOURCES/ros2_ws/install/hero_msgs/include/hero_msgs/hero_msgs/srv/detail/reset_motor_position__functions.h
[13.700s] -- Installing: /home/orangepi/GM/RESOURCES/ros2_ws/install/hero_msgs/include/hero_msgs/hero_msgs/srv/detail/vision_mode_switch__functions.c
[13.700s] -- Installing: /home/orangepi/GM/RESOURCES/ros2_ws/install/hero_msgs/include/hero_msgs/hero_msgs/srv/detail/reset_motor_position__struct.h
[13.701s] -- Installing: /home/orangepi/GM/RESOURCES/ros2_ws/install/hero_msgs/include/hero_msgs/hero_msgs/srv/detail/reset_motor_position__type_support.h
[13.701s] -- Installing: /home/orangepi/GM/RESOURCES/ros2_ws/install/hero_msgs/include/hero_msgs/hero_msgs/srv/detail/reset_motor_position__functions.c
[13.702s] -- Installing: /home/orangepi/GM/RESOURCES/ros2_ws/install/hero_msgs/include/hero_msgs/hero_msgs/srv/detail/vision_mode_switch__functions.h
[13.702s] -- Installing: /home/orangepi/GM/RESOURCES/ros2_ws/install/hero_msgs/include/hero_msgs/hero_msgs/srv/reset_motor_position.h
[13.703s] -- Installing: /home/orangepi/GM/RESOURCES/ros2_ws/install/hero_msgs/include/hero_msgs/hero_msgs/srv/vision_mode_switch.h
[13.703s] -- Installing: /home/orangepi/GM/RESOURCES/ros2_ws/install/hero_msgs/share/hero_msgs/environment/library_path.sh
[13.704s] -- Installing: /home/orangepi/GM/RESOURCES/ros2_ws/install/hero_msgs/share/hero_msgs/environment/library_path.dsv
[13.704s] -- Installing: /home/orangepi/GM/RESOURCES/ros2_ws/install/hero_msgs/lib/libhero_msgs__rosidl_generator_c.so
[13.704s] -- Set runtime path of "/home/orangepi/GM/RESOURCES/ros2_ws/install/hero_msgs/lib/libhero_msgs__rosidl_generator_c.so" to ""
[13.705s] -- Up-to-date: /home/orangepi/GM/RESOURCES/ros2_ws/install/hero_msgs/include/hero_msgs/hero_msgs
[13.705s] -- Up-to-date: /home/orangepi/GM/RESOURCES/ros2_ws/install/hero_msgs/include/hero_msgs/hero_msgs/msg
[13.705s] -- Up-to-date: /home/orangepi/GM/RESOURCES/ros2_ws/install/hero_msgs/include/hero_msgs/hero_msgs/msg/detail
[13.706s] -- Installing: /home/orangepi/GM/RESOURCES/ros2_ws/install/hero_msgs/include/hero_msgs/hero_msgs/msg/detail/auto_aim__rosidl_typesupport_fastrtps_c.h
[13.706s] -- Installing: /home/orangepi/GM/RESOURCES/ros2_ws/install/hero_msgs/include/hero_msgs/hero_msgs/msg/detail/dual_loop_pid_with_filter__rosidl_typesupport_fastrtps_c.h
[13.707s] -- Installing: /home/orangepi/GM/RESOURCES/ros2_ws/install/hero_msgs/include/hero_msgs/hero_msgs/msg/rosidl_typesupport_fastrtps_c__visibility_control.h
[13.707s] -- Up-to-date: /home/orangepi/GM/RESOURCES/ros2_ws/install/hero_msgs/include/hero_msgs/hero_msgs/srv
[13.707s] -- Up-to-date: /home/orangepi/GM/RESOURCES/ros2_ws/install/hero_msgs/include/hero_msgs/hero_msgs/srv/detail
[13.708s] -- Installing: /home/orangepi/GM/RESOURCES/ros2_ws/install/hero_msgs/include/hero_msgs/hero_msgs/srv/detail/vision_mode_switch__rosidl_typesupport_fastrtps_c.h
[13.708s] -- Installing: /home/orangepi/GM/RESOURCES/ros2_ws/install/hero_msgs/include/hero_msgs/hero_msgs/srv/detail/reset_motor_position__rosidl_typesupport_fastrtps_c.h
[13.709s] -- Installing: /home/orangepi/GM/RESOURCES/ros2_ws/install/hero_msgs/lib/libhero_msgs__rosidl_typesupport_fastrtps_c.so
[13.709s] -- Set runtime path of "/home/orangepi/GM/RESOURCES/ros2_ws/install/hero_msgs/lib/libhero_msgs__rosidl_typesupport_fastrtps_c.so" to ""
[13.710s] -- Up-to-date: /home/orangepi/GM/RESOURCES/ros2_ws/install/hero_msgs/include/hero_msgs/hero_msgs
[13.710s] -- Up-to-date: /home/orangepi/GM/RESOURCES/ros2_ws/install/hero_msgs/include/hero_msgs/hero_msgs/msg
[13.710s] -- Up-to-date: /home/orangepi/GM/RESOURCES/ros2_ws/install/hero_msgs/include/hero_msgs/hero_msgs/msg/detail
[13.711s] -- Installing: /home/orangepi/GM/RESOURCES/ros2_ws/install/hero_msgs/include/hero_msgs/hero_msgs/msg/detail/auto_aim__traits.hpp
[13.711s] -- Installing: /home/orangepi/GM/RESOURCES/ros2_ws/install/hero_msgs/include/hero_msgs/hero_msgs/msg/detail/auto_aim__builder.hpp
[13.712s] -- Installing: /home/orangepi/GM/RESOURCES/ros2_ws/install/hero_msgs/include/hero_msgs/hero_msgs/msg/detail/dual_loop_pid_with_filter__builder.hpp
[13.712s] -- Installing: /home/orangepi/GM/RESOURCES/ros2_ws/install/hero_msgs/include/hero_msgs/hero_msgs/msg/detail/dual_loop_pid_with_filter__traits.hpp
[13.713s] -- Installing: /home/orangepi/GM/RESOURCES/ros2_ws/install/hero_msgs/include/hero_msgs/hero_msgs/msg/detail/auto_aim__struct.hpp
[13.713s] -- Installing: /home/orangepi/GM/RESOURCES/ros2_ws/install/hero_msgs/include/hero_msgs/hero_msgs/msg/detail/dual_loop_pid_with_filter__struct.hpp
[13.713s] -- Installing: /home/orangepi/GM/RESOURCES/ros2_ws/install/hero_msgs/include/hero_msgs/hero_msgs/msg/auto_aim.hpp
[13.714s] -- Installing: /home/orangepi/GM/RESOURCES/ros2_ws/install/hero_msgs/include/hero_msgs/hero_msgs/msg/dual_loop_pid_with_filter.hpp
[13.714s] -- Up-to-date: /home/orangepi/GM/RESOURCES/ros2_ws/install/hero_msgs/include/hero_msgs/hero_msgs/srv
[13.714s] -- Installing: /home/orangepi/GM/RESOURCES/ros2_ws/install/hero_msgs/include/hero_msgs/hero_msgs/srv/vision_mode_switch.hpp
[13.715s] -- Up-to-date: /home/orangepi/GM/RESOURCES/ros2_ws/install/hero_msgs/include/hero_msgs/hero_msgs/srv/detail
[13.715s] -- Installing: /home/orangepi/GM/RESOURCES/ros2_ws/install/hero_msgs/include/hero_msgs/hero_msgs/srv/detail/reset_motor_position__traits.hpp
[13.716s] -- Installing: /home/orangepi/GM/RESOURCES/ros2_ws/install/hero_msgs/include/hero_msgs/hero_msgs/srv/detail/vision_mode_switch__struct.hpp
[13.716s] -- Installing: /home/orangepi/GM/RESOURCES/ros2_ws/install/hero_msgs/include/hero_msgs/hero_msgs/srv/detail/vision_mode_switch__traits.hpp
[13.717s] -- Installing: /home/orangepi/GM/RESOURCES/ros2_ws/install/hero_msgs/include/hero_msgs/hero_msgs/srv/detail/vision_mode_switch__builder.hpp
[13.717s] -- Installing: /home/orangepi/GM/RESOURCES/ros2_ws/install/hero_msgs/include/hero_msgs/hero_msgs/srv/detail/reset_motor_position__struct.hpp
[13.717s] -- Installing: /home/orangepi/GM/RESOURCES/ros2_ws/install/hero_msgs/include/hero_msgs/hero_msgs/srv/detail/reset_motor_position__builder.hpp
[13.718s] -- Installing: /home/orangepi/GM/RESOURCES/ros2_ws/install/hero_msgs/include/hero_msgs/hero_msgs/srv/reset_motor_position.hpp
[13.718s] -- Up-to-date: /home/orangepi/GM/RESOURCES/ros2_ws/install/hero_msgs/include/hero_msgs/hero_msgs
[13.718s] -- Up-to-date: /home/orangepi/GM/RESOURCES/ros2_ws/install/hero_msgs/include/hero_msgs/hero_msgs/msg
[13.719s] -- Up-to-date: /home/orangepi/GM/RESOURCES/ros2_ws/install/hero_msgs/include/hero_msgs/hero_msgs/msg/detail
[13.719s] -- Installing: /home/orangepi/GM/RESOURCES/ros2_ws/install/hero_msgs/include/hero_msgs/hero_msgs/msg/detail/dual_loop_pid_with_filter__rosidl_typesupport_fastrtps_cpp.hpp
[13.719s] -- Installing: /home/orangepi/GM/RESOURCES/ros2_ws/install/hero_msgs/include/hero_msgs/hero_msgs/msg/detail/dds_fastrtps
[13.720s] -- Installing: /home/orangepi/GM/RESOURCES/ros2_ws/install/hero_msgs/include/hero_msgs/hero_msgs/msg/detail/auto_aim__rosidl_typesupport_fastrtps_cpp.hpp
[13.720s] -- Installing: /home/orangepi/GM/RESOURCES/ros2_ws/install/hero_msgs/include/hero_msgs/hero_msgs/msg/rosidl_typesupport_fastrtps_cpp__visibility_control.h
[13.721s] -- Up-to-date: /home/orangepi/GM/RESOURCES/ros2_ws/install/hero_msgs/include/hero_msgs/hero_msgs/srv
[13.721s] -- Up-to-date: /home/orangepi/GM/RESOURCES/ros2_ws/install/hero_msgs/include/hero_msgs/hero_msgs/srv/detail
[13.721s] -- Installing: /home/orangepi/GM/RESOURCES/ros2_ws/install/hero_msgs/include/hero_msgs/hero_msgs/srv/detail/dds_fastrtps
[13.722s] -- Installing: /home/orangepi/GM/RESOURCES/ros2_ws/install/hero_msgs/include/hero_msgs/hero_msgs/srv/detail/vision_mode_switch__rosidl_typesupport_fastrtps_cpp.hpp
[13.722s] -- Installing: /home/orangepi/GM/RESOURCES/ros2_ws/install/hero_msgs/include/hero_msgs/hero_msgs/srv/detail/reset_motor_position__rosidl_typesupport_fastrtps_cpp.hpp
[13.722s] -- Installing: /home/orangepi/GM/RESOURCES/ros2_ws/install/hero_msgs/lib/libhero_msgs__rosidl_typesupport_fastrtps_cpp.so
[13.723s] -- Set runtime path of "/home/orangepi/GM/RESOURCES/ros2_ws/install/hero_msgs/lib/libhero_msgs__rosidl_typesupport_fastrtps_cpp.so" to ""
[13.723s] -- Up-to-date: /home/orangepi/GM/RESOURCES/ros2_ws/install/hero_msgs/include/hero_msgs/hero_msgs
[13.724s] -- Up-to-date: /home/orangepi/GM/RESOURCES/ros2_ws/install/hero_msgs/include/hero_msgs/hero_msgs/msg
[13.724s] -- Up-to-date: /home/orangepi/GM/RESOURCES/ros2_ws/install/hero_msgs/include/hero_msgs/hero_msgs/msg/detail
[13.724s] -- Installing: /home/orangepi/GM/RESOURCES/ros2_ws/install/hero_msgs/include/hero_msgs/hero_msgs/msg/detail/dual_loop_pid_with_filter__rosidl_typesupport_introspection_c.h
[13.725s] -- Installing: /home/orangepi/GM/RESOURCES/ros2_ws/install/hero_msgs/include/hero_msgs/hero_msgs/msg/detail/auto_aim__type_support.c
[13.725s] -- Installing: /home/orangepi/GM/RESOURCES/ros2_ws/install/hero_msgs/include/hero_msgs/hero_msgs/msg/detail/auto_aim__rosidl_typesupport_introspection_c.h
[13.726s] -- Installing: /home/orangepi/GM/RESOURCES/ros2_ws/install/hero_msgs/include/hero_msgs/hero_msgs/msg/detail/dual_loop_pid_with_filter__type_support.c
[13.726s] -- Installing: /home/orangepi/GM/RESOURCES/ros2_ws/install/hero_msgs/include/hero_msgs/hero_msgs/msg/rosidl_typesupport_introspection_c__visibility_control.h
[13.726s] -- Up-to-date: /home/orangepi/GM/RESOURCES/ros2_ws/install/hero_msgs/include/hero_msgs/hero_msgs/srv
[13.727s] -- Up-to-date: /home/orangepi/GM/RESOURCES/ros2_ws/install/hero_msgs/include/hero_msgs/hero_msgs/srv/detail
[13.727s] -- Installing: /home/orangepi/GM/RESOURCES/ros2_ws/install/hero_msgs/include/hero_msgs/hero_msgs/srv/detail/reset_motor_position__rosidl_typesupport_introspection_c.h
[13.727s] -- Installing: /home/orangepi/GM/RESOURCES/ros2_ws/install/hero_msgs/include/hero_msgs/hero_msgs/srv/detail/vision_mode_switch__type_support.c
[13.728s] -- Installing: /home/orangepi/GM/RESOURCES/ros2_ws/install/hero_msgs/include/hero_msgs/hero_msgs/srv/detail/vision_mode_switch__rosidl_typesupport_introspection_c.h
[13.728s] -- Installing: /home/orangepi/GM/RESOURCES/ros2_ws/install/hero_msgs/include/hero_msgs/hero_msgs/srv/detail/reset_motor_position__type_support.c
[13.729s] -- Installing: /home/orangepi/GM/RESOURCES/ros2_ws/install/hero_msgs/lib/libhero_msgs__rosidl_typesupport_introspection_c.so
[13.729s] -- Set runtime path of "/home/orangepi/GM/RESOURCES/ros2_ws/install/hero_msgs/lib/libhero_msgs__rosidl_typesupport_introspection_c.so" to ""
[13.730s] -- Installing: /home/orangepi/GM/RESOURCES/ros2_ws/install/hero_msgs/lib/libhero_msgs__rosidl_typesupport_c.so
[13.730s] -- Set runtime path of "/home/orangepi/GM/RESOURCES/ros2_ws/install/hero_msgs/lib/libhero_msgs__rosidl_typesupport_c.so" to ""
[13.731s] -- Up-to-date: /home/orangepi/GM/RESOURCES/ros2_ws/install/hero_msgs/include/hero_msgs/hero_msgs
[13.731s] -- Up-to-date: /home/orangepi/GM/RESOURCES/ros2_ws/install/hero_msgs/include/hero_msgs/hero_msgs/msg
[13.732s] -- Up-to-date: /home/orangepi/GM/RESOURCES/ros2_ws/install/hero_msgs/include/hero_msgs/hero_msgs/msg/detail
[13.732s] -- Installing: /home/orangepi/GM/RESOURCES/ros2_ws/install/hero_msgs/include/hero_msgs/hero_msgs/msg/detail/auto_aim__rosidl_typesupport_introspection_cpp.hpp
[13.733s] -- Installing: /home/orangepi/GM/RESOURCES/ros2_ws/install/hero_msgs/include/hero_msgs/hero_msgs/msg/detail/dual_loop_pid_with_filter__rosidl_typesupport_introspection_cpp.hpp
[13.733s] -- Installing: /home/orangepi/GM/RESOURCES/ros2_ws/install/hero_msgs/include/hero_msgs/hero_msgs/msg/detail/auto_aim__type_support.cpp
[13.733s] -- Installing: /home/orangepi/GM/RESOURCES/ros2_ws/install/hero_msgs/include/hero_msgs/hero_msgs/msg/detail/dual_loop_pid_with_filter__type_support.cpp
[13.734s] -- Up-to-date: /home/orangepi/GM/RESOURCES/ros2_ws/install/hero_msgs/include/hero_msgs/hero_msgs/srv
[13.734s] -- Up-to-date: /home/orangepi/GM/RESOURCES/ros2_ws/install/hero_msgs/include/hero_msgs/hero_msgs/srv/detail
[13.734s] -- Installing: /home/orangepi/GM/RESOURCES/ros2_ws/install/hero_msgs/include/hero_msgs/hero_msgs/srv/detail/vision_mode_switch__rosidl_typesupport_introspection_cpp.hpp
[13.735s] -- Installing: /home/orangepi/GM/RESOURCES/ros2_ws/install/hero_msgs/include/hero_msgs/hero_msgs/srv/detail/reset_motor_position__rosidl_typesupport_introspection_cpp.hpp
[13.735s] -- Installing: /home/orangepi/GM/RESOURCES/ros2_ws/install/hero_msgs/include/hero_msgs/hero_msgs/srv/detail/vision_mode_switch__type_support.cpp
[13.736s] -- Installing: /home/orangepi/GM/RESOURCES/ros2_ws/install/hero_msgs/include/hero_msgs/hero_msgs/srv/detail/reset_motor_position__type_support.cpp
[13.736s] -- Installing: /home/orangepi/GM/RESOURCES/ros2_ws/install/hero_msgs/lib/libhero_msgs__rosidl_typesupport_introspection_cpp.so
[13.736s] -- Set runtime path of "/home/orangepi/GM/RESOURCES/ros2_ws/install/hero_msgs/lib/libhero_msgs__rosidl_typesupport_introspection_cpp.so" to ""
[13.737s] -- Installing: /home/orangepi/GM/RESOURCES/ros2_ws/install/hero_msgs/lib/libhero_msgs__rosidl_typesupport_cpp.so
[13.737s] -- Set runtime path of "/home/orangepi/GM/RESOURCES/ros2_ws/install/hero_msgs/lib/libhero_msgs__rosidl_typesupport_cpp.so" to ""
[13.737s] -- Installing: /home/orangepi/GM/RESOURCES/ros2_ws/install/hero_msgs/share/hero_msgs/environment/pythonpath.sh
[13.738s] -- Installing: /home/orangepi/GM/RESOURCES/ros2_ws/install/hero_msgs/share/hero_msgs/environment/pythonpath.dsv
[13.738s] -- Installing: /home/orangepi/GM/RESOURCES/ros2_ws/install/hero_msgs/local/lib/python3.10/dist-packages/hero_msgs-0.0.1-py3.10.egg-info
[13.738s] -- Installing: /home/orangepi/GM/RESOURCES/ros2_ws/install/hero_msgs/local/lib/python3.10/dist-packages/hero_msgs-0.0.1-py3.10.egg-info/top_level.txt
[13.739s] -- Installing: /home/orangepi/GM/RESOURCES/ros2_ws/install/hero_msgs/local/lib/python3.10/dist-packages/hero_msgs-0.0.1-py3.10.egg-info/PKG-INFO
[13.739s] -- Installing: /home/orangepi/GM/RESOURCES/ros2_ws/install/hero_msgs/local/lib/python3.10/dist-packages/hero_msgs-0.0.1-py3.10.egg-info/SOURCES.txt
[13.740s] -- Installing: /home/orangepi/GM/RESOURCES/ros2_ws/install/hero_msgs/local/lib/python3.10/dist-packages/hero_msgs-0.0.1-py3.10.egg-info/dependency_links.txt
[13.740s] -- Installing: /home/orangepi/GM/RESOURCES/ros2_ws/install/hero_msgs/local/lib/python3.10/dist-packages/hero_msgs
[13.741s] -- Installing: /home/orangepi/GM/RESOURCES/ros2_ws/install/hero_msgs/local/lib/python3.10/dist-packages/hero_msgs/msg
[13.741s] -- Installing: /home/orangepi/GM/RESOURCES/ros2_ws/install/hero_msgs/local/lib/python3.10/dist-packages/hero_msgs/msg/_auto_aim.py
[13.741s] -- Installing: /home/orangepi/GM/RESOURCES/ros2_ws/install/hero_msgs/local/lib/python3.10/dist-packages/hero_msgs/msg/__init__.py
[13.742s] -- Installing: /home/orangepi/GM/RESOURCES/ros2_ws/install/hero_msgs/local/lib/python3.10/dist-packages/hero_msgs/msg/_dual_loop_pid_with_filter_s.c
[13.742s] -- Installing: /home/orangepi/GM/RESOURCES/ros2_ws/install/hero_msgs/local/lib/python3.10/dist-packages/hero_msgs/msg/_auto_aim_s.c
[13.742s] -- Installing: /home/orangepi/GM/RESOURCES/ros2_ws/install/hero_msgs/local/lib/python3.10/dist-packages/hero_msgs/msg/_dual_loop_pid_with_filter.py
[13.743s] -- Installing: /home/orangepi/GM/RESOURCES/ros2_ws/install/hero_msgs/local/lib/python3.10/dist-packages/hero_msgs/hero_msgs_s__rosidl_typesupport_c.cpython-310-aarch64-linux-gnu.so
[13.743s] -- Installing: /home/orangepi/GM/RESOURCES/ros2_ws/install/hero_msgs/local/lib/python3.10/dist-packages/hero_msgs/__init__.py
[13.744s] -- Installing: /home/orangepi/GM/RESOURCES/ros2_ws/install/hero_msgs/local/lib/python3.10/dist-packages/hero_msgs/_hero_msgs_s.ep.rosidl_typesupport_fastrtps_c.c
[13.744s] -- Installing: /home/orangepi/GM/RESOURCES/ros2_ws/install/hero_msgs/local/lib/python3.10/dist-packages/hero_msgs/hero_msgs_s__rosidl_typesupport_introspection_c.cpython-310-aarch64-linux-gnu.so
[13.745s] -- Installing: /home/orangepi/GM/RESOURCES/ros2_ws/install/hero_msgs/local/lib/python3.10/dist-packages/hero_msgs/hero_msgs_s__rosidl_typesupport_fastrtps_c.cpython-310-aarch64-linux-gnu.so
[13.745s] -- Installing: /home/orangepi/GM/RESOURCES/ros2_ws/install/hero_msgs/local/lib/python3.10/dist-packages/hero_msgs/_hero_msgs_s.ep.rosidl_typesupport_c.c
[13.746s] -- Installing: /home/orangepi/GM/RESOURCES/ros2_ws/install/hero_msgs/local/lib/python3.10/dist-packages/hero_msgs/srv
[13.746s] -- Installing: /home/orangepi/GM/RESOURCES/ros2_ws/install/hero_msgs/local/lib/python3.10/dist-packages/hero_msgs/srv/_vision_mode_switch.py
[13.747s] -- Installing: /home/orangepi/GM/RESOURCES/ros2_ws/install/hero_msgs/local/lib/python3.10/dist-packages/hero_msgs/srv/__init__.py
[13.747s] -- Installing: /home/orangepi/GM/RESOURCES/ros2_ws/install/hero_msgs/local/lib/python3.10/dist-packages/hero_msgs/srv/_vision_mode_switch_s.c
[13.747s] -- Installing: /home/orangepi/GM/RESOURCES/ros2_ws/install/hero_msgs/local/lib/python3.10/dist-packages/hero_msgs/srv/_reset_motor_position_s.c
[13.748s] -- Installing: /home/orangepi/GM/RESOURCES/ros2_ws/install/hero_msgs/local/lib/python3.10/dist-packages/hero_msgs/srv/_reset_motor_position.py
[13.748s] -- Installing: /home/orangepi/GM/RESOURCES/ros2_ws/install/hero_msgs/local/lib/python3.10/dist-packages/hero_msgs/libhero_msgs__rosidl_generator_py.so
[13.749s] -- Installing: /home/orangepi/GM/RESOURCES/ros2_ws/install/hero_msgs/local/lib/python3.10/dist-packages/hero_msgs/_hero_msgs_s.ep.rosidl_typesupport_introspection_c.c
[13.779s] Listing '/home/orangepi/GM/RESOURCES/ros2_ws/install/hero_msgs/local/lib/python3.10/dist-packages/hero_msgs'...
[13.780s] Compiling '/home/orangepi/GM/RESOURCES/ros2_ws/install/hero_msgs/local/lib/python3.10/dist-packages/hero_msgs/__init__.py'...
[13.781s] Listing '/home/orangepi/GM/RESOURCES/ros2_ws/install/hero_msgs/local/lib/python3.10/dist-packages/hero_msgs/msg'...
[13.781s] Compiling '/home/orangepi/GM/RESOURCES/ros2_ws/install/hero_msgs/local/lib/python3.10/dist-packages/hero_msgs/msg/__init__.py'...
[13.781s] Compiling '/home/orangepi/GM/RESOURCES/ros2_ws/install/hero_msgs/local/lib/python3.10/dist-packages/hero_msgs/msg/_auto_aim.py'...
[13.782s] Compiling '/home/orangepi/GM/RESOURCES/ros2_ws/install/hero_msgs/local/lib/python3.10/dist-packages/hero_msgs/msg/_dual_loop_pid_with_filter.py'...
[13.782s] Listing '/home/orangepi/GM/RESOURCES/ros2_ws/install/hero_msgs/local/lib/python3.10/dist-packages/hero_msgs/srv'...
[13.782s] Compiling '/home/orangepi/GM/RESOURCES/ros2_ws/install/hero_msgs/local/lib/python3.10/dist-packages/hero_msgs/srv/__init__.py'...
[13.783s] Compiling '/home/orangepi/GM/RESOURCES/ros2_ws/install/hero_msgs/local/lib/python3.10/dist-packages/hero_msgs/srv/_reset_motor_position.py'...
[13.783s] Compiling '/home/orangepi/GM/RESOURCES/ros2_ws/install/hero_msgs/local/lib/python3.10/dist-packages/hero_msgs/srv/_vision_mode_switch.py'...
[13.798s] -- Installing: /home/orangepi/GM/RESOURCES/ros2_ws/install/hero_msgs/local/lib/python3.10/dist-packages/hero_msgs/hero_msgs_s__rosidl_typesupport_fastrtps_c.cpython-310-aarch64-linux-gnu.so
[13.798s] -- Set runtime path of "/home/orangepi/GM/RESOURCES/ros2_ws/install/hero_msgs/local/lib/python3.10/dist-packages/hero_msgs/hero_msgs_s__rosidl_typesupport_fastrtps_c.cpython-310-aarch64-linux-gnu.so" to ""
[13.799s] -- Installing: /home/orangepi/GM/RESOURCES/ros2_ws/install/hero_msgs/local/lib/python3.10/dist-packages/hero_msgs/hero_msgs_s__rosidl_typesupport_introspection_c.cpython-310-aarch64-linux-gnu.so
[13.799s] -- Set runtime path of "/home/orangepi/GM/RESOURCES/ros2_ws/install/hero_msgs/local/lib/python3.10/dist-packages/hero_msgs/hero_msgs_s__rosidl_typesupport_introspection_c.cpython-310-aarch64-linux-gnu.so" to ""
[13.800s] -- Installing: /home/orangepi/GM/RESOURCES/ros2_ws/install/hero_msgs/local/lib/python3.10/dist-packages/hero_msgs/hero_msgs_s__rosidl_typesupport_c.cpython-310-aarch64-linux-gnu.so
[13.801s] -- Set runtime path of "/home/orangepi/GM/RESOURCES/ros2_ws/install/hero_msgs/local/lib/python3.10/dist-packages/hero_msgs/hero_msgs_s__rosidl_typesupport_c.cpython-310-aarch64-linux-gnu.so" to ""
[13.801s] -- Installing: /home/orangepi/GM/RESOURCES/ros2_ws/install/hero_msgs/lib/libhero_msgs__rosidl_generator_py.so
[13.802s] -- Set runtime path of "/home/orangepi/GM/RESOURCES/ros2_ws/install/hero_msgs/lib/libhero_msgs__rosidl_generator_py.so" to ""
[13.802s] -- Installing: /home/orangepi/GM/RESOURCES/ros2_ws/install/hero_msgs/share/hero_msgs/msg/AutoAIM.idl
[13.802s] -- Installing: /home/orangepi/GM/RESOURCES/ros2_ws/install/hero_msgs/share/hero_msgs/msg/DualLoopPIDWithFilter.idl
[13.803s] -- Installing: /home/orangepi/GM/RESOURCES/ros2_ws/install/hero_msgs/share/hero_msgs/srv/VisionModeSwitch.idl
[13.803s] -- Installing: /home/orangepi/GM/RESOURCES/ros2_ws/install/hero_msgs/share/hero_msgs/srv/ResetMotorPosition.idl
[13.804s] -- Installing: /home/orangepi/GM/RESOURCES/ros2_ws/install/hero_msgs/share/hero_msgs/msg/AutoAIM.msg
[13.804s] -- Installing: /home/orangepi/GM/RESOURCES/ros2_ws/install/hero_msgs/share/hero_msgs/msg/DualLoopPIDWithFilter.msg
[13.805s] -- Installing: /home/orangepi/GM/RESOURCES/ros2_ws/install/hero_msgs/share/hero_msgs/srv/VisionModeSwitch.srv
[13.805s] -- Installing: /home/orangepi/GM/RESOURCES/ros2_ws/install/hero_msgs/share/hero_msgs/srv/VisionModeSwitch_Request.msg
[13.805s] -- Installing: /home/orangepi/GM/RESOURCES/ros2_ws/install/hero_msgs/share/hero_msgs/srv/VisionModeSwitch_Response.msg
[13.806s] -- Installing: /home/orangepi/GM/RESOURCES/ros2_ws/install/hero_msgs/share/hero_msgs/srv/ResetMotorPosition.srv
[13.807s] -- Installing: /home/orangepi/GM/RESOURCES/ros2_ws/install/hero_msgs/share/hero_msgs/srv/ResetMotorPosition_Request.msg
[13.807s] -- Installing: /home/orangepi/GM/RESOURCES/ros2_ws/install/hero_msgs/share/hero_msgs/srv/ResetMotorPosition_Response.msg
[13.808s] -- Installing: /home/orangepi/GM/RESOURCES/ros2_ws/install/hero_msgs/share/ament_index/resource_index/package_run_dependencies/hero_msgs
[13.808s] -- Installing: /home/orangepi/GM/RESOURCES/ros2_ws/install/hero_msgs/share/ament_index/resource_index/parent_prefix_path/hero_msgs
[13.809s] -- Installing: /home/orangepi/GM/RESOURCES/ros2_ws/install/hero_msgs/share/hero_msgs/environment/ament_prefix_path.sh
[13.809s] -- Installing: /home/orangepi/GM/RESOURCES/ros2_ws/install/hero_msgs/share/hero_msgs/environment/ament_prefix_path.dsv
[13.810s] -- Installing: /home/orangepi/GM/RESOURCES/ros2_ws/install/hero_msgs/share/hero_msgs/environment/path.sh
[13.810s] -- Installing: /home/orangepi/GM/RESOURCES/ros2_ws/install/hero_msgs/share/hero_msgs/environment/path.dsv
[13.811s] -- Installing: /home/orangepi/GM/RESOURCES/ros2_ws/install/hero_msgs/share/hero_msgs/local_setup.bash
[13.811s] -- Installing: /home/orangepi/GM/RESOURCES/ros2_ws/install/hero_msgs/share/hero_msgs/local_setup.sh
[13.812s] -- Installing: /home/orangepi/GM/RESOURCES/ros2_ws/install/hero_msgs/share/hero_msgs/local_setup.zsh
[13.812s] -- Installing: /home/orangepi/GM/RESOURCES/ros2_ws/install/hero_msgs/share/hero_msgs/local_setup.dsv
[13.812s] -- Installing: /home/orangepi/GM/RESOURCES/ros2_ws/install/hero_msgs/share/hero_msgs/package.dsv
[13.813s] -- Installing: /home/orangepi/GM/RESOURCES/ros2_ws/install/hero_msgs/share/ament_index/resource_index/packages/hero_msgs
[13.813s] -- Installing: /home/orangepi/GM/RESOURCES/ros2_ws/install/hero_msgs/share/hero_msgs/cmake/export_hero_msgs__rosidl_generator_cExport.cmake
[13.814s] -- Installing: /home/orangepi/GM/RESOURCES/ros2_ws/install/hero_msgs/share/hero_msgs/cmake/export_hero_msgs__rosidl_generator_cExport-noconfig.cmake
[13.814s] -- Installing: /home/orangepi/GM/RESOURCES/ros2_ws/install/hero_msgs/share/hero_msgs/cmake/export_hero_msgs__rosidl_typesupport_fastrtps_cExport.cmake
[13.814s] -- Installing: /home/orangepi/GM/RESOURCES/ros2_ws/install/hero_msgs/share/hero_msgs/cmake/export_hero_msgs__rosidl_typesupport_fastrtps_cExport-noconfig.cmake
[13.815s] -- Installing: /home/orangepi/GM/RESOURCES/ros2_ws/install/hero_msgs/share/hero_msgs/cmake/export_hero_msgs__rosidl_generator_cppExport.cmake
[13.815s] -- Installing: /home/orangepi/GM/RESOURCES/ros2_ws/install/hero_msgs/share/hero_msgs/cmake/export_hero_msgs__rosidl_typesupport_fastrtps_cppExport.cmake
[13.815s] -- Installing: /home/orangepi/GM/RESOURCES/ros2_ws/install/hero_msgs/share/hero_msgs/cmake/export_hero_msgs__rosidl_typesupport_fastrtps_cppExport-noconfig.cmake
[13.816s] -- Installing: /home/orangepi/GM/RESOURCES/ros2_ws/install/hero_msgs/share/hero_msgs/cmake/hero_msgs__rosidl_typesupport_introspection_cExport.cmake
[13.817s] -- Installing: /home/orangepi/GM/RESOURCES/ros2_ws/install/hero_msgs/share/hero_msgs/cmake/hero_msgs__rosidl_typesupport_introspection_cExport-noconfig.cmake
[13.819s] -- Installing: /home/orangepi/GM/RESOURCES/ros2_ws/install/hero_msgs/share/hero_msgs/cmake/hero_msgs__rosidl_typesupport_cExport.cmake
[13.820s] -- Installing: /home/orangepi/GM/RESOURCES/ros2_ws/install/hero_msgs/share/hero_msgs/cmake/hero_msgs__rosidl_typesupport_cExport-noconfig.cmake
[13.820s] -- Installing: /home/orangepi/GM/RESOURCES/ros2_ws/install/hero_msgs/share/hero_msgs/cmake/hero_msgs__rosidl_typesupport_introspection_cppExport.cmake
[13.821s] -- Installing: /home/orangepi/GM/RESOURCES/ros2_ws/install/hero_msgs/share/hero_msgs/cmake/hero_msgs__rosidl_typesupport_introspection_cppExport-noconfig.cmake
[13.821s] -- Installing: /home/orangepi/GM/RESOURCES/ros2_ws/install/hero_msgs/share/hero_msgs/cmake/hero_msgs__rosidl_typesupport_cppExport.cmake
[13.822s] -- Installing: /home/orangepi/GM/RESOURCES/ros2_ws/install/hero_msgs/share/hero_msgs/cmake/hero_msgs__rosidl_typesupport_cppExport-noconfig.cmake
[13.822s] -- Installing: /home/orangepi/GM/RESOURCES/ros2_ws/install/hero_msgs/share/hero_msgs/cmake/export_hero_msgs__rosidl_generator_pyExport.cmake
[13.822s] -- Installing: /home/orangepi/GM/RESOURCES/ros2_ws/install/hero_msgs/share/hero_msgs/cmake/export_hero_msgs__rosidl_generator_pyExport-noconfig.cmake
[13.823s] -- Installing: /home/orangepi/GM/RESOURCES/ros2_ws/install/hero_msgs/share/hero_msgs/cmake/rosidl_cmake-extras.cmake
[13.823s] -- Installing: /home/orangepi/GM/RESOURCES/ros2_ws/install/hero_msgs/share/hero_msgs/cmake/ament_cmake_export_dependencies-extras.cmake
[13.824s] -- Installing: /home/orangepi/GM/RESOURCES/ros2_ws/install/hero_msgs/share/hero_msgs/cmake/ament_cmake_export_include_directories-extras.cmake
[13.824s] -- Installing: /home/orangepi/GM/RESOURCES/ros2_ws/install/hero_msgs/share/hero_msgs/cmake/ament_cmake_export_libraries-extras.cmake
[13.825s] -- Installing: /home/orangepi/GM/RESOURCES/ros2_ws/install/hero_msgs/share/hero_msgs/cmake/ament_cmake_export_targets-extras.cmake
[13.825s] -- Installing: /home/orangepi/GM/RESOURCES/ros2_ws/install/hero_msgs/share/hero_msgs/cmake/rosidl_cmake_export_typesupport_targets-extras.cmake
[13.825s] -- Installing: /home/orangepi/GM/RESOURCES/ros2_ws/install/hero_msgs/share/hero_msgs/cmake/rosidl_cmake_export_typesupport_libraries-extras.cmake
[13.826s] -- Installing: /home/orangepi/GM/RESOURCES/ros2_ws/install/hero_msgs/share/hero_msgs/cmake/hero_msgsConfig.cmake
[13.826s] -- Installing: /home/orangepi/GM/RESOURCES/ros2_ws/install/hero_msgs/share/hero_msgs/cmake/hero_msgsConfig-version.cmake
[13.827s] -- Installing: /home/orangepi/GM/RESOURCES/ros2_ws/install/hero_msgs/share/hero_msgs/package.xml
[13.827s] Invoked command in '/home/orangepi/GM/RESOURCES/ros2_ws/build/hero_msgs' returned '0': CMAKE_PREFIX_PATH=/opt/ros/humble /usr/bin/cmake --install /home/orangepi/GM/RESOURCES/ros2_ws/build/hero_msgs
