[0.786s] DEBUG:colcon:Command line arguments: ['/usr/bin/colcon', 'build']
[0.786s] DEBUG:colcon:Parsed command line arguments: Namespace(log_base=None, log_level=None, verb_name='build', build_base='build', install_base='install', merge_install=False, symlink_install=False, test_result_base=None, continue_on_error=False, executor='parallel', parallel_workers=4, event_handlers=None, ignore_user_meta=False, metas=['./colcon.meta'], base_paths=['.'], packages_ignore=None, packages_ignore_regex=None, paths=None, packages_up_to=None, packages_up_to_regex=None, packages_above=None, packages_above_and_dependencies=None, packages_above_depth=None, packages_select_by_dep=None, packages_skip_by_dep=None, packages_skip_up_to=None, packages_select_build_failed=False, packages_skip_build_finished=False, packages_select_test_failures=False, packages_skip_test_passed=False, packages_select=None, packages_skip=None, packages_select_regex=None, packages_skip_regex=None, packages_start=None, packages_end=None, cmake_args=None, cmake_target=None, cmake_target_skip_unavailable=False, cmake_clean_cache=False, cmake_clean_first=False, cmake_force_configure=False, ament_cmake_args=None, catkin_cmake_args=None, catkin_skip_building_tests=False, verb_parser=<colcon_defaults.argument_parser.defaults.DefaultArgumentsDecorator object at 0x7f9083bbb0>, verb_extension=<colcon_core.verb.build.BuildVerb object at 0x7f9083b4f0>, main=<bound method BuildVerb.main of <colcon_core.verb.build.BuildVerb object at 0x7f9083b4f0>>)
[2.834s] Level 1:colcon.colcon_core.package_discovery:discover_packages(colcon_meta) check parameters
[2.835s] Level 1:colcon.colcon_core.package_discovery:discover_packages(recursive) check parameters
[2.835s] Level 1:colcon.colcon_core.package_discovery:discover_packages(ignore) check parameters
[2.835s] Level 1:colcon.colcon_core.package_discovery:discover_packages(path) check parameters
[2.836s] Level 1:colcon.colcon_core.package_discovery:discover_packages(colcon_meta) discover
[2.836s] Level 1:colcon.colcon_core.package_discovery:discover_packages(recursive) discover
[2.836s] INFO:colcon.colcon_core.package_discovery:Crawling recursively for packages in '/home/orangepi/GM/PCVCOM'
[2.837s] Level 1:colcon.colcon_core.package_identification:_identify(.) by extensions ['ignore', 'ignore_ament_install']
[2.838s] Level 1:colcon.colcon_core.package_identification:_identify(.) by extension 'ignore'
[2.838s] Level 1:colcon.colcon_core.package_identification:_identify(.) by extension 'ignore_ament_install'
[2.839s] Level 1:colcon.colcon_core.package_identification:_identify(.) by extensions ['colcon_pkg']
[2.839s] Level 1:colcon.colcon_core.package_identification:_identify(.) by extension 'colcon_pkg'
[2.839s] Level 1:colcon.colcon_core.package_identification:_identify(.) by extensions ['colcon_meta']
[2.839s] Level 1:colcon.colcon_core.package_identification:_identify(.) by extension 'colcon_meta'
[2.840s] Level 1:colcon.colcon_core.package_identification:_identify(.) by extensions ['ros']
[2.840s] Level 1:colcon.colcon_core.package_identification:_identify(.) by extension 'ros'
[2.935s] Level 1:colcon.colcon_core.package_identification:_identify(.) by extensions ['cmake', 'python']
[2.935s] Level 1:colcon.colcon_core.package_identification:_identify(.) by extension 'cmake'
[2.935s] Level 1:colcon.colcon_core.package_identification:_identify(.) by extension 'python'
[2.936s] Level 1:colcon.colcon_core.package_identification:_identify(.) by extensions ['python_setup_py']
[2.936s] Level 1:colcon.colcon_core.package_identification:_identify(.) by extension 'python_setup_py'
[2.937s] Level 1:colcon.colcon_core.package_identification:_identify(PCVCOM) by extensions ['ignore', 'ignore_ament_install']
[2.938s] Level 1:colcon.colcon_core.package_identification:_identify(PCVCOM) by extension 'ignore'
[2.938s] Level 1:colcon.colcon_core.package_identification:_identify(PCVCOM) by extension 'ignore_ament_install'
[2.939s] Level 1:colcon.colcon_core.package_identification:_identify(PCVCOM) by extensions ['colcon_pkg']
[2.939s] Level 1:colcon.colcon_core.package_identification:_identify(PCVCOM) by extension 'colcon_pkg'
[2.939s] Level 1:colcon.colcon_core.package_identification:_identify(PCVCOM) by extensions ['colcon_meta']
[2.939s] Level 1:colcon.colcon_core.package_identification:_identify(PCVCOM) by extension 'colcon_meta'
[2.940s] Level 1:colcon.colcon_core.package_identification:_identify(PCVCOM) by extensions ['ros']
[2.940s] Level 1:colcon.colcon_core.package_identification:_identify(PCVCOM) by extension 'ros'
[2.961s] DEBUG:colcon.colcon_core.package_identification:Package 'PCVCOM' with type 'ros.ament_python' and name 'PCVCOM'
[2.963s] Level 1:colcon.colcon_core.package_identification:_identify(build) by extensions ['ignore', 'ignore_ament_install']
[2.965s] Level 1:colcon.colcon_core.package_identification:_identify(build) by extension 'ignore'
[2.966s] Level 1:colcon.colcon_core.package_identification:_identify(build) ignored
[2.968s] Level 1:colcon.colcon_core.package_identification:_identify(install) by extensions ['ignore', 'ignore_ament_install']
[2.968s] Level 1:colcon.colcon_core.package_identification:_identify(install) by extension 'ignore'
[2.969s] Level 1:colcon.colcon_core.package_identification:_identify(install) ignored
[2.970s] Level 1:colcon.colcon_core.package_identification:_identify(log) by extensions ['ignore', 'ignore_ament_install']
[2.971s] Level 1:colcon.colcon_core.package_identification:_identify(log) by extension 'ignore'
[2.971s] Level 1:colcon.colcon_core.package_identification:_identify(log) ignored
[2.971s] Level 1:colcon.colcon_core.package_discovery:discover_packages(recursive) using defaults
[2.972s] Level 1:colcon.colcon_core.package_discovery:discover_packages(ignore) discover
[2.972s] Level 1:colcon.colcon_core.package_discovery:discover_packages(ignore) using defaults
[2.972s] Level 1:colcon.colcon_core.package_discovery:discover_packages(path) discover
[2.972s] Level 1:colcon.colcon_core.package_discovery:discover_packages(path) using defaults
[3.298s] Level 5:colcon.colcon_core.verb:set package 'PCVCOM' build argument 'cmake_args' from command line to 'None'
[3.298s] Level 5:colcon.colcon_core.verb:set package 'PCVCOM' build argument 'cmake_target' from command line to 'None'
[3.298s] Level 5:colcon.colcon_core.verb:set package 'PCVCOM' build argument 'cmake_target_skip_unavailable' from command line to 'False'
[3.298s] Level 5:colcon.colcon_core.verb:set package 'PCVCOM' build argument 'cmake_clean_cache' from command line to 'False'
[3.298s] Level 5:colcon.colcon_core.verb:set package 'PCVCOM' build argument 'cmake_clean_first' from command line to 'False'
[3.299s] Level 5:colcon.colcon_core.verb:set package 'PCVCOM' build argument 'cmake_force_configure' from command line to 'False'
[3.299s] Level 5:colcon.colcon_core.verb:set package 'PCVCOM' build argument 'ament_cmake_args' from command line to 'None'
[3.299s] Level 5:colcon.colcon_core.verb:set package 'PCVCOM' build argument 'catkin_cmake_args' from command line to 'None'
[3.299s] Level 5:colcon.colcon_core.verb:set package 'PCVCOM' build argument 'catkin_skip_building_tests' from command line to 'False'
[3.299s] DEBUG:colcon.colcon_core.verb:Building package 'PCVCOM' with the following arguments: {'ament_cmake_args': None, 'build_base': '/home/orangepi/GM/PCVCOM/build/PCVCOM', 'catkin_cmake_args': None, 'catkin_skip_building_tests': False, 'cmake_args': None, 'cmake_clean_cache': False, 'cmake_clean_first': False, 'cmake_force_configure': False, 'cmake_target': None, 'cmake_target_skip_unavailable': False, 'install_base': '/home/orangepi/GM/PCVCOM/install/PCVCOM', 'merge_install': False, 'path': '/home/orangepi/GM/PCVCOM/PCVCOM', 'symlink_install': False, 'test_result_base': None}
[3.300s] INFO:colcon.colcon_core.executor:Executing jobs using 'parallel' executor
[3.306s] DEBUG:colcon.colcon_parallel_executor.executor.parallel:run_until_complete
[3.307s] INFO:colcon.colcon_ros.task.ament_python.build:Building ROS package in '/home/orangepi/GM/PCVCOM/PCVCOM' with build type 'ament_python'
[3.308s] Level 1:colcon.colcon_core.shell:create_environment_hook('PCVCOM', 'ament_prefix_path')
[3.336s] INFO:colcon.colcon_core.plugin_system:Skipping extension 'colcon_core.shell.bat': Not used on non-Windows systems
[3.337s] INFO:colcon.colcon_core.shell:Creating environment hook '/home/orangepi/GM/PCVCOM/install/PCVCOM/share/PCVCOM/hook/ament_prefix_path.ps1'
[3.346s] INFO:colcon.colcon_core.shell:Creating environment descriptor '/home/orangepi/GM/PCVCOM/install/PCVCOM/share/PCVCOM/hook/ament_prefix_path.dsv'
[3.354s] INFO:colcon.colcon_core.shell:Creating environment hook '/home/orangepi/GM/PCVCOM/install/PCVCOM/share/PCVCOM/hook/ament_prefix_path.sh'
[3.365s] INFO:colcon.colcon_core.shell:Skip shell extension 'powershell' for command environment: Not usable outside of PowerShell
[3.365s] DEBUG:colcon.colcon_core.shell:Skip shell extension 'dsv' for command environment
[3.416s] WARNING:colcon.colcon_core.prefix_path.colcon:The path '/home/orangepi/PCVCOM/install' in the environment variable COLCON_PREFIX_PATH doesn't exist
[3.417s] WARNING:colcon.colcon_core.prefix_path.colcon:The path '/home/orangepi/GM/install' in the environment variable COLCON_PREFIX_PATH doesn't exist
[3.418s] WARNING:colcon.colcon_ros.prefix_path.ament:The path '/home/orangepi/PCVCOM/install/PCVCOM' in the environment variable AMENT_PREFIX_PATH doesn't exist
[3.418s] WARNING:colcon.colcon_ros.prefix_path.ament:The path '/home/orangepi/GM/install/com' in the environment variable AMENT_PREFIX_PATH doesn't exist
[7.089s] INFO:colcon.colcon_core.task.python.build:Building Python package in '/home/orangepi/GM/PCVCOM/PCVCOM'
[7.091s] INFO:colcon.colcon_core.shell:Skip shell extension 'powershell' for command environment: Not usable outside of PowerShell
[7.092s] DEBUG:colcon.colcon_core.shell:Skip shell extension 'dsv' for command environment
[12.008s] DEBUG:colcon.colcon_core.event_handler.log_command:Invoking command in '/home/orangepi/GM/PCVCOM/PCVCOM': PYTHONPATH=/home/orangepi/GM/PCVCOM/build/PCVCOM/prefix_override:/usr/lib/python3/dist-packages/colcon_core/task/python/colcon_distutils_commands:/home/orangepi/GM/PCVCOM/install/PCVCOM/lib/python3.10/site-packages:${PYTHONPATH} /usr/bin/python3 -W ignore:setup.py install is deprecated setup.py egg_info --egg-base ../build/PCVCOM build --build-base /home/orangepi/GM/PCVCOM/build/PCVCOM/build install --record /home/orangepi/GM/PCVCOM/build/PCVCOM/install.log --single-version-externally-managed install_data
[16.041s] DEBUG:colcon.colcon_parallel_executor.executor.parallel:run_until_complete was interrupted
[16.042s] DEBUG:colcon.colcon_parallel_executor.executor.parallel:run_until_complete again
[16.056s] DEBUG:colcon.colcon_core.event_handler.log_command:Invoked command in '/home/orangepi/GM/PCVCOM/PCVCOM' returned '-2': PYTHONPATH=/home/orangepi/GM/PCVCOM/build/PCVCOM/prefix_override:/usr/lib/python3/dist-packages/colcon_core/task/python/colcon_distutils_commands:/home/orangepi/GM/PCVCOM/install/PCVCOM/lib/python3.10/site-packages:${PYTHONPATH} /usr/bin/python3 -W ignore:setup.py install is deprecated setup.py egg_info --egg-base ../build/PCVCOM build --build-base /home/orangepi/GM/PCVCOM/build/PCVCOM/build install --record /home/orangepi/GM/PCVCOM/build/PCVCOM/install.log --single-version-externally-managed install_data
[16.065s] DEBUG:colcon.colcon_parallel_executor.executor.parallel:run_until_complete finished
[16.065s] DEBUG:colcon.colcon_parallel_executor.executor.parallel:closing loop
[16.066s] DEBUG:colcon.colcon_parallel_executor.executor.parallel:loop closed
[16.066s] DEBUG:colcon.colcon_core.event_reactor:joining thread
[16.195s] INFO:colcon.colcon_core.plugin_system:Skipping extension 'colcon_notification.desktop_notification.terminal_notifier': Not used on non-Darwin systems
[16.197s] INFO:colcon.colcon_core.plugin_system:Skipping extension 'colcon_notification.desktop_notification.win32': Not used on non-Windows systems
[16.198s] INFO:colcon.colcon_notification.desktop_notification:Sending desktop notification using 'notify2'
[16.233s] DEBUG:colcon.colcon_notification.desktop_notification.notify2:Failed to initialize notify2: org.freedesktop.DBus.Error.NoServer: Failed to connect to socket /tmp/dbus-lJDw7tyCOa: Connection refused
[16.234s] DEBUG:colcon.colcon_core.event_reactor:joined thread
[16.237s] INFO:colcon.colcon_core.shell:Creating prefix script '/home/orangepi/GM/PCVCOM/install/local_setup.ps1'
[16.246s] INFO:colcon.colcon_core.shell:Creating prefix util module '/home/orangepi/GM/PCVCOM/install/_local_setup_util_ps1.py'
[16.259s] INFO:colcon.colcon_core.shell:Creating prefix chain script '/home/orangepi/GM/PCVCOM/install/setup.ps1'
[16.269s] INFO:colcon.colcon_core.shell:Creating prefix script '/home/orangepi/GM/PCVCOM/install/local_setup.sh'
[16.275s] INFO:colcon.colcon_core.shell:Creating prefix util module '/home/orangepi/GM/PCVCOM/install/_local_setup_util_sh.py'
[16.281s] INFO:colcon.colcon_core.shell:Creating prefix chain script '/home/orangepi/GM/PCVCOM/install/setup.sh'
[16.292s] INFO:colcon.colcon_core.shell:Creating prefix script '/home/orangepi/GM/PCVCOM/install/local_setup.bash'
[16.298s] INFO:colcon.colcon_core.shell:Creating prefix chain script '/home/orangepi/GM/PCVCOM/install/setup.bash'
[16.307s] INFO:colcon.colcon_core.shell:Creating prefix script '/home/orangepi/GM/PCVCOM/install/local_setup.zsh'
[16.313s] INFO:colcon.colcon_core.shell:Creating prefix chain script '/home/orangepi/GM/PCVCOM/install/setup.zsh'
