[0.022s] Invoking command in '/home/orangepi/GM/RESOURCES/ros2_ws/build/vision_msgs': CMAKE_PREFIX_PATH=${CMAKE_PREFIX_PATH}:/opt/ros/humble /usr/bin/cmake --build /home/orangepi/GM/RESOURCES/ros2_ws/build/vision_msgs -- -j8 -l8
[0.194s] [ 10%] Built target vision_msgs__rosidl_generator_c
[0.213s] [ 12%] Built target vision_msgs__cpp
[0.214s] [ 12%] Built target ament_cmake_python_copy_vision_msgs
[0.255s] [ 23%] Built target vision_msgs__rosidl_typesupport_c
[0.270s] [ 34%] Built target vision_msgs__rosidl_typesupport_fastrtps_c
[0.273s] [ 45%] Built target vision_msgs__rosidl_typesupport_introspection_c
[0.286s] [ 56%] Built target vision_msgs__rosidl_typesupport_introspection_cpp
[0.294s] [ 67%] Built target vision_msgs__rosidl_typesupport_cpp
[0.296s] [ 78%] Built target vision_msgs__rosidl_typesupport_fastrtps_cpp
[0.360s] [ 78%] Built target vision_msgs
[0.418s] [ 80%] Built target vision_msgs__py
[0.505s] [ 89%] Built target vision_msgs__rosidl_generator_py
[0.588s] running egg_info
[0.590s] writing vision_msgs.egg-info/PKG-INFO
[0.591s] writing dependency_links to vision_msgs.egg-info/dependency_links.txt
[0.592s] writing top-level names to vision_msgs.egg-info/top_level.txt
[0.595s] [ 92%] Built target vision_msgs__rosidl_typesupport_fastrtps_c__pyext
[0.597s] [100%] Built target vision_msgs__rosidl_typesupport_c__pyext
[0.597s] [100%] Built target vision_msgs__rosidl_typesupport_introspection_c__pyext
[0.601s] reading manifest file 'vision_msgs.egg-info/SOURCES.txt'
[0.602s] writing manifest file 'vision_msgs.egg-info/SOURCES.txt'
[0.710s] [100%] Built target ament_cmake_python_build_vision_msgs_egg
[0.750s] Invoked command in '/home/orangepi/GM/RESOURCES/ros2_ws/build/vision_msgs' returned '0': CMAKE_PREFIX_PATH=${CMAKE_PREFIX_PATH}:/opt/ros/humble /usr/bin/cmake --build /home/orangepi/GM/RESOURCES/ros2_ws/build/vision_msgs -- -j8 -l8
[1.003s] Invoking command in '/home/orangepi/GM/RESOURCES/ros2_ws/build/vision_msgs': CMAKE_PREFIX_PATH=${CMAKE_PREFIX_PATH}:/opt/ros/humble /usr/bin/cmake --install /home/orangepi/GM/RESOURCES/ros2_ws/build/vision_msgs
[1.046s] -- Install configuration: ""
[1.048s] -- Up-to-date: /home/orangepi/GM/RESOURCES/ros2_ws/install/vision_msgs/share/ament_index/resource_index/rosidl_interfaces/vision_msgs
[1.049s] -- Up-to-date: /home/orangepi/GM/RESOURCES/ros2_ws/install/vision_msgs/include/vision_msgs/vision_msgs
[1.049s] -- Up-to-date: /home/orangepi/GM/RESOURCES/ros2_ws/install/vision_msgs/include/vision_msgs/vision_msgs/msg
[1.050s] -- Up-to-date: /home/orangepi/GM/RESOURCES/ros2_ws/install/vision_msgs/include/vision_msgs/vision_msgs/msg/detail
[1.050s] -- Up-to-date: /home/orangepi/GM/RESOURCES/ros2_ws/install/vision_msgs/include/vision_msgs/vision_msgs/msg/detail/point__type_support.h
[1.051s] -- Up-to-date: /home/orangepi/GM/RESOURCES/ros2_ws/install/vision_msgs/include/vision_msgs/vision_msgs/msg/detail/point__functions.c
[1.052s] -- Up-to-date: /home/orangepi/GM/RESOURCES/ros2_ws/install/vision_msgs/include/vision_msgs/vision_msgs/msg/detail/armors__functions.h
[1.052s] -- Up-to-date: /home/orangepi/GM/RESOURCES/ros2_ws/install/vision_msgs/include/vision_msgs/vision_msgs/msg/detail/autoaim_state__functions.c
[1.053s] -- Up-to-date: /home/orangepi/GM/RESOURCES/ros2_ws/install/vision_msgs/include/vision_msgs/vision_msgs/msg/detail/autoaim_state__struct.h
[1.053s] -- Up-to-date: /home/orangepi/GM/RESOURCES/ros2_ws/install/vision_msgs/include/vision_msgs/vision_msgs/msg/detail/armors__struct.h
[1.053s] -- Up-to-date: /home/orangepi/GM/RESOURCES/ros2_ws/install/vision_msgs/include/vision_msgs/vision_msgs/msg/detail/point__functions.h
[1.054s] -- Up-to-date: /home/orangepi/GM/RESOURCES/ros2_ws/install/vision_msgs/include/vision_msgs/vision_msgs/msg/detail/autoaim_state__functions.h
[1.056s] -- Up-to-date: /home/orangepi/GM/RESOURCES/ros2_ws/install/vision_msgs/include/vision_msgs/vision_msgs/msg/detail/point__struct.h
[1.056s] -- Up-to-date: /home/orangepi/GM/RESOURCES/ros2_ws/install/vision_msgs/include/vision_msgs/vision_msgs/msg/detail/armor__type_support.h
[1.058s] -- Up-to-date: /home/orangepi/GM/RESOURCES/ros2_ws/install/vision_msgs/include/vision_msgs/vision_msgs/msg/detail/armor__struct.h
[1.059s] -- Up-to-date: /home/orangepi/GM/RESOURCES/ros2_ws/install/vision_msgs/include/vision_msgs/vision_msgs/msg/detail/armors__functions.c
[1.059s] -- Up-to-date: /home/orangepi/GM/RESOURCES/ros2_ws/install/vision_msgs/include/vision_msgs/vision_msgs/msg/detail/armor__functions.c
[1.059s] -- Up-to-date: /home/orangepi/GM/RESOURCES/ros2_ws/install/vision_msgs/include/vision_msgs/vision_msgs/msg/detail/armor__functions.h
[1.060s] -- Up-to-date: /home/orangepi/GM/RESOURCES/ros2_ws/install/vision_msgs/include/vision_msgs/vision_msgs/msg/detail/armors__type_support.h
[1.060s] -- Up-to-date: /home/orangepi/GM/RESOURCES/ros2_ws/install/vision_msgs/include/vision_msgs/vision_msgs/msg/detail/autoaim_state__type_support.h
[1.060s] -- Up-to-date: /home/orangepi/GM/RESOURCES/ros2_ws/install/vision_msgs/include/vision_msgs/vision_msgs/msg/armors.h
[1.061s] -- Up-to-date: /home/orangepi/GM/RESOURCES/ros2_ws/install/vision_msgs/include/vision_msgs/vision_msgs/msg/autoaim_state.h
[1.061s] -- Up-to-date: /home/orangepi/GM/RESOURCES/ros2_ws/install/vision_msgs/include/vision_msgs/vision_msgs/msg/point.h
[1.063s] -- Up-to-date: /home/orangepi/GM/RESOURCES/ros2_ws/install/vision_msgs/include/vision_msgs/vision_msgs/msg/armor.h
[1.067s] -- Up-to-date: /home/orangepi/GM/RESOURCES/ros2_ws/install/vision_msgs/include/vision_msgs/vision_msgs/msg/rosidl_generator_c__visibility_control.h
[1.075s] -- Up-to-date: /home/orangepi/GM/RESOURCES/ros2_ws/install/vision_msgs/share/vision_msgs/environment/library_path.sh
[1.075s] -- Up-to-date: /home/orangepi/GM/RESOURCES/ros2_ws/install/vision_msgs/share/vision_msgs/environment/library_path.dsv
[1.077s] -- Up-to-date: /home/orangepi/GM/RESOURCES/ros2_ws/install/vision_msgs/lib/libvision_msgs__rosidl_generator_c.so
[1.081s] -- Up-to-date: /home/orangepi/GM/RESOURCES/ros2_ws/install/vision_msgs/include/vision_msgs/vision_msgs
[1.082s] -- Up-to-date: /home/orangepi/GM/RESOURCES/ros2_ws/install/vision_msgs/include/vision_msgs/vision_msgs/msg
[1.083s] -- Up-to-date: /home/orangepi/GM/RESOURCES/ros2_ws/install/vision_msgs/include/vision_msgs/vision_msgs/msg/detail
[1.083s] -- Up-to-date: /home/orangepi/GM/RESOURCES/ros2_ws/install/vision_msgs/include/vision_msgs/vision_msgs/msg/detail/autoaim_state__rosidl_typesupport_fastrtps_c.h
[1.083s] -- Up-to-date: /home/orangepi/GM/RESOURCES/ros2_ws/install/vision_msgs/include/vision_msgs/vision_msgs/msg/detail/armor__rosidl_typesupport_fastrtps_c.h
[1.085s] -- Up-to-date: /home/orangepi/GM/RESOURCES/ros2_ws/install/vision_msgs/include/vision_msgs/vision_msgs/msg/detail/armors__rosidl_typesupport_fastrtps_c.h
[1.085s] -- Up-to-date: /home/orangepi/GM/RESOURCES/ros2_ws/install/vision_msgs/include/vision_msgs/vision_msgs/msg/detail/point__rosidl_typesupport_fastrtps_c.h
[1.085s] -- Up-to-date: /home/orangepi/GM/RESOURCES/ros2_ws/install/vision_msgs/include/vision_msgs/vision_msgs/msg/rosidl_typesupport_fastrtps_c__visibility_control.h
[1.091s] -- Up-to-date: /home/orangepi/GM/RESOURCES/ros2_ws/install/vision_msgs/lib/libvision_msgs__rosidl_typesupport_fastrtps_c.so
[1.092s] -- Up-to-date: /home/orangepi/GM/RESOURCES/ros2_ws/install/vision_msgs/include/vision_msgs/vision_msgs
[1.092s] -- Up-to-date: /home/orangepi/GM/RESOURCES/ros2_ws/install/vision_msgs/include/vision_msgs/vision_msgs/msg
[1.092s] -- Up-to-date: /home/orangepi/GM/RESOURCES/ros2_ws/install/vision_msgs/include/vision_msgs/vision_msgs/msg/detail
[1.093s] -- Up-to-date: /home/orangepi/GM/RESOURCES/ros2_ws/install/vision_msgs/include/vision_msgs/vision_msgs/msg/detail/armors__rosidl_typesupport_introspection_c.h
[1.093s] -- Up-to-date: /home/orangepi/GM/RESOURCES/ros2_ws/install/vision_msgs/include/vision_msgs/vision_msgs/msg/detail/point__type_support.c
[1.093s] -- Up-to-date: /home/orangepi/GM/RESOURCES/ros2_ws/install/vision_msgs/include/vision_msgs/vision_msgs/msg/detail/armor__type_support.c
[1.097s] -- Up-to-date: /home/orangepi/GM/RESOURCES/ros2_ws/install/vision_msgs/include/vision_msgs/vision_msgs/msg/detail/armors__type_support.c
[1.099s] -- Up-to-date: /home/orangepi/GM/RESOURCES/ros2_ws/install/vision_msgs/include/vision_msgs/vision_msgs/msg/detail/point__rosidl_typesupport_introspection_c.h
[1.099s] -- Up-to-date: /home/orangepi/GM/RESOURCES/ros2_ws/install/vision_msgs/include/vision_msgs/vision_msgs/msg/detail/autoaim_state__type_support.c
[1.100s] -- Up-to-date: /home/orangepi/GM/RESOURCES/ros2_ws/install/vision_msgs/include/vision_msgs/vision_msgs/msg/detail/autoaim_state__rosidl_typesupport_introspection_c.h
[1.100s] -- Up-to-date: /home/orangepi/GM/RESOURCES/ros2_ws/install/vision_msgs/include/vision_msgs/vision_msgs/msg/detail/armor__rosidl_typesupport_introspection_c.h
[1.101s] -- Up-to-date: /home/orangepi/GM/RESOURCES/ros2_ws/install/vision_msgs/include/vision_msgs/vision_msgs/msg/rosidl_typesupport_introspection_c__visibility_control.h
[1.101s] -- Up-to-date: /home/orangepi/GM/RESOURCES/ros2_ws/install/vision_msgs/lib/libvision_msgs__rosidl_typesupport_introspection_c.so
[1.101s] -- Up-to-date: /home/orangepi/GM/RESOURCES/ros2_ws/install/vision_msgs/lib/libvision_msgs__rosidl_typesupport_c.so
[1.101s] -- Up-to-date: /home/orangepi/GM/RESOURCES/ros2_ws/install/vision_msgs/include/vision_msgs/vision_msgs
[1.102s] -- Up-to-date: /home/orangepi/GM/RESOURCES/ros2_ws/install/vision_msgs/include/vision_msgs/vision_msgs/msg
[1.102s] -- Up-to-date: /home/orangepi/GM/RESOURCES/ros2_ws/install/vision_msgs/include/vision_msgs/vision_msgs/msg/detail
[1.102s] -- Up-to-date: /home/orangepi/GM/RESOURCES/ros2_ws/install/vision_msgs/include/vision_msgs/vision_msgs/msg/detail/armor__traits.hpp
[1.102s] -- Up-to-date: /home/orangepi/GM/RESOURCES/ros2_ws/install/vision_msgs/include/vision_msgs/vision_msgs/msg/detail/point__traits.hpp
[1.102s] -- Up-to-date: /home/orangepi/GM/RESOURCES/ros2_ws/install/vision_msgs/include/vision_msgs/vision_msgs/msg/detail/armors__builder.hpp
[1.102s] -- Up-to-date: /home/orangepi/GM/RESOURCES/ros2_ws/install/vision_msgs/include/vision_msgs/vision_msgs/msg/detail/autoaim_state__builder.hpp
[1.102s] -- Up-to-date: /home/orangepi/GM/RESOURCES/ros2_ws/install/vision_msgs/include/vision_msgs/vision_msgs/msg/detail/armors__traits.hpp
[1.103s] -- Up-to-date: /home/orangepi/GM/RESOURCES/ros2_ws/install/vision_msgs/include/vision_msgs/vision_msgs/msg/detail/autoaim_state__struct.hpp
[1.103s] -- Up-to-date: /home/orangepi/GM/RESOURCES/ros2_ws/install/vision_msgs/include/vision_msgs/vision_msgs/msg/detail/point__struct.hpp
[1.103s] -- Up-to-date: /home/orangepi/GM/RESOURCES/ros2_ws/install/vision_msgs/include/vision_msgs/vision_msgs/msg/detail/armor__builder.hpp
[1.103s] -- Up-to-date: /home/orangepi/GM/RESOURCES/ros2_ws/install/vision_msgs/include/vision_msgs/vision_msgs/msg/detail/point__builder.hpp
[1.103s] -- Up-to-date: /home/orangepi/GM/RESOURCES/ros2_ws/install/vision_msgs/include/vision_msgs/vision_msgs/msg/detail/autoaim_state__traits.hpp
[1.103s] -- Up-to-date: /home/orangepi/GM/RESOURCES/ros2_ws/install/vision_msgs/include/vision_msgs/vision_msgs/msg/detail/armors__struct.hpp
[1.103s] -- Up-to-date: /home/orangepi/GM/RESOURCES/ros2_ws/install/vision_msgs/include/vision_msgs/vision_msgs/msg/detail/armor__struct.hpp
[1.103s] -- Up-to-date: /home/orangepi/GM/RESOURCES/ros2_ws/install/vision_msgs/include/vision_msgs/vision_msgs/msg/autoaim_state.hpp
[1.103s] -- Up-to-date: /home/orangepi/GM/RESOURCES/ros2_ws/install/vision_msgs/include/vision_msgs/vision_msgs/msg/armor.hpp
[1.103s] -- Up-to-date: /home/orangepi/GM/RESOURCES/ros2_ws/install/vision_msgs/include/vision_msgs/vision_msgs/msg/armors.hpp
[1.104s] -- Up-to-date: /home/orangepi/GM/RESOURCES/ros2_ws/install/vision_msgs/include/vision_msgs/vision_msgs/msg/point.hpp
[1.104s] -- Up-to-date: /home/orangepi/GM/RESOURCES/ros2_ws/install/vision_msgs/include/vision_msgs/vision_msgs
[1.104s] -- Up-to-date: /home/orangepi/GM/RESOURCES/ros2_ws/install/vision_msgs/include/vision_msgs/vision_msgs/msg
[1.104s] -- Up-to-date: /home/orangepi/GM/RESOURCES/ros2_ws/install/vision_msgs/include/vision_msgs/vision_msgs/msg/detail
[1.106s] -- Up-to-date: /home/orangepi/GM/RESOURCES/ros2_ws/install/vision_msgs/include/vision_msgs/vision_msgs/msg/detail/armor__rosidl_typesupport_fastrtps_cpp.hpp
[1.106s] -- Up-to-date: /home/orangepi/GM/RESOURCES/ros2_ws/install/vision_msgs/include/vision_msgs/vision_msgs/msg/detail/dds_fastrtps
[1.106s] -- Up-to-date: /home/orangepi/GM/RESOURCES/ros2_ws/install/vision_msgs/include/vision_msgs/vision_msgs/msg/detail/point__rosidl_typesupport_fastrtps_cpp.hpp
[1.107s] -- Up-to-date: /home/orangepi/GM/RESOURCES/ros2_ws/install/vision_msgs/include/vision_msgs/vision_msgs/msg/detail/armors__rosidl_typesupport_fastrtps_cpp.hpp
[1.107s] -- Up-to-date: /home/orangepi/GM/RESOURCES/ros2_ws/install/vision_msgs/include/vision_msgs/vision_msgs/msg/detail/autoaim_state__rosidl_typesupport_fastrtps_cpp.hpp
[1.107s] -- Up-to-date: /home/orangepi/GM/RESOURCES/ros2_ws/install/vision_msgs/include/vision_msgs/vision_msgs/msg/rosidl_typesupport_fastrtps_cpp__visibility_control.h
[1.107s] -- Up-to-date: /home/orangepi/GM/RESOURCES/ros2_ws/install/vision_msgs/lib/libvision_msgs__rosidl_typesupport_fastrtps_cpp.so
[1.107s] -- Up-to-date: /home/orangepi/GM/RESOURCES/ros2_ws/install/vision_msgs/include/vision_msgs/vision_msgs
[1.107s] -- Up-to-date: /home/orangepi/GM/RESOURCES/ros2_ws/install/vision_msgs/include/vision_msgs/vision_msgs/msg
[1.107s] -- Up-to-date: /home/orangepi/GM/RESOURCES/ros2_ws/install/vision_msgs/include/vision_msgs/vision_msgs/msg/detail
[1.107s] -- Up-to-date: /home/orangepi/GM/RESOURCES/ros2_ws/install/vision_msgs/include/vision_msgs/vision_msgs/msg/detail/autoaim_state__type_support.cpp
[1.107s] -- Up-to-date: /home/orangepi/GM/RESOURCES/ros2_ws/install/vision_msgs/include/vision_msgs/vision_msgs/msg/detail/point__rosidl_typesupport_introspection_cpp.hpp
[1.108s] -- Up-to-date: /home/orangepi/GM/RESOURCES/ros2_ws/install/vision_msgs/include/vision_msgs/vision_msgs/msg/detail/autoaim_state__rosidl_typesupport_introspection_cpp.hpp
[1.108s] -- Up-to-date: /home/orangepi/GM/RESOURCES/ros2_ws/install/vision_msgs/include/vision_msgs/vision_msgs/msg/detail/armor__rosidl_typesupport_introspection_cpp.hpp
[1.108s] -- Up-to-date: /home/orangepi/GM/RESOURCES/ros2_ws/install/vision_msgs/include/vision_msgs/vision_msgs/msg/detail/armors__rosidl_typesupport_introspection_cpp.hpp
[1.108s] -- Up-to-date: /home/orangepi/GM/RESOURCES/ros2_ws/install/vision_msgs/include/vision_msgs/vision_msgs/msg/detail/point__type_support.cpp
[1.108s] -- Up-to-date: /home/orangepi/GM/RESOURCES/ros2_ws/install/vision_msgs/include/vision_msgs/vision_msgs/msg/detail/armor__type_support.cpp
[1.108s] -- Up-to-date: /home/orangepi/GM/RESOURCES/ros2_ws/install/vision_msgs/include/vision_msgs/vision_msgs/msg/detail/armors__type_support.cpp
[1.108s] -- Up-to-date: /home/orangepi/GM/RESOURCES/ros2_ws/install/vision_msgs/lib/libvision_msgs__rosidl_typesupport_introspection_cpp.so
[1.108s] -- Up-to-date: /home/orangepi/GM/RESOURCES/ros2_ws/install/vision_msgs/lib/libvision_msgs__rosidl_typesupport_cpp.so
[1.108s] -- Up-to-date: /home/orangepi/GM/RESOURCES/ros2_ws/install/vision_msgs/share/vision_msgs/environment/pythonpath.sh
[1.108s] -- Up-to-date: /home/orangepi/GM/RESOURCES/ros2_ws/install/vision_msgs/share/vision_msgs/environment/pythonpath.dsv
[1.108s] -- Up-to-date: /home/orangepi/GM/RESOURCES/ros2_ws/install/vision_msgs/local/lib/python3.10/dist-packages/vision_msgs-0.0.0-py3.10.egg-info
[1.108s] -- Installing: /home/orangepi/GM/RESOURCES/ros2_ws/install/vision_msgs/local/lib/python3.10/dist-packages/vision_msgs-0.0.0-py3.10.egg-info/top_level.txt
[1.109s] -- Installing: /home/orangepi/GM/RESOURCES/ros2_ws/install/vision_msgs/local/lib/python3.10/dist-packages/vision_msgs-0.0.0-py3.10.egg-info/PKG-INFO
[1.109s] -- Installing: /home/orangepi/GM/RESOURCES/ros2_ws/install/vision_msgs/local/lib/python3.10/dist-packages/vision_msgs-0.0.0-py3.10.egg-info/SOURCES.txt
[1.109s] -- Installing: /home/orangepi/GM/RESOURCES/ros2_ws/install/vision_msgs/local/lib/python3.10/dist-packages/vision_msgs-0.0.0-py3.10.egg-info/dependency_links.txt
[1.109s] -- Up-to-date: /home/orangepi/GM/RESOURCES/ros2_ws/install/vision_msgs/local/lib/python3.10/dist-packages/vision_msgs
[1.109s] -- Up-to-date: /home/orangepi/GM/RESOURCES/ros2_ws/install/vision_msgs/local/lib/python3.10/dist-packages/vision_msgs/msg
[1.109s] -- Up-to-date: /home/orangepi/GM/RESOURCES/ros2_ws/install/vision_msgs/local/lib/python3.10/dist-packages/vision_msgs/msg/__init__.py
[1.109s] -- Up-to-date: /home/orangepi/GM/RESOURCES/ros2_ws/install/vision_msgs/local/lib/python3.10/dist-packages/vision_msgs/msg/_armor_s.c
[1.109s] -- Up-to-date: /home/orangepi/GM/RESOURCES/ros2_ws/install/vision_msgs/local/lib/python3.10/dist-packages/vision_msgs/msg/_point.py
[1.109s] -- Up-to-date: /home/orangepi/GM/RESOURCES/ros2_ws/install/vision_msgs/local/lib/python3.10/dist-packages/vision_msgs/msg/_armors.py
[1.109s] -- Up-to-date: /home/orangepi/GM/RESOURCES/ros2_ws/install/vision_msgs/local/lib/python3.10/dist-packages/vision_msgs/msg/_point_s.c
[1.109s] -- Up-to-date: /home/orangepi/GM/RESOURCES/ros2_ws/install/vision_msgs/local/lib/python3.10/dist-packages/vision_msgs/msg/_armor.py
[1.109s] -- Up-to-date: /home/orangepi/GM/RESOURCES/ros2_ws/install/vision_msgs/local/lib/python3.10/dist-packages/vision_msgs/msg/_autoaim_state.py
[1.109s] -- Up-to-date: /home/orangepi/GM/RESOURCES/ros2_ws/install/vision_msgs/local/lib/python3.10/dist-packages/vision_msgs/msg/_autoaim_state_s.c
[1.109s] -- Up-to-date: /home/orangepi/GM/RESOURCES/ros2_ws/install/vision_msgs/local/lib/python3.10/dist-packages/vision_msgs/msg/_armors_s.c
[1.110s] -- Up-to-date: /home/orangepi/GM/RESOURCES/ros2_ws/install/vision_msgs/local/lib/python3.10/dist-packages/vision_msgs/_vision_msgs_s.ep.rosidl_typesupport_introspection_c.c
[1.110s] -- Up-to-date: /home/orangepi/GM/RESOURCES/ros2_ws/install/vision_msgs/local/lib/python3.10/dist-packages/vision_msgs/__init__.py
[1.110s] -- Up-to-date: /home/orangepi/GM/RESOURCES/ros2_ws/install/vision_msgs/local/lib/python3.10/dist-packages/vision_msgs/vision_msgs_s__rosidl_typesupport_fastrtps_c.cpython-310-aarch64-linux-gnu.so
[1.110s] -- Up-to-date: /home/orangepi/GM/RESOURCES/ros2_ws/install/vision_msgs/local/lib/python3.10/dist-packages/vision_msgs/libvision_msgs__rosidl_generator_py.so
[1.110s] -- Up-to-date: /home/orangepi/GM/RESOURCES/ros2_ws/install/vision_msgs/local/lib/python3.10/dist-packages/vision_msgs/vision_msgs_s__rosidl_typesupport_c.cpython-310-aarch64-linux-gnu.so
[1.110s] -- Up-to-date: /home/orangepi/GM/RESOURCES/ros2_ws/install/vision_msgs/local/lib/python3.10/dist-packages/vision_msgs/_vision_msgs_s.ep.rosidl_typesupport_c.c
[1.110s] -- Up-to-date: /home/orangepi/GM/RESOURCES/ros2_ws/install/vision_msgs/local/lib/python3.10/dist-packages/vision_msgs/vision_msgs_s__rosidl_typesupport_introspection_c.cpython-310-aarch64-linux-gnu.so
[1.110s] -- Up-to-date: /home/orangepi/GM/RESOURCES/ros2_ws/install/vision_msgs/local/lib/python3.10/dist-packages/vision_msgs/_vision_msgs_s.ep.rosidl_typesupport_fastrtps_c.c
[1.110s] Listing '/home/orangepi/GM/RESOURCES/ros2_ws/install/vision_msgs/local/lib/python3.10/dist-packages/vision_msgs'...
[1.110s] Listing '/home/orangepi/GM/RESOURCES/ros2_ws/install/vision_msgs/local/lib/python3.10/dist-packages/vision_msgs/msg'...
[1.112s] -- Up-to-date: /home/orangepi/GM/RESOURCES/ros2_ws/install/vision_msgs/local/lib/python3.10/dist-packages/vision_msgs/vision_msgs_s__rosidl_typesupport_fastrtps_c.cpython-310-aarch64-linux-gnu.so
[1.113s] -- Up-to-date: /home/orangepi/GM/RESOURCES/ros2_ws/install/vision_msgs/local/lib/python3.10/dist-packages/vision_msgs/vision_msgs_s__rosidl_typesupport_introspection_c.cpython-310-aarch64-linux-gnu.so
[1.113s] -- Up-to-date: /home/orangepi/GM/RESOURCES/ros2_ws/install/vision_msgs/local/lib/python3.10/dist-packages/vision_msgs/vision_msgs_s__rosidl_typesupport_c.cpython-310-aarch64-linux-gnu.so
[1.113s] -- Up-to-date: /home/orangepi/GM/RESOURCES/ros2_ws/install/vision_msgs/lib/libvision_msgs__rosidl_generator_py.so
[1.113s] -- Up-to-date: /home/orangepi/GM/RESOURCES/ros2_ws/install/vision_msgs/share/vision_msgs/msg/Point.idl
[1.115s] -- Up-to-date: /home/orangepi/GM/RESOURCES/ros2_ws/install/vision_msgs/share/vision_msgs/msg/Armor.idl
[1.115s] -- Up-to-date: /home/orangepi/GM/RESOURCES/ros2_ws/install/vision_msgs/share/vision_msgs/msg/Armors.idl
[1.115s] -- Up-to-date: /home/orangepi/GM/RESOURCES/ros2_ws/install/vision_msgs/share/vision_msgs/msg/AutoaimState.idl
[1.116s] -- Up-to-date: /home/orangepi/GM/RESOURCES/ros2_ws/install/vision_msgs/share/vision_msgs/msg/Point.msg
[1.116s] -- Up-to-date: /home/orangepi/GM/RESOURCES/ros2_ws/install/vision_msgs/share/vision_msgs/msg/Armor.msg
[1.116s] -- Up-to-date: /home/orangepi/GM/RESOURCES/ros2_ws/install/vision_msgs/share/vision_msgs/msg/Armors.msg
[1.116s] -- Up-to-date: /home/orangepi/GM/RESOURCES/ros2_ws/install/vision_msgs/share/vision_msgs/msg/AutoaimState.msg
[1.116s] -- Up-to-date: /home/orangepi/GM/RESOURCES/ros2_ws/install/vision_msgs/share/ament_index/resource_index/package_run_dependencies/vision_msgs
[1.116s] -- Up-to-date: /home/orangepi/GM/RESOURCES/ros2_ws/install/vision_msgs/share/ament_index/resource_index/parent_prefix_path/vision_msgs
[1.117s] -- Up-to-date: /home/orangepi/GM/RESOURCES/ros2_ws/install/vision_msgs/share/vision_msgs/environment/ament_prefix_path.sh
[1.117s] -- Up-to-date: /home/orangepi/GM/RESOURCES/ros2_ws/install/vision_msgs/share/vision_msgs/environment/ament_prefix_path.dsv
[1.117s] -- Up-to-date: /home/orangepi/GM/RESOURCES/ros2_ws/install/vision_msgs/share/vision_msgs/environment/path.sh
[1.117s] -- Up-to-date: /home/orangepi/GM/RESOURCES/ros2_ws/install/vision_msgs/share/vision_msgs/environment/path.dsv
[1.117s] -- Up-to-date: /home/orangepi/GM/RESOURCES/ros2_ws/install/vision_msgs/share/vision_msgs/local_setup.bash
[1.117s] -- Up-to-date: /home/orangepi/GM/RESOURCES/ros2_ws/install/vision_msgs/share/vision_msgs/local_setup.sh
[1.117s] -- Up-to-date: /home/orangepi/GM/RESOURCES/ros2_ws/install/vision_msgs/share/vision_msgs/local_setup.zsh
[1.117s] -- Up-to-date: /home/orangepi/GM/RESOURCES/ros2_ws/install/vision_msgs/share/vision_msgs/local_setup.dsv
[1.117s] -- Installing: /home/orangepi/GM/RESOURCES/ros2_ws/install/vision_msgs/share/vision_msgs/package.dsv
[1.118s] -- Up-to-date: /home/orangepi/GM/RESOURCES/ros2_ws/install/vision_msgs/share/ament_index/resource_index/packages/vision_msgs
[1.118s] -- Up-to-date: /home/orangepi/GM/RESOURCES/ros2_ws/install/vision_msgs/share/vision_msgs/cmake/export_vision_msgs__rosidl_generator_cExport.cmake
[1.118s] -- Up-to-date: /home/orangepi/GM/RESOURCES/ros2_ws/install/vision_msgs/share/vision_msgs/cmake/export_vision_msgs__rosidl_generator_cExport-noconfig.cmake
[1.118s] -- Up-to-date: /home/orangepi/GM/RESOURCES/ros2_ws/install/vision_msgs/share/vision_msgs/cmake/export_vision_msgs__rosidl_typesupport_fastrtps_cExport.cmake
[1.119s] -- Up-to-date: /home/orangepi/GM/RESOURCES/ros2_ws/install/vision_msgs/share/vision_msgs/cmake/export_vision_msgs__rosidl_typesupport_fastrtps_cExport-noconfig.cmake
[1.119s] -- Up-to-date: /home/orangepi/GM/RESOURCES/ros2_ws/install/vision_msgs/share/vision_msgs/cmake/vision_msgs__rosidl_typesupport_introspection_cExport.cmake
[1.119s] -- Up-to-date: /home/orangepi/GM/RESOURCES/ros2_ws/install/vision_msgs/share/vision_msgs/cmake/vision_msgs__rosidl_typesupport_introspection_cExport-noconfig.cmake
[1.119s] -- Up-to-date: /home/orangepi/GM/RESOURCES/ros2_ws/install/vision_msgs/share/vision_msgs/cmake/vision_msgs__rosidl_typesupport_cExport.cmake
[1.119s] -- Up-to-date: /home/orangepi/GM/RESOURCES/ros2_ws/install/vision_msgs/share/vision_msgs/cmake/vision_msgs__rosidl_typesupport_cExport-noconfig.cmake
[1.119s] -- Up-to-date: /home/orangepi/GM/RESOURCES/ros2_ws/install/vision_msgs/share/vision_msgs/cmake/export_vision_msgs__rosidl_generator_cppExport.cmake
[1.119s] -- Up-to-date: /home/orangepi/GM/RESOURCES/ros2_ws/install/vision_msgs/share/vision_msgs/cmake/export_vision_msgs__rosidl_typesupport_fastrtps_cppExport.cmake
[1.120s] -- Up-to-date: /home/orangepi/GM/RESOURCES/ros2_ws/install/vision_msgs/share/vision_msgs/cmake/export_vision_msgs__rosidl_typesupport_fastrtps_cppExport-noconfig.cmake
[1.120s] -- Up-to-date: /home/orangepi/GM/RESOURCES/ros2_ws/install/vision_msgs/share/vision_msgs/cmake/vision_msgs__rosidl_typesupport_introspection_cppExport.cmake
[1.121s] -- Up-to-date: /home/orangepi/GM/RESOURCES/ros2_ws/install/vision_msgs/share/vision_msgs/cmake/vision_msgs__rosidl_typesupport_introspection_cppExport-noconfig.cmake
[1.122s] -- Up-to-date: /home/orangepi/GM/RESOURCES/ros2_ws/install/vision_msgs/share/vision_msgs/cmake/vision_msgs__rosidl_typesupport_cppExport.cmake
[1.123s] -- Up-to-date: /home/orangepi/GM/RESOURCES/ros2_ws/install/vision_msgs/share/vision_msgs/cmake/vision_msgs__rosidl_typesupport_cppExport-noconfig.cmake
[1.123s] -- Up-to-date: /home/orangepi/GM/RESOURCES/ros2_ws/install/vision_msgs/share/vision_msgs/cmake/export_vision_msgs__rosidl_generator_pyExport.cmake
[1.124s] -- Up-to-date: /home/orangepi/GM/RESOURCES/ros2_ws/install/vision_msgs/share/vision_msgs/cmake/export_vision_msgs__rosidl_generator_pyExport-noconfig.cmake
[1.124s] -- Up-to-date: /home/orangepi/GM/RESOURCES/ros2_ws/install/vision_msgs/share/vision_msgs/cmake/rosidl_cmake-extras.cmake
[1.124s] -- Up-to-date: /home/orangepi/GM/RESOURCES/ros2_ws/install/vision_msgs/share/vision_msgs/cmake/ament_cmake_export_dependencies-extras.cmake
[1.124s] -- Up-to-date: /home/orangepi/GM/RESOURCES/ros2_ws/install/vision_msgs/share/vision_msgs/cmake/ament_cmake_export_include_directories-extras.cmake
[1.124s] -- Up-to-date: /home/orangepi/GM/RESOURCES/ros2_ws/install/vision_msgs/share/vision_msgs/cmake/ament_cmake_export_libraries-extras.cmake
[1.125s] -- Up-to-date: /home/orangepi/GM/RESOURCES/ros2_ws/install/vision_msgs/share/vision_msgs/cmake/ament_cmake_export_targets-extras.cmake
[1.125s] -- Up-to-date: /home/orangepi/GM/RESOURCES/ros2_ws/install/vision_msgs/share/vision_msgs/cmake/rosidl_cmake_export_typesupport_targets-extras.cmake
[1.126s] -- Up-to-date: /home/orangepi/GM/RESOURCES/ros2_ws/install/vision_msgs/share/vision_msgs/cmake/rosidl_cmake_export_typesupport_libraries-extras.cmake
[1.126s] -- Up-to-date: /home/orangepi/GM/RESOURCES/ros2_ws/install/vision_msgs/share/vision_msgs/cmake/vision_msgsConfig.cmake
[1.126s] -- Up-to-date: /home/orangepi/GM/RESOURCES/ros2_ws/install/vision_msgs/share/vision_msgs/cmake/vision_msgsConfig-version.cmake
[1.126s] -- Up-to-date: /home/orangepi/GM/RESOURCES/ros2_ws/install/vision_msgs/share/vision_msgs/package.xml
[1.127s] Invoked command in '/home/orangepi/GM/RESOURCES/ros2_ws/build/vision_msgs' returned '0': CMAKE_PREFIX_PATH=${CMAKE_PREFIX_PATH}:/opt/ros/humble /usr/bin/cmake --install /home/orangepi/GM/RESOURCES/ros2_ws/build/vision_msgs
