[0.123s] DEBUG:colcon:Command line arguments: ['/usr/bin/colcon', 'build']
[0.123s] DEBUG:colcon:Parsed command line arguments: Namespace(log_base=None, log_level=None, verb_name='build', build_base='build', install_base='install', merge_install=False, symlink_install=False, test_result_base=None, continue_on_error=False, executor='parallel', parallel_workers=8, event_handlers=None, ignore_user_meta=False, metas=['./colcon.meta'], base_paths=['.'], packages_ignore=None, packages_ignore_regex=None, paths=None, packages_up_to=None, packages_up_to_regex=None, packages_above=None, packages_above_and_dependencies=None, packages_above_depth=None, packages_select_by_dep=None, packages_skip_by_dep=None, packages_skip_up_to=None, packages_select_build_failed=False, packages_skip_build_finished=False, packages_select_test_failures=False, packages_skip_test_passed=False, packages_select=None, packages_skip=None, packages_select_regex=None, packages_skip_regex=None, packages_start=None, packages_end=None, cmake_args=None, cmake_target=None, cmake_target_skip_unavailable=False, cmake_clean_cache=False, cmake_clean_first=False, cmake_force_configure=False, ament_cmake_args=None, catkin_cmake_args=None, catkin_skip_building_tests=False, verb_parser=<colcon_defaults.argument_parser.defaults.DefaultArgumentsDecorator object at 0x7f86acfa00>, verb_extension=<colcon_core.verb.build.BuildVerb object at 0x7f86c34640>, main=<bound method BuildVerb.main of <colcon_core.verb.build.BuildVerb object at 0x7f86c34640>>)
[0.301s] Level 1:colcon.colcon_core.package_discovery:discover_packages(colcon_meta) check parameters
[0.301s] Level 1:colcon.colcon_core.package_discovery:discover_packages(recursive) check parameters
[0.301s] Level 1:colcon.colcon_core.package_discovery:discover_packages(ignore) check parameters
[0.301s] Level 1:colcon.colcon_core.package_discovery:discover_packages(path) check parameters
[0.301s] Level 1:colcon.colcon_core.package_discovery:discover_packages(colcon_meta) discover
[0.301s] Level 1:colcon.colcon_core.package_discovery:discover_packages(recursive) discover
[0.301s] INFO:colcon.colcon_core.package_discovery:Crawling recursively for packages in '/home/orangepi/GM/RESOURCES/ros2_ws'
[0.301s] Level 1:colcon.colcon_core.package_identification:_identify(.) by extensions ['ignore', 'ignore_ament_install']
[0.301s] Level 1:colcon.colcon_core.package_identification:_identify(.) by extension 'ignore'
[0.301s] Level 1:colcon.colcon_core.package_identification:_identify(.) by extension 'ignore_ament_install'
[0.302s] Level 1:colcon.colcon_core.package_identification:_identify(.) by extensions ['colcon_pkg']
[0.302s] Level 1:colcon.colcon_core.package_identification:_identify(.) by extension 'colcon_pkg'
[0.302s] Level 1:colcon.colcon_core.package_identification:_identify(.) by extensions ['colcon_meta']
[0.302s] Level 1:colcon.colcon_core.package_identification:_identify(.) by extension 'colcon_meta'
[0.302s] Level 1:colcon.colcon_core.package_identification:_identify(.) by extensions ['ros']
[0.302s] Level 1:colcon.colcon_core.package_identification:_identify(.) by extension 'ros'
[0.318s] Level 1:colcon.colcon_core.package_identification:_identify(.) by extensions ['cmake', 'python']
[0.318s] Level 1:colcon.colcon_core.package_identification:_identify(.) by extension 'cmake'
[0.318s] Level 1:colcon.colcon_core.package_identification:_identify(.) by extension 'python'
[0.318s] Level 1:colcon.colcon_core.package_identification:_identify(.) by extensions ['python_setup_py']
[0.318s] Level 1:colcon.colcon_core.package_identification:_identify(.) by extension 'python_setup_py'
[0.318s] Level 1:colcon.colcon_core.package_identification:_identify(build) by extensions ['ignore', 'ignore_ament_install']
[0.318s] Level 1:colcon.colcon_core.package_identification:_identify(build) by extension 'ignore'
[0.319s] Level 1:colcon.colcon_core.package_identification:_identify(build) ignored
[0.319s] Level 1:colcon.colcon_core.package_identification:_identify(install) by extensions ['ignore', 'ignore_ament_install']
[0.319s] Level 1:colcon.colcon_core.package_identification:_identify(install) by extension 'ignore'
[0.319s] Level 1:colcon.colcon_core.package_identification:_identify(install) ignored
[0.319s] Level 1:colcon.colcon_core.package_identification:_identify(log) by extensions ['ignore', 'ignore_ament_install']
[0.319s] Level 1:colcon.colcon_core.package_identification:_identify(log) by extension 'ignore'
[0.319s] Level 1:colcon.colcon_core.package_identification:_identify(log) ignored
[0.319s] Level 1:colcon.colcon_core.package_identification:_identify(src) by extensions ['ignore', 'ignore_ament_install']
[0.319s] Level 1:colcon.colcon_core.package_identification:_identify(src) by extension 'ignore'
[0.319s] Level 1:colcon.colcon_core.package_identification:_identify(src) by extension 'ignore_ament_install'
[0.319s] Level 1:colcon.colcon_core.package_identification:_identify(src) by extensions ['colcon_pkg']
[0.319s] Level 1:colcon.colcon_core.package_identification:_identify(src) by extension 'colcon_pkg'
[0.319s] Level 1:colcon.colcon_core.package_identification:_identify(src) by extensions ['colcon_meta']
[0.320s] Level 1:colcon.colcon_core.package_identification:_identify(src) by extension 'colcon_meta'
[0.320s] Level 1:colcon.colcon_core.package_identification:_identify(src) by extensions ['ros']
[0.320s] Level 1:colcon.colcon_core.package_identification:_identify(src) by extension 'ros'
[0.320s] Level 1:colcon.colcon_core.package_identification:_identify(src) by extensions ['cmake', 'python']
[0.320s] Level 1:colcon.colcon_core.package_identification:_identify(src) by extension 'cmake'
[0.320s] Level 1:colcon.colcon_core.package_identification:_identify(src) by extension 'python'
[0.320s] Level 1:colcon.colcon_core.package_identification:_identify(src) by extensions ['python_setup_py']
[0.320s] Level 1:colcon.colcon_core.package_identification:_identify(src) by extension 'python_setup_py'
[0.320s] Level 1:colcon.colcon_core.package_identification:_identify(src/contact) by extensions ['ignore', 'ignore_ament_install']
[0.320s] Level 1:colcon.colcon_core.package_identification:_identify(src/contact) by extension 'ignore'
[0.320s] Level 1:colcon.colcon_core.package_identification:_identify(src/contact) by extension 'ignore_ament_install'
[0.320s] Level 1:colcon.colcon_core.package_identification:_identify(src/contact) by extensions ['colcon_pkg']
[0.320s] Level 1:colcon.colcon_core.package_identification:_identify(src/contact) by extension 'colcon_pkg'
[0.320s] Level 1:colcon.colcon_core.package_identification:_identify(src/contact) by extensions ['colcon_meta']
[0.320s] Level 1:colcon.colcon_core.package_identification:_identify(src/contact) by extension 'colcon_meta'
[0.320s] Level 1:colcon.colcon_core.package_identification:_identify(src/contact) by extensions ['ros']
[0.320s] Level 1:colcon.colcon_core.package_identification:_identify(src/contact) by extension 'ros'
[0.324s] DEBUG:colcon.colcon_core.package_identification:Package 'src/contact' with type 'ros.ament_cmake' and name 'contact'
[0.324s] Level 1:colcon.colcon_core.package_identification:_identify(src/hero_msgs) by extensions ['ignore', 'ignore_ament_install']
[0.324s] Level 1:colcon.colcon_core.package_identification:_identify(src/hero_msgs) by extension 'ignore'
[0.324s] Level 1:colcon.colcon_core.package_identification:_identify(src/hero_msgs) by extension 'ignore_ament_install'
[0.324s] Level 1:colcon.colcon_core.package_identification:_identify(src/hero_msgs) by extensions ['colcon_pkg']
[0.324s] Level 1:colcon.colcon_core.package_identification:_identify(src/hero_msgs) by extension 'colcon_pkg'
[0.324s] Level 1:colcon.colcon_core.package_identification:_identify(src/hero_msgs) by extensions ['colcon_meta']
[0.324s] Level 1:colcon.colcon_core.package_identification:_identify(src/hero_msgs) by extension 'colcon_meta'
[0.324s] Level 1:colcon.colcon_core.package_identification:_identify(src/hero_msgs) by extensions ['ros']
[0.324s] Level 1:colcon.colcon_core.package_identification:_identify(src/hero_msgs) by extension 'ros'
[0.325s] DEBUG:colcon.colcon_core.package_identification:Package 'src/hero_msgs' with type 'ros.ament_cmake' and name 'hero_msgs'
[0.325s] Level 1:colcon.colcon_core.package_identification:_identify(src/vision_msgs) by extensions ['ignore', 'ignore_ament_install']
[0.325s] Level 1:colcon.colcon_core.package_identification:_identify(src/vision_msgs) by extension 'ignore'
[0.325s] Level 1:colcon.colcon_core.package_identification:_identify(src/vision_msgs) by extension 'ignore_ament_install'
[0.326s] Level 1:colcon.colcon_core.package_identification:_identify(src/vision_msgs) by extensions ['colcon_pkg']
[0.326s] Level 1:colcon.colcon_core.package_identification:_identify(src/vision_msgs) by extension 'colcon_pkg'
[0.326s] Level 1:colcon.colcon_core.package_identification:_identify(src/vision_msgs) by extensions ['colcon_meta']
[0.326s] Level 1:colcon.colcon_core.package_identification:_identify(src/vision_msgs) by extension 'colcon_meta'
[0.326s] Level 1:colcon.colcon_core.package_identification:_identify(src/vision_msgs) by extensions ['ros']
[0.326s] Level 1:colcon.colcon_core.package_identification:_identify(src/vision_msgs) by extension 'ros'
[0.326s] DEBUG:colcon.colcon_core.package_identification:Package 'src/vision_msgs' with type 'ros.ament_cmake' and name 'vision_msgs'
[0.327s] Level 1:colcon.colcon_core.package_discovery:discover_packages(recursive) using defaults
[0.327s] Level 1:colcon.colcon_core.package_discovery:discover_packages(ignore) discover
[0.327s] Level 1:colcon.colcon_core.package_discovery:discover_packages(ignore) using defaults
[0.327s] Level 1:colcon.colcon_core.package_discovery:discover_packages(path) discover
[0.327s] Level 1:colcon.colcon_core.package_discovery:discover_packages(path) using defaults
[0.352s] Level 5:colcon.colcon_core.verb:set package 'hero_msgs' build argument 'cmake_args' from command line to 'None'
[0.352s] Level 5:colcon.colcon_core.verb:set package 'hero_msgs' build argument 'cmake_target' from command line to 'None'
[0.352s] Level 5:colcon.colcon_core.verb:set package 'hero_msgs' build argument 'cmake_target_skip_unavailable' from command line to 'False'
[0.352s] Level 5:colcon.colcon_core.verb:set package 'hero_msgs' build argument 'cmake_clean_cache' from command line to 'False'
[0.352s] Level 5:colcon.colcon_core.verb:set package 'hero_msgs' build argument 'cmake_clean_first' from command line to 'False'
[0.352s] Level 5:colcon.colcon_core.verb:set package 'hero_msgs' build argument 'cmake_force_configure' from command line to 'False'
[0.352s] Level 5:colcon.colcon_core.verb:set package 'hero_msgs' build argument 'ament_cmake_args' from command line to 'None'
[0.352s] Level 5:colcon.colcon_core.verb:set package 'hero_msgs' build argument 'catkin_cmake_args' from command line to 'None'
[0.352s] Level 5:colcon.colcon_core.verb:set package 'hero_msgs' build argument 'catkin_skip_building_tests' from command line to 'False'
[0.352s] DEBUG:colcon.colcon_core.verb:Building package 'hero_msgs' with the following arguments: {'ament_cmake_args': None, 'build_base': '/home/orangepi/GM/RESOURCES/ros2_ws/build/hero_msgs', 'catkin_cmake_args': None, 'catkin_skip_building_tests': False, 'cmake_args': None, 'cmake_clean_cache': False, 'cmake_clean_first': False, 'cmake_force_configure': False, 'cmake_target': None, 'cmake_target_skip_unavailable': False, 'install_base': '/home/orangepi/GM/RESOURCES/ros2_ws/install/hero_msgs', 'merge_install': False, 'path': '/home/orangepi/GM/RESOURCES/ros2_ws/src/hero_msgs', 'symlink_install': False, 'test_result_base': None}
[0.352s] Level 5:colcon.colcon_core.verb:set package 'vision_msgs' build argument 'cmake_args' from command line to 'None'
[0.353s] Level 5:colcon.colcon_core.verb:set package 'vision_msgs' build argument 'cmake_target' from command line to 'None'
[0.353s] Level 5:colcon.colcon_core.verb:set package 'vision_msgs' build argument 'cmake_target_skip_unavailable' from command line to 'False'
[0.353s] Level 5:colcon.colcon_core.verb:set package 'vision_msgs' build argument 'cmake_clean_cache' from command line to 'False'
[0.353s] Level 5:colcon.colcon_core.verb:set package 'vision_msgs' build argument 'cmake_clean_first' from command line to 'False'
[0.353s] Level 5:colcon.colcon_core.verb:set package 'vision_msgs' build argument 'cmake_force_configure' from command line to 'False'
[0.353s] Level 5:colcon.colcon_core.verb:set package 'vision_msgs' build argument 'ament_cmake_args' from command line to 'None'
[0.353s] Level 5:colcon.colcon_core.verb:set package 'vision_msgs' build argument 'catkin_cmake_args' from command line to 'None'
[0.353s] Level 5:colcon.colcon_core.verb:set package 'vision_msgs' build argument 'catkin_skip_building_tests' from command line to 'False'
[0.353s] DEBUG:colcon.colcon_core.verb:Building package 'vision_msgs' with the following arguments: {'ament_cmake_args': None, 'build_base': '/home/orangepi/GM/RESOURCES/ros2_ws/build/vision_msgs', 'catkin_cmake_args': None, 'catkin_skip_building_tests': False, 'cmake_args': None, 'cmake_clean_cache': False, 'cmake_clean_first': False, 'cmake_force_configure': False, 'cmake_target': None, 'cmake_target_skip_unavailable': False, 'install_base': '/home/orangepi/GM/RESOURCES/ros2_ws/install/vision_msgs', 'merge_install': False, 'path': '/home/orangepi/GM/RESOURCES/ros2_ws/src/vision_msgs', 'symlink_install': False, 'test_result_base': None}
[0.353s] Level 5:colcon.colcon_core.verb:set package 'contact' build argument 'cmake_args' from command line to 'None'
[0.353s] Level 5:colcon.colcon_core.verb:set package 'contact' build argument 'cmake_target' from command line to 'None'
[0.353s] Level 5:colcon.colcon_core.verb:set package 'contact' build argument 'cmake_target_skip_unavailable' from command line to 'False'
[0.353s] Level 5:colcon.colcon_core.verb:set package 'contact' build argument 'cmake_clean_cache' from command line to 'False'
[0.353s] Level 5:colcon.colcon_core.verb:set package 'contact' build argument 'cmake_clean_first' from command line to 'False'
[0.353s] Level 5:colcon.colcon_core.verb:set package 'contact' build argument 'cmake_force_configure' from command line to 'False'
[0.353s] Level 5:colcon.colcon_core.verb:set package 'contact' build argument 'ament_cmake_args' from command line to 'None'
[0.353s] Level 5:colcon.colcon_core.verb:set package 'contact' build argument 'catkin_cmake_args' from command line to 'None'
[0.353s] Level 5:colcon.colcon_core.verb:set package 'contact' build argument 'catkin_skip_building_tests' from command line to 'False'
[0.353s] DEBUG:colcon.colcon_core.verb:Building package 'contact' with the following arguments: {'ament_cmake_args': None, 'build_base': '/home/orangepi/GM/RESOURCES/ros2_ws/build/contact', 'catkin_cmake_args': None, 'catkin_skip_building_tests': False, 'cmake_args': None, 'cmake_clean_cache': False, 'cmake_clean_first': False, 'cmake_force_configure': False, 'cmake_target': None, 'cmake_target_skip_unavailable': False, 'install_base': '/home/orangepi/GM/RESOURCES/ros2_ws/install/contact', 'merge_install': False, 'path': '/home/orangepi/GM/RESOURCES/ros2_ws/src/contact', 'symlink_install': False, 'test_result_base': None}
[0.354s] INFO:colcon.colcon_core.executor:Executing jobs using 'parallel' executor
[0.355s] DEBUG:colcon.colcon_parallel_executor.executor.parallel:run_until_complete
[0.356s] INFO:colcon.colcon_ros.task.ament_cmake.build:Building ROS package in '/home/orangepi/GM/RESOURCES/ros2_ws/src/hero_msgs' with build type 'ament_cmake'
[0.356s] INFO:colcon.colcon_cmake.task.cmake.build:Building CMake package in '/home/orangepi/GM/RESOURCES/ros2_ws/src/hero_msgs'
[0.359s] INFO:colcon.colcon_core.plugin_system:Skipping extension 'colcon_core.shell.bat': Not used on non-Windows systems
[0.360s] INFO:colcon.colcon_core.shell:Skip shell extension 'powershell' for command environment: Not usable outside of PowerShell
[0.360s] DEBUG:colcon.colcon_core.shell:Skip shell extension 'dsv' for command environment
[0.365s] INFO:colcon.colcon_ros.task.ament_cmake.build:Building ROS package in '/home/orangepi/GM/RESOURCES/ros2_ws/src/vision_msgs' with build type 'ament_cmake'
[0.365s] INFO:colcon.colcon_cmake.task.cmake.build:Building CMake package in '/home/orangepi/GM/RESOURCES/ros2_ws/src/vision_msgs'
[0.366s] INFO:colcon.colcon_core.shell:Skip shell extension 'powershell' for command environment: Not usable outside of PowerShell
[0.366s] DEBUG:colcon.colcon_core.shell:Skip shell extension 'dsv' for command environment
[0.378s] DEBUG:colcon.colcon_core.event_handler.log_command:Invoking command in '/home/orangepi/GM/RESOURCES/ros2_ws/build/hero_msgs': CMAKE_PREFIX_PATH=${CMAKE_PREFIX_PATH}:/opt/ros/humble /usr/bin/cmake --build /home/orangepi/GM/RESOURCES/ros2_ws/build/hero_msgs -- -j8 -l8
[0.386s] DEBUG:colcon.colcon_core.event_handler.log_command:Invoking command in '/home/orangepi/GM/RESOURCES/ros2_ws/build/vision_msgs': CMAKE_PREFIX_PATH=${CMAKE_PREFIX_PATH}:/opt/ros/humble /usr/bin/cmake --build /home/orangepi/GM/RESOURCES/ros2_ws/build/vision_msgs -- -j8 -l8
[1.027s] DEBUG:colcon.colcon_core.event_handler.log_command:Invoked command in '/home/orangepi/GM/RESOURCES/ros2_ws/build/hero_msgs' returned '0': CMAKE_PREFIX_PATH=${CMAKE_PREFIX_PATH}:/opt/ros/humble /usr/bin/cmake --build /home/orangepi/GM/RESOURCES/ros2_ws/build/hero_msgs -- -j8 -l8
[1.054s] DEBUG:colcon.colcon_core.event_handler.log_command:Invoked command in '/home/orangepi/GM/RESOURCES/ros2_ws/build/vision_msgs' returned '0': CMAKE_PREFIX_PATH=${CMAKE_PREFIX_PATH}:/opt/ros/humble /usr/bin/cmake --build /home/orangepi/GM/RESOURCES/ros2_ws/build/vision_msgs -- -j8 -l8
[1.296s] DEBUG:colcon.colcon_core.event_handler.log_command:Invoking command in '/home/orangepi/GM/RESOURCES/ros2_ws/build/hero_msgs': CMAKE_PREFIX_PATH=${CMAKE_PREFIX_PATH}:/opt/ros/humble /usr/bin/cmake --install /home/orangepi/GM/RESOURCES/ros2_ws/build/hero_msgs
[1.307s] DEBUG:colcon.colcon_core.event_handler.log_command:Invoking command in '/home/orangepi/GM/RESOURCES/ros2_ws/build/vision_msgs': CMAKE_PREFIX_PATH=${CMAKE_PREFIX_PATH}:/opt/ros/humble /usr/bin/cmake --install /home/orangepi/GM/RESOURCES/ros2_ws/build/vision_msgs
[1.397s] Level 1:colcon.colcon_core.environment:create_environment_scripts_only(hero_msgs)
[1.399s] DEBUG:colcon.colcon_core.event_handler.log_command:Invoked command in '/home/orangepi/GM/RESOURCES/ros2_ws/build/hero_msgs' returned '0': CMAKE_PREFIX_PATH=${CMAKE_PREFIX_PATH}:/opt/ros/humble /usr/bin/cmake --install /home/orangepi/GM/RESOURCES/ros2_ws/build/hero_msgs
[1.410s] Level 1:colcon.colcon_core.environment:checking '/home/orangepi/GM/RESOURCES/ros2_ws/install/hero_msgs' for CMake module files
[1.413s] Level 1:colcon.colcon_core.environment:checking '/home/orangepi/GM/RESOURCES/ros2_ws/install/hero_msgs' for CMake config files
[1.417s] Level 1:colcon.colcon_core.shell:create_environment_hook('hero_msgs', 'cmake_prefix_path')
[1.419s] INFO:colcon.colcon_core.shell:Creating environment hook '/home/orangepi/GM/RESOURCES/ros2_ws/install/hero_msgs/share/hero_msgs/hook/cmake_prefix_path.ps1'
[1.422s] INFO:colcon.colcon_core.shell:Creating environment descriptor '/home/orangepi/GM/RESOURCES/ros2_ws/install/hero_msgs/share/hero_msgs/hook/cmake_prefix_path.dsv'
[1.426s] INFO:colcon.colcon_core.shell:Creating environment hook '/home/orangepi/GM/RESOURCES/ros2_ws/install/hero_msgs/share/hero_msgs/hook/cmake_prefix_path.sh'
[1.433s] Level 1:colcon.colcon_core.environment:checking '/home/orangepi/GM/RESOURCES/ros2_ws/install/hero_msgs/lib'
[1.434s] Level 1:colcon.colcon_core.shell:create_environment_hook('hero_msgs', 'ld_library_path_lib')
[1.436s] INFO:colcon.colcon_core.shell:Creating environment hook '/home/orangepi/GM/RESOURCES/ros2_ws/install/hero_msgs/share/hero_msgs/hook/ld_library_path_lib.ps1'
[1.440s] INFO:colcon.colcon_core.shell:Creating environment descriptor '/home/orangepi/GM/RESOURCES/ros2_ws/install/hero_msgs/share/hero_msgs/hook/ld_library_path_lib.dsv'
[1.443s] INFO:colcon.colcon_core.shell:Creating environment hook '/home/orangepi/GM/RESOURCES/ros2_ws/install/hero_msgs/share/hero_msgs/hook/ld_library_path_lib.sh'
[1.447s] Level 1:colcon.colcon_core.environment:checking '/home/orangepi/GM/RESOURCES/ros2_ws/install/hero_msgs/bin'
[1.447s] Level 1:colcon.colcon_core.environment:checking '/home/orangepi/GM/RESOURCES/ros2_ws/install/hero_msgs/lib/pkgconfig/hero_msgs.pc'
[1.456s] Level 1:colcon.colcon_core.environment:checking '/home/orangepi/GM/RESOURCES/ros2_ws/install/hero_msgs/lib/python3.10/site-packages'
[1.458s] Level 1:colcon.colcon_core.environment:checking '/home/orangepi/GM/RESOURCES/ros2_ws/install/hero_msgs/bin'
[1.460s] INFO:colcon.colcon_core.shell:Creating package script '/home/orangepi/GM/RESOURCES/ros2_ws/install/hero_msgs/share/hero_msgs/package.ps1'
[1.468s] INFO:colcon.colcon_core.shell:Creating package descriptor '/home/orangepi/GM/RESOURCES/ros2_ws/install/hero_msgs/share/hero_msgs/package.dsv'
[1.471s] INFO:colcon.colcon_core.shell:Creating package script '/home/orangepi/GM/RESOURCES/ros2_ws/install/hero_msgs/share/hero_msgs/package.sh'
[1.474s] INFO:colcon.colcon_core.shell:Creating package script '/home/orangepi/GM/RESOURCES/ros2_ws/install/hero_msgs/share/hero_msgs/package.bash'
[1.477s] INFO:colcon.colcon_core.shell:Creating package script '/home/orangepi/GM/RESOURCES/ros2_ws/install/hero_msgs/share/hero_msgs/package.zsh'
[1.486s] Level 1:colcon.colcon_core.environment:create_file_with_runtime_dependencies(/home/orangepi/GM/RESOURCES/ros2_ws/install/hero_msgs/share/colcon-core/packages/hero_msgs)
[1.493s] Level 1:colcon.colcon_core.environment:create_environment_scripts_only(vision_msgs)
[1.494s] Level 1:colcon.colcon_core.environment:checking '/home/orangepi/GM/RESOURCES/ros2_ws/install/vision_msgs' for CMake module files
[1.496s] DEBUG:colcon.colcon_core.event_handler.log_command:Invoked command in '/home/orangepi/GM/RESOURCES/ros2_ws/build/vision_msgs' returned '0': CMAKE_PREFIX_PATH=${CMAKE_PREFIX_PATH}:/opt/ros/humble /usr/bin/cmake --install /home/orangepi/GM/RESOURCES/ros2_ws/build/vision_msgs
[1.499s] Level 1:colcon.colcon_core.environment:checking '/home/orangepi/GM/RESOURCES/ros2_ws/install/vision_msgs' for CMake config files
[1.500s] Level 1:colcon.colcon_core.shell:create_environment_hook('vision_msgs', 'cmake_prefix_path')
[1.502s] INFO:colcon.colcon_core.shell:Creating environment hook '/home/orangepi/GM/RESOURCES/ros2_ws/install/vision_msgs/share/vision_msgs/hook/cmake_prefix_path.ps1'
[1.503s] INFO:colcon.colcon_core.shell:Creating environment descriptor '/home/orangepi/GM/RESOURCES/ros2_ws/install/vision_msgs/share/vision_msgs/hook/cmake_prefix_path.dsv'
[1.504s] INFO:colcon.colcon_core.shell:Creating environment hook '/home/orangepi/GM/RESOURCES/ros2_ws/install/vision_msgs/share/vision_msgs/hook/cmake_prefix_path.sh'
[1.505s] Level 1:colcon.colcon_core.environment:checking '/home/orangepi/GM/RESOURCES/ros2_ws/install/vision_msgs/lib'
[1.505s] Level 1:colcon.colcon_core.shell:create_environment_hook('vision_msgs', 'ld_library_path_lib')
[1.506s] INFO:colcon.colcon_core.shell:Creating environment hook '/home/orangepi/GM/RESOURCES/ros2_ws/install/vision_msgs/share/vision_msgs/hook/ld_library_path_lib.ps1'
[1.506s] INFO:colcon.colcon_core.shell:Creating environment descriptor '/home/orangepi/GM/RESOURCES/ros2_ws/install/vision_msgs/share/vision_msgs/hook/ld_library_path_lib.dsv'
[1.507s] INFO:colcon.colcon_core.shell:Creating environment hook '/home/orangepi/GM/RESOURCES/ros2_ws/install/vision_msgs/share/vision_msgs/hook/ld_library_path_lib.sh'
[1.509s] Level 1:colcon.colcon_core.environment:checking '/home/orangepi/GM/RESOURCES/ros2_ws/install/vision_msgs/bin'
[1.509s] Level 1:colcon.colcon_core.environment:checking '/home/orangepi/GM/RESOURCES/ros2_ws/install/vision_msgs/lib/pkgconfig/vision_msgs.pc'
[1.509s] Level 1:colcon.colcon_core.environment:checking '/home/orangepi/GM/RESOURCES/ros2_ws/install/vision_msgs/lib/python3.10/site-packages'
[1.509s] Level 1:colcon.colcon_core.environment:checking '/home/orangepi/GM/RESOURCES/ros2_ws/install/vision_msgs/bin'
[1.510s] INFO:colcon.colcon_core.shell:Creating package script '/home/orangepi/GM/RESOURCES/ros2_ws/install/vision_msgs/share/vision_msgs/package.ps1'
[1.511s] INFO:colcon.colcon_core.shell:Creating package descriptor '/home/orangepi/GM/RESOURCES/ros2_ws/install/vision_msgs/share/vision_msgs/package.dsv'
[1.512s] INFO:colcon.colcon_core.shell:Creating package script '/home/orangepi/GM/RESOURCES/ros2_ws/install/vision_msgs/share/vision_msgs/package.sh'
[1.513s] INFO:colcon.colcon_core.shell:Creating package script '/home/orangepi/GM/RESOURCES/ros2_ws/install/vision_msgs/share/vision_msgs/package.bash'
[1.514s] INFO:colcon.colcon_core.shell:Creating package script '/home/orangepi/GM/RESOURCES/ros2_ws/install/vision_msgs/share/vision_msgs/package.zsh'
[1.515s] Level 1:colcon.colcon_core.environment:create_file_with_runtime_dependencies(/home/orangepi/GM/RESOURCES/ros2_ws/install/vision_msgs/share/colcon-core/packages/vision_msgs)
[1.753s] Level 1:colcon.colcon_core.environment:create_environment_scripts_only(vision_msgs)
[1.754s] Level 1:colcon.colcon_core.environment:checking '/home/orangepi/GM/RESOURCES/ros2_ws/install/vision_msgs' for CMake module files
[1.758s] Level 1:colcon.colcon_core.environment:checking '/home/orangepi/GM/RESOURCES/ros2_ws/install/vision_msgs' for CMake config files
[1.762s] Level 1:colcon.colcon_core.shell:create_environment_hook('vision_msgs', 'cmake_prefix_path')
[1.763s] INFO:colcon.colcon_core.shell:Creating environment hook '/home/orangepi/GM/RESOURCES/ros2_ws/install/vision_msgs/share/vision_msgs/hook/cmake_prefix_path.ps1'
[1.765s] INFO:colcon.colcon_core.shell:Creating environment descriptor '/home/orangepi/GM/RESOURCES/ros2_ws/install/vision_msgs/share/vision_msgs/hook/cmake_prefix_path.dsv'
[1.767s] INFO:colcon.colcon_core.shell:Creating environment hook '/home/orangepi/GM/RESOURCES/ros2_ws/install/vision_msgs/share/vision_msgs/hook/cmake_prefix_path.sh'
[1.770s] Level 1:colcon.colcon_core.environment:checking '/home/orangepi/GM/RESOURCES/ros2_ws/install/vision_msgs/lib'
[1.771s] Level 1:colcon.colcon_core.shell:create_environment_hook('vision_msgs', 'ld_library_path_lib')
[1.772s] INFO:colcon.colcon_core.shell:Creating environment hook '/home/orangepi/GM/RESOURCES/ros2_ws/install/vision_msgs/share/vision_msgs/hook/ld_library_path_lib.ps1'
[1.773s] INFO:colcon.colcon_core.shell:Creating environment descriptor '/home/orangepi/GM/RESOURCES/ros2_ws/install/vision_msgs/share/vision_msgs/hook/ld_library_path_lib.dsv'
[1.774s] INFO:colcon.colcon_core.shell:Creating environment hook '/home/orangepi/GM/RESOURCES/ros2_ws/install/vision_msgs/share/vision_msgs/hook/ld_library_path_lib.sh'
[1.775s] Level 1:colcon.colcon_core.environment:checking '/home/orangepi/GM/RESOURCES/ros2_ws/install/vision_msgs/bin'
[1.775s] Level 1:colcon.colcon_core.environment:checking '/home/orangepi/GM/RESOURCES/ros2_ws/install/vision_msgs/lib/pkgconfig/vision_msgs.pc'
[1.776s] Level 1:colcon.colcon_core.environment:checking '/home/orangepi/GM/RESOURCES/ros2_ws/install/vision_msgs/lib/python3.10/site-packages'
[1.776s] Level 1:colcon.colcon_core.environment:checking '/home/orangepi/GM/RESOURCES/ros2_ws/install/vision_msgs/bin'
[1.777s] INFO:colcon.colcon_core.shell:Creating package script '/home/orangepi/GM/RESOURCES/ros2_ws/install/vision_msgs/share/vision_msgs/package.ps1'
[1.777s] INFO:colcon.colcon_core.shell:Creating package descriptor '/home/orangepi/GM/RESOURCES/ros2_ws/install/vision_msgs/share/vision_msgs/package.dsv'
[1.779s] INFO:colcon.colcon_core.shell:Creating package script '/home/orangepi/GM/RESOURCES/ros2_ws/install/vision_msgs/share/vision_msgs/package.sh'
[1.780s] INFO:colcon.colcon_core.shell:Creating package script '/home/orangepi/GM/RESOURCES/ros2_ws/install/vision_msgs/share/vision_msgs/package.bash'
[1.780s] INFO:colcon.colcon_core.shell:Creating package script '/home/orangepi/GM/RESOURCES/ros2_ws/install/vision_msgs/share/vision_msgs/package.zsh'
[1.781s] Level 1:colcon.colcon_core.environment:create_file_with_runtime_dependencies(/home/orangepi/GM/RESOURCES/ros2_ws/install/vision_msgs/share/colcon-core/packages/vision_msgs)
[1.786s] Level 1:colcon.colcon_core.environment:create_environment_scripts_only(hero_msgs)
[1.787s] Level 1:colcon.colcon_core.environment:checking '/home/orangepi/GM/RESOURCES/ros2_ws/install/hero_msgs' for CMake module files
[1.791s] Level 1:colcon.colcon_core.environment:checking '/home/orangepi/GM/RESOURCES/ros2_ws/install/hero_msgs' for CMake config files
[1.794s] Level 1:colcon.colcon_core.shell:create_environment_hook('hero_msgs', 'cmake_prefix_path')
[1.795s] INFO:colcon.colcon_core.shell:Creating environment hook '/home/orangepi/GM/RESOURCES/ros2_ws/install/hero_msgs/share/hero_msgs/hook/cmake_prefix_path.ps1'
[1.797s] INFO:colcon.colcon_core.shell:Creating environment descriptor '/home/orangepi/GM/RESOURCES/ros2_ws/install/hero_msgs/share/hero_msgs/hook/cmake_prefix_path.dsv'
[1.799s] INFO:colcon.colcon_core.shell:Creating environment hook '/home/orangepi/GM/RESOURCES/ros2_ws/install/hero_msgs/share/hero_msgs/hook/cmake_prefix_path.sh'
[1.801s] Level 1:colcon.colcon_core.environment:checking '/home/orangepi/GM/RESOURCES/ros2_ws/install/hero_msgs/lib'
[1.801s] Level 1:colcon.colcon_core.shell:create_environment_hook('hero_msgs', 'ld_library_path_lib')
[1.802s] INFO:colcon.colcon_core.shell:Creating environment hook '/home/orangepi/GM/RESOURCES/ros2_ws/install/hero_msgs/share/hero_msgs/hook/ld_library_path_lib.ps1'
[1.803s] INFO:colcon.colcon_core.shell:Creating environment descriptor '/home/orangepi/GM/RESOURCES/ros2_ws/install/hero_msgs/share/hero_msgs/hook/ld_library_path_lib.dsv'
[1.804s] INFO:colcon.colcon_core.shell:Creating environment hook '/home/orangepi/GM/RESOURCES/ros2_ws/install/hero_msgs/share/hero_msgs/hook/ld_library_path_lib.sh'
[1.805s] Level 1:colcon.colcon_core.environment:checking '/home/orangepi/GM/RESOURCES/ros2_ws/install/hero_msgs/bin'
[1.805s] Level 1:colcon.colcon_core.environment:checking '/home/orangepi/GM/RESOURCES/ros2_ws/install/hero_msgs/lib/pkgconfig/hero_msgs.pc'
[1.806s] Level 1:colcon.colcon_core.environment:checking '/home/orangepi/GM/RESOURCES/ros2_ws/install/hero_msgs/lib/python3.10/site-packages'
[1.807s] Level 1:colcon.colcon_core.environment:checking '/home/orangepi/GM/RESOURCES/ros2_ws/install/hero_msgs/bin'
[1.809s] INFO:colcon.colcon_core.shell:Creating package script '/home/orangepi/GM/RESOURCES/ros2_ws/install/hero_msgs/share/hero_msgs/package.ps1'
[1.810s] INFO:colcon.colcon_core.shell:Creating package descriptor '/home/orangepi/GM/RESOURCES/ros2_ws/install/hero_msgs/share/hero_msgs/package.dsv'
[1.811s] INFO:colcon.colcon_core.shell:Creating package script '/home/orangepi/GM/RESOURCES/ros2_ws/install/hero_msgs/share/hero_msgs/package.sh'
[1.812s] INFO:colcon.colcon_core.shell:Creating package script '/home/orangepi/GM/RESOURCES/ros2_ws/install/hero_msgs/share/hero_msgs/package.bash'
[1.813s] INFO:colcon.colcon_core.shell:Creating package script '/home/orangepi/GM/RESOURCES/ros2_ws/install/hero_msgs/share/hero_msgs/package.zsh'
[1.814s] Level 1:colcon.colcon_core.environment:create_file_with_runtime_dependencies(/home/orangepi/GM/RESOURCES/ros2_ws/install/hero_msgs/share/colcon-core/packages/hero_msgs)
[1.817s] INFO:colcon.colcon_ros.task.ament_cmake.build:Building ROS package in '/home/orangepi/GM/RESOURCES/ros2_ws/src/contact' with build type 'ament_cmake'
[1.817s] INFO:colcon.colcon_cmake.task.cmake.build:Building CMake package in '/home/orangepi/GM/RESOURCES/ros2_ws/src/contact'
[1.818s] INFO:colcon.colcon_core.shell:Skip shell extension 'powershell' for command environment: Not usable outside of PowerShell
[1.818s] DEBUG:colcon.colcon_core.shell:Skip shell extension 'dsv' for command environment
[1.843s] DEBUG:colcon.colcon_core.event_handler.log_command:Invoking command in '/home/orangepi/GM/RESOURCES/ros2_ws/build/contact': CMAKE_PREFIX_PATH=/home/orangepi/GM/RESOURCES/ros2_ws/install/hero_msgs:/home/orangepi/GM/RESOURCES/ros2_ws/install/contact:/home/orangepi/GM/RESOURCES/ros2_ws/install/vision_msgs:/opt/ros/humble LD_LIBRARY_PATH=/home/orangepi/GM/RESOURCES/ros2_ws/install/hero_msgs/lib:/home/orangepi/GM/RESOURCES/ros2_ws/install/vision_msgs/lib:/root/.x-cmd.root/local/data/pkg/sphere/X/l/j/h/lib:/opt/ros/humble/opt/rviz_ogre_vendor/lib:/opt/ros/humble/lib/aarch64-linux-gnu:/opt/ros/humble/lib /usr/bin/cmake --build /home/orangepi/GM/RESOURCES/ros2_ws/build/contact -- -j8 -l8
[2.182s] DEBUG:colcon.colcon_core.event_handler.log_command:Invoked command in '/home/orangepi/GM/RESOURCES/ros2_ws/build/contact' returned '0': CMAKE_PREFIX_PATH=/home/orangepi/GM/RESOURCES/ros2_ws/install/hero_msgs:/home/orangepi/GM/RESOURCES/ros2_ws/install/contact:/home/orangepi/GM/RESOURCES/ros2_ws/install/vision_msgs:/opt/ros/humble LD_LIBRARY_PATH=/home/orangepi/GM/RESOURCES/ros2_ws/install/hero_msgs/lib:/home/orangepi/GM/RESOURCES/ros2_ws/install/vision_msgs/lib:/root/.x-cmd.root/local/data/pkg/sphere/X/l/j/h/lib:/opt/ros/humble/opt/rviz_ogre_vendor/lib:/opt/ros/humble/lib/aarch64-linux-gnu:/opt/ros/humble/lib /usr/bin/cmake --build /home/orangepi/GM/RESOURCES/ros2_ws/build/contact -- -j8 -l8
[2.268s] DEBUG:colcon.colcon_core.event_handler.log_command:Invoking command in '/home/orangepi/GM/RESOURCES/ros2_ws/build/contact': CMAKE_PREFIX_PATH=/home/orangepi/GM/RESOURCES/ros2_ws/install/hero_msgs:/home/orangepi/GM/RESOURCES/ros2_ws/install/contact:/home/orangepi/GM/RESOURCES/ros2_ws/install/vision_msgs:/opt/ros/humble LD_LIBRARY_PATH=/home/orangepi/GM/RESOURCES/ros2_ws/install/hero_msgs/lib:/home/orangepi/GM/RESOURCES/ros2_ws/install/vision_msgs/lib:/root/.x-cmd.root/local/data/pkg/sphere/X/l/j/h/lib:/opt/ros/humble/opt/rviz_ogre_vendor/lib:/opt/ros/humble/lib/aarch64-linux-gnu:/opt/ros/humble/lib /usr/bin/cmake --install /home/orangepi/GM/RESOURCES/ros2_ws/build/contact
[2.307s] Level 1:colcon.colcon_core.environment:create_environment_scripts_only(contact)
[2.308s] Level 1:colcon.colcon_core.environment:checking '/home/orangepi/GM/RESOURCES/ros2_ws/install/contact' for CMake module files
[2.309s] DEBUG:colcon.colcon_core.event_handler.log_command:Invoked command in '/home/orangepi/GM/RESOURCES/ros2_ws/build/contact' returned '0': CMAKE_PREFIX_PATH=/home/orangepi/GM/RESOURCES/ros2_ws/install/hero_msgs:/home/orangepi/GM/RESOURCES/ros2_ws/install/contact:/home/orangepi/GM/RESOURCES/ros2_ws/install/vision_msgs:/opt/ros/humble LD_LIBRARY_PATH=/home/orangepi/GM/RESOURCES/ros2_ws/install/hero_msgs/lib:/home/orangepi/GM/RESOURCES/ros2_ws/install/vision_msgs/lib:/root/.x-cmd.root/local/data/pkg/sphere/X/l/j/h/lib:/opt/ros/humble/opt/rviz_ogre_vendor/lib:/opt/ros/humble/lib/aarch64-linux-gnu:/opt/ros/humble/lib /usr/bin/cmake --install /home/orangepi/GM/RESOURCES/ros2_ws/build/contact
[2.310s] Level 1:colcon.colcon_core.environment:checking '/home/orangepi/GM/RESOURCES/ros2_ws/install/contact' for CMake config files
[2.310s] Level 1:colcon.colcon_core.shell:create_environment_hook('contact', 'cmake_prefix_path')
[2.311s] INFO:colcon.colcon_core.shell:Creating environment hook '/home/orangepi/GM/RESOURCES/ros2_ws/install/contact/share/contact/hook/cmake_prefix_path.ps1'
[2.312s] INFO:colcon.colcon_core.shell:Creating environment descriptor '/home/orangepi/GM/RESOURCES/ros2_ws/install/contact/share/contact/hook/cmake_prefix_path.dsv'
[2.313s] INFO:colcon.colcon_core.shell:Creating environment hook '/home/orangepi/GM/RESOURCES/ros2_ws/install/contact/share/contact/hook/cmake_prefix_path.sh'
[2.316s] Level 1:colcon.colcon_core.environment:checking '/home/orangepi/GM/RESOURCES/ros2_ws/install/contact/lib'
[2.316s] Level 1:colcon.colcon_core.environment:checking '/home/orangepi/GM/RESOURCES/ros2_ws/install/contact/bin'
[2.316s] Level 1:colcon.colcon_core.environment:checking '/home/orangepi/GM/RESOURCES/ros2_ws/install/contact/lib/pkgconfig/contact.pc'
[2.317s] Level 1:colcon.colcon_core.environment:checking '/home/orangepi/GM/RESOURCES/ros2_ws/install/contact/lib/python3.10/site-packages'
[2.317s] Level 1:colcon.colcon_core.environment:checking '/home/orangepi/GM/RESOURCES/ros2_ws/install/contact/bin'
[2.318s] INFO:colcon.colcon_core.shell:Creating package script '/home/orangepi/GM/RESOURCES/ros2_ws/install/contact/share/contact/package.ps1'
[2.319s] INFO:colcon.colcon_core.shell:Creating package descriptor '/home/orangepi/GM/RESOURCES/ros2_ws/install/contact/share/contact/package.dsv'
[2.320s] INFO:colcon.colcon_core.shell:Creating package script '/home/orangepi/GM/RESOURCES/ros2_ws/install/contact/share/contact/package.sh'
[2.321s] INFO:colcon.colcon_core.shell:Creating package script '/home/orangepi/GM/RESOURCES/ros2_ws/install/contact/share/contact/package.bash'
[2.322s] INFO:colcon.colcon_core.shell:Creating package script '/home/orangepi/GM/RESOURCES/ros2_ws/install/contact/share/contact/package.zsh'
[2.323s] Level 1:colcon.colcon_core.environment:create_file_with_runtime_dependencies(/home/orangepi/GM/RESOURCES/ros2_ws/install/contact/share/colcon-core/packages/contact)
[2.396s] Level 1:colcon.colcon_core.environment:create_environment_scripts_only(contact)
[2.397s] Level 1:colcon.colcon_core.environment:checking '/home/orangepi/GM/RESOURCES/ros2_ws/install/contact' for CMake module files
[2.399s] Level 1:colcon.colcon_core.environment:checking '/home/orangepi/GM/RESOURCES/ros2_ws/install/contact' for CMake config files
[2.400s] Level 1:colcon.colcon_core.shell:create_environment_hook('contact', 'cmake_prefix_path')
[2.400s] INFO:colcon.colcon_core.shell:Creating environment hook '/home/orangepi/GM/RESOURCES/ros2_ws/install/contact/share/contact/hook/cmake_prefix_path.ps1'
[2.402s] INFO:colcon.colcon_core.shell:Creating environment descriptor '/home/orangepi/GM/RESOURCES/ros2_ws/install/contact/share/contact/hook/cmake_prefix_path.dsv'
[2.403s] INFO:colcon.colcon_core.shell:Creating environment hook '/home/orangepi/GM/RESOURCES/ros2_ws/install/contact/share/contact/hook/cmake_prefix_path.sh'
[2.406s] Level 1:colcon.colcon_core.environment:checking '/home/orangepi/GM/RESOURCES/ros2_ws/install/contact/lib'
[2.406s] Level 1:colcon.colcon_core.environment:checking '/home/orangepi/GM/RESOURCES/ros2_ws/install/contact/bin'
[2.406s] Level 1:colcon.colcon_core.environment:checking '/home/orangepi/GM/RESOURCES/ros2_ws/install/contact/lib/pkgconfig/contact.pc'
[2.407s] Level 1:colcon.colcon_core.environment:checking '/home/orangepi/GM/RESOURCES/ros2_ws/install/contact/lib/python3.10/site-packages'
[2.408s] Level 1:colcon.colcon_core.environment:checking '/home/orangepi/GM/RESOURCES/ros2_ws/install/contact/bin'
[2.408s] INFO:colcon.colcon_core.shell:Creating package script '/home/orangepi/GM/RESOURCES/ros2_ws/install/contact/share/contact/package.ps1'
[2.410s] INFO:colcon.colcon_core.shell:Creating package descriptor '/home/orangepi/GM/RESOURCES/ros2_ws/install/contact/share/contact/package.dsv'
[2.411s] INFO:colcon.colcon_core.shell:Creating package script '/home/orangepi/GM/RESOURCES/ros2_ws/install/contact/share/contact/package.sh'
[2.457s] INFO:colcon.colcon_core.shell:Creating package script '/home/orangepi/GM/RESOURCES/ros2_ws/install/contact/share/contact/package.bash'
[2.459s] INFO:colcon.colcon_core.shell:Creating package script '/home/orangepi/GM/RESOURCES/ros2_ws/install/contact/share/contact/package.zsh'
[2.460s] Level 1:colcon.colcon_core.environment:create_file_with_runtime_dependencies(/home/orangepi/GM/RESOURCES/ros2_ws/install/contact/share/colcon-core/packages/contact)
[2.461s] DEBUG:colcon.colcon_parallel_executor.executor.parallel:closing loop
[2.462s] DEBUG:colcon.colcon_parallel_executor.executor.parallel:loop closed
[2.462s] DEBUG:colcon.colcon_parallel_executor.executor.parallel:run_until_complete finished with '0'
[2.462s] DEBUG:colcon.colcon_core.event_reactor:joining thread
[2.488s] INFO:colcon.colcon_core.plugin_system:Skipping extension 'colcon_notification.desktop_notification.terminal_notifier': Not used on non-Darwin systems
[2.488s] INFO:colcon.colcon_core.plugin_system:Skipping extension 'colcon_notification.desktop_notification.win32': Not used on non-Windows systems
[2.489s] INFO:colcon.colcon_notification.desktop_notification:Sending desktop notification using 'notify2'
[2.563s] DEBUG:colcon.colcon_core.event_reactor:joined thread
[2.567s] INFO:colcon.colcon_core.shell:Creating prefix script '/home/orangepi/GM/RESOURCES/ros2_ws/install/local_setup.ps1'
[2.571s] INFO:colcon.colcon_core.shell:Creating prefix util module '/home/orangepi/GM/RESOURCES/ros2_ws/install/_local_setup_util_ps1.py'
[2.574s] INFO:colcon.colcon_core.shell:Creating prefix chain script '/home/orangepi/GM/RESOURCES/ros2_ws/install/setup.ps1'
[2.578s] INFO:colcon.colcon_core.shell:Creating prefix script '/home/orangepi/GM/RESOURCES/ros2_ws/install/local_setup.sh'
[2.579s] INFO:colcon.colcon_core.shell:Creating prefix util module '/home/orangepi/GM/RESOURCES/ros2_ws/install/_local_setup_util_sh.py'
[2.580s] INFO:colcon.colcon_core.shell:Creating prefix chain script '/home/orangepi/GM/RESOURCES/ros2_ws/install/setup.sh'
[2.583s] INFO:colcon.colcon_core.shell:Creating prefix script '/home/orangepi/GM/RESOURCES/ros2_ws/install/local_setup.bash'
[2.584s] INFO:colcon.colcon_core.shell:Creating prefix chain script '/home/orangepi/GM/RESOURCES/ros2_ws/install/setup.bash'
[2.586s] INFO:colcon.colcon_core.shell:Creating prefix script '/home/orangepi/GM/RESOURCES/ros2_ws/install/local_setup.zsh'
[2.587s] INFO:colcon.colcon_core.shell:Creating prefix chain script '/home/orangepi/GM/RESOURCES/ros2_ws/install/setup.zsh'
