[0.018s] Invoking command in '/home/orangepi/GM/RESOURCES/ros2_ws/build/hero_msgs': CMAKE_PREFIX_PATH=${CMAKE_PREFIX_PATH}:/opt/ros/humble /usr/bin/cmake --build /home/orangepi/GM/RESOURCES/ros2_ws/build/hero_msgs -- -j8 -l8
[0.152s] [  4%] Built target hero_msgs__cpp
[0.152s] [ 12%] Built target hero_msgs__rosidl_generator_c
[0.195s] [ 14%] Built target ament_cmake_python_copy_hero_msgs
[0.195s] [ 23%] Built target hero_msgs__rosidl_typesupport_cpp
[0.207s] [ 34%] Built target hero_msgs__rosidl_typesupport_introspection_cpp
[0.219s] [ 46%] Built target hero_msgs__rosidl_typesupport_fastrtps_c
[0.225s] [ 57%] Built target hero_msgs__rosidl_typesupport_fastrtps_cpp
[0.229s] [ 68%] Built target hero_msgs__rosidl_typesupport_c
[0.240s] [ 79%] Built target hero_msgs__rosidl_typesupport_introspection_c
[0.266s] [ 79%] Built target hero_msgs
[0.311s] [ 80%] Built target hero_msgs__py
[0.373s] [ 90%] Built target hero_msgs__rosidl_generator_py
[0.422s] [ 93%] Built target hero_msgs__rosidl_typesupport_c__pyext
[0.426s] [ 96%] Built target hero_msgs__rosidl_typesupport_introspection_c__pyext
[0.434s] [100%] Built target hero_msgs__rosidl_typesupport_fastrtps_c__pyext
[0.508s] running egg_info
[0.510s] writing hero_msgs.egg-info/PKG-INFO
[0.510s] writing dependency_links to hero_msgs.egg-info/dependency_links.txt
[0.512s] writing top-level names to hero_msgs.egg-info/top_level.txt
[0.518s] reading manifest file 'hero_msgs.egg-info/SOURCES.txt'
[0.519s] writing manifest file 'hero_msgs.egg-info/SOURCES.txt'
[0.596s] [100%] Built target ament_cmake_python_build_hero_msgs_egg
[0.629s] Invoked command in '/home/orangepi/GM/RESOURCES/ros2_ws/build/hero_msgs' returned '0': CMAKE_PREFIX_PATH=${CMAKE_PREFIX_PATH}:/opt/ros/humble /usr/bin/cmake --build /home/orangepi/GM/RESOURCES/ros2_ws/build/hero_msgs -- -j8 -l8
[0.899s] Invoking command in '/home/orangepi/GM/RESOURCES/ros2_ws/build/hero_msgs': CMAKE_PREFIX_PATH=${CMAKE_PREFIX_PATH}:/opt/ros/humble /usr/bin/cmake --install /home/orangepi/GM/RESOURCES/ros2_ws/build/hero_msgs
[0.929s] -- Install configuration: ""
[0.930s] -- Up-to-date: /home/orangepi/GM/RESOURCES/ros2_ws/install/hero_msgs/share/ament_index/resource_index/rosidl_interfaces/hero_msgs
[0.930s] -- Up-to-date: /home/orangepi/GM/RESOURCES/ros2_ws/install/hero_msgs/include/hero_msgs/hero_msgs
[0.930s] -- Up-to-date: /home/orangepi/GM/RESOURCES/ros2_ws/install/hero_msgs/include/hero_msgs/hero_msgs/msg
[0.930s] -- Up-to-date: /home/orangepi/GM/RESOURCES/ros2_ws/install/hero_msgs/include/hero_msgs/hero_msgs/msg/detail
[0.931s] -- Up-to-date: /home/orangepi/GM/RESOURCES/ros2_ws/install/hero_msgs/include/hero_msgs/hero_msgs/msg/detail/auto_aim__functions.h
[0.931s] -- Up-to-date: /home/orangepi/GM/RESOURCES/ros2_ws/install/hero_msgs/include/hero_msgs/hero_msgs/msg/detail/motion__struct.h
[0.931s] -- Up-to-date: /home/orangepi/GM/RESOURCES/ros2_ws/install/hero_msgs/include/hero_msgs/hero_msgs/msg/detail/motion__functions.c
[0.931s] -- Up-to-date: /home/orangepi/GM/RESOURCES/ros2_ws/install/hero_msgs/include/hero_msgs/hero_msgs/msg/detail/auto_aim__type_support.h
[0.931s] -- Up-to-date: /home/orangepi/GM/RESOURCES/ros2_ws/install/hero_msgs/include/hero_msgs/hero_msgs/msg/detail/dual_loop_pid_with_filter__struct.h
[0.931s] -- Up-to-date: /home/orangepi/GM/RESOURCES/ros2_ws/install/hero_msgs/include/hero_msgs/hero_msgs/msg/detail/auto_aim__struct.h
[0.931s] -- Up-to-date: /home/orangepi/GM/RESOURCES/ros2_ws/install/hero_msgs/include/hero_msgs/hero_msgs/msg/detail/dual_loop_pid_with_filter__functions.c
[0.931s] -- Up-to-date: /home/orangepi/GM/RESOURCES/ros2_ws/install/hero_msgs/include/hero_msgs/hero_msgs/msg/detail/dual_loop_pid_with_filter__functions.h
[0.931s] -- Up-to-date: /home/orangepi/GM/RESOURCES/ros2_ws/install/hero_msgs/include/hero_msgs/hero_msgs/msg/detail/auto_aim__functions.c
[0.931s] -- Up-to-date: /home/orangepi/GM/RESOURCES/ros2_ws/install/hero_msgs/include/hero_msgs/hero_msgs/msg/detail/dual_loop_pid_with_filter__type_support.h
[0.932s] -- Up-to-date: /home/orangepi/GM/RESOURCES/ros2_ws/install/hero_msgs/include/hero_msgs/hero_msgs/msg/detail/motion__type_support.h
[0.932s] -- Up-to-date: /home/orangepi/GM/RESOURCES/ros2_ws/install/hero_msgs/include/hero_msgs/hero_msgs/msg/detail/motion__functions.h
[0.932s] -- Up-to-date: /home/orangepi/GM/RESOURCES/ros2_ws/install/hero_msgs/include/hero_msgs/hero_msgs/msg/dual_loop_pid_with_filter.h
[0.932s] -- Up-to-date: /home/orangepi/GM/RESOURCES/ros2_ws/install/hero_msgs/include/hero_msgs/hero_msgs/msg/auto_aim.h
[0.932s] -- Up-to-date: /home/orangepi/GM/RESOURCES/ros2_ws/install/hero_msgs/include/hero_msgs/hero_msgs/msg/motion.h
[0.932s] -- Up-to-date: /home/orangepi/GM/RESOURCES/ros2_ws/install/hero_msgs/include/hero_msgs/hero_msgs/msg/rosidl_generator_c__visibility_control.h
[0.932s] -- Up-to-date: /home/orangepi/GM/RESOURCES/ros2_ws/install/hero_msgs/include/hero_msgs/hero_msgs/srv
[0.932s] -- Up-to-date: /home/orangepi/GM/RESOURCES/ros2_ws/install/hero_msgs/include/hero_msgs/hero_msgs/srv/detail
[0.933s] -- Up-to-date: /home/orangepi/GM/RESOURCES/ros2_ws/install/hero_msgs/include/hero_msgs/hero_msgs/srv/detail/vision_mode_switch__struct.h
[0.933s] -- Up-to-date: /home/orangepi/GM/RESOURCES/ros2_ws/install/hero_msgs/include/hero_msgs/hero_msgs/srv/detail/vision_mode_switch__type_support.h
[0.933s] -- Up-to-date: /home/orangepi/GM/RESOURCES/ros2_ws/install/hero_msgs/include/hero_msgs/hero_msgs/srv/detail/reset_motor_position__functions.h
[0.933s] -- Up-to-date: /home/orangepi/GM/RESOURCES/ros2_ws/install/hero_msgs/include/hero_msgs/hero_msgs/srv/detail/vision_mode_switch__functions.c
[0.934s] -- Up-to-date: /home/orangepi/GM/RESOURCES/ros2_ws/install/hero_msgs/include/hero_msgs/hero_msgs/srv/detail/reset_motor_position__struct.h
[0.934s] -- Up-to-date: /home/orangepi/GM/RESOURCES/ros2_ws/install/hero_msgs/include/hero_msgs/hero_msgs/srv/detail/reset_motor_position__type_support.h
[0.934s] -- Up-to-date: /home/orangepi/GM/RESOURCES/ros2_ws/install/hero_msgs/include/hero_msgs/hero_msgs/srv/detail/reset_motor_position__functions.c
[0.934s] -- Up-to-date: /home/orangepi/GM/RESOURCES/ros2_ws/install/hero_msgs/include/hero_msgs/hero_msgs/srv/detail/vision_mode_switch__functions.h
[0.934s] -- Up-to-date: /home/orangepi/GM/RESOURCES/ros2_ws/install/hero_msgs/include/hero_msgs/hero_msgs/srv/reset_motor_position.h
[0.934s] -- Up-to-date: /home/orangepi/GM/RESOURCES/ros2_ws/install/hero_msgs/include/hero_msgs/hero_msgs/srv/vision_mode_switch.h
[0.934s] -- Up-to-date: /home/orangepi/GM/RESOURCES/ros2_ws/install/hero_msgs/share/hero_msgs/environment/library_path.sh
[0.934s] -- Up-to-date: /home/orangepi/GM/RESOURCES/ros2_ws/install/hero_msgs/share/hero_msgs/environment/library_path.dsv
[0.935s] -- Up-to-date: /home/orangepi/GM/RESOURCES/ros2_ws/install/hero_msgs/lib/libhero_msgs__rosidl_generator_c.so
[0.935s] -- Up-to-date: /home/orangepi/GM/RESOURCES/ros2_ws/install/hero_msgs/include/hero_msgs/hero_msgs
[0.935s] -- Up-to-date: /home/orangepi/GM/RESOURCES/ros2_ws/install/hero_msgs/include/hero_msgs/hero_msgs/msg
[0.935s] -- Up-to-date: /home/orangepi/GM/RESOURCES/ros2_ws/install/hero_msgs/include/hero_msgs/hero_msgs/msg/detail
[0.935s] -- Up-to-date: /home/orangepi/GM/RESOURCES/ros2_ws/install/hero_msgs/include/hero_msgs/hero_msgs/msg/detail/auto_aim__rosidl_typesupport_fastrtps_c.h
[0.935s] -- Up-to-date: /home/orangepi/GM/RESOURCES/ros2_ws/install/hero_msgs/include/hero_msgs/hero_msgs/msg/detail/motion__rosidl_typesupport_fastrtps_c.h
[0.935s] -- Up-to-date: /home/orangepi/GM/RESOURCES/ros2_ws/install/hero_msgs/include/hero_msgs/hero_msgs/msg/detail/dual_loop_pid_with_filter__rosidl_typesupport_fastrtps_c.h
[0.935s] -- Up-to-date: /home/orangepi/GM/RESOURCES/ros2_ws/install/hero_msgs/include/hero_msgs/hero_msgs/msg/rosidl_typesupport_fastrtps_c__visibility_control.h
[0.935s] -- Up-to-date: /home/orangepi/GM/RESOURCES/ros2_ws/install/hero_msgs/include/hero_msgs/hero_msgs/srv
[0.935s] -- Up-to-date: /home/orangepi/GM/RESOURCES/ros2_ws/install/hero_msgs/include/hero_msgs/hero_msgs/srv/detail
[0.936s] -- Up-to-date: /home/orangepi/GM/RESOURCES/ros2_ws/install/hero_msgs/include/hero_msgs/hero_msgs/srv/detail/vision_mode_switch__rosidl_typesupport_fastrtps_c.h
[0.936s] -- Up-to-date: /home/orangepi/GM/RESOURCES/ros2_ws/install/hero_msgs/include/hero_msgs/hero_msgs/srv/detail/reset_motor_position__rosidl_typesupport_fastrtps_c.h
[0.936s] -- Up-to-date: /home/orangepi/GM/RESOURCES/ros2_ws/install/hero_msgs/lib/libhero_msgs__rosidl_typesupport_fastrtps_c.so
[0.936s] -- Up-to-date: /home/orangepi/GM/RESOURCES/ros2_ws/install/hero_msgs/include/hero_msgs/hero_msgs
[0.936s] -- Up-to-date: /home/orangepi/GM/RESOURCES/ros2_ws/install/hero_msgs/include/hero_msgs/hero_msgs/msg
[0.936s] -- Up-to-date: /home/orangepi/GM/RESOURCES/ros2_ws/install/hero_msgs/include/hero_msgs/hero_msgs/msg/detail
[0.937s] -- Up-to-date: /home/orangepi/GM/RESOURCES/ros2_ws/install/hero_msgs/include/hero_msgs/hero_msgs/msg/detail/auto_aim__traits.hpp
[0.937s] -- Up-to-date: /home/orangepi/GM/RESOURCES/ros2_ws/install/hero_msgs/include/hero_msgs/hero_msgs/msg/detail/auto_aim__builder.hpp
[0.937s] -- Up-to-date: /home/orangepi/GM/RESOURCES/ros2_ws/install/hero_msgs/include/hero_msgs/hero_msgs/msg/detail/dual_loop_pid_with_filter__builder.hpp
[0.937s] -- Up-to-date: /home/orangepi/GM/RESOURCES/ros2_ws/install/hero_msgs/include/hero_msgs/hero_msgs/msg/detail/motion__traits.hpp
[0.938s] -- Up-to-date: /home/orangepi/GM/RESOURCES/ros2_ws/install/hero_msgs/include/hero_msgs/hero_msgs/msg/detail/dual_loop_pid_with_filter__traits.hpp
[0.938s] -- Up-to-date: /home/orangepi/GM/RESOURCES/ros2_ws/install/hero_msgs/include/hero_msgs/hero_msgs/msg/detail/auto_aim__struct.hpp
[0.938s] -- Up-to-date: /home/orangepi/GM/RESOURCES/ros2_ws/install/hero_msgs/include/hero_msgs/hero_msgs/msg/detail/motion__builder.hpp
[0.938s] -- Up-to-date: /home/orangepi/GM/RESOURCES/ros2_ws/install/hero_msgs/include/hero_msgs/hero_msgs/msg/detail/dual_loop_pid_with_filter__struct.hpp
[0.938s] -- Up-to-date: /home/orangepi/GM/RESOURCES/ros2_ws/install/hero_msgs/include/hero_msgs/hero_msgs/msg/detail/motion__struct.hpp
[0.938s] -- Up-to-date: /home/orangepi/GM/RESOURCES/ros2_ws/install/hero_msgs/include/hero_msgs/hero_msgs/msg/auto_aim.hpp
[0.938s] -- Up-to-date: /home/orangepi/GM/RESOURCES/ros2_ws/install/hero_msgs/include/hero_msgs/hero_msgs/msg/dual_loop_pid_with_filter.hpp
[0.938s] -- Up-to-date: /home/orangepi/GM/RESOURCES/ros2_ws/install/hero_msgs/include/hero_msgs/hero_msgs/msg/motion.hpp
[0.938s] -- Up-to-date: /home/orangepi/GM/RESOURCES/ros2_ws/install/hero_msgs/include/hero_msgs/hero_msgs/srv
[0.939s] -- Up-to-date: /home/orangepi/GM/RESOURCES/ros2_ws/install/hero_msgs/include/hero_msgs/hero_msgs/srv/vision_mode_switch.hpp
[0.939s] -- Up-to-date: /home/orangepi/GM/RESOURCES/ros2_ws/install/hero_msgs/include/hero_msgs/hero_msgs/srv/detail
[0.939s] -- Up-to-date: /home/orangepi/GM/RESOURCES/ros2_ws/install/hero_msgs/include/hero_msgs/hero_msgs/srv/detail/reset_motor_position__traits.hpp
[0.939s] -- Up-to-date: /home/orangepi/GM/RESOURCES/ros2_ws/install/hero_msgs/include/hero_msgs/hero_msgs/srv/detail/vision_mode_switch__struct.hpp
[0.939s] -- Up-to-date: /home/orangepi/GM/RESOURCES/ros2_ws/install/hero_msgs/include/hero_msgs/hero_msgs/srv/detail/vision_mode_switch__traits.hpp
[0.939s] -- Up-to-date: /home/orangepi/GM/RESOURCES/ros2_ws/install/hero_msgs/include/hero_msgs/hero_msgs/srv/detail/vision_mode_switch__builder.hpp
[0.939s] -- Up-to-date: /home/orangepi/GM/RESOURCES/ros2_ws/install/hero_msgs/include/hero_msgs/hero_msgs/srv/detail/reset_motor_position__struct.hpp
[0.939s] -- Up-to-date: /home/orangepi/GM/RESOURCES/ros2_ws/install/hero_msgs/include/hero_msgs/hero_msgs/srv/detail/reset_motor_position__builder.hpp
[0.939s] -- Up-to-date: /home/orangepi/GM/RESOURCES/ros2_ws/install/hero_msgs/include/hero_msgs/hero_msgs/srv/reset_motor_position.hpp
[0.940s] -- Up-to-date: /home/orangepi/GM/RESOURCES/ros2_ws/install/hero_msgs/include/hero_msgs/hero_msgs
[0.940s] -- Up-to-date: /home/orangepi/GM/RESOURCES/ros2_ws/install/hero_msgs/include/hero_msgs/hero_msgs/msg
[0.940s] -- Up-to-date: /home/orangepi/GM/RESOURCES/ros2_ws/install/hero_msgs/include/hero_msgs/hero_msgs/msg/detail
[0.940s] -- Up-to-date: /home/orangepi/GM/RESOURCES/ros2_ws/install/hero_msgs/include/hero_msgs/hero_msgs/msg/detail/dual_loop_pid_with_filter__rosidl_typesupport_fastrtps_cpp.hpp
[0.940s] -- Up-to-date: /home/orangepi/GM/RESOURCES/ros2_ws/install/hero_msgs/include/hero_msgs/hero_msgs/msg/detail/dds_fastrtps
[0.940s] -- Up-to-date: /home/orangepi/GM/RESOURCES/ros2_ws/install/hero_msgs/include/hero_msgs/hero_msgs/msg/detail/auto_aim__rosidl_typesupport_fastrtps_cpp.hpp
[0.941s] -- Up-to-date: /home/orangepi/GM/RESOURCES/ros2_ws/install/hero_msgs/include/hero_msgs/hero_msgs/msg/detail/motion__rosidl_typesupport_fastrtps_cpp.hpp
[0.941s] -- Up-to-date: /home/orangepi/GM/RESOURCES/ros2_ws/install/hero_msgs/include/hero_msgs/hero_msgs/msg/rosidl_typesupport_fastrtps_cpp__visibility_control.h
[0.941s] -- Up-to-date: /home/orangepi/GM/RESOURCES/ros2_ws/install/hero_msgs/include/hero_msgs/hero_msgs/srv
[0.941s] -- Up-to-date: /home/orangepi/GM/RESOURCES/ros2_ws/install/hero_msgs/include/hero_msgs/hero_msgs/srv/detail
[0.941s] -- Up-to-date: /home/orangepi/GM/RESOURCES/ros2_ws/install/hero_msgs/include/hero_msgs/hero_msgs/srv/detail/dds_fastrtps
[0.941s] -- Up-to-date: /home/orangepi/GM/RESOURCES/ros2_ws/install/hero_msgs/include/hero_msgs/hero_msgs/srv/detail/vision_mode_switch__rosidl_typesupport_fastrtps_cpp.hpp
[0.941s] -- Up-to-date: /home/orangepi/GM/RESOURCES/ros2_ws/install/hero_msgs/include/hero_msgs/hero_msgs/srv/detail/reset_motor_position__rosidl_typesupport_fastrtps_cpp.hpp
[0.941s] -- Up-to-date: /home/orangepi/GM/RESOURCES/ros2_ws/install/hero_msgs/lib/libhero_msgs__rosidl_typesupport_fastrtps_cpp.so
[0.941s] -- Up-to-date: /home/orangepi/GM/RESOURCES/ros2_ws/install/hero_msgs/include/hero_msgs/hero_msgs
[0.941s] -- Up-to-date: /home/orangepi/GM/RESOURCES/ros2_ws/install/hero_msgs/include/hero_msgs/hero_msgs/msg
[0.942s] -- Up-to-date: /home/orangepi/GM/RESOURCES/ros2_ws/install/hero_msgs/include/hero_msgs/hero_msgs/msg/detail
[0.942s] -- Up-to-date: /home/orangepi/GM/RESOURCES/ros2_ws/install/hero_msgs/include/hero_msgs/hero_msgs/msg/detail/dual_loop_pid_with_filter__rosidl_typesupport_introspection_c.h
[0.942s] -- Up-to-date: /home/orangepi/GM/RESOURCES/ros2_ws/install/hero_msgs/include/hero_msgs/hero_msgs/msg/detail/auto_aim__type_support.c
[0.942s] -- Up-to-date: /home/orangepi/GM/RESOURCES/ros2_ws/install/hero_msgs/include/hero_msgs/hero_msgs/msg/detail/motion__rosidl_typesupport_introspection_c.h
[0.942s] -- Up-to-date: /home/orangepi/GM/RESOURCES/ros2_ws/install/hero_msgs/include/hero_msgs/hero_msgs/msg/detail/motion__type_support.c
[0.942s] -- Up-to-date: /home/orangepi/GM/RESOURCES/ros2_ws/install/hero_msgs/include/hero_msgs/hero_msgs/msg/detail/auto_aim__rosidl_typesupport_introspection_c.h
[0.942s] -- Up-to-date: /home/orangepi/GM/RESOURCES/ros2_ws/install/hero_msgs/include/hero_msgs/hero_msgs/msg/detail/dual_loop_pid_with_filter__type_support.c
[0.942s] -- Up-to-date: /home/orangepi/GM/RESOURCES/ros2_ws/install/hero_msgs/include/hero_msgs/hero_msgs/msg/rosidl_typesupport_introspection_c__visibility_control.h
[0.942s] -- Up-to-date: /home/orangepi/GM/RESOURCES/ros2_ws/install/hero_msgs/include/hero_msgs/hero_msgs/srv
[0.943s] -- Up-to-date: /home/orangepi/GM/RESOURCES/ros2_ws/install/hero_msgs/include/hero_msgs/hero_msgs/srv/detail
[0.943s] -- Up-to-date: /home/orangepi/GM/RESOURCES/ros2_ws/install/hero_msgs/include/hero_msgs/hero_msgs/srv/detail/reset_motor_position__rosidl_typesupport_introspection_c.h
[0.943s] -- Up-to-date: /home/orangepi/GM/RESOURCES/ros2_ws/install/hero_msgs/include/hero_msgs/hero_msgs/srv/detail/vision_mode_switch__type_support.c
[0.943s] -- Up-to-date: /home/orangepi/GM/RESOURCES/ros2_ws/install/hero_msgs/include/hero_msgs/hero_msgs/srv/detail/vision_mode_switch__rosidl_typesupport_introspection_c.h
[0.943s] -- Up-to-date: /home/orangepi/GM/RESOURCES/ros2_ws/install/hero_msgs/include/hero_msgs/hero_msgs/srv/detail/reset_motor_position__type_support.c
[0.943s] -- Up-to-date: /home/orangepi/GM/RESOURCES/ros2_ws/install/hero_msgs/lib/libhero_msgs__rosidl_typesupport_introspection_c.so
[0.943s] -- Up-to-date: /home/orangepi/GM/RESOURCES/ros2_ws/install/hero_msgs/lib/libhero_msgs__rosidl_typesupport_c.so
[0.943s] -- Up-to-date: /home/orangepi/GM/RESOURCES/ros2_ws/install/hero_msgs/include/hero_msgs/hero_msgs
[0.943s] -- Up-to-date: /home/orangepi/GM/RESOURCES/ros2_ws/install/hero_msgs/include/hero_msgs/hero_msgs/msg
[0.943s] -- Up-to-date: /home/orangepi/GM/RESOURCES/ros2_ws/install/hero_msgs/include/hero_msgs/hero_msgs/msg/detail
[0.944s] -- Up-to-date: /home/orangepi/GM/RESOURCES/ros2_ws/install/hero_msgs/include/hero_msgs/hero_msgs/msg/detail/motion__type_support.cpp
[0.944s] -- Up-to-date: /home/orangepi/GM/RESOURCES/ros2_ws/install/hero_msgs/include/hero_msgs/hero_msgs/msg/detail/auto_aim__rosidl_typesupport_introspection_cpp.hpp
[0.944s] -- Up-to-date: /home/orangepi/GM/RESOURCES/ros2_ws/install/hero_msgs/include/hero_msgs/hero_msgs/msg/detail/dual_loop_pid_with_filter__rosidl_typesupport_introspection_cpp.hpp
[0.944s] -- Up-to-date: /home/orangepi/GM/RESOURCES/ros2_ws/install/hero_msgs/include/hero_msgs/hero_msgs/msg/detail/auto_aim__type_support.cpp
[0.944s] -- Up-to-date: /home/orangepi/GM/RESOURCES/ros2_ws/install/hero_msgs/include/hero_msgs/hero_msgs/msg/detail/motion__rosidl_typesupport_introspection_cpp.hpp
[0.944s] -- Up-to-date: /home/orangepi/GM/RESOURCES/ros2_ws/install/hero_msgs/include/hero_msgs/hero_msgs/msg/detail/dual_loop_pid_with_filter__type_support.cpp
[0.944s] -- Up-to-date: /home/orangepi/GM/RESOURCES/ros2_ws/install/hero_msgs/include/hero_msgs/hero_msgs/srv
[0.944s] -- Up-to-date: /home/orangepi/GM/RESOURCES/ros2_ws/install/hero_msgs/include/hero_msgs/hero_msgs/srv/detail
[0.944s] -- Up-to-date: /home/orangepi/GM/RESOURCES/ros2_ws/install/hero_msgs/include/hero_msgs/hero_msgs/srv/detail/vision_mode_switch__rosidl_typesupport_introspection_cpp.hpp
[0.945s] -- Up-to-date: /home/orangepi/GM/RESOURCES/ros2_ws/install/hero_msgs/include/hero_msgs/hero_msgs/srv/detail/reset_motor_position__rosidl_typesupport_introspection_cpp.hpp
[0.945s] -- Up-to-date: /home/orangepi/GM/RESOURCES/ros2_ws/install/hero_msgs/include/hero_msgs/hero_msgs/srv/detail/vision_mode_switch__type_support.cpp
[0.945s] -- Up-to-date: /home/orangepi/GM/RESOURCES/ros2_ws/install/hero_msgs/include/hero_msgs/hero_msgs/srv/detail/reset_motor_position__type_support.cpp
[0.945s] -- Up-to-date: /home/orangepi/GM/RESOURCES/ros2_ws/install/hero_msgs/lib/libhero_msgs__rosidl_typesupport_introspection_cpp.so
[0.945s] -- Up-to-date: /home/orangepi/GM/RESOURCES/ros2_ws/install/hero_msgs/lib/libhero_msgs__rosidl_typesupport_cpp.so
[0.945s] -- Up-to-date: /home/orangepi/GM/RESOURCES/ros2_ws/install/hero_msgs/share/hero_msgs/environment/pythonpath.sh
[0.945s] -- Up-to-date: /home/orangepi/GM/RESOURCES/ros2_ws/install/hero_msgs/share/hero_msgs/environment/pythonpath.dsv
[0.945s] -- Up-to-date: /home/orangepi/GM/RESOURCES/ros2_ws/install/hero_msgs/local/lib/python3.10/dist-packages/hero_msgs-0.0.1-py3.10.egg-info
[0.945s] -- Installing: /home/orangepi/GM/RESOURCES/ros2_ws/install/hero_msgs/local/lib/python3.10/dist-packages/hero_msgs-0.0.1-py3.10.egg-info/top_level.txt
[0.946s] -- Installing: /home/orangepi/GM/RESOURCES/ros2_ws/install/hero_msgs/local/lib/python3.10/dist-packages/hero_msgs-0.0.1-py3.10.egg-info/PKG-INFO
[0.946s] -- Installing: /home/orangepi/GM/RESOURCES/ros2_ws/install/hero_msgs/local/lib/python3.10/dist-packages/hero_msgs-0.0.1-py3.10.egg-info/SOURCES.txt
[0.946s] -- Installing: /home/orangepi/GM/RESOURCES/ros2_ws/install/hero_msgs/local/lib/python3.10/dist-packages/hero_msgs-0.0.1-py3.10.egg-info/dependency_links.txt
[0.946s] -- Up-to-date: /home/orangepi/GM/RESOURCES/ros2_ws/install/hero_msgs/local/lib/python3.10/dist-packages/hero_msgs
[0.946s] -- Up-to-date: /home/orangepi/GM/RESOURCES/ros2_ws/install/hero_msgs/local/lib/python3.10/dist-packages/hero_msgs/msg
[0.946s] -- Up-to-date: /home/orangepi/GM/RESOURCES/ros2_ws/install/hero_msgs/local/lib/python3.10/dist-packages/hero_msgs/msg/_motion.py
[0.946s] -- Up-to-date: /home/orangepi/GM/RESOURCES/ros2_ws/install/hero_msgs/local/lib/python3.10/dist-packages/hero_msgs/msg/_auto_aim.py
[0.946s] -- Up-to-date: /home/orangepi/GM/RESOURCES/ros2_ws/install/hero_msgs/local/lib/python3.10/dist-packages/hero_msgs/msg/__init__.py
[0.946s] -- Up-to-date: /home/orangepi/GM/RESOURCES/ros2_ws/install/hero_msgs/local/lib/python3.10/dist-packages/hero_msgs/msg/_motion_s.c
[0.947s] -- Up-to-date: /home/orangepi/GM/RESOURCES/ros2_ws/install/hero_msgs/local/lib/python3.10/dist-packages/hero_msgs/msg/_dual_loop_pid_with_filter_s.c
[0.947s] -- Up-to-date: /home/orangepi/GM/RESOURCES/ros2_ws/install/hero_msgs/local/lib/python3.10/dist-packages/hero_msgs/msg/_auto_aim_s.c
[0.947s] -- Up-to-date: /home/orangepi/GM/RESOURCES/ros2_ws/install/hero_msgs/local/lib/python3.10/dist-packages/hero_msgs/msg/_dual_loop_pid_with_filter.py
[0.947s] -- Up-to-date: /home/orangepi/GM/RESOURCES/ros2_ws/install/hero_msgs/local/lib/python3.10/dist-packages/hero_msgs/hero_msgs_s__rosidl_typesupport_c.cpython-310-aarch64-linux-gnu.so
[0.947s] -- Up-to-date: /home/orangepi/GM/RESOURCES/ros2_ws/install/hero_msgs/local/lib/python3.10/dist-packages/hero_msgs/__init__.py
[0.947s] -- Up-to-date: /home/orangepi/GM/RESOURCES/ros2_ws/install/hero_msgs/local/lib/python3.10/dist-packages/hero_msgs/_hero_msgs_s.ep.rosidl_typesupport_fastrtps_c.c
[0.947s] -- Up-to-date: /home/orangepi/GM/RESOURCES/ros2_ws/install/hero_msgs/local/lib/python3.10/dist-packages/hero_msgs/hero_msgs_s__rosidl_typesupport_introspection_c.cpython-310-aarch64-linux-gnu.so
[0.947s] -- Up-to-date: /home/orangepi/GM/RESOURCES/ros2_ws/install/hero_msgs/local/lib/python3.10/dist-packages/hero_msgs/hero_msgs_s__rosidl_typesupport_fastrtps_c.cpython-310-aarch64-linux-gnu.so
[0.947s] -- Up-to-date: /home/orangepi/GM/RESOURCES/ros2_ws/install/hero_msgs/local/lib/python3.10/dist-packages/hero_msgs/_hero_msgs_s.ep.rosidl_typesupport_c.c
[0.948s] -- Up-to-date: /home/orangepi/GM/RESOURCES/ros2_ws/install/hero_msgs/local/lib/python3.10/dist-packages/hero_msgs/srv
[0.948s] -- Up-to-date: /home/orangepi/GM/RESOURCES/ros2_ws/install/hero_msgs/local/lib/python3.10/dist-packages/hero_msgs/srv/_vision_mode_switch.py
[0.948s] -- Up-to-date: /home/orangepi/GM/RESOURCES/ros2_ws/install/hero_msgs/local/lib/python3.10/dist-packages/hero_msgs/srv/__init__.py
[0.948s] -- Up-to-date: /home/orangepi/GM/RESOURCES/ros2_ws/install/hero_msgs/local/lib/python3.10/dist-packages/hero_msgs/srv/_vision_mode_switch_s.c
[0.948s] -- Up-to-date: /home/orangepi/GM/RESOURCES/ros2_ws/install/hero_msgs/local/lib/python3.10/dist-packages/hero_msgs/srv/_reset_motor_position_s.c
[0.948s] -- Up-to-date: /home/orangepi/GM/RESOURCES/ros2_ws/install/hero_msgs/local/lib/python3.10/dist-packages/hero_msgs/srv/_reset_motor_position.py
[0.948s] -- Up-to-date: /home/orangepi/GM/RESOURCES/ros2_ws/install/hero_msgs/local/lib/python3.10/dist-packages/hero_msgs/libhero_msgs__rosidl_generator_py.so
[0.948s] -- Up-to-date: /home/orangepi/GM/RESOURCES/ros2_ws/install/hero_msgs/local/lib/python3.10/dist-packages/hero_msgs/_hero_msgs_s.ep.rosidl_typesupport_introspection_c.c
[0.994s] Listing '/home/orangepi/GM/RESOURCES/ros2_ws/install/hero_msgs/local/lib/python3.10/dist-packages/hero_msgs'...
[0.994s] Listing '/home/orangepi/GM/RESOURCES/ros2_ws/install/hero_msgs/local/lib/python3.10/dist-packages/hero_msgs/msg'...
[0.995s] Listing '/home/orangepi/GM/RESOURCES/ros2_ws/install/hero_msgs/local/lib/python3.10/dist-packages/hero_msgs/srv'...
[1.010s] -- Up-to-date: /home/orangepi/GM/RESOURCES/ros2_ws/install/hero_msgs/local/lib/python3.10/dist-packages/hero_msgs/hero_msgs_s__rosidl_typesupport_fastrtps_c.cpython-310-aarch64-linux-gnu.so
[1.010s] -- Up-to-date: /home/orangepi/GM/RESOURCES/ros2_ws/install/hero_msgs/local/lib/python3.10/dist-packages/hero_msgs/hero_msgs_s__rosidl_typesupport_introspection_c.cpython-310-aarch64-linux-gnu.so
[1.010s] -- Up-to-date: /home/orangepi/GM/RESOURCES/ros2_ws/install/hero_msgs/local/lib/python3.10/dist-packages/hero_msgs/hero_msgs_s__rosidl_typesupport_c.cpython-310-aarch64-linux-gnu.so
[1.011s] -- Up-to-date: /home/orangepi/GM/RESOURCES/ros2_ws/install/hero_msgs/lib/libhero_msgs__rosidl_generator_py.so
[1.011s] -- Up-to-date: /home/orangepi/GM/RESOURCES/ros2_ws/install/hero_msgs/share/hero_msgs/msg/AutoAIM.idl
[1.011s] -- Up-to-date: /home/orangepi/GM/RESOURCES/ros2_ws/install/hero_msgs/share/hero_msgs/msg/DualLoopPIDWithFilter.idl
[1.012s] -- Up-to-date: /home/orangepi/GM/RESOURCES/ros2_ws/install/hero_msgs/share/hero_msgs/msg/Motion.idl
[1.012s] -- Up-to-date: /home/orangepi/GM/RESOURCES/ros2_ws/install/hero_msgs/share/hero_msgs/srv/VisionModeSwitch.idl
[1.012s] -- Up-to-date: /home/orangepi/GM/RESOURCES/ros2_ws/install/hero_msgs/share/hero_msgs/srv/ResetMotorPosition.idl
[1.012s] -- Up-to-date: /home/orangepi/GM/RESOURCES/ros2_ws/install/hero_msgs/share/hero_msgs/msg/AutoAIM.msg
[1.012s] -- Up-to-date: /home/orangepi/GM/RESOURCES/ros2_ws/install/hero_msgs/share/hero_msgs/msg/DualLoopPIDWithFilter.msg
[1.013s] -- Up-to-date: /home/orangepi/GM/RESOURCES/ros2_ws/install/hero_msgs/share/hero_msgs/msg/Motion.msg
[1.013s] -- Up-to-date: /home/orangepi/GM/RESOURCES/ros2_ws/install/hero_msgs/share/hero_msgs/srv/VisionModeSwitch.srv
[1.013s] -- Up-to-date: /home/orangepi/GM/RESOURCES/ros2_ws/install/hero_msgs/share/hero_msgs/srv/VisionModeSwitch_Request.msg
[1.013s] -- Up-to-date: /home/orangepi/GM/RESOURCES/ros2_ws/install/hero_msgs/share/hero_msgs/srv/VisionModeSwitch_Response.msg
[1.013s] -- Up-to-date: /home/orangepi/GM/RESOURCES/ros2_ws/install/hero_msgs/share/hero_msgs/srv/ResetMotorPosition.srv
[1.013s] -- Up-to-date: /home/orangepi/GM/RESOURCES/ros2_ws/install/hero_msgs/share/hero_msgs/srv/ResetMotorPosition_Request.msg
[1.013s] -- Up-to-date: /home/orangepi/GM/RESOURCES/ros2_ws/install/hero_msgs/share/hero_msgs/srv/ResetMotorPosition_Response.msg
[1.014s] -- Up-to-date: /home/orangepi/GM/RESOURCES/ros2_ws/install/hero_msgs/share/ament_index/resource_index/package_run_dependencies/hero_msgs
[1.014s] -- Up-to-date: /home/orangepi/GM/RESOURCES/ros2_ws/install/hero_msgs/share/ament_index/resource_index/parent_prefix_path/hero_msgs
[1.014s] -- Up-to-date: /home/orangepi/GM/RESOURCES/ros2_ws/install/hero_msgs/share/hero_msgs/environment/ament_prefix_path.sh
[1.014s] -- Up-to-date: /home/orangepi/GM/RESOURCES/ros2_ws/install/hero_msgs/share/hero_msgs/environment/ament_prefix_path.dsv
[1.014s] -- Up-to-date: /home/orangepi/GM/RESOURCES/ros2_ws/install/hero_msgs/share/hero_msgs/environment/path.sh
[1.014s] -- Up-to-date: /home/orangepi/GM/RESOURCES/ros2_ws/install/hero_msgs/share/hero_msgs/environment/path.dsv
[1.015s] -- Up-to-date: /home/orangepi/GM/RESOURCES/ros2_ws/install/hero_msgs/share/hero_msgs/local_setup.bash
[1.015s] -- Up-to-date: /home/orangepi/GM/RESOURCES/ros2_ws/install/hero_msgs/share/hero_msgs/local_setup.sh
[1.015s] -- Up-to-date: /home/orangepi/GM/RESOURCES/ros2_ws/install/hero_msgs/share/hero_msgs/local_setup.zsh
[1.015s] -- Up-to-date: /home/orangepi/GM/RESOURCES/ros2_ws/install/hero_msgs/share/hero_msgs/local_setup.dsv
[1.015s] -- Installing: /home/orangepi/GM/RESOURCES/ros2_ws/install/hero_msgs/share/hero_msgs/package.dsv
[1.015s] -- Up-to-date: /home/orangepi/GM/RESOURCES/ros2_ws/install/hero_msgs/share/ament_index/resource_index/packages/hero_msgs
[1.015s] -- Up-to-date: /home/orangepi/GM/RESOURCES/ros2_ws/install/hero_msgs/share/hero_msgs/cmake/export_hero_msgs__rosidl_generator_cExport.cmake
[1.016s] -- Up-to-date: /home/orangepi/GM/RESOURCES/ros2_ws/install/hero_msgs/share/hero_msgs/cmake/export_hero_msgs__rosidl_generator_cExport-noconfig.cmake
[1.016s] -- Up-to-date: /home/orangepi/GM/RESOURCES/ros2_ws/install/hero_msgs/share/hero_msgs/cmake/export_hero_msgs__rosidl_typesupport_fastrtps_cExport.cmake
[1.016s] -- Up-to-date: /home/orangepi/GM/RESOURCES/ros2_ws/install/hero_msgs/share/hero_msgs/cmake/export_hero_msgs__rosidl_typesupport_fastrtps_cExport-noconfig.cmake
[1.016s] -- Up-to-date: /home/orangepi/GM/RESOURCES/ros2_ws/install/hero_msgs/share/hero_msgs/cmake/export_hero_msgs__rosidl_generator_cppExport.cmake
[1.016s] -- Up-to-date: /home/orangepi/GM/RESOURCES/ros2_ws/install/hero_msgs/share/hero_msgs/cmake/export_hero_msgs__rosidl_typesupport_fastrtps_cppExport.cmake
[1.016s] -- Up-to-date: /home/orangepi/GM/RESOURCES/ros2_ws/install/hero_msgs/share/hero_msgs/cmake/export_hero_msgs__rosidl_typesupport_fastrtps_cppExport-noconfig.cmake
[1.017s] -- Up-to-date: /home/orangepi/GM/RESOURCES/ros2_ws/install/hero_msgs/share/hero_msgs/cmake/hero_msgs__rosidl_typesupport_introspection_cExport.cmake
[1.017s] -- Up-to-date: /home/orangepi/GM/RESOURCES/ros2_ws/install/hero_msgs/share/hero_msgs/cmake/hero_msgs__rosidl_typesupport_introspection_cExport-noconfig.cmake
[1.017s] -- Up-to-date: /home/orangepi/GM/RESOURCES/ros2_ws/install/hero_msgs/share/hero_msgs/cmake/hero_msgs__rosidl_typesupport_cExport.cmake
[1.017s] -- Up-to-date: /home/orangepi/GM/RESOURCES/ros2_ws/install/hero_msgs/share/hero_msgs/cmake/hero_msgs__rosidl_typesupport_cExport-noconfig.cmake
[1.017s] -- Up-to-date: /home/orangepi/GM/RESOURCES/ros2_ws/install/hero_msgs/share/hero_msgs/cmake/hero_msgs__rosidl_typesupport_introspection_cppExport.cmake
[1.017s] -- Up-to-date: /home/orangepi/GM/RESOURCES/ros2_ws/install/hero_msgs/share/hero_msgs/cmake/hero_msgs__rosidl_typesupport_introspection_cppExport-noconfig.cmake
[1.018s] -- Up-to-date: /home/orangepi/GM/RESOURCES/ros2_ws/install/hero_msgs/share/hero_msgs/cmake/hero_msgs__rosidl_typesupport_cppExport.cmake
[1.018s] -- Up-to-date: /home/orangepi/GM/RESOURCES/ros2_ws/install/hero_msgs/share/hero_msgs/cmake/hero_msgs__rosidl_typesupport_cppExport-noconfig.cmake
[1.018s] -- Up-to-date: /home/orangepi/GM/RESOURCES/ros2_ws/install/hero_msgs/share/hero_msgs/cmake/export_hero_msgs__rosidl_generator_pyExport.cmake
[1.018s] -- Up-to-date: /home/orangepi/GM/RESOURCES/ros2_ws/install/hero_msgs/share/hero_msgs/cmake/export_hero_msgs__rosidl_generator_pyExport-noconfig.cmake
[1.018s] -- Up-to-date: /home/orangepi/GM/RESOURCES/ros2_ws/install/hero_msgs/share/hero_msgs/cmake/rosidl_cmake-extras.cmake
[1.018s] -- Up-to-date: /home/orangepi/GM/RESOURCES/ros2_ws/install/hero_msgs/share/hero_msgs/cmake/ament_cmake_export_dependencies-extras.cmake
[1.018s] -- Up-to-date: /home/orangepi/GM/RESOURCES/ros2_ws/install/hero_msgs/share/hero_msgs/cmake/ament_cmake_export_include_directories-extras.cmake
[1.018s] -- Up-to-date: /home/orangepi/GM/RESOURCES/ros2_ws/install/hero_msgs/share/hero_msgs/cmake/ament_cmake_export_libraries-extras.cmake
[1.019s] -- Up-to-date: /home/orangepi/GM/RESOURCES/ros2_ws/install/hero_msgs/share/hero_msgs/cmake/ament_cmake_export_targets-extras.cmake
[1.019s] -- Up-to-date: /home/orangepi/GM/RESOURCES/ros2_ws/install/hero_msgs/share/hero_msgs/cmake/rosidl_cmake_export_typesupport_targets-extras.cmake
[1.019s] -- Up-to-date: /home/orangepi/GM/RESOURCES/ros2_ws/install/hero_msgs/share/hero_msgs/cmake/rosidl_cmake_export_typesupport_libraries-extras.cmake
[1.019s] -- Up-to-date: /home/orangepi/GM/RESOURCES/ros2_ws/install/hero_msgs/share/hero_msgs/cmake/hero_msgsConfig.cmake
[1.019s] -- Up-to-date: /home/orangepi/GM/RESOURCES/ros2_ws/install/hero_msgs/share/hero_msgs/cmake/hero_msgsConfig-version.cmake
[1.019s] -- Up-to-date: /home/orangepi/GM/RESOURCES/ros2_ws/install/hero_msgs/share/hero_msgs/package.xml
[1.025s] Invoked command in '/home/orangepi/GM/RESOURCES/ros2_ws/build/hero_msgs' returned '0': CMAKE_PREFIX_PATH=${CMAKE_PREFIX_PATH}:/opt/ros/humble /usr/bin/cmake --install /home/orangepi/GM/RESOURCES/ros2_ws/build/hero_msgs
