[9.334s] Invoking command in '/home/orangepi/GM/com_real/com': PYTHONPATH=/home/orangepi/GM/com_real/build/com/prefix_override:/usr/lib/python3/dist-packages/colcon_core/task/python/colcon_distutils_commands:/home/orangepi/GM/com_real/install/com/lib/python3.10/site-packages:${PYTHONPATH} /usr/bin/python3 -W ignore:setup.py install is deprecated setup.py egg_info --egg-base ../build/com build --build-base /home/orangepi/GM/com_real/build/com/build install --record /home/orangepi/GM/com_real/build/com/install.log --single-version-externally-managed install_data
[12.712s] running egg_info
[12.725s] writing ../build/com/com.egg-info/PKG-INFO
[12.734s] writing dependency_links to ../build/com/com.egg-info/dependency_links.txt
[12.740s] writing entry points to ../build/com/com.egg-info/entry_points.txt
[12.747s] writing requirements to ../build/com/com.egg-info/requires.txt
[12.751s] writing top-level names to ../build/com/com.egg-info/top_level.txt
[12.773s] reading manifest file '../build/com/com.egg-info/SOURCES.txt'
[12.798s] writing manifest file '../build/com/com.egg-info/SOURCES.txt'
[12.799s] running build
[12.800s] running build_py
[12.811s] running install
[12.815s] running install_lib
[12.862s] running install_data
[12.865s] running install_egg_info
[12.882s] removing '/home/orangepi/GM/com_real/install/com/lib/python3.10/site-packages/com-0.0.0-py3.10.egg-info' (and everything under it)
[12.888s] Copying ../build/com/com.egg-info to /home/orangepi/GM/com_real/install/com/lib/python3.10/site-packages/com-0.0.0-py3.10.egg-info
[12.938s] running install_scripts
[13.203s] Installing com_sub script to /home/orangepi/GM/com_real/install/com/lib/com
[13.207s] writing list of installed files to '/home/orangepi/GM/com_real/build/com/install.log'
[13.595s] Invoked command in '/home/orangepi/GM/com_real/com' returned '0': PYTHONPATH=/home/orangepi/GM/com_real/build/com/prefix_override:/usr/lib/python3/dist-packages/colcon_core/task/python/colcon_distutils_commands:/home/orangepi/GM/com_real/install/com/lib/python3.10/site-packages:${PYTHONPATH} /usr/bin/python3 -W ignore:setup.py install is deprecated setup.py egg_info --egg-base ../build/com build --build-base /home/orangepi/GM/com_real/build/com/build install --record /home/orangepi/GM/com_real/build/com/install.log --single-version-externally-managed install_data
