running egg_info
writing ../build/com/com.egg-info/PKG-INFO
writing dependency_links to ../build/com/com.egg-info/dependency_links.txt
writing entry points to ../build/com/com.egg-info/entry_points.txt
writing requirements to ../build/com/com.egg-info/requires.txt
writing top-level names to ../build/com/com.egg-info/top_level.txt
reading manifest file '../build/com/com.egg-info/SOURCES.txt'
writing manifest file '../build/com/com.egg-info/SOURCES.txt'
running build
running build_py
copying com/com_sub.py -> /home/orangepi/GM/build/com/build/lib/com
running install
running install_lib
copying /home/orangepi/GM/build/com/build/lib/com/com_sub.py -> /home/orangepi/GM/install/com/lib/python3.10/site-packages/com
byte-compiling /home/orangepi/GM/install/com/lib/python3.10/site-packages/com/com_sub.py to com_sub.cpython-310.pyc
running install_data
running install_egg_info
removing '/home/orangepi/GM/install/com/lib/python3.10/site-packages/com-0.0.0-py3.10.egg-info' (and everything under it)
Copying ../build/com/com.egg-info to /home/orangepi/GM/install/com/lib/python3.10/site-packages/com-0.0.0-py3.10.egg-info
running install_scripts
Installing com_sub script to /home/orangepi/GM/install/com/lib/com
writing list of installed files to '/home/orangepi/GM/build/com/install.log'
