[8.011s] Invoking command in '/home/orangepi/GM/com': PYTHONPATH=/home/orangepi/GM/build/com/prefix_override:/usr/lib/python3/dist-packages/colcon_core/task/python/colcon_distutils_commands:/home/orangepi/GM/install/com/lib/python3.10/site-packages:${PYTHONPATH} /usr/bin/python3 -W ignore:setup.py install is deprecated setup.py egg_info --egg-base ../build/com build --build-base /home/orangepi/GM/build/com/build install --record /home/orangepi/GM/build/com/install.log --single-version-externally-managed install_data
[11.127s] running egg_info
[11.139s] writing ../build/com/com.egg-info/PKG-INFO
[11.144s] writing dependency_links to ../build/com/com.egg-info/dependency_links.txt
[11.149s] writing entry points to ../build/com/com.egg-info/entry_points.txt
[11.155s] writing requirements to ../build/com/com.egg-info/requires.txt
[11.160s] writing top-level names to ../build/com/com.egg-info/top_level.txt
[11.206s] reading manifest file '../build/com/com.egg-info/SOURCES.txt'
[11.252s] writing manifest file '../build/com/com.egg-info/SOURCES.txt'
[11.256s] running build
[11.257s] running build_py
[11.260s] copying com/com_sub.py -> /home/orangepi/GM/build/com/build/lib/com
[11.265s] running install
[11.268s] running install_lib
[11.307s] copying /home/orangepi/GM/build/com/build/lib/com/com_sub.py -> /home/orangepi/GM/install/com/lib/python3.10/site-packages/com
[11.317s] byte-compiling /home/orangepi/GM/install/com/lib/python3.10/site-packages/com/com_sub.py to com_sub.cpython-310.pyc
[11.324s] running install_data
[11.328s] running install_egg_info
[11.350s] removing '/home/orangepi/GM/install/com/lib/python3.10/site-packages/com-0.0.0-py3.10.egg-info' (and everything under it)
[11.355s] Copying ../build/com/com.egg-info to /home/orangepi/GM/install/com/lib/python3.10/site-packages/com-0.0.0-py3.10.egg-info
[11.400s] running install_scripts
[11.638s] Installing com_sub script to /home/orangepi/GM/install/com/lib/com
[11.642s] writing list of installed files to '/home/orangepi/GM/build/com/install.log'
[12.019s] Invoked command in '/home/orangepi/GM/com' returned '0': PYTHONPATH=/home/orangepi/GM/build/com/prefix_override:/usr/lib/python3/dist-packages/colcon_core/task/python/colcon_distutils_commands:/home/orangepi/GM/install/com/lib/python3.10/site-packages:${PYTHONPATH} /usr/bin/python3 -W ignore:setup.py install is deprecated setup.py egg_info --egg-base ../build/com build --build-base /home/orangepi/GM/build/com/build install --record /home/orangepi/GM/build/com/install.log --single-version-externally-managed install_data
