[  5%] Built target vision_msgs__cpp
[ 12%] Built target vision_msgs__rosidl_generator_c
[ 12%] Built target ament_cmake_python_copy_vision_msgs
[ 23%] Built target vision_msgs__rosidl_typesupport_fastrtps_c
[ 34%] Built target vision_msgs__rosidl_typesupport_c
[ 45%] Built target vision_msgs__rosidl_typesupport_introspection_c
[ 56%] Built target vision_msgs__rosidl_typesupport_introspection_cpp
[ 67%] Built target vision_msgs__rosidl_typesupport_fastrtps_cpp
[ 78%] Built target vision_msgs__rosidl_typesupport_cpp
[ 78%] Built target vision_msgs
[ 80%] Built target vision_msgs__py
[ 89%] Built target vision_msgs__rosidl_generator_py
[ 92%] Built target vision_msgs__rosidl_typesupport_introspection_c__pyext
[ 96%] Built target vision_msgs__rosidl_typesupport_c__pyext
[100%] Built target vision_msgs__rosidl_typesupport_fastrtps_c__pyext
running egg_info
writing vision_msgs.egg-info/PKG-INFO
writing dependency_links to vision_msgs.egg-info/dependency_links.txt
writing top-level names to vision_msgs.egg-info/top_level.txt
reading manifest file 'vision_msgs.egg-info/SOURCES.txt'
writing manifest file 'vision_msgs.egg-info/SOURCES.txt'
[100%] Built target ament_cmake_python_build_vision_msgs_egg
-- Install configuration: ""
-- Up-to-date: /home/orangepi/GM/RESOURCES/ros2_ws/install/vision_msgs/share/ament_index/resource_index/rosidl_interfaces/vision_msgs
-- Up-to-date: /home/orangepi/GM/RESOURCES/ros2_ws/install/vision_msgs/include/vision_msgs/vision_msgs
-- Up-to-date: /home/orangepi/GM/RESOURCES/ros2_ws/install/vision_msgs/include/vision_msgs/vision_msgs/msg
-- Up-to-date: /home/orangepi/GM/RESOURCES/ros2_ws/install/vision_msgs/include/vision_msgs/vision_msgs/msg/detail
-- Up-to-date: /home/orangepi/GM/RESOURCES/ros2_ws/install/vision_msgs/include/vision_msgs/vision_msgs/msg/detail/point__type_support.h
-- Up-to-date: /home/orangepi/GM/RESOURCES/ros2_ws/install/vision_msgs/include/vision_msgs/vision_msgs/msg/detail/point__functions.c
-- Up-to-date: /home/orangepi/GM/RESOURCES/ros2_ws/install/vision_msgs/include/vision_msgs/vision_msgs/msg/detail/armors__functions.h
-- Up-to-date: /home/orangepi/GM/RESOURCES/ros2_ws/install/vision_msgs/include/vision_msgs/vision_msgs/msg/detail/autoaim_state__functions.c
-- Up-to-date: /home/orangepi/GM/RESOURCES/ros2_ws/install/vision_msgs/include/vision_msgs/vision_msgs/msg/detail/autoaim_state__struct.h
-- Up-to-date: /home/orangepi/GM/RESOURCES/ros2_ws/install/vision_msgs/include/vision_msgs/vision_msgs/msg/detail/armors__struct.h
-- Up-to-date: /home/orangepi/GM/RESOURCES/ros2_ws/install/vision_msgs/include/vision_msgs/vision_msgs/msg/detail/point__functions.h
-- Up-to-date: /home/orangepi/GM/RESOURCES/ros2_ws/install/vision_msgs/include/vision_msgs/vision_msgs/msg/detail/autoaim_state__functions.h
-- Up-to-date: /home/orangepi/GM/RESOURCES/ros2_ws/install/vision_msgs/include/vision_msgs/vision_msgs/msg/detail/point__struct.h
-- Up-to-date: /home/orangepi/GM/RESOURCES/ros2_ws/install/vision_msgs/include/vision_msgs/vision_msgs/msg/detail/armor__type_support.h
-- Up-to-date: /home/orangepi/GM/RESOURCES/ros2_ws/install/vision_msgs/include/vision_msgs/vision_msgs/msg/detail/armor__struct.h
-- Up-to-date: /home/orangepi/GM/RESOURCES/ros2_ws/install/vision_msgs/include/vision_msgs/vision_msgs/msg/detail/armors__functions.c
-- Up-to-date: /home/orangepi/GM/RESOURCES/ros2_ws/install/vision_msgs/include/vision_msgs/vision_msgs/msg/detail/armor__functions.c
-- Up-to-date: /home/orangepi/GM/RESOURCES/ros2_ws/install/vision_msgs/include/vision_msgs/vision_msgs/msg/detail/armor__functions.h
-- Up-to-date: /home/orangepi/GM/RESOURCES/ros2_ws/install/vision_msgs/include/vision_msgs/vision_msgs/msg/detail/armors__type_support.h
-- Up-to-date: /home/orangepi/GM/RESOURCES/ros2_ws/install/vision_msgs/include/vision_msgs/vision_msgs/msg/detail/autoaim_state__type_support.h
-- Up-to-date: /home/orangepi/GM/RESOURCES/ros2_ws/install/vision_msgs/include/vision_msgs/vision_msgs/msg/armors.h
-- Up-to-date: /home/orangepi/GM/RESOURCES/ros2_ws/install/vision_msgs/include/vision_msgs/vision_msgs/msg/autoaim_state.h
-- Up-to-date: /home/orangepi/GM/RESOURCES/ros2_ws/install/vision_msgs/include/vision_msgs/vision_msgs/msg/point.h
-- Up-to-date: /home/orangepi/GM/RESOURCES/ros2_ws/install/vision_msgs/include/vision_msgs/vision_msgs/msg/armor.h
-- Up-to-date: /home/orangepi/GM/RESOURCES/ros2_ws/install/vision_msgs/include/vision_msgs/vision_msgs/msg/rosidl_generator_c__visibility_control.h
-- Up-to-date: /home/orangepi/GM/RESOURCES/ros2_ws/install/vision_msgs/share/vision_msgs/environment/library_path.sh
-- Up-to-date: /home/orangepi/GM/RESOURCES/ros2_ws/install/vision_msgs/share/vision_msgs/environment/library_path.dsv
-- Up-to-date: /home/orangepi/GM/RESOURCES/ros2_ws/install/vision_msgs/lib/libvision_msgs__rosidl_generator_c.so
-- Up-to-date: /home/orangepi/GM/RESOURCES/ros2_ws/install/vision_msgs/include/vision_msgs/vision_msgs
-- Up-to-date: /home/orangepi/GM/RESOURCES/ros2_ws/install/vision_msgs/include/vision_msgs/vision_msgs/msg
-- Up-to-date: /home/orangepi/GM/RESOURCES/ros2_ws/install/vision_msgs/include/vision_msgs/vision_msgs/msg/detail
-- Up-to-date: /home/orangepi/GM/RESOURCES/ros2_ws/install/vision_msgs/include/vision_msgs/vision_msgs/msg/detail/autoaim_state__rosidl_typesupport_fastrtps_c.h
-- Up-to-date: /home/orangepi/GM/RESOURCES/ros2_ws/install/vision_msgs/include/vision_msgs/vision_msgs/msg/detail/armor__rosidl_typesupport_fastrtps_c.h
-- Up-to-date: /home/orangepi/GM/RESOURCES/ros2_ws/install/vision_msgs/include/vision_msgs/vision_msgs/msg/detail/armors__rosidl_typesupport_fastrtps_c.h
-- Up-to-date: /home/orangepi/GM/RESOURCES/ros2_ws/install/vision_msgs/include/vision_msgs/vision_msgs/msg/detail/point__rosidl_typesupport_fastrtps_c.h
-- Up-to-date: /home/orangepi/GM/RESOURCES/ros2_ws/install/vision_msgs/include/vision_msgs/vision_msgs/msg/rosidl_typesupport_fastrtps_c__visibility_control.h
-- Up-to-date: /home/orangepi/GM/RESOURCES/ros2_ws/install/vision_msgs/lib/libvision_msgs__rosidl_typesupport_fastrtps_c.so
-- Up-to-date: /home/orangepi/GM/RESOURCES/ros2_ws/install/vision_msgs/include/vision_msgs/vision_msgs
-- Up-to-date: /home/orangepi/GM/RESOURCES/ros2_ws/install/vision_msgs/include/vision_msgs/vision_msgs/msg
-- Up-to-date: /home/orangepi/GM/RESOURCES/ros2_ws/install/vision_msgs/include/vision_msgs/vision_msgs/msg/detail
-- Up-to-date: /home/orangepi/GM/RESOURCES/ros2_ws/install/vision_msgs/include/vision_msgs/vision_msgs/msg/detail/armors__rosidl_typesupport_introspection_c.h
-- Up-to-date: /home/orangepi/GM/RESOURCES/ros2_ws/install/vision_msgs/include/vision_msgs/vision_msgs/msg/detail/point__type_support.c
-- Up-to-date: /home/orangepi/GM/RESOURCES/ros2_ws/install/vision_msgs/include/vision_msgs/vision_msgs/msg/detail/armor__type_support.c
-- Up-to-date: /home/orangepi/GM/RESOURCES/ros2_ws/install/vision_msgs/include/vision_msgs/vision_msgs/msg/detail/armors__type_support.c
-- Up-to-date: /home/orangepi/GM/RESOURCES/ros2_ws/install/vision_msgs/include/vision_msgs/vision_msgs/msg/detail/point__rosidl_typesupport_introspection_c.h
-- Up-to-date: /home/orangepi/GM/RESOURCES/ros2_ws/install/vision_msgs/include/vision_msgs/vision_msgs/msg/detail/autoaim_state__type_support.c
-- Up-to-date: /home/orangepi/GM/RESOURCES/ros2_ws/install/vision_msgs/include/vision_msgs/vision_msgs/msg/detail/autoaim_state__rosidl_typesupport_introspection_c.h
-- Up-to-date: /home/orangepi/GM/RESOURCES/ros2_ws/install/vision_msgs/include/vision_msgs/vision_msgs/msg/detail/armor__rosidl_typesupport_introspection_c.h
-- Up-to-date: /home/orangepi/GM/RESOURCES/ros2_ws/install/vision_msgs/include/vision_msgs/vision_msgs/msg/rosidl_typesupport_introspection_c__visibility_control.h
-- Up-to-date: /home/orangepi/GM/RESOURCES/ros2_ws/install/vision_msgs/lib/libvision_msgs__rosidl_typesupport_introspection_c.so
-- Up-to-date: /home/orangepi/GM/RESOURCES/ros2_ws/install/vision_msgs/lib/libvision_msgs__rosidl_typesupport_c.so
-- Up-to-date: /home/orangepi/GM/RESOURCES/ros2_ws/install/vision_msgs/include/vision_msgs/vision_msgs
-- Up-to-date: /home/orangepi/GM/RESOURCES/ros2_ws/install/vision_msgs/include/vision_msgs/vision_msgs/msg
-- Up-to-date: /home/orangepi/GM/RESOURCES/ros2_ws/install/vision_msgs/include/vision_msgs/vision_msgs/msg/detail
-- Up-to-date: /home/orangepi/GM/RESOURCES/ros2_ws/install/vision_msgs/include/vision_msgs/vision_msgs/msg/detail/armor__traits.hpp
-- Up-to-date: /home/orangepi/GM/RESOURCES/ros2_ws/install/vision_msgs/include/vision_msgs/vision_msgs/msg/detail/point__traits.hpp
-- Up-to-date: /home/orangepi/GM/RESOURCES/ros2_ws/install/vision_msgs/include/vision_msgs/vision_msgs/msg/detail/armors__builder.hpp
-- Up-to-date: /home/orangepi/GM/RESOURCES/ros2_ws/install/vision_msgs/include/vision_msgs/vision_msgs/msg/detail/autoaim_state__builder.hpp
-- Up-to-date: /home/orangepi/GM/RESOURCES/ros2_ws/install/vision_msgs/include/vision_msgs/vision_msgs/msg/detail/armors__traits.hpp
-- Up-to-date: /home/orangepi/GM/RESOURCES/ros2_ws/install/vision_msgs/include/vision_msgs/vision_msgs/msg/detail/autoaim_state__struct.hpp
-- Up-to-date: /home/orangepi/GM/RESOURCES/ros2_ws/install/vision_msgs/include/vision_msgs/vision_msgs/msg/detail/point__struct.hpp
-- Up-to-date: /home/orangepi/GM/RESOURCES/ros2_ws/install/vision_msgs/include/vision_msgs/vision_msgs/msg/detail/armor__builder.hpp
-- Up-to-date: /home/orangepi/GM/RESOURCES/ros2_ws/install/vision_msgs/include/vision_msgs/vision_msgs/msg/detail/point__builder.hpp
-- Up-to-date: /home/orangepi/GM/RESOURCES/ros2_ws/install/vision_msgs/include/vision_msgs/vision_msgs/msg/detail/autoaim_state__traits.hpp
-- Up-to-date: /home/orangepi/GM/RESOURCES/ros2_ws/install/vision_msgs/include/vision_msgs/vision_msgs/msg/detail/armors__struct.hpp
-- Up-to-date: /home/orangepi/GM/RESOURCES/ros2_ws/install/vision_msgs/include/vision_msgs/vision_msgs/msg/detail/armor__struct.hpp
-- Up-to-date: /home/orangepi/GM/RESOURCES/ros2_ws/install/vision_msgs/include/vision_msgs/vision_msgs/msg/autoaim_state.hpp
-- Up-to-date: /home/orangepi/GM/RESOURCES/ros2_ws/install/vision_msgs/include/vision_msgs/vision_msgs/msg/armor.hpp
-- Up-to-date: /home/orangepi/GM/RESOURCES/ros2_ws/install/vision_msgs/include/vision_msgs/vision_msgs/msg/armors.hpp
-- Up-to-date: /home/orangepi/GM/RESOURCES/ros2_ws/install/vision_msgs/include/vision_msgs/vision_msgs/msg/point.hpp
-- Up-to-date: /home/orangepi/GM/RESOURCES/ros2_ws/install/vision_msgs/include/vision_msgs/vision_msgs
-- Up-to-date: /home/orangepi/GM/RESOURCES/ros2_ws/install/vision_msgs/include/vision_msgs/vision_msgs/msg
-- Up-to-date: /home/orangepi/GM/RESOURCES/ros2_ws/install/vision_msgs/include/vision_msgs/vision_msgs/msg/detail
-- Up-to-date: /home/orangepi/GM/RESOURCES/ros2_ws/install/vision_msgs/include/vision_msgs/vision_msgs/msg/detail/armor__rosidl_typesupport_fastrtps_cpp.hpp
-- Up-to-date: /home/orangepi/GM/RESOURCES/ros2_ws/install/vision_msgs/include/vision_msgs/vision_msgs/msg/detail/dds_fastrtps
-- Up-to-date: /home/orangepi/GM/RESOURCES/ros2_ws/install/vision_msgs/include/vision_msgs/vision_msgs/msg/detail/point__rosidl_typesupport_fastrtps_cpp.hpp
-- Up-to-date: /home/orangepi/GM/RESOURCES/ros2_ws/install/vision_msgs/include/vision_msgs/vision_msgs/msg/detail/armors__rosidl_typesupport_fastrtps_cpp.hpp
-- Up-to-date: /home/orangepi/GM/RESOURCES/ros2_ws/install/vision_msgs/include/vision_msgs/vision_msgs/msg/detail/autoaim_state__rosidl_typesupport_fastrtps_cpp.hpp
-- Up-to-date: /home/orangepi/GM/RESOURCES/ros2_ws/install/vision_msgs/include/vision_msgs/vision_msgs/msg/rosidl_typesupport_fastrtps_cpp__visibility_control.h
-- Up-to-date: /home/orangepi/GM/RESOURCES/ros2_ws/install/vision_msgs/lib/libvision_msgs__rosidl_typesupport_fastrtps_cpp.so
-- Up-to-date: /home/orangepi/GM/RESOURCES/ros2_ws/install/vision_msgs/include/vision_msgs/vision_msgs
-- Up-to-date: /home/orangepi/GM/RESOURCES/ros2_ws/install/vision_msgs/include/vision_msgs/vision_msgs/msg
-- Up-to-date: /home/orangepi/GM/RESOURCES/ros2_ws/install/vision_msgs/include/vision_msgs/vision_msgs/msg/detail
-- Up-to-date: /home/orangepi/GM/RESOURCES/ros2_ws/install/vision_msgs/include/vision_msgs/vision_msgs/msg/detail/autoaim_state__type_support.cpp
-- Up-to-date: /home/orangepi/GM/RESOURCES/ros2_ws/install/vision_msgs/include/vision_msgs/vision_msgs/msg/detail/point__rosidl_typesupport_introspection_cpp.hpp
-- Up-to-date: /home/orangepi/GM/RESOURCES/ros2_ws/install/vision_msgs/include/vision_msgs/vision_msgs/msg/detail/autoaim_state__rosidl_typesupport_introspection_cpp.hpp
-- Up-to-date: /home/orangepi/GM/RESOURCES/ros2_ws/install/vision_msgs/include/vision_msgs/vision_msgs/msg/detail/armor__rosidl_typesupport_introspection_cpp.hpp
-- Up-to-date: /home/orangepi/GM/RESOURCES/ros2_ws/install/vision_msgs/include/vision_msgs/vision_msgs/msg/detail/armors__rosidl_typesupport_introspection_cpp.hpp
-- Up-to-date: /home/orangepi/GM/RESOURCES/ros2_ws/install/vision_msgs/include/vision_msgs/vision_msgs/msg/detail/point__type_support.cpp
-- Up-to-date: /home/orangepi/GM/RESOURCES/ros2_ws/install/vision_msgs/include/vision_msgs/vision_msgs/msg/detail/armor__type_support.cpp
-- Up-to-date: /home/orangepi/GM/RESOURCES/ros2_ws/install/vision_msgs/include/vision_msgs/vision_msgs/msg/detail/armors__type_support.cpp
-- Up-to-date: /home/orangepi/GM/RESOURCES/ros2_ws/install/vision_msgs/lib/libvision_msgs__rosidl_typesupport_introspection_cpp.so
-- Up-to-date: /home/orangepi/GM/RESOURCES/ros2_ws/install/vision_msgs/lib/libvision_msgs__rosidl_typesupport_cpp.so
-- Up-to-date: /home/orangepi/GM/RESOURCES/ros2_ws/install/vision_msgs/share/vision_msgs/environment/pythonpath.sh
-- Up-to-date: /home/orangepi/GM/RESOURCES/ros2_ws/install/vision_msgs/share/vision_msgs/environment/pythonpath.dsv
-- Up-to-date: /home/orangepi/GM/RESOURCES/ros2_ws/install/vision_msgs/local/lib/python3.10/dist-packages/vision_msgs-0.0.0-py3.10.egg-info
-- Installing: /home/orangepi/GM/RESOURCES/ros2_ws/install/vision_msgs/local/lib/python3.10/dist-packages/vision_msgs-0.0.0-py3.10.egg-info/top_level.txt
-- Installing: /home/orangepi/GM/RESOURCES/ros2_ws/install/vision_msgs/local/lib/python3.10/dist-packages/vision_msgs-0.0.0-py3.10.egg-info/PKG-INFO
-- Installing: /home/orangepi/GM/RESOURCES/ros2_ws/install/vision_msgs/local/lib/python3.10/dist-packages/vision_msgs-0.0.0-py3.10.egg-info/SOURCES.txt
-- Installing: /home/orangepi/GM/RESOURCES/ros2_ws/install/vision_msgs/local/lib/python3.10/dist-packages/vision_msgs-0.0.0-py3.10.egg-info/dependency_links.txt
-- Up-to-date: /home/orangepi/GM/RESOURCES/ros2_ws/install/vision_msgs/local/lib/python3.10/dist-packages/vision_msgs
-- Up-to-date: /home/orangepi/GM/RESOURCES/ros2_ws/install/vision_msgs/local/lib/python3.10/dist-packages/vision_msgs/msg
-- Up-to-date: /home/orangepi/GM/RESOURCES/ros2_ws/install/vision_msgs/local/lib/python3.10/dist-packages/vision_msgs/msg/__init__.py
-- Up-to-date: /home/orangepi/GM/RESOURCES/ros2_ws/install/vision_msgs/local/lib/python3.10/dist-packages/vision_msgs/msg/_armor_s.c
-- Up-to-date: /home/orangepi/GM/RESOURCES/ros2_ws/install/vision_msgs/local/lib/python3.10/dist-packages/vision_msgs/msg/_point.py
-- Up-to-date: /home/orangepi/GM/RESOURCES/ros2_ws/install/vision_msgs/local/lib/python3.10/dist-packages/vision_msgs/msg/_armors.py
-- Up-to-date: /home/orangepi/GM/RESOURCES/ros2_ws/install/vision_msgs/local/lib/python3.10/dist-packages/vision_msgs/msg/_point_s.c
-- Up-to-date: /home/orangepi/GM/RESOURCES/ros2_ws/install/vision_msgs/local/lib/python3.10/dist-packages/vision_msgs/msg/_armor.py
-- Up-to-date: /home/orangepi/GM/RESOURCES/ros2_ws/install/vision_msgs/local/lib/python3.10/dist-packages/vision_msgs/msg/_autoaim_state.py
-- Up-to-date: /home/orangepi/GM/RESOURCES/ros2_ws/install/vision_msgs/local/lib/python3.10/dist-packages/vision_msgs/msg/_autoaim_state_s.c
-- Up-to-date: /home/orangepi/GM/RESOURCES/ros2_ws/install/vision_msgs/local/lib/python3.10/dist-packages/vision_msgs/msg/_armors_s.c
-- Up-to-date: /home/orangepi/GM/RESOURCES/ros2_ws/install/vision_msgs/local/lib/python3.10/dist-packages/vision_msgs/_vision_msgs_s.ep.rosidl_typesupport_introspection_c.c
-- Up-to-date: /home/orangepi/GM/RESOURCES/ros2_ws/install/vision_msgs/local/lib/python3.10/dist-packages/vision_msgs/__init__.py
-- Up-to-date: /home/orangepi/GM/RESOURCES/ros2_ws/install/vision_msgs/local/lib/python3.10/dist-packages/vision_msgs/vision_msgs_s__rosidl_typesupport_fastrtps_c.cpython-310-aarch64-linux-gnu.so
-- Up-to-date: /home/orangepi/GM/RESOURCES/ros2_ws/install/vision_msgs/local/lib/python3.10/dist-packages/vision_msgs/libvision_msgs__rosidl_generator_py.so
-- Up-to-date: /home/orangepi/GM/RESOURCES/ros2_ws/install/vision_msgs/local/lib/python3.10/dist-packages/vision_msgs/vision_msgs_s__rosidl_typesupport_c.cpython-310-aarch64-linux-gnu.so
-- Up-to-date: /home/orangepi/GM/RESOURCES/ros2_ws/install/vision_msgs/local/lib/python3.10/dist-packages/vision_msgs/_vision_msgs_s.ep.rosidl_typesupport_c.c
-- Up-to-date: /home/orangepi/GM/RESOURCES/ros2_ws/install/vision_msgs/local/lib/python3.10/dist-packages/vision_msgs/vision_msgs_s__rosidl_typesupport_introspection_c.cpython-310-aarch64-linux-gnu.so
-- Up-to-date: /home/orangepi/GM/RESOURCES/ros2_ws/install/vision_msgs/local/lib/python3.10/dist-packages/vision_msgs/_vision_msgs_s.ep.rosidl_typesupport_fastrtps_c.c
Listing '/home/orangepi/GM/RESOURCES/ros2_ws/install/vision_msgs/local/lib/python3.10/dist-packages/vision_msgs'...
Listing '/home/orangepi/GM/RESOURCES/ros2_ws/install/vision_msgs/local/lib/python3.10/dist-packages/vision_msgs/msg'...
-- Up-to-date: /home/orangepi/GM/RESOURCES/ros2_ws/install/vision_msgs/local/lib/python3.10/dist-packages/vision_msgs/vision_msgs_s__rosidl_typesupport_fastrtps_c.cpython-310-aarch64-linux-gnu.so
-- Up-to-date: /home/orangepi/GM/RESOURCES/ros2_ws/install/vision_msgs/local/lib/python3.10/dist-packages/vision_msgs/vision_msgs_s__rosidl_typesupport_introspection_c.cpython-310-aarch64-linux-gnu.so
-- Up-to-date: /home/orangepi/GM/RESOURCES/ros2_ws/install/vision_msgs/local/lib/python3.10/dist-packages/vision_msgs/vision_msgs_s__rosidl_typesupport_c.cpython-310-aarch64-linux-gnu.so
-- Up-to-date: /home/orangepi/GM/RESOURCES/ros2_ws/install/vision_msgs/lib/libvision_msgs__rosidl_generator_py.so
-- Up-to-date: /home/orangepi/GM/RESOURCES/ros2_ws/install/vision_msgs/share/vision_msgs/msg/Point.idl
-- Up-to-date: /home/orangepi/GM/RESOURCES/ros2_ws/install/vision_msgs/share/vision_msgs/msg/Armor.idl
-- Up-to-date: /home/orangepi/GM/RESOURCES/ros2_ws/install/vision_msgs/share/vision_msgs/msg/Armors.idl
-- Up-to-date: /home/orangepi/GM/RESOURCES/ros2_ws/install/vision_msgs/share/vision_msgs/msg/AutoaimState.idl
-- Up-to-date: /home/orangepi/GM/RESOURCES/ros2_ws/install/vision_msgs/share/vision_msgs/msg/Point.msg
-- Up-to-date: /home/orangepi/GM/RESOURCES/ros2_ws/install/vision_msgs/share/vision_msgs/msg/Armor.msg
-- Up-to-date: /home/orangepi/GM/RESOURCES/ros2_ws/install/vision_msgs/share/vision_msgs/msg/Armors.msg
-- Up-to-date: /home/orangepi/GM/RESOURCES/ros2_ws/install/vision_msgs/share/vision_msgs/msg/AutoaimState.msg
-- Up-to-date: /home/orangepi/GM/RESOURCES/ros2_ws/install/vision_msgs/share/ament_index/resource_index/package_run_dependencies/vision_msgs
-- Up-to-date: /home/orangepi/GM/RESOURCES/ros2_ws/install/vision_msgs/share/ament_index/resource_index/parent_prefix_path/vision_msgs
-- Up-to-date: /home/orangepi/GM/RESOURCES/ros2_ws/install/vision_msgs/share/vision_msgs/environment/ament_prefix_path.sh
-- Up-to-date: /home/orangepi/GM/RESOURCES/ros2_ws/install/vision_msgs/share/vision_msgs/environment/ament_prefix_path.dsv
-- Up-to-date: /home/orangepi/GM/RESOURCES/ros2_ws/install/vision_msgs/share/vision_msgs/environment/path.sh
-- Up-to-date: /home/orangepi/GM/RESOURCES/ros2_ws/install/vision_msgs/share/vision_msgs/environment/path.dsv
-- Up-to-date: /home/orangepi/GM/RESOURCES/ros2_ws/install/vision_msgs/share/vision_msgs/local_setup.bash
-- Up-to-date: /home/orangepi/GM/RESOURCES/ros2_ws/install/vision_msgs/share/vision_msgs/local_setup.sh
-- Up-to-date: /home/orangepi/GM/RESOURCES/ros2_ws/install/vision_msgs/share/vision_msgs/local_setup.zsh
-- Up-to-date: /home/orangepi/GM/RESOURCES/ros2_ws/install/vision_msgs/share/vision_msgs/local_setup.dsv
-- Installing: /home/orangepi/GM/RESOURCES/ros2_ws/install/vision_msgs/share/vision_msgs/package.dsv
-- Up-to-date: /home/orangepi/GM/RESOURCES/ros2_ws/install/vision_msgs/share/ament_index/resource_index/packages/vision_msgs
-- Up-to-date: /home/orangepi/GM/RESOURCES/ros2_ws/install/vision_msgs/share/vision_msgs/cmake/export_vision_msgs__rosidl_generator_cExport.cmake
-- Up-to-date: /home/orangepi/GM/RESOURCES/ros2_ws/install/vision_msgs/share/vision_msgs/cmake/export_vision_msgs__rosidl_generator_cExport-noconfig.cmake
-- Up-to-date: /home/orangepi/GM/RESOURCES/ros2_ws/install/vision_msgs/share/vision_msgs/cmake/export_vision_msgs__rosidl_typesupport_fastrtps_cExport.cmake
-- Up-to-date: /home/orangepi/GM/RESOURCES/ros2_ws/install/vision_msgs/share/vision_msgs/cmake/export_vision_msgs__rosidl_typesupport_fastrtps_cExport-noconfig.cmake
-- Up-to-date: /home/orangepi/GM/RESOURCES/ros2_ws/install/vision_msgs/share/vision_msgs/cmake/vision_msgs__rosidl_typesupport_introspection_cExport.cmake
-- Up-to-date: /home/orangepi/GM/RESOURCES/ros2_ws/install/vision_msgs/share/vision_msgs/cmake/vision_msgs__rosidl_typesupport_introspection_cExport-noconfig.cmake
-- Up-to-date: /home/orangepi/GM/RESOURCES/ros2_ws/install/vision_msgs/share/vision_msgs/cmake/vision_msgs__rosidl_typesupport_cExport.cmake
-- Up-to-date: /home/orangepi/GM/RESOURCES/ros2_ws/install/vision_msgs/share/vision_msgs/cmake/vision_msgs__rosidl_typesupport_cExport-noconfig.cmake
-- Up-to-date: /home/orangepi/GM/RESOURCES/ros2_ws/install/vision_msgs/share/vision_msgs/cmake/export_vision_msgs__rosidl_generator_cppExport.cmake
-- Up-to-date: /home/orangepi/GM/RESOURCES/ros2_ws/install/vision_msgs/share/vision_msgs/cmake/export_vision_msgs__rosidl_typesupport_fastrtps_cppExport.cmake
-- Up-to-date: /home/orangepi/GM/RESOURCES/ros2_ws/install/vision_msgs/share/vision_msgs/cmake/export_vision_msgs__rosidl_typesupport_fastrtps_cppExport-noconfig.cmake
-- Up-to-date: /home/orangepi/GM/RESOURCES/ros2_ws/install/vision_msgs/share/vision_msgs/cmake/vision_msgs__rosidl_typesupport_introspection_cppExport.cmake
-- Up-to-date: /home/orangepi/GM/RESOURCES/ros2_ws/install/vision_msgs/share/vision_msgs/cmake/vision_msgs__rosidl_typesupport_introspection_cppExport-noconfig.cmake
-- Up-to-date: /home/orangepi/GM/RESOURCES/ros2_ws/install/vision_msgs/share/vision_msgs/cmake/vision_msgs__rosidl_typesupport_cppExport.cmake
-- Up-to-date: /home/orangepi/GM/RESOURCES/ros2_ws/install/vision_msgs/share/vision_msgs/cmake/vision_msgs__rosidl_typesupport_cppExport-noconfig.cmake
-- Up-to-date: /home/orangepi/GM/RESOURCES/ros2_ws/install/vision_msgs/share/vision_msgs/cmake/export_vision_msgs__rosidl_generator_pyExport.cmake
-- Up-to-date: /home/orangepi/GM/RESOURCES/ros2_ws/install/vision_msgs/share/vision_msgs/cmake/export_vision_msgs__rosidl_generator_pyExport-noconfig.cmake
-- Up-to-date: /home/orangepi/GM/RESOURCES/ros2_ws/install/vision_msgs/share/vision_msgs/cmake/rosidl_cmake-extras.cmake
-- Up-to-date: /home/orangepi/GM/RESOURCES/ros2_ws/install/vision_msgs/share/vision_msgs/cmake/ament_cmake_export_dependencies-extras.cmake
-- Up-to-date: /home/orangepi/GM/RESOURCES/ros2_ws/install/vision_msgs/share/vision_msgs/cmake/ament_cmake_export_include_directories-extras.cmake
-- Up-to-date: /home/orangepi/GM/RESOURCES/ros2_ws/install/vision_msgs/share/vision_msgs/cmake/ament_cmake_export_libraries-extras.cmake
-- Up-to-date: /home/orangepi/GM/RESOURCES/ros2_ws/install/vision_msgs/share/vision_msgs/cmake/ament_cmake_export_targets-extras.cmake
-- Up-to-date: /home/orangepi/GM/RESOURCES/ros2_ws/install/vision_msgs/share/vision_msgs/cmake/rosidl_cmake_export_typesupport_targets-extras.cmake
-- Up-to-date: /home/orangepi/GM/RESOURCES/ros2_ws/install/vision_msgs/share/vision_msgs/cmake/rosidl_cmake_export_typesupport_libraries-extras.cmake
-- Up-to-date: /home/orangepi/GM/RESOURCES/ros2_ws/install/vision_msgs/share/vision_msgs/cmake/vision_msgsConfig.cmake
-- Up-to-date: /home/orangepi/GM/RESOURCES/ros2_ws/install/vision_msgs/share/vision_msgs/cmake/vision_msgsConfig-version.cmake
-- Up-to-date: /home/orangepi/GM/RESOURCES/ros2_ws/install/vision_msgs/share/vision_msgs/package.xml
