[0.129s] DEBUG:colcon:Command line arguments: ['/usr/bin/colcon', 'build']
[0.129s] DEBUG:colcon:Parsed command line arguments: Namespace(log_base=None, log_level=None, verb_name='build', build_base='build', install_base='install', merge_install=False, symlink_install=False, test_result_base=None, continue_on_error=False, executor='parallel', parallel_workers=8, event_handlers=None, ignore_user_meta=False, metas=['./colcon.meta'], base_paths=['.'], packages_ignore=None, packages_ignore_regex=None, paths=None, packages_up_to=None, packages_up_to_regex=None, packages_above=None, packages_above_and_dependencies=None, packages_above_depth=None, packages_select_by_dep=None, packages_skip_by_dep=None, packages_skip_up_to=None, packages_select_build_failed=False, packages_skip_build_finished=False, packages_select_test_failures=False, packages_skip_test_passed=False, packages_select=None, packages_skip=None, packages_select_regex=None, packages_skip_regex=None, packages_start=None, packages_end=None, cmake_args=None, cmake_target=None, cmake_target_skip_unavailable=False, cmake_clean_cache=False, cmake_clean_first=False, cmake_force_configure=False, ament_cmake_args=None, catkin_cmake_args=None, catkin_skip_building_tests=False, verb_parser=<colcon_defaults.argument_parser.defaults.DefaultArgumentsDecorator object at 0x7faae1fa00>, verb_extension=<colcon_core.verb.build.BuildVerb object at 0x7faaf84640>, main=<bound method BuildVerb.main of <colcon_core.verb.build.BuildVerb object at 0x7faaf84640>>)
[0.309s] Level 1:colcon.colcon_core.package_discovery:discover_packages(colcon_meta) check parameters
[0.309s] Level 1:colcon.colcon_core.package_discovery:discover_packages(recursive) check parameters
[0.309s] Level 1:colcon.colcon_core.package_discovery:discover_packages(ignore) check parameters
[0.310s] Level 1:colcon.colcon_core.package_discovery:discover_packages(path) check parameters
[0.310s] Level 1:colcon.colcon_core.package_discovery:discover_packages(colcon_meta) discover
[0.310s] Level 1:colcon.colcon_core.package_discovery:discover_packages(recursive) discover
[0.310s] INFO:colcon.colcon_core.package_discovery:Crawling recursively for packages in '/home/orangepi/GM/RESOURCES/ros2_ws'
[0.310s] Level 1:colcon.colcon_core.package_identification:_identify(.) by extensions ['ignore', 'ignore_ament_install']
[0.310s] Level 1:colcon.colcon_core.package_identification:_identify(.) by extension 'ignore'
[0.310s] Level 1:colcon.colcon_core.package_identification:_identify(.) by extension 'ignore_ament_install'
[0.310s] Level 1:colcon.colcon_core.package_identification:_identify(.) by extensions ['colcon_pkg']
[0.310s] Level 1:colcon.colcon_core.package_identification:_identify(.) by extension 'colcon_pkg'
[0.310s] Level 1:colcon.colcon_core.package_identification:_identify(.) by extensions ['colcon_meta']
[0.310s] Level 1:colcon.colcon_core.package_identification:_identify(.) by extension 'colcon_meta'
[0.310s] Level 1:colcon.colcon_core.package_identification:_identify(.) by extensions ['ros']
[0.310s] Level 1:colcon.colcon_core.package_identification:_identify(.) by extension 'ros'
[0.326s] Level 1:colcon.colcon_core.package_identification:_identify(.) by extensions ['cmake', 'python']
[0.327s] Level 1:colcon.colcon_core.package_identification:_identify(.) by extension 'cmake'
[0.327s] Level 1:colcon.colcon_core.package_identification:_identify(.) by extension 'python'
[0.327s] Level 1:colcon.colcon_core.package_identification:_identify(.) by extensions ['python_setup_py']
[0.327s] Level 1:colcon.colcon_core.package_identification:_identify(.) by extension 'python_setup_py'
[0.327s] Level 1:colcon.colcon_core.package_identification:_identify(build) by extensions ['ignore', 'ignore_ament_install']
[0.327s] Level 1:colcon.colcon_core.package_identification:_identify(build) by extension 'ignore'
[0.327s] Level 1:colcon.colcon_core.package_identification:_identify(build) ignored
[0.327s] Level 1:colcon.colcon_core.package_identification:_identify(install) by extensions ['ignore', 'ignore_ament_install']
[0.327s] Level 1:colcon.colcon_core.package_identification:_identify(install) by extension 'ignore'
[0.327s] Level 1:colcon.colcon_core.package_identification:_identify(install) ignored
[0.328s] Level 1:colcon.colcon_core.package_identification:_identify(log) by extensions ['ignore', 'ignore_ament_install']
[0.328s] Level 1:colcon.colcon_core.package_identification:_identify(log) by extension 'ignore'
[0.328s] Level 1:colcon.colcon_core.package_identification:_identify(log) ignored
[0.328s] Level 1:colcon.colcon_core.package_identification:_identify(src) by extensions ['ignore', 'ignore_ament_install']
[0.328s] Level 1:colcon.colcon_core.package_identification:_identify(src) by extension 'ignore'
[0.328s] Level 1:colcon.colcon_core.package_identification:_identify(src) by extension 'ignore_ament_install'
[0.328s] Level 1:colcon.colcon_core.package_identification:_identify(src) by extensions ['colcon_pkg']
[0.328s] Level 1:colcon.colcon_core.package_identification:_identify(src) by extension 'colcon_pkg'
[0.328s] Level 1:colcon.colcon_core.package_identification:_identify(src) by extensions ['colcon_meta']
[0.328s] Level 1:colcon.colcon_core.package_identification:_identify(src) by extension 'colcon_meta'
[0.328s] Level 1:colcon.colcon_core.package_identification:_identify(src) by extensions ['ros']
[0.328s] Level 1:colcon.colcon_core.package_identification:_identify(src) by extension 'ros'
[0.328s] Level 1:colcon.colcon_core.package_identification:_identify(src) by extensions ['cmake', 'python']
[0.328s] Level 1:colcon.colcon_core.package_identification:_identify(src) by extension 'cmake'
[0.328s] Level 1:colcon.colcon_core.package_identification:_identify(src) by extension 'python'
[0.328s] Level 1:colcon.colcon_core.package_identification:_identify(src) by extensions ['python_setup_py']
[0.328s] Level 1:colcon.colcon_core.package_identification:_identify(src) by extension 'python_setup_py'
[0.328s] Level 1:colcon.colcon_core.package_identification:_identify(src/contact) by extensions ['ignore', 'ignore_ament_install']
[0.329s] Level 1:colcon.colcon_core.package_identification:_identify(src/contact) by extension 'ignore'
[0.329s] Level 1:colcon.colcon_core.package_identification:_identify(src/contact) by extension 'ignore_ament_install'
[0.329s] Level 1:colcon.colcon_core.package_identification:_identify(src/contact) by extensions ['colcon_pkg']
[0.329s] Level 1:colcon.colcon_core.package_identification:_identify(src/contact) by extension 'colcon_pkg'
[0.329s] Level 1:colcon.colcon_core.package_identification:_identify(src/contact) by extensions ['colcon_meta']
[0.329s] Level 1:colcon.colcon_core.package_identification:_identify(src/contact) by extension 'colcon_meta'
[0.329s] Level 1:colcon.colcon_core.package_identification:_identify(src/contact) by extensions ['ros']
[0.329s] Level 1:colcon.colcon_core.package_identification:_identify(src/contact) by extension 'ros'
[0.332s] DEBUG:colcon.colcon_core.package_identification:Package 'src/contact' with type 'ros.ament_cmake' and name 'contact'
[0.332s] Level 1:colcon.colcon_core.package_identification:_identify(src/hero_msgs) by extensions ['ignore', 'ignore_ament_install']
[0.333s] Level 1:colcon.colcon_core.package_identification:_identify(src/hero_msgs) by extension 'ignore'
[0.333s] Level 1:colcon.colcon_core.package_identification:_identify(src/hero_msgs) by extension 'ignore_ament_install'
[0.333s] Level 1:colcon.colcon_core.package_identification:_identify(src/hero_msgs) by extensions ['colcon_pkg']
[0.333s] Level 1:colcon.colcon_core.package_identification:_identify(src/hero_msgs) by extension 'colcon_pkg'
[0.333s] Level 1:colcon.colcon_core.package_identification:_identify(src/hero_msgs) by extensions ['colcon_meta']
[0.333s] Level 1:colcon.colcon_core.package_identification:_identify(src/hero_msgs) by extension 'colcon_meta'
[0.333s] Level 1:colcon.colcon_core.package_identification:_identify(src/hero_msgs) by extensions ['ros']
[0.333s] Level 1:colcon.colcon_core.package_identification:_identify(src/hero_msgs) by extension 'ros'
[0.334s] DEBUG:colcon.colcon_core.package_identification:Package 'src/hero_msgs' with type 'ros.ament_cmake' and name 'hero_msgs'
[0.334s] Level 1:colcon.colcon_core.package_identification:_identify(src/vision_msgs) by extensions ['ignore', 'ignore_ament_install']
[0.334s] Level 1:colcon.colcon_core.package_identification:_identify(src/vision_msgs) by extension 'ignore'
[0.334s] Level 1:colcon.colcon_core.package_identification:_identify(src/vision_msgs) by extension 'ignore_ament_install'
[0.334s] Level 1:colcon.colcon_core.package_identification:_identify(src/vision_msgs) by extensions ['colcon_pkg']
[0.334s] Level 1:colcon.colcon_core.package_identification:_identify(src/vision_msgs) by extension 'colcon_pkg'
[0.334s] Level 1:colcon.colcon_core.package_identification:_identify(src/vision_msgs) by extensions ['colcon_meta']
[0.334s] Level 1:colcon.colcon_core.package_identification:_identify(src/vision_msgs) by extension 'colcon_meta'
[0.334s] Level 1:colcon.colcon_core.package_identification:_identify(src/vision_msgs) by extensions ['ros']
[0.334s] Level 1:colcon.colcon_core.package_identification:_identify(src/vision_msgs) by extension 'ros'
[0.335s] DEBUG:colcon.colcon_core.package_identification:Package 'src/vision_msgs' with type 'ros.ament_cmake' and name 'vision_msgs'
[0.335s] Level 1:colcon.colcon_core.package_discovery:discover_packages(recursive) using defaults
[0.335s] Level 1:colcon.colcon_core.package_discovery:discover_packages(ignore) discover
[0.335s] Level 1:colcon.colcon_core.package_discovery:discover_packages(ignore) using defaults
[0.335s] Level 1:colcon.colcon_core.package_discovery:discover_packages(path) discover
[0.335s] Level 1:colcon.colcon_core.package_discovery:discover_packages(path) using defaults
[0.360s] Level 5:colcon.colcon_core.verb:set package 'hero_msgs' build argument 'cmake_args' from command line to 'None'
[0.360s] Level 5:colcon.colcon_core.verb:set package 'hero_msgs' build argument 'cmake_target' from command line to 'None'
[0.360s] Level 5:colcon.colcon_core.verb:set package 'hero_msgs' build argument 'cmake_target_skip_unavailable' from command line to 'False'
[0.360s] Level 5:colcon.colcon_core.verb:set package 'hero_msgs' build argument 'cmake_clean_cache' from command line to 'False'
[0.361s] Level 5:colcon.colcon_core.verb:set package 'hero_msgs' build argument 'cmake_clean_first' from command line to 'False'
[0.361s] Level 5:colcon.colcon_core.verb:set package 'hero_msgs' build argument 'cmake_force_configure' from command line to 'False'
[0.361s] Level 5:colcon.colcon_core.verb:set package 'hero_msgs' build argument 'ament_cmake_args' from command line to 'None'
[0.361s] Level 5:colcon.colcon_core.verb:set package 'hero_msgs' build argument 'catkin_cmake_args' from command line to 'None'
[0.361s] Level 5:colcon.colcon_core.verb:set package 'hero_msgs' build argument 'catkin_skip_building_tests' from command line to 'False'
[0.361s] DEBUG:colcon.colcon_core.verb:Building package 'hero_msgs' with the following arguments: {'ament_cmake_args': None, 'build_base': '/home/orangepi/GM/RESOURCES/ros2_ws/build/hero_msgs', 'catkin_cmake_args': None, 'catkin_skip_building_tests': False, 'cmake_args': None, 'cmake_clean_cache': False, 'cmake_clean_first': False, 'cmake_force_configure': False, 'cmake_target': None, 'cmake_target_skip_unavailable': False, 'install_base': '/home/orangepi/GM/RESOURCES/ros2_ws/install/hero_msgs', 'merge_install': False, 'path': '/home/orangepi/GM/RESOURCES/ros2_ws/src/hero_msgs', 'symlink_install': False, 'test_result_base': None}
[0.361s] Level 5:colcon.colcon_core.verb:set package 'vision_msgs' build argument 'cmake_args' from command line to 'None'
[0.361s] Level 5:colcon.colcon_core.verb:set package 'vision_msgs' build argument 'cmake_target' from command line to 'None'
[0.361s] Level 5:colcon.colcon_core.verb:set package 'vision_msgs' build argument 'cmake_target_skip_unavailable' from command line to 'False'
[0.361s] Level 5:colcon.colcon_core.verb:set package 'vision_msgs' build argument 'cmake_clean_cache' from command line to 'False'
[0.361s] Level 5:colcon.colcon_core.verb:set package 'vision_msgs' build argument 'cmake_clean_first' from command line to 'False'
[0.361s] Level 5:colcon.colcon_core.verb:set package 'vision_msgs' build argument 'cmake_force_configure' from command line to 'False'
[0.361s] Level 5:colcon.colcon_core.verb:set package 'vision_msgs' build argument 'ament_cmake_args' from command line to 'None'
[0.361s] Level 5:colcon.colcon_core.verb:set package 'vision_msgs' build argument 'catkin_cmake_args' from command line to 'None'
[0.361s] Level 5:colcon.colcon_core.verb:set package 'vision_msgs' build argument 'catkin_skip_building_tests' from command line to 'False'
[0.361s] DEBUG:colcon.colcon_core.verb:Building package 'vision_msgs' with the following arguments: {'ament_cmake_args': None, 'build_base': '/home/orangepi/GM/RESOURCES/ros2_ws/build/vision_msgs', 'catkin_cmake_args': None, 'catkin_skip_building_tests': False, 'cmake_args': None, 'cmake_clean_cache': False, 'cmake_clean_first': False, 'cmake_force_configure': False, 'cmake_target': None, 'cmake_target_skip_unavailable': False, 'install_base': '/home/orangepi/GM/RESOURCES/ros2_ws/install/vision_msgs', 'merge_install': False, 'path': '/home/orangepi/GM/RESOURCES/ros2_ws/src/vision_msgs', 'symlink_install': False, 'test_result_base': None}
[0.362s] Level 5:colcon.colcon_core.verb:set package 'contact' build argument 'cmake_args' from command line to 'None'
[0.362s] Level 5:colcon.colcon_core.verb:set package 'contact' build argument 'cmake_target' from command line to 'None'
[0.362s] Level 5:colcon.colcon_core.verb:set package 'contact' build argument 'cmake_target_skip_unavailable' from command line to 'False'
[0.362s] Level 5:colcon.colcon_core.verb:set package 'contact' build argument 'cmake_clean_cache' from command line to 'False'
[0.362s] Level 5:colcon.colcon_core.verb:set package 'contact' build argument 'cmake_clean_first' from command line to 'False'
[0.362s] Level 5:colcon.colcon_core.verb:set package 'contact' build argument 'cmake_force_configure' from command line to 'False'
[0.362s] Level 5:colcon.colcon_core.verb:set package 'contact' build argument 'ament_cmake_args' from command line to 'None'
[0.362s] Level 5:colcon.colcon_core.verb:set package 'contact' build argument 'catkin_cmake_args' from command line to 'None'
[0.362s] Level 5:colcon.colcon_core.verb:set package 'contact' build argument 'catkin_skip_building_tests' from command line to 'False'
[0.362s] DEBUG:colcon.colcon_core.verb:Building package 'contact' with the following arguments: {'ament_cmake_args': None, 'build_base': '/home/orangepi/GM/RESOURCES/ros2_ws/build/contact', 'catkin_cmake_args': None, 'catkin_skip_building_tests': False, 'cmake_args': None, 'cmake_clean_cache': False, 'cmake_clean_first': False, 'cmake_force_configure': False, 'cmake_target': None, 'cmake_target_skip_unavailable': False, 'install_base': '/home/orangepi/GM/RESOURCES/ros2_ws/install/contact', 'merge_install': False, 'path': '/home/orangepi/GM/RESOURCES/ros2_ws/src/contact', 'symlink_install': False, 'test_result_base': None}
[0.362s] INFO:colcon.colcon_core.executor:Executing jobs using 'parallel' executor
[0.364s] DEBUG:colcon.colcon_parallel_executor.executor.parallel:run_until_complete
[0.364s] INFO:colcon.colcon_ros.task.ament_cmake.build:Building ROS package in '/home/orangepi/GM/RESOURCES/ros2_ws/src/hero_msgs' with build type 'ament_cmake'
[0.364s] INFO:colcon.colcon_cmake.task.cmake.build:Building CMake package in '/home/orangepi/GM/RESOURCES/ros2_ws/src/hero_msgs'
[0.367s] INFO:colcon.colcon_core.plugin_system:Skipping extension 'colcon_core.shell.bat': Not used on non-Windows systems
[0.367s] INFO:colcon.colcon_core.shell:Skip shell extension 'powershell' for command environment: Not usable outside of PowerShell
[0.367s] DEBUG:colcon.colcon_core.shell:Skip shell extension 'dsv' for command environment
[0.372s] INFO:colcon.colcon_ros.task.ament_cmake.build:Building ROS package in '/home/orangepi/GM/RESOURCES/ros2_ws/src/vision_msgs' with build type 'ament_cmake'
[0.372s] INFO:colcon.colcon_cmake.task.cmake.build:Building CMake package in '/home/orangepi/GM/RESOURCES/ros2_ws/src/vision_msgs'
[0.373s] INFO:colcon.colcon_core.shell:Skip shell extension 'powershell' for command environment: Not usable outside of PowerShell
[0.373s] DEBUG:colcon.colcon_core.shell:Skip shell extension 'dsv' for command environment
[0.382s] DEBUG:colcon.colcon_core.event_handler.log_command:Invoking command in '/home/orangepi/GM/RESOURCES/ros2_ws/build/hero_msgs': CMAKE_PREFIX_PATH=${CMAKE_PREFIX_PATH}:/opt/ros/humble /usr/bin/cmake --build /home/orangepi/GM/RESOURCES/ros2_ws/build/hero_msgs -- -j8 -l8
[0.395s] DEBUG:colcon.colcon_core.event_handler.log_command:Invoking command in '/home/orangepi/GM/RESOURCES/ros2_ws/build/vision_msgs': CMAKE_PREFIX_PATH=${CMAKE_PREFIX_PATH}:/opt/ros/humble /usr/bin/cmake --build /home/orangepi/GM/RESOURCES/ros2_ws/build/vision_msgs -- -j8 -l8
[1.118s] DEBUG:colcon.colcon_core.event_handler.log_command:Invoked command in '/home/orangepi/GM/RESOURCES/ros2_ws/build/hero_msgs' returned '0': CMAKE_PREFIX_PATH=${CMAKE_PREFIX_PATH}:/opt/ros/humble /usr/bin/cmake --build /home/orangepi/GM/RESOURCES/ros2_ws/build/hero_msgs -- -j8 -l8
[1.123s] DEBUG:colcon.colcon_core.event_handler.log_command:Invoked command in '/home/orangepi/GM/RESOURCES/ros2_ws/build/vision_msgs' returned '0': CMAKE_PREFIX_PATH=${CMAKE_PREFIX_PATH}:/opt/ros/humble /usr/bin/cmake --build /home/orangepi/GM/RESOURCES/ros2_ws/build/vision_msgs -- -j8 -l8
[1.376s] DEBUG:colcon.colcon_core.event_handler.log_command:Invoking command in '/home/orangepi/GM/RESOURCES/ros2_ws/build/vision_msgs': CMAKE_PREFIX_PATH=${CMAKE_PREFIX_PATH}:/opt/ros/humble /usr/bin/cmake --install /home/orangepi/GM/RESOURCES/ros2_ws/build/vision_msgs
[1.382s] DEBUG:colcon.colcon_core.event_handler.log_command:Invoking command in '/home/orangepi/GM/RESOURCES/ros2_ws/build/hero_msgs': CMAKE_PREFIX_PATH=${CMAKE_PREFIX_PATH}:/opt/ros/humble /usr/bin/cmake --install /home/orangepi/GM/RESOURCES/ros2_ws/build/hero_msgs
[1.493s] Level 1:colcon.colcon_core.environment:create_environment_scripts_only(vision_msgs)
[1.500s] DEBUG:colcon.colcon_core.event_handler.log_command:Invoked command in '/home/orangepi/GM/RESOURCES/ros2_ws/build/vision_msgs' returned '0': CMAKE_PREFIX_PATH=${CMAKE_PREFIX_PATH}:/opt/ros/humble /usr/bin/cmake --install /home/orangepi/GM/RESOURCES/ros2_ws/build/vision_msgs
[1.501s] Level 1:colcon.colcon_core.environment:checking '/home/orangepi/GM/RESOURCES/ros2_ws/install/vision_msgs' for CMake module files
[1.502s] Level 1:colcon.colcon_core.environment:checking '/home/orangepi/GM/RESOURCES/ros2_ws/install/vision_msgs' for CMake config files
[1.503s] Level 1:colcon.colcon_core.shell:create_environment_hook('vision_msgs', 'cmake_prefix_path')
[1.503s] INFO:colcon.colcon_core.shell:Creating environment hook '/home/orangepi/GM/RESOURCES/ros2_ws/install/vision_msgs/share/vision_msgs/hook/cmake_prefix_path.ps1'
[1.505s] INFO:colcon.colcon_core.shell:Creating environment descriptor '/home/orangepi/GM/RESOURCES/ros2_ws/install/vision_msgs/share/vision_msgs/hook/cmake_prefix_path.dsv'
[1.505s] INFO:colcon.colcon_core.shell:Creating environment hook '/home/orangepi/GM/RESOURCES/ros2_ws/install/vision_msgs/share/vision_msgs/hook/cmake_prefix_path.sh'
[1.507s] Level 1:colcon.colcon_core.environment:checking '/home/orangepi/GM/RESOURCES/ros2_ws/install/vision_msgs/lib'
[1.508s] Level 1:colcon.colcon_core.shell:create_environment_hook('vision_msgs', 'ld_library_path_lib')
[1.508s] INFO:colcon.colcon_core.shell:Creating environment hook '/home/orangepi/GM/RESOURCES/ros2_ws/install/vision_msgs/share/vision_msgs/hook/ld_library_path_lib.ps1'
[1.509s] INFO:colcon.colcon_core.shell:Creating environment descriptor '/home/orangepi/GM/RESOURCES/ros2_ws/install/vision_msgs/share/vision_msgs/hook/ld_library_path_lib.dsv'
[1.510s] INFO:colcon.colcon_core.shell:Creating environment hook '/home/orangepi/GM/RESOURCES/ros2_ws/install/vision_msgs/share/vision_msgs/hook/ld_library_path_lib.sh'
[1.511s] Level 1:colcon.colcon_core.environment:checking '/home/orangepi/GM/RESOURCES/ros2_ws/install/vision_msgs/bin'
[1.511s] Level 1:colcon.colcon_core.environment:checking '/home/orangepi/GM/RESOURCES/ros2_ws/install/vision_msgs/lib/pkgconfig/vision_msgs.pc'
[1.521s] Level 1:colcon.colcon_core.environment:checking '/home/orangepi/GM/RESOURCES/ros2_ws/install/vision_msgs/lib/python3.10/site-packages'
[1.523s] Level 1:colcon.colcon_core.environment:checking '/home/orangepi/GM/RESOURCES/ros2_ws/install/vision_msgs/bin'
[1.525s] INFO:colcon.colcon_core.shell:Creating package script '/home/orangepi/GM/RESOURCES/ros2_ws/install/vision_msgs/share/vision_msgs/package.ps1'
[1.529s] INFO:colcon.colcon_core.shell:Creating package descriptor '/home/orangepi/GM/RESOURCES/ros2_ws/install/vision_msgs/share/vision_msgs/package.dsv'
[1.531s] INFO:colcon.colcon_core.shell:Creating package script '/home/orangepi/GM/RESOURCES/ros2_ws/install/vision_msgs/share/vision_msgs/package.sh'
[1.532s] INFO:colcon.colcon_core.shell:Creating package script '/home/orangepi/GM/RESOURCES/ros2_ws/install/vision_msgs/share/vision_msgs/package.bash'
[1.533s] INFO:colcon.colcon_core.shell:Creating package script '/home/orangepi/GM/RESOURCES/ros2_ws/install/vision_msgs/share/vision_msgs/package.zsh'
[1.534s] Level 1:colcon.colcon_core.environment:create_file_with_runtime_dependencies(/home/orangepi/GM/RESOURCES/ros2_ws/install/vision_msgs/share/colcon-core/packages/vision_msgs)
[1.543s] Level 1:colcon.colcon_core.environment:create_environment_scripts_only(hero_msgs)
[1.544s] Level 1:colcon.colcon_core.environment:checking '/home/orangepi/GM/RESOURCES/ros2_ws/install/hero_msgs' for CMake module files
[1.545s] DEBUG:colcon.colcon_core.event_handler.log_command:Invoked command in '/home/orangepi/GM/RESOURCES/ros2_ws/build/hero_msgs' returned '0': CMAKE_PREFIX_PATH=${CMAKE_PREFIX_PATH}:/opt/ros/humble /usr/bin/cmake --install /home/orangepi/GM/RESOURCES/ros2_ws/build/hero_msgs
[1.546s] Level 1:colcon.colcon_core.environment:checking '/home/orangepi/GM/RESOURCES/ros2_ws/install/hero_msgs' for CMake config files
[1.547s] Level 1:colcon.colcon_core.shell:create_environment_hook('hero_msgs', 'cmake_prefix_path')
[1.547s] INFO:colcon.colcon_core.shell:Creating environment hook '/home/orangepi/GM/RESOURCES/ros2_ws/install/hero_msgs/share/hero_msgs/hook/cmake_prefix_path.ps1'
[1.548s] INFO:colcon.colcon_core.shell:Creating environment descriptor '/home/orangepi/GM/RESOURCES/ros2_ws/install/hero_msgs/share/hero_msgs/hook/cmake_prefix_path.dsv'
[1.550s] INFO:colcon.colcon_core.shell:Creating environment hook '/home/orangepi/GM/RESOURCES/ros2_ws/install/hero_msgs/share/hero_msgs/hook/cmake_prefix_path.sh'
[1.551s] Level 1:colcon.colcon_core.environment:checking '/home/orangepi/GM/RESOURCES/ros2_ws/install/hero_msgs/lib'
[1.551s] Level 1:colcon.colcon_core.shell:create_environment_hook('hero_msgs', 'ld_library_path_lib')
[1.552s] INFO:colcon.colcon_core.shell:Creating environment hook '/home/orangepi/GM/RESOURCES/ros2_ws/install/hero_msgs/share/hero_msgs/hook/ld_library_path_lib.ps1'
[1.553s] INFO:colcon.colcon_core.shell:Creating environment descriptor '/home/orangepi/GM/RESOURCES/ros2_ws/install/hero_msgs/share/hero_msgs/hook/ld_library_path_lib.dsv'
[1.553s] INFO:colcon.colcon_core.shell:Creating environment hook '/home/orangepi/GM/RESOURCES/ros2_ws/install/hero_msgs/share/hero_msgs/hook/ld_library_path_lib.sh'
[1.555s] Level 1:colcon.colcon_core.environment:checking '/home/orangepi/GM/RESOURCES/ros2_ws/install/hero_msgs/bin'
[1.555s] Level 1:colcon.colcon_core.environment:checking '/home/orangepi/GM/RESOURCES/ros2_ws/install/hero_msgs/lib/pkgconfig/hero_msgs.pc'
[1.555s] Level 1:colcon.colcon_core.environment:checking '/home/orangepi/GM/RESOURCES/ros2_ws/install/hero_msgs/lib/python3.10/site-packages'
[1.556s] Level 1:colcon.colcon_core.environment:checking '/home/orangepi/GM/RESOURCES/ros2_ws/install/hero_msgs/bin'
[1.556s] INFO:colcon.colcon_core.shell:Creating package script '/home/orangepi/GM/RESOURCES/ros2_ws/install/hero_msgs/share/hero_msgs/package.ps1'
[1.558s] INFO:colcon.colcon_core.shell:Creating package descriptor '/home/orangepi/GM/RESOURCES/ros2_ws/install/hero_msgs/share/hero_msgs/package.dsv'
[1.558s] INFO:colcon.colcon_core.shell:Creating package script '/home/orangepi/GM/RESOURCES/ros2_ws/install/hero_msgs/share/hero_msgs/package.sh'
[1.559s] INFO:colcon.colcon_core.shell:Creating package script '/home/orangepi/GM/RESOURCES/ros2_ws/install/hero_msgs/share/hero_msgs/package.bash'
[1.561s] INFO:colcon.colcon_core.shell:Creating package script '/home/orangepi/GM/RESOURCES/ros2_ws/install/hero_msgs/share/hero_msgs/package.zsh'
[1.590s] Level 1:colcon.colcon_core.environment:create_file_with_runtime_dependencies(/home/orangepi/GM/RESOURCES/ros2_ws/install/hero_msgs/share/colcon-core/packages/hero_msgs)
[1.788s] Level 1:colcon.colcon_core.environment:create_environment_scripts_only(vision_msgs)
[1.790s] Level 1:colcon.colcon_core.environment:checking '/home/orangepi/GM/RESOURCES/ros2_ws/install/vision_msgs' for CMake module files
[1.794s] Level 1:colcon.colcon_core.environment:checking '/home/orangepi/GM/RESOURCES/ros2_ws/install/vision_msgs' for CMake config files
[1.798s] Level 1:colcon.colcon_core.shell:create_environment_hook('vision_msgs', 'cmake_prefix_path')
[1.800s] INFO:colcon.colcon_core.shell:Creating environment hook '/home/orangepi/GM/RESOURCES/ros2_ws/install/vision_msgs/share/vision_msgs/hook/cmake_prefix_path.ps1'
[1.803s] INFO:colcon.colcon_core.shell:Creating environment descriptor '/home/orangepi/GM/RESOURCES/ros2_ws/install/vision_msgs/share/vision_msgs/hook/cmake_prefix_path.dsv'
[1.811s] INFO:colcon.colcon_core.shell:Creating environment hook '/home/orangepi/GM/RESOURCES/ros2_ws/install/vision_msgs/share/vision_msgs/hook/cmake_prefix_path.sh'
[1.821s] Level 1:colcon.colcon_core.environment:checking '/home/orangepi/GM/RESOURCES/ros2_ws/install/vision_msgs/lib'
[1.822s] Level 1:colcon.colcon_core.shell:create_environment_hook('vision_msgs', 'ld_library_path_lib')
[1.823s] INFO:colcon.colcon_core.shell:Creating environment hook '/home/orangepi/GM/RESOURCES/ros2_ws/install/vision_msgs/share/vision_msgs/hook/ld_library_path_lib.ps1'
[1.826s] INFO:colcon.colcon_core.shell:Creating environment descriptor '/home/orangepi/GM/RESOURCES/ros2_ws/install/vision_msgs/share/vision_msgs/hook/ld_library_path_lib.dsv'
[1.835s] INFO:colcon.colcon_core.shell:Creating environment hook '/home/orangepi/GM/RESOURCES/ros2_ws/install/vision_msgs/share/vision_msgs/hook/ld_library_path_lib.sh'
[1.850s] Level 1:colcon.colcon_core.environment:checking '/home/orangepi/GM/RESOURCES/ros2_ws/install/vision_msgs/bin'
[1.850s] Level 1:colcon.colcon_core.environment:checking '/home/orangepi/GM/RESOURCES/ros2_ws/install/vision_msgs/lib/pkgconfig/vision_msgs.pc'
[1.852s] Level 1:colcon.colcon_core.environment:checking '/home/orangepi/GM/RESOURCES/ros2_ws/install/vision_msgs/lib/python3.10/site-packages'
[1.853s] Level 1:colcon.colcon_core.environment:checking '/home/orangepi/GM/RESOURCES/ros2_ws/install/vision_msgs/bin'
[1.855s] INFO:colcon.colcon_core.shell:Creating package script '/home/orangepi/GM/RESOURCES/ros2_ws/install/vision_msgs/share/vision_msgs/package.ps1'
[1.859s] INFO:colcon.colcon_core.shell:Creating package descriptor '/home/orangepi/GM/RESOURCES/ros2_ws/install/vision_msgs/share/vision_msgs/package.dsv'
[1.862s] INFO:colcon.colcon_core.shell:Creating package script '/home/orangepi/GM/RESOURCES/ros2_ws/install/vision_msgs/share/vision_msgs/package.sh'
[1.864s] INFO:colcon.colcon_core.shell:Creating package script '/home/orangepi/GM/RESOURCES/ros2_ws/install/vision_msgs/share/vision_msgs/package.bash'
[1.866s] INFO:colcon.colcon_core.shell:Creating package script '/home/orangepi/GM/RESOURCES/ros2_ws/install/vision_msgs/share/vision_msgs/package.zsh'
[1.867s] Level 1:colcon.colcon_core.environment:create_file_with_runtime_dependencies(/home/orangepi/GM/RESOURCES/ros2_ws/install/vision_msgs/share/colcon-core/packages/vision_msgs)
[1.877s] Level 1:colcon.colcon_core.environment:create_environment_scripts_only(hero_msgs)
[1.878s] Level 1:colcon.colcon_core.environment:checking '/home/orangepi/GM/RESOURCES/ros2_ws/install/hero_msgs' for CMake module files
[1.881s] Level 1:colcon.colcon_core.environment:checking '/home/orangepi/GM/RESOURCES/ros2_ws/install/hero_msgs' for CMake config files
[1.885s] Level 1:colcon.colcon_core.shell:create_environment_hook('hero_msgs', 'cmake_prefix_path')
[1.886s] INFO:colcon.colcon_core.shell:Creating environment hook '/home/orangepi/GM/RESOURCES/ros2_ws/install/hero_msgs/share/hero_msgs/hook/cmake_prefix_path.ps1'
[1.888s] INFO:colcon.colcon_core.shell:Creating environment descriptor '/home/orangepi/GM/RESOURCES/ros2_ws/install/hero_msgs/share/hero_msgs/hook/cmake_prefix_path.dsv'
[1.890s] INFO:colcon.colcon_core.shell:Creating environment hook '/home/orangepi/GM/RESOURCES/ros2_ws/install/hero_msgs/share/hero_msgs/hook/cmake_prefix_path.sh'
[1.893s] Level 1:colcon.colcon_core.environment:checking '/home/orangepi/GM/RESOURCES/ros2_ws/install/hero_msgs/lib'
[1.893s] Level 1:colcon.colcon_core.shell:create_environment_hook('hero_msgs', 'ld_library_path_lib')
[1.894s] INFO:colcon.colcon_core.shell:Creating environment hook '/home/orangepi/GM/RESOURCES/ros2_ws/install/hero_msgs/share/hero_msgs/hook/ld_library_path_lib.ps1'
[1.896s] INFO:colcon.colcon_core.shell:Creating environment descriptor '/home/orangepi/GM/RESOURCES/ros2_ws/install/hero_msgs/share/hero_msgs/hook/ld_library_path_lib.dsv'
[1.898s] INFO:colcon.colcon_core.shell:Creating environment hook '/home/orangepi/GM/RESOURCES/ros2_ws/install/hero_msgs/share/hero_msgs/hook/ld_library_path_lib.sh'
[1.900s] Level 1:colcon.colcon_core.environment:checking '/home/orangepi/GM/RESOURCES/ros2_ws/install/hero_msgs/bin'
[1.901s] Level 1:colcon.colcon_core.environment:checking '/home/orangepi/GM/RESOURCES/ros2_ws/install/hero_msgs/lib/pkgconfig/hero_msgs.pc'
[1.902s] Level 1:colcon.colcon_core.environment:checking '/home/orangepi/GM/RESOURCES/ros2_ws/install/hero_msgs/lib/python3.10/site-packages'
[1.903s] Level 1:colcon.colcon_core.environment:checking '/home/orangepi/GM/RESOURCES/ros2_ws/install/hero_msgs/bin'
[1.904s] INFO:colcon.colcon_core.shell:Creating package script '/home/orangepi/GM/RESOURCES/ros2_ws/install/hero_msgs/share/hero_msgs/package.ps1'
[1.907s] INFO:colcon.colcon_core.shell:Creating package descriptor '/home/orangepi/GM/RESOURCES/ros2_ws/install/hero_msgs/share/hero_msgs/package.dsv'
[1.909s] INFO:colcon.colcon_core.shell:Creating package script '/home/orangepi/GM/RESOURCES/ros2_ws/install/hero_msgs/share/hero_msgs/package.sh'
[1.910s] INFO:colcon.colcon_core.shell:Creating package script '/home/orangepi/GM/RESOURCES/ros2_ws/install/hero_msgs/share/hero_msgs/package.bash'
[1.912s] INFO:colcon.colcon_core.shell:Creating package script '/home/orangepi/GM/RESOURCES/ros2_ws/install/hero_msgs/share/hero_msgs/package.zsh'
[1.913s] Level 1:colcon.colcon_core.environment:create_file_with_runtime_dependencies(/home/orangepi/GM/RESOURCES/ros2_ws/install/hero_msgs/share/colcon-core/packages/hero_msgs)
[1.914s] INFO:colcon.colcon_ros.task.ament_cmake.build:Building ROS package in '/home/orangepi/GM/RESOURCES/ros2_ws/src/contact' with build type 'ament_cmake'
[1.915s] INFO:colcon.colcon_cmake.task.cmake.build:Building CMake package in '/home/orangepi/GM/RESOURCES/ros2_ws/src/contact'
[1.916s] INFO:colcon.colcon_core.shell:Skip shell extension 'powershell' for command environment: Not usable outside of PowerShell
[1.917s] DEBUG:colcon.colcon_core.shell:Skip shell extension 'dsv' for command environment
[1.947s] DEBUG:colcon.colcon_core.event_handler.log_command:Invoking command in '/home/orangepi/GM/RESOURCES/ros2_ws/build/contact': CMAKE_PREFIX_PATH=/home/orangepi/GM/RESOURCES/ros2_ws/install/hero_msgs:/home/orangepi/GM/RESOURCES/ros2_ws/install/vision_msgs:/opt/ros/humble LD_LIBRARY_PATH=/home/orangepi/GM/RESOURCES/ros2_ws/install/hero_msgs/lib:/home/orangepi/GM/RESOURCES/ros2_ws/install/vision_msgs/lib:/root/.x-cmd.root/local/data/pkg/sphere/X/l/j/h/lib:/opt/ros/humble/opt/rviz_ogre_vendor/lib:/opt/ros/humble/lib/aarch64-linux-gnu:/opt/ros/humble/lib /usr/bin/cmake --build /home/orangepi/GM/RESOURCES/ros2_ws/build/contact -- -j8 -l8
[14.633s] DEBUG:colcon.colcon_core.event_handler.log_command:Invoked command in '/home/orangepi/GM/RESOURCES/ros2_ws/build/contact' returned '2': CMAKE_PREFIX_PATH=/home/orangepi/GM/RESOURCES/ros2_ws/install/hero_msgs:/home/orangepi/GM/RESOURCES/ros2_ws/install/vision_msgs:/opt/ros/humble LD_LIBRARY_PATH=/home/orangepi/GM/RESOURCES/ros2_ws/install/hero_msgs/lib:/home/orangepi/GM/RESOURCES/ros2_ws/install/vision_msgs/lib:/root/.x-cmd.root/local/data/pkg/sphere/X/l/j/h/lib:/opt/ros/humble/opt/rviz_ogre_vendor/lib:/opt/ros/humble/lib/aarch64-linux-gnu:/opt/ros/humble/lib /usr/bin/cmake --build /home/orangepi/GM/RESOURCES/ros2_ws/build/contact -- -j8 -l8
[14.731s] Level 1:colcon.colcon_core.environment:create_environment_scripts_only(contact)
[14.732s] Level 1:colcon.colcon_core.environment:checking '/home/orangepi/GM/RESOURCES/ros2_ws/install/contact' for CMake module files
[14.734s] Level 1:colcon.colcon_core.environment:checking '/home/orangepi/GM/RESOURCES/ros2_ws/install/contact' for CMake config files
[14.735s] Level 1:colcon.colcon_core.environment:checking '/home/orangepi/GM/RESOURCES/ros2_ws/install/contact/bin'
[14.735s] Level 1:colcon.colcon_core.environment:checking '/home/orangepi/GM/RESOURCES/ros2_ws/install/contact/lib/pkgconfig/contact.pc'
[14.736s] Level 1:colcon.colcon_core.environment:checking '/home/orangepi/GM/RESOURCES/ros2_ws/install/contact/lib/python3.10/site-packages'
[14.737s] Level 1:colcon.colcon_core.environment:checking '/home/orangepi/GM/RESOURCES/ros2_ws/install/contact/bin'
[14.738s] INFO:colcon.colcon_core.shell:Creating package script '/home/orangepi/GM/RESOURCES/ros2_ws/install/contact/share/contact/package.ps1'
[14.741s] INFO:colcon.colcon_core.shell:Creating package descriptor '/home/orangepi/GM/RESOURCES/ros2_ws/install/contact/share/contact/package.dsv'
[14.742s] INFO:colcon.colcon_core.shell:Creating package script '/home/orangepi/GM/RESOURCES/ros2_ws/install/contact/share/contact/package.sh'
[14.744s] INFO:colcon.colcon_core.shell:Creating package script '/home/orangepi/GM/RESOURCES/ros2_ws/install/contact/share/contact/package.bash'
[14.745s] INFO:colcon.colcon_core.shell:Creating package script '/home/orangepi/GM/RESOURCES/ros2_ws/install/contact/share/contact/package.zsh'
[14.747s] Level 1:colcon.colcon_core.environment:create_file_with_runtime_dependencies(/home/orangepi/GM/RESOURCES/ros2_ws/install/contact/share/colcon-core/packages/contact)
[14.758s] DEBUG:colcon.colcon_parallel_executor.executor.parallel:closing loop
[14.759s] DEBUG:colcon.colcon_parallel_executor.executor.parallel:loop closed
[14.760s] DEBUG:colcon.colcon_parallel_executor.executor.parallel:run_until_complete finished with '2'
[14.760s] DEBUG:colcon.colcon_core.event_reactor:joining thread
[14.830s] INFO:colcon.colcon_core.plugin_system:Skipping extension 'colcon_notification.desktop_notification.terminal_notifier': Not used on non-Darwin systems
[14.830s] INFO:colcon.colcon_core.plugin_system:Skipping extension 'colcon_notification.desktop_notification.win32': Not used on non-Windows systems
[14.831s] INFO:colcon.colcon_notification.desktop_notification:Sending desktop notification using 'notify2'
[14.873s] DEBUG:colcon.colcon_core.event_reactor:joined thread
[14.876s] INFO:colcon.colcon_core.shell:Creating prefix script '/home/orangepi/GM/RESOURCES/ros2_ws/install/local_setup.ps1'
[14.882s] INFO:colcon.colcon_core.shell:Creating prefix util module '/home/orangepi/GM/RESOURCES/ros2_ws/install/_local_setup_util_ps1.py'
[14.890s] INFO:colcon.colcon_core.shell:Creating prefix chain script '/home/orangepi/GM/RESOURCES/ros2_ws/install/setup.ps1'
[14.896s] INFO:colcon.colcon_core.shell:Creating prefix script '/home/orangepi/GM/RESOURCES/ros2_ws/install/local_setup.sh'
[14.898s] INFO:colcon.colcon_core.shell:Creating prefix util module '/home/orangepi/GM/RESOURCES/ros2_ws/install/_local_setup_util_sh.py'
[14.901s] INFO:colcon.colcon_core.shell:Creating prefix chain script '/home/orangepi/GM/RESOURCES/ros2_ws/install/setup.sh'
[14.906s] INFO:colcon.colcon_core.shell:Creating prefix script '/home/orangepi/GM/RESOURCES/ros2_ws/install/local_setup.bash'
[14.908s] INFO:colcon.colcon_core.shell:Creating prefix chain script '/home/orangepi/GM/RESOURCES/ros2_ws/install/setup.bash'
[14.912s] INFO:colcon.colcon_core.shell:Creating prefix script '/home/orangepi/GM/RESOURCES/ros2_ws/install/local_setup.zsh'
[14.914s] INFO:colcon.colcon_core.shell:Creating prefix chain script '/home/orangepi/GM/RESOURCES/ros2_ws/install/setup.zsh'
