[0.125s] DEBUG:colcon:Command line arguments: ['/usr/bin/colcon', 'build']
[0.126s] DEBUG:colcon:Parsed command line arguments: Namespace(log_base=None, log_level=None, verb_name='build', build_base='build', install_base='install', merge_install=False, symlink_install=False, test_result_base=None, continue_on_error=False, executor='parallel', parallel_workers=8, event_handlers=None, ignore_user_meta=False, metas=['./colcon.meta'], base_paths=['.'], packages_ignore=None, packages_ignore_regex=None, paths=None, packages_up_to=None, packages_up_to_regex=None, packages_above=None, packages_above_and_dependencies=None, packages_above_depth=None, packages_select_by_dep=None, packages_skip_by_dep=None, packages_skip_up_to=None, packages_select_build_failed=False, packages_skip_build_finished=False, packages_select_test_failures=False, packages_skip_test_passed=False, packages_select=None, packages_skip=None, packages_select_regex=None, packages_skip_regex=None, packages_start=None, packages_end=None, cmake_args=None, cmake_target=None, cmake_target_skip_unavailable=False, cmake_clean_cache=False, cmake_clean_first=False, cmake_force_configure=False, ament_cmake_args=None, catkin_cmake_args=None, catkin_skip_building_tests=False, verb_parser=<colcon_defaults.argument_parser.defaults.DefaultArgumentsDecorator object at 0x7fb56ffa00>, verb_extension=<colcon_core.verb.build.BuildVerb object at 0x7fb5864640>, main=<bound method BuildVerb.main of <colcon_core.verb.build.BuildVerb object at 0x7fb5864640>>)
[0.303s] Level 1:colcon.colcon_core.package_discovery:discover_packages(colcon_meta) check parameters
[0.304s] Level 1:colcon.colcon_core.package_discovery:discover_packages(recursive) check parameters
[0.304s] Level 1:colcon.colcon_core.package_discovery:discover_packages(ignore) check parameters
[0.304s] Level 1:colcon.colcon_core.package_discovery:discover_packages(path) check parameters
[0.304s] Level 1:colcon.colcon_core.package_discovery:discover_packages(colcon_meta) discover
[0.304s] Level 1:colcon.colcon_core.package_discovery:discover_packages(recursive) discover
[0.304s] INFO:colcon.colcon_core.package_discovery:Crawling recursively for packages in '/home/orangepi/GM/RESOURCES/ros2_ws'
[0.304s] Level 1:colcon.colcon_core.package_identification:_identify(.) by extensions ['ignore', 'ignore_ament_install']
[0.304s] Level 1:colcon.colcon_core.package_identification:_identify(.) by extension 'ignore'
[0.304s] Level 1:colcon.colcon_core.package_identification:_identify(.) by extension 'ignore_ament_install'
[0.304s] Level 1:colcon.colcon_core.package_identification:_identify(.) by extensions ['colcon_pkg']
[0.304s] Level 1:colcon.colcon_core.package_identification:_identify(.) by extension 'colcon_pkg'
[0.304s] Level 1:colcon.colcon_core.package_identification:_identify(.) by extensions ['colcon_meta']
[0.304s] Level 1:colcon.colcon_core.package_identification:_identify(.) by extension 'colcon_meta'
[0.304s] Level 1:colcon.colcon_core.package_identification:_identify(.) by extensions ['ros']
[0.304s] Level 1:colcon.colcon_core.package_identification:_identify(.) by extension 'ros'
[0.320s] Level 1:colcon.colcon_core.package_identification:_identify(.) by extensions ['cmake', 'python']
[0.320s] Level 1:colcon.colcon_core.package_identification:_identify(.) by extension 'cmake'
[0.320s] Level 1:colcon.colcon_core.package_identification:_identify(.) by extension 'python'
[0.321s] Level 1:colcon.colcon_core.package_identification:_identify(.) by extensions ['python_setup_py']
[0.321s] Level 1:colcon.colcon_core.package_identification:_identify(.) by extension 'python_setup_py'
[0.321s] Level 1:colcon.colcon_core.package_identification:_identify(build) by extensions ['ignore', 'ignore_ament_install']
[0.321s] Level 1:colcon.colcon_core.package_identification:_identify(build) by extension 'ignore'
[0.321s] Level 1:colcon.colcon_core.package_identification:_identify(build) ignored
[0.321s] Level 1:colcon.colcon_core.package_identification:_identify(install) by extensions ['ignore', 'ignore_ament_install']
[0.321s] Level 1:colcon.colcon_core.package_identification:_identify(install) by extension 'ignore'
[0.321s] Level 1:colcon.colcon_core.package_identification:_identify(install) ignored
[0.321s] Level 1:colcon.colcon_core.package_identification:_identify(log) by extensions ['ignore', 'ignore_ament_install']
[0.321s] Level 1:colcon.colcon_core.package_identification:_identify(log) by extension 'ignore'
[0.321s] Level 1:colcon.colcon_core.package_identification:_identify(log) ignored
[0.322s] Level 1:colcon.colcon_core.package_identification:_identify(src) by extensions ['ignore', 'ignore_ament_install']
[0.322s] Level 1:colcon.colcon_core.package_identification:_identify(src) by extension 'ignore'
[0.322s] Level 1:colcon.colcon_core.package_identification:_identify(src) by extension 'ignore_ament_install'
[0.322s] Level 1:colcon.colcon_core.package_identification:_identify(src) by extensions ['colcon_pkg']
[0.322s] Level 1:colcon.colcon_core.package_identification:_identify(src) by extension 'colcon_pkg'
[0.322s] Level 1:colcon.colcon_core.package_identification:_identify(src) by extensions ['colcon_meta']
[0.322s] Level 1:colcon.colcon_core.package_identification:_identify(src) by extension 'colcon_meta'
[0.322s] Level 1:colcon.colcon_core.package_identification:_identify(src) by extensions ['ros']
[0.322s] Level 1:colcon.colcon_core.package_identification:_identify(src) by extension 'ros'
[0.322s] Level 1:colcon.colcon_core.package_identification:_identify(src) by extensions ['cmake', 'python']
[0.322s] Level 1:colcon.colcon_core.package_identification:_identify(src) by extension 'cmake'
[0.322s] Level 1:colcon.colcon_core.package_identification:_identify(src) by extension 'python'
[0.322s] Level 1:colcon.colcon_core.package_identification:_identify(src) by extensions ['python_setup_py']
[0.322s] Level 1:colcon.colcon_core.package_identification:_identify(src) by extension 'python_setup_py'
[0.322s] Level 1:colcon.colcon_core.package_identification:_identify(src/contact) by extensions ['ignore', 'ignore_ament_install']
[0.322s] Level 1:colcon.colcon_core.package_identification:_identify(src/contact) by extension 'ignore'
[0.322s] Level 1:colcon.colcon_core.package_identification:_identify(src/contact) by extension 'ignore_ament_install'
[0.322s] Level 1:colcon.colcon_core.package_identification:_identify(src/contact) by extensions ['colcon_pkg']
[0.322s] Level 1:colcon.colcon_core.package_identification:_identify(src/contact) by extension 'colcon_pkg'
[0.322s] Level 1:colcon.colcon_core.package_identification:_identify(src/contact) by extensions ['colcon_meta']
[0.323s] Level 1:colcon.colcon_core.package_identification:_identify(src/contact) by extension 'colcon_meta'
[0.323s] Level 1:colcon.colcon_core.package_identification:_identify(src/contact) by extensions ['ros']
[0.323s] Level 1:colcon.colcon_core.package_identification:_identify(src/contact) by extension 'ros'
[0.326s] DEBUG:colcon.colcon_core.package_identification:Package 'src/contact' with type 'ros.ament_cmake' and name 'contact'
[0.326s] Level 1:colcon.colcon_core.package_identification:_identify(src/hero_msgs) by extensions ['ignore', 'ignore_ament_install']
[0.326s] Level 1:colcon.colcon_core.package_identification:_identify(src/hero_msgs) by extension 'ignore'
[0.326s] Level 1:colcon.colcon_core.package_identification:_identify(src/hero_msgs) by extension 'ignore_ament_install'
[0.326s] Level 1:colcon.colcon_core.package_identification:_identify(src/hero_msgs) by extensions ['colcon_pkg']
[0.326s] Level 1:colcon.colcon_core.package_identification:_identify(src/hero_msgs) by extension 'colcon_pkg'
[0.327s] Level 1:colcon.colcon_core.package_identification:_identify(src/hero_msgs) by extensions ['colcon_meta']
[0.327s] Level 1:colcon.colcon_core.package_identification:_identify(src/hero_msgs) by extension 'colcon_meta'
[0.327s] Level 1:colcon.colcon_core.package_identification:_identify(src/hero_msgs) by extensions ['ros']
[0.327s] Level 1:colcon.colcon_core.package_identification:_identify(src/hero_msgs) by extension 'ros'
[0.328s] DEBUG:colcon.colcon_core.package_identification:Package 'src/hero_msgs' with type 'ros.ament_cmake' and name 'hero_msgs'
[0.328s] Level 1:colcon.colcon_core.package_identification:_identify(src/vision_msgs) by extensions ['ignore', 'ignore_ament_install']
[0.328s] Level 1:colcon.colcon_core.package_identification:_identify(src/vision_msgs) by extension 'ignore'
[0.328s] Level 1:colcon.colcon_core.package_identification:_identify(src/vision_msgs) by extension 'ignore_ament_install'
[0.328s] Level 1:colcon.colcon_core.package_identification:_identify(src/vision_msgs) by extensions ['colcon_pkg']
[0.328s] Level 1:colcon.colcon_core.package_identification:_identify(src/vision_msgs) by extension 'colcon_pkg'
[0.328s] Level 1:colcon.colcon_core.package_identification:_identify(src/vision_msgs) by extensions ['colcon_meta']
[0.328s] Level 1:colcon.colcon_core.package_identification:_identify(src/vision_msgs) by extension 'colcon_meta'
[0.328s] Level 1:colcon.colcon_core.package_identification:_identify(src/vision_msgs) by extensions ['ros']
[0.328s] Level 1:colcon.colcon_core.package_identification:_identify(src/vision_msgs) by extension 'ros'
[0.329s] DEBUG:colcon.colcon_core.package_identification:Package 'src/vision_msgs' with type 'ros.ament_cmake' and name 'vision_msgs'
[0.329s] Level 1:colcon.colcon_core.package_discovery:discover_packages(recursive) using defaults
[0.329s] Level 1:colcon.colcon_core.package_discovery:discover_packages(ignore) discover
[0.329s] Level 1:colcon.colcon_core.package_discovery:discover_packages(ignore) using defaults
[0.329s] Level 1:colcon.colcon_core.package_discovery:discover_packages(path) discover
[0.329s] Level 1:colcon.colcon_core.package_discovery:discover_packages(path) using defaults
[0.353s] Level 5:colcon.colcon_core.verb:set package 'hero_msgs' build argument 'cmake_args' from command line to 'None'
[0.353s] Level 5:colcon.colcon_core.verb:set package 'hero_msgs' build argument 'cmake_target' from command line to 'None'
[0.353s] Level 5:colcon.colcon_core.verb:set package 'hero_msgs' build argument 'cmake_target_skip_unavailable' from command line to 'False'
[0.353s] Level 5:colcon.colcon_core.verb:set package 'hero_msgs' build argument 'cmake_clean_cache' from command line to 'False'
[0.353s] Level 5:colcon.colcon_core.verb:set package 'hero_msgs' build argument 'cmake_clean_first' from command line to 'False'
[0.353s] Level 5:colcon.colcon_core.verb:set package 'hero_msgs' build argument 'cmake_force_configure' from command line to 'False'
[0.353s] Level 5:colcon.colcon_core.verb:set package 'hero_msgs' build argument 'ament_cmake_args' from command line to 'None'
[0.353s] Level 5:colcon.colcon_core.verb:set package 'hero_msgs' build argument 'catkin_cmake_args' from command line to 'None'
[0.353s] Level 5:colcon.colcon_core.verb:set package 'hero_msgs' build argument 'catkin_skip_building_tests' from command line to 'False'
[0.354s] DEBUG:colcon.colcon_core.verb:Building package 'hero_msgs' with the following arguments: {'ament_cmake_args': None, 'build_base': '/home/orangepi/GM/RESOURCES/ros2_ws/build/hero_msgs', 'catkin_cmake_args': None, 'catkin_skip_building_tests': False, 'cmake_args': None, 'cmake_clean_cache': False, 'cmake_clean_first': False, 'cmake_force_configure': False, 'cmake_target': None, 'cmake_target_skip_unavailable': False, 'install_base': '/home/orangepi/GM/RESOURCES/ros2_ws/install/hero_msgs', 'merge_install': False, 'path': '/home/orangepi/GM/RESOURCES/ros2_ws/src/hero_msgs', 'symlink_install': False, 'test_result_base': None}
[0.354s] Level 5:colcon.colcon_core.verb:set package 'vision_msgs' build argument 'cmake_args' from command line to 'None'
[0.354s] Level 5:colcon.colcon_core.verb:set package 'vision_msgs' build argument 'cmake_target' from command line to 'None'
[0.354s] Level 5:colcon.colcon_core.verb:set package 'vision_msgs' build argument 'cmake_target_skip_unavailable' from command line to 'False'
[0.354s] Level 5:colcon.colcon_core.verb:set package 'vision_msgs' build argument 'cmake_clean_cache' from command line to 'False'
[0.354s] Level 5:colcon.colcon_core.verb:set package 'vision_msgs' build argument 'cmake_clean_first' from command line to 'False'
[0.354s] Level 5:colcon.colcon_core.verb:set package 'vision_msgs' build argument 'cmake_force_configure' from command line to 'False'
[0.354s] Level 5:colcon.colcon_core.verb:set package 'vision_msgs' build argument 'ament_cmake_args' from command line to 'None'
[0.354s] Level 5:colcon.colcon_core.verb:set package 'vision_msgs' build argument 'catkin_cmake_args' from command line to 'None'
[0.354s] Level 5:colcon.colcon_core.verb:set package 'vision_msgs' build argument 'catkin_skip_building_tests' from command line to 'False'
[0.354s] DEBUG:colcon.colcon_core.verb:Building package 'vision_msgs' with the following arguments: {'ament_cmake_args': None, 'build_base': '/home/orangepi/GM/RESOURCES/ros2_ws/build/vision_msgs', 'catkin_cmake_args': None, 'catkin_skip_building_tests': False, 'cmake_args': None, 'cmake_clean_cache': False, 'cmake_clean_first': False, 'cmake_force_configure': False, 'cmake_target': None, 'cmake_target_skip_unavailable': False, 'install_base': '/home/orangepi/GM/RESOURCES/ros2_ws/install/vision_msgs', 'merge_install': False, 'path': '/home/orangepi/GM/RESOURCES/ros2_ws/src/vision_msgs', 'symlink_install': False, 'test_result_base': None}
[0.355s] Level 5:colcon.colcon_core.verb:set package 'contact' build argument 'cmake_args' from command line to 'None'
[0.355s] Level 5:colcon.colcon_core.verb:set package 'contact' build argument 'cmake_target' from command line to 'None'
[0.355s] Level 5:colcon.colcon_core.verb:set package 'contact' build argument 'cmake_target_skip_unavailable' from command line to 'False'
[0.355s] Level 5:colcon.colcon_core.verb:set package 'contact' build argument 'cmake_clean_cache' from command line to 'False'
[0.355s] Level 5:colcon.colcon_core.verb:set package 'contact' build argument 'cmake_clean_first' from command line to 'False'
[0.355s] Level 5:colcon.colcon_core.verb:set package 'contact' build argument 'cmake_force_configure' from command line to 'False'
[0.355s] Level 5:colcon.colcon_core.verb:set package 'contact' build argument 'ament_cmake_args' from command line to 'None'
[0.355s] Level 5:colcon.colcon_core.verb:set package 'contact' build argument 'catkin_cmake_args' from command line to 'None'
[0.355s] Level 5:colcon.colcon_core.verb:set package 'contact' build argument 'catkin_skip_building_tests' from command line to 'False'
[0.355s] DEBUG:colcon.colcon_core.verb:Building package 'contact' with the following arguments: {'ament_cmake_args': None, 'build_base': '/home/orangepi/GM/RESOURCES/ros2_ws/build/contact', 'catkin_cmake_args': None, 'catkin_skip_building_tests': False, 'cmake_args': None, 'cmake_clean_cache': False, 'cmake_clean_first': False, 'cmake_force_configure': False, 'cmake_target': None, 'cmake_target_skip_unavailable': False, 'install_base': '/home/orangepi/GM/RESOURCES/ros2_ws/install/contact', 'merge_install': False, 'path': '/home/orangepi/GM/RESOURCES/ros2_ws/src/contact', 'symlink_install': False, 'test_result_base': None}
[0.355s] INFO:colcon.colcon_core.executor:Executing jobs using 'parallel' executor
[0.357s] DEBUG:colcon.colcon_parallel_executor.executor.parallel:run_until_complete
[0.357s] INFO:colcon.colcon_ros.task.ament_cmake.build:Building ROS package in '/home/orangepi/GM/RESOURCES/ros2_ws/src/hero_msgs' with build type 'ament_cmake'
[0.357s] INFO:colcon.colcon_cmake.task.cmake.build:Building CMake package in '/home/orangepi/GM/RESOURCES/ros2_ws/src/hero_msgs'
[0.361s] INFO:colcon.colcon_core.plugin_system:Skipping extension 'colcon_core.shell.bat': Not used on non-Windows systems
[0.361s] INFO:colcon.colcon_core.shell:Skip shell extension 'powershell' for command environment: Not usable outside of PowerShell
[0.361s] DEBUG:colcon.colcon_core.shell:Skip shell extension 'dsv' for command environment
[0.366s] INFO:colcon.colcon_ros.task.ament_cmake.build:Building ROS package in '/home/orangepi/GM/RESOURCES/ros2_ws/src/vision_msgs' with build type 'ament_cmake'
[0.366s] INFO:colcon.colcon_cmake.task.cmake.build:Building CMake package in '/home/orangepi/GM/RESOURCES/ros2_ws/src/vision_msgs'
[0.367s] INFO:colcon.colcon_core.shell:Skip shell extension 'powershell' for command environment: Not usable outside of PowerShell
[0.367s] DEBUG:colcon.colcon_core.shell:Skip shell extension 'dsv' for command environment
[0.380s] DEBUG:colcon.colcon_core.event_handler.log_command:Invoking command in '/home/orangepi/GM/RESOURCES/ros2_ws/build/hero_msgs': CMAKE_PREFIX_PATH=${CMAKE_PREFIX_PATH}:/opt/ros/humble /usr/bin/cmake --build /home/orangepi/GM/RESOURCES/ros2_ws/build/hero_msgs -- -j8 -l8
[0.391s] DEBUG:colcon.colcon_core.event_handler.log_command:Invoking command in '/home/orangepi/GM/RESOURCES/ros2_ws/build/vision_msgs': CMAKE_PREFIX_PATH=${CMAKE_PREFIX_PATH}:/opt/ros/humble /usr/bin/cmake --build /home/orangepi/GM/RESOURCES/ros2_ws/build/vision_msgs -- -j8 -l8
[0.951s] DEBUG:colcon.colcon_core.event_handler.log_command:Invoked command in '/home/orangepi/GM/RESOURCES/ros2_ws/build/hero_msgs' returned '0': CMAKE_PREFIX_PATH=${CMAKE_PREFIX_PATH}:/opt/ros/humble /usr/bin/cmake --build /home/orangepi/GM/RESOURCES/ros2_ws/build/hero_msgs -- -j8 -l8
[1.023s] DEBUG:colcon.colcon_core.event_handler.log_command:Invoked command in '/home/orangepi/GM/RESOURCES/ros2_ws/build/vision_msgs' returned '0': CMAKE_PREFIX_PATH=${CMAKE_PREFIX_PATH}:/opt/ros/humble /usr/bin/cmake --build /home/orangepi/GM/RESOURCES/ros2_ws/build/vision_msgs -- -j8 -l8
[1.244s] DEBUG:colcon.colcon_core.event_handler.log_command:Invoking command in '/home/orangepi/GM/RESOURCES/ros2_ws/build/hero_msgs': CMAKE_PREFIX_PATH=${CMAKE_PREFIX_PATH}:/opt/ros/humble /usr/bin/cmake --install /home/orangepi/GM/RESOURCES/ros2_ws/build/hero_msgs
[1.254s] DEBUG:colcon.colcon_core.event_handler.log_command:Invoking command in '/home/orangepi/GM/RESOURCES/ros2_ws/build/vision_msgs': CMAKE_PREFIX_PATH=${CMAKE_PREFIX_PATH}:/opt/ros/humble /usr/bin/cmake --install /home/orangepi/GM/RESOURCES/ros2_ws/build/vision_msgs
[1.364s] Level 1:colcon.colcon_core.environment:create_environment_scripts_only(hero_msgs)
[1.366s] DEBUG:colcon.colcon_core.event_handler.log_command:Invoked command in '/home/orangepi/GM/RESOURCES/ros2_ws/build/hero_msgs' returned '0': CMAKE_PREFIX_PATH=${CMAKE_PREFIX_PATH}:/opt/ros/humble /usr/bin/cmake --install /home/orangepi/GM/RESOURCES/ros2_ws/build/hero_msgs
[1.376s] Level 1:colcon.colcon_core.environment:checking '/home/orangepi/GM/RESOURCES/ros2_ws/install/hero_msgs' for CMake module files
[1.379s] Level 1:colcon.colcon_core.environment:checking '/home/orangepi/GM/RESOURCES/ros2_ws/install/hero_msgs' for CMake config files
[1.382s] Level 1:colcon.colcon_core.shell:create_environment_hook('hero_msgs', 'cmake_prefix_path')
[1.383s] INFO:colcon.colcon_core.shell:Creating environment hook '/home/orangepi/GM/RESOURCES/ros2_ws/install/hero_msgs/share/hero_msgs/hook/cmake_prefix_path.ps1'
[1.386s] INFO:colcon.colcon_core.shell:Creating environment descriptor '/home/orangepi/GM/RESOURCES/ros2_ws/install/hero_msgs/share/hero_msgs/hook/cmake_prefix_path.dsv'
[1.389s] INFO:colcon.colcon_core.shell:Creating environment hook '/home/orangepi/GM/RESOURCES/ros2_ws/install/hero_msgs/share/hero_msgs/hook/cmake_prefix_path.sh'
[1.393s] Level 1:colcon.colcon_core.environment:checking '/home/orangepi/GM/RESOURCES/ros2_ws/install/hero_msgs/lib'
[1.394s] Level 1:colcon.colcon_core.shell:create_environment_hook('hero_msgs', 'ld_library_path_lib')
[1.395s] INFO:colcon.colcon_core.shell:Creating environment hook '/home/orangepi/GM/RESOURCES/ros2_ws/install/hero_msgs/share/hero_msgs/hook/ld_library_path_lib.ps1'
[1.396s] INFO:colcon.colcon_core.shell:Creating environment descriptor '/home/orangepi/GM/RESOURCES/ros2_ws/install/hero_msgs/share/hero_msgs/hook/ld_library_path_lib.dsv'
[1.397s] INFO:colcon.colcon_core.shell:Creating environment hook '/home/orangepi/GM/RESOURCES/ros2_ws/install/hero_msgs/share/hero_msgs/hook/ld_library_path_lib.sh'
[1.399s] Level 1:colcon.colcon_core.environment:checking '/home/orangepi/GM/RESOURCES/ros2_ws/install/hero_msgs/bin'
[1.399s] Level 1:colcon.colcon_core.environment:checking '/home/orangepi/GM/RESOURCES/ros2_ws/install/hero_msgs/lib/pkgconfig/hero_msgs.pc'
[1.408s] Level 1:colcon.colcon_core.environment:checking '/home/orangepi/GM/RESOURCES/ros2_ws/install/hero_msgs/lib/python3.10/site-packages'
[1.409s] Level 1:colcon.colcon_core.environment:checking '/home/orangepi/GM/RESOURCES/ros2_ws/install/hero_msgs/bin'
[1.411s] INFO:colcon.colcon_core.shell:Creating package script '/home/orangepi/GM/RESOURCES/ros2_ws/install/hero_msgs/share/hero_msgs/package.ps1'
[1.418s] INFO:colcon.colcon_core.shell:Creating package descriptor '/home/orangepi/GM/RESOURCES/ros2_ws/install/hero_msgs/share/hero_msgs/package.dsv'
[1.421s] INFO:colcon.colcon_core.shell:Creating package script '/home/orangepi/GM/RESOURCES/ros2_ws/install/hero_msgs/share/hero_msgs/package.sh'
[1.423s] INFO:colcon.colcon_core.shell:Creating package script '/home/orangepi/GM/RESOURCES/ros2_ws/install/hero_msgs/share/hero_msgs/package.bash'
[1.424s] INFO:colcon.colcon_core.shell:Creating package script '/home/orangepi/GM/RESOURCES/ros2_ws/install/hero_msgs/share/hero_msgs/package.zsh'
[1.430s] Level 1:colcon.colcon_core.environment:create_file_with_runtime_dependencies(/home/orangepi/GM/RESOURCES/ros2_ws/install/hero_msgs/share/colcon-core/packages/hero_msgs)
[1.436s] Level 1:colcon.colcon_core.environment:create_environment_scripts_only(vision_msgs)
[1.437s] DEBUG:colcon.colcon_core.event_handler.log_command:Invoked command in '/home/orangepi/GM/RESOURCES/ros2_ws/build/vision_msgs' returned '0': CMAKE_PREFIX_PATH=${CMAKE_PREFIX_PATH}:/opt/ros/humble /usr/bin/cmake --install /home/orangepi/GM/RESOURCES/ros2_ws/build/vision_msgs
[1.438s] Level 1:colcon.colcon_core.environment:checking '/home/orangepi/GM/RESOURCES/ros2_ws/install/vision_msgs' for CMake module files
[1.442s] Level 1:colcon.colcon_core.environment:checking '/home/orangepi/GM/RESOURCES/ros2_ws/install/vision_msgs' for CMake config files
[1.446s] Level 1:colcon.colcon_core.shell:create_environment_hook('vision_msgs', 'cmake_prefix_path')
[1.448s] INFO:colcon.colcon_core.shell:Creating environment hook '/home/orangepi/GM/RESOURCES/ros2_ws/install/vision_msgs/share/vision_msgs/hook/cmake_prefix_path.ps1'
[1.451s] INFO:colcon.colcon_core.shell:Creating environment descriptor '/home/orangepi/GM/RESOURCES/ros2_ws/install/vision_msgs/share/vision_msgs/hook/cmake_prefix_path.dsv'
[1.453s] INFO:colcon.colcon_core.shell:Creating environment hook '/home/orangepi/GM/RESOURCES/ros2_ws/install/vision_msgs/share/vision_msgs/hook/cmake_prefix_path.sh'
[1.455s] Level 1:colcon.colcon_core.environment:checking '/home/orangepi/GM/RESOURCES/ros2_ws/install/vision_msgs/lib'
[1.455s] Level 1:colcon.colcon_core.shell:create_environment_hook('vision_msgs', 'ld_library_path_lib')
[1.456s] INFO:colcon.colcon_core.shell:Creating environment hook '/home/orangepi/GM/RESOURCES/ros2_ws/install/vision_msgs/share/vision_msgs/hook/ld_library_path_lib.ps1'
[1.456s] INFO:colcon.colcon_core.shell:Creating environment descriptor '/home/orangepi/GM/RESOURCES/ros2_ws/install/vision_msgs/share/vision_msgs/hook/ld_library_path_lib.dsv'
[1.458s] INFO:colcon.colcon_core.shell:Creating environment hook '/home/orangepi/GM/RESOURCES/ros2_ws/install/vision_msgs/share/vision_msgs/hook/ld_library_path_lib.sh'
[1.458s] Level 1:colcon.colcon_core.environment:checking '/home/orangepi/GM/RESOURCES/ros2_ws/install/vision_msgs/bin'
[1.459s] Level 1:colcon.colcon_core.environment:checking '/home/orangepi/GM/RESOURCES/ros2_ws/install/vision_msgs/lib/pkgconfig/vision_msgs.pc'
[1.459s] Level 1:colcon.colcon_core.environment:checking '/home/orangepi/GM/RESOURCES/ros2_ws/install/vision_msgs/lib/python3.10/site-packages'
[1.459s] Level 1:colcon.colcon_core.environment:checking '/home/orangepi/GM/RESOURCES/ros2_ws/install/vision_msgs/bin'
[1.460s] INFO:colcon.colcon_core.shell:Creating package script '/home/orangepi/GM/RESOURCES/ros2_ws/install/vision_msgs/share/vision_msgs/package.ps1'
[1.462s] INFO:colcon.colcon_core.shell:Creating package descriptor '/home/orangepi/GM/RESOURCES/ros2_ws/install/vision_msgs/share/vision_msgs/package.dsv'
[1.463s] INFO:colcon.colcon_core.shell:Creating package script '/home/orangepi/GM/RESOURCES/ros2_ws/install/vision_msgs/share/vision_msgs/package.sh'
[1.464s] INFO:colcon.colcon_core.shell:Creating package script '/home/orangepi/GM/RESOURCES/ros2_ws/install/vision_msgs/share/vision_msgs/package.bash'
[1.465s] INFO:colcon.colcon_core.shell:Creating package script '/home/orangepi/GM/RESOURCES/ros2_ws/install/vision_msgs/share/vision_msgs/package.zsh'
[1.466s] Level 1:colcon.colcon_core.environment:create_file_with_runtime_dependencies(/home/orangepi/GM/RESOURCES/ros2_ws/install/vision_msgs/share/colcon-core/packages/vision_msgs)
[1.700s] Level 1:colcon.colcon_core.environment:create_environment_scripts_only(hero_msgs)
[1.702s] Level 1:colcon.colcon_core.environment:checking '/home/orangepi/GM/RESOURCES/ros2_ws/install/hero_msgs' for CMake module files
[1.705s] Level 1:colcon.colcon_core.environment:checking '/home/orangepi/GM/RESOURCES/ros2_ws/install/hero_msgs' for CMake config files
[1.709s] Level 1:colcon.colcon_core.shell:create_environment_hook('hero_msgs', 'cmake_prefix_path')
[1.710s] INFO:colcon.colcon_core.shell:Creating environment hook '/home/orangepi/GM/RESOURCES/ros2_ws/install/hero_msgs/share/hero_msgs/hook/cmake_prefix_path.ps1'
[1.713s] INFO:colcon.colcon_core.shell:Creating environment descriptor '/home/orangepi/GM/RESOURCES/ros2_ws/install/hero_msgs/share/hero_msgs/hook/cmake_prefix_path.dsv'
[1.716s] INFO:colcon.colcon_core.shell:Creating environment hook '/home/orangepi/GM/RESOURCES/ros2_ws/install/hero_msgs/share/hero_msgs/hook/cmake_prefix_path.sh'
[1.718s] Level 1:colcon.colcon_core.environment:checking '/home/orangepi/GM/RESOURCES/ros2_ws/install/hero_msgs/lib'
[1.718s] Level 1:colcon.colcon_core.shell:create_environment_hook('hero_msgs', 'ld_library_path_lib')
[1.721s] INFO:colcon.colcon_core.shell:Creating environment hook '/home/orangepi/GM/RESOURCES/ros2_ws/install/hero_msgs/share/hero_msgs/hook/ld_library_path_lib.ps1'
[1.722s] INFO:colcon.colcon_core.shell:Creating environment descriptor '/home/orangepi/GM/RESOURCES/ros2_ws/install/hero_msgs/share/hero_msgs/hook/ld_library_path_lib.dsv'
[1.723s] INFO:colcon.colcon_core.shell:Creating environment hook '/home/orangepi/GM/RESOURCES/ros2_ws/install/hero_msgs/share/hero_msgs/hook/ld_library_path_lib.sh'
[1.725s] Level 1:colcon.colcon_core.environment:checking '/home/orangepi/GM/RESOURCES/ros2_ws/install/hero_msgs/bin'
[1.725s] Level 1:colcon.colcon_core.environment:checking '/home/orangepi/GM/RESOURCES/ros2_ws/install/hero_msgs/lib/pkgconfig/hero_msgs.pc'
[1.726s] Level 1:colcon.colcon_core.environment:checking '/home/orangepi/GM/RESOURCES/ros2_ws/install/hero_msgs/lib/python3.10/site-packages'
[1.727s] Level 1:colcon.colcon_core.environment:checking '/home/orangepi/GM/RESOURCES/ros2_ws/install/hero_msgs/bin'
[1.729s] INFO:colcon.colcon_core.shell:Creating package script '/home/orangepi/GM/RESOURCES/ros2_ws/install/hero_msgs/share/hero_msgs/package.ps1'
[1.731s] INFO:colcon.colcon_core.shell:Creating package descriptor '/home/orangepi/GM/RESOURCES/ros2_ws/install/hero_msgs/share/hero_msgs/package.dsv'
[1.733s] INFO:colcon.colcon_core.shell:Creating package script '/home/orangepi/GM/RESOURCES/ros2_ws/install/hero_msgs/share/hero_msgs/package.sh'
[1.734s] INFO:colcon.colcon_core.shell:Creating package script '/home/orangepi/GM/RESOURCES/ros2_ws/install/hero_msgs/share/hero_msgs/package.bash'
[1.736s] INFO:colcon.colcon_core.shell:Creating package script '/home/orangepi/GM/RESOURCES/ros2_ws/install/hero_msgs/share/hero_msgs/package.zsh'
[1.737s] Level 1:colcon.colcon_core.environment:create_file_with_runtime_dependencies(/home/orangepi/GM/RESOURCES/ros2_ws/install/hero_msgs/share/colcon-core/packages/hero_msgs)
[1.740s] INFO:colcon.colcon_ros.task.ament_cmake.build:Building ROS package in '/home/orangepi/GM/RESOURCES/ros2_ws/src/contact' with build type 'ament_cmake'
[1.741s] INFO:colcon.colcon_cmake.task.cmake.build:Building CMake package in '/home/orangepi/GM/RESOURCES/ros2_ws/src/contact'
[1.742s] INFO:colcon.colcon_core.shell:Skip shell extension 'powershell' for command environment: Not usable outside of PowerShell
[1.742s] DEBUG:colcon.colcon_core.shell:Skip shell extension 'dsv' for command environment
[1.758s] Level 1:colcon.colcon_core.environment:create_environment_scripts_only(vision_msgs)
[1.760s] Level 1:colcon.colcon_core.environment:checking '/home/orangepi/GM/RESOURCES/ros2_ws/install/vision_msgs' for CMake module files
[1.764s] Level 1:colcon.colcon_core.environment:checking '/home/orangepi/GM/RESOURCES/ros2_ws/install/vision_msgs' for CMake config files
[1.767s] Level 1:colcon.colcon_core.shell:create_environment_hook('vision_msgs', 'cmake_prefix_path')
[1.769s] INFO:colcon.colcon_core.shell:Creating environment hook '/home/orangepi/GM/RESOURCES/ros2_ws/install/vision_msgs/share/vision_msgs/hook/cmake_prefix_path.ps1'
[1.774s] INFO:colcon.colcon_core.shell:Creating environment descriptor '/home/orangepi/GM/RESOURCES/ros2_ws/install/vision_msgs/share/vision_msgs/hook/cmake_prefix_path.dsv'
[1.776s] INFO:colcon.colcon_core.shell:Creating environment hook '/home/orangepi/GM/RESOURCES/ros2_ws/install/vision_msgs/share/vision_msgs/hook/cmake_prefix_path.sh'
[1.778s] Level 1:colcon.colcon_core.environment:checking '/home/orangepi/GM/RESOURCES/ros2_ws/install/vision_msgs/lib'
[1.779s] Level 1:colcon.colcon_core.shell:create_environment_hook('vision_msgs', 'ld_library_path_lib')
[1.779s] INFO:colcon.colcon_core.shell:Creating environment hook '/home/orangepi/GM/RESOURCES/ros2_ws/install/vision_msgs/share/vision_msgs/hook/ld_library_path_lib.ps1'
[1.781s] INFO:colcon.colcon_core.shell:Creating environment descriptor '/home/orangepi/GM/RESOURCES/ros2_ws/install/vision_msgs/share/vision_msgs/hook/ld_library_path_lib.dsv'
[1.782s] INFO:colcon.colcon_core.shell:Creating environment hook '/home/orangepi/GM/RESOURCES/ros2_ws/install/vision_msgs/share/vision_msgs/hook/ld_library_path_lib.sh'
[1.783s] Level 1:colcon.colcon_core.environment:checking '/home/orangepi/GM/RESOURCES/ros2_ws/install/vision_msgs/bin'
[1.783s] Level 1:colcon.colcon_core.environment:checking '/home/orangepi/GM/RESOURCES/ros2_ws/install/vision_msgs/lib/pkgconfig/vision_msgs.pc'
[1.784s] Level 1:colcon.colcon_core.environment:checking '/home/orangepi/GM/RESOURCES/ros2_ws/install/vision_msgs/lib/python3.10/site-packages'
[1.785s] Level 1:colcon.colcon_core.environment:checking '/home/orangepi/GM/RESOURCES/ros2_ws/install/vision_msgs/bin'
[1.786s] INFO:colcon.colcon_core.shell:Creating package script '/home/orangepi/GM/RESOURCES/ros2_ws/install/vision_msgs/share/vision_msgs/package.ps1'
[1.787s] INFO:colcon.colcon_core.shell:Creating package descriptor '/home/orangepi/GM/RESOURCES/ros2_ws/install/vision_msgs/share/vision_msgs/package.dsv'
[1.789s] INFO:colcon.colcon_core.shell:Creating package script '/home/orangepi/GM/RESOURCES/ros2_ws/install/vision_msgs/share/vision_msgs/package.sh'
[1.790s] INFO:colcon.colcon_core.shell:Creating package script '/home/orangepi/GM/RESOURCES/ros2_ws/install/vision_msgs/share/vision_msgs/package.bash'
[1.791s] INFO:colcon.colcon_core.shell:Creating package script '/home/orangepi/GM/RESOURCES/ros2_ws/install/vision_msgs/share/vision_msgs/package.zsh'
[1.792s] Level 1:colcon.colcon_core.environment:create_file_with_runtime_dependencies(/home/orangepi/GM/RESOURCES/ros2_ws/install/vision_msgs/share/colcon-core/packages/vision_msgs)
[1.803s] DEBUG:colcon.colcon_core.event_handler.log_command:Invoking command in '/home/orangepi/GM/RESOURCES/ros2_ws/build/contact': CMAKE_PREFIX_PATH=/home/orangepi/GM/RESOURCES/ros2_ws/install/hero_msgs:/home/orangepi/GM/RESOURCES/ros2_ws/install/vision_msgs:/opt/ros/humble LD_LIBRARY_PATH=/home/orangepi/GM/RESOURCES/ros2_ws/install/hero_msgs/lib:/home/orangepi/GM/RESOURCES/ros2_ws/install/vision_msgs/lib:/root/.x-cmd.root/local/data/pkg/sphere/X/l/j/h/lib:/opt/ros/humble/opt/rviz_ogre_vendor/lib:/opt/ros/humble/lib/aarch64-linux-gnu:/opt/ros/humble/lib /usr/bin/cmake --build /home/orangepi/GM/RESOURCES/ros2_ws/build/contact -- -j8 -l8
[14.016s] DEBUG:colcon.colcon_core.event_handler.log_command:Invoked command in '/home/orangepi/GM/RESOURCES/ros2_ws/build/contact' returned '2': CMAKE_PREFIX_PATH=/home/orangepi/GM/RESOURCES/ros2_ws/install/hero_msgs:/home/orangepi/GM/RESOURCES/ros2_ws/install/vision_msgs:/opt/ros/humble LD_LIBRARY_PATH=/home/orangepi/GM/RESOURCES/ros2_ws/install/hero_msgs/lib:/home/orangepi/GM/RESOURCES/ros2_ws/install/vision_msgs/lib:/root/.x-cmd.root/local/data/pkg/sphere/X/l/j/h/lib:/opt/ros/humble/opt/rviz_ogre_vendor/lib:/opt/ros/humble/lib/aarch64-linux-gnu:/opt/ros/humble/lib /usr/bin/cmake --build /home/orangepi/GM/RESOURCES/ros2_ws/build/contact -- -j8 -l8
[14.100s] Level 1:colcon.colcon_core.environment:create_environment_scripts_only(contact)
[14.102s] Level 1:colcon.colcon_core.environment:checking '/home/orangepi/GM/RESOURCES/ros2_ws/install/contact' for CMake module files
[14.104s] Level 1:colcon.colcon_core.environment:checking '/home/orangepi/GM/RESOURCES/ros2_ws/install/contact' for CMake config files
[14.105s] Level 1:colcon.colcon_core.environment:checking '/home/orangepi/GM/RESOURCES/ros2_ws/install/contact/bin'
[14.105s] Level 1:colcon.colcon_core.environment:checking '/home/orangepi/GM/RESOURCES/ros2_ws/install/contact/lib/pkgconfig/contact.pc'
[14.106s] Level 1:colcon.colcon_core.environment:checking '/home/orangepi/GM/RESOURCES/ros2_ws/install/contact/lib/python3.10/site-packages'
[14.107s] Level 1:colcon.colcon_core.environment:checking '/home/orangepi/GM/RESOURCES/ros2_ws/install/contact/bin'
[14.108s] INFO:colcon.colcon_core.shell:Creating package script '/home/orangepi/GM/RESOURCES/ros2_ws/install/contact/share/contact/package.ps1'
[14.111s] INFO:colcon.colcon_core.shell:Creating package descriptor '/home/orangepi/GM/RESOURCES/ros2_ws/install/contact/share/contact/package.dsv'
[14.113s] INFO:colcon.colcon_core.shell:Creating package script '/home/orangepi/GM/RESOURCES/ros2_ws/install/contact/share/contact/package.sh'
[14.114s] INFO:colcon.colcon_core.shell:Creating package script '/home/orangepi/GM/RESOURCES/ros2_ws/install/contact/share/contact/package.bash'
[14.116s] INFO:colcon.colcon_core.shell:Creating package script '/home/orangepi/GM/RESOURCES/ros2_ws/install/contact/share/contact/package.zsh'
[14.117s] Level 1:colcon.colcon_core.environment:create_file_with_runtime_dependencies(/home/orangepi/GM/RESOURCES/ros2_ws/install/contact/share/colcon-core/packages/contact)
[14.119s] DEBUG:colcon.colcon_parallel_executor.executor.parallel:closing loop
[14.120s] DEBUG:colcon.colcon_parallel_executor.executor.parallel:loop closed
[14.121s] DEBUG:colcon.colcon_parallel_executor.executor.parallel:run_until_complete finished with '2'
[14.121s] DEBUG:colcon.colcon_core.event_reactor:joining thread
[14.225s] INFO:colcon.colcon_core.plugin_system:Skipping extension 'colcon_notification.desktop_notification.terminal_notifier': Not used on non-Darwin systems
[14.226s] INFO:colcon.colcon_core.plugin_system:Skipping extension 'colcon_notification.desktop_notification.win32': Not used on non-Windows systems
[14.226s] INFO:colcon.colcon_notification.desktop_notification:Sending desktop notification using 'notify2'
[14.276s] DEBUG:colcon.colcon_core.event_reactor:joined thread
[14.278s] INFO:colcon.colcon_core.shell:Creating prefix script '/home/orangepi/GM/RESOURCES/ros2_ws/install/local_setup.ps1'
[14.283s] INFO:colcon.colcon_core.shell:Creating prefix util module '/home/orangepi/GM/RESOURCES/ros2_ws/install/_local_setup_util_ps1.py'
[14.290s] INFO:colcon.colcon_core.shell:Creating prefix chain script '/home/orangepi/GM/RESOURCES/ros2_ws/install/setup.ps1'
[14.295s] INFO:colcon.colcon_core.shell:Creating prefix script '/home/orangepi/GM/RESOURCES/ros2_ws/install/local_setup.sh'
[14.297s] INFO:colcon.colcon_core.shell:Creating prefix util module '/home/orangepi/GM/RESOURCES/ros2_ws/install/_local_setup_util_sh.py'
[14.299s] INFO:colcon.colcon_core.shell:Creating prefix chain script '/home/orangepi/GM/RESOURCES/ros2_ws/install/setup.sh'
[14.304s] INFO:colcon.colcon_core.shell:Creating prefix script '/home/orangepi/GM/RESOURCES/ros2_ws/install/local_setup.bash'
[14.306s] INFO:colcon.colcon_core.shell:Creating prefix chain script '/home/orangepi/GM/RESOURCES/ros2_ws/install/setup.bash'
[14.311s] INFO:colcon.colcon_core.shell:Creating prefix script '/home/orangepi/GM/RESOURCES/ros2_ws/install/local_setup.zsh'
[14.313s] INFO:colcon.colcon_core.shell:Creating prefix chain script '/home/orangepi/GM/RESOURCES/ros2_ws/install/setup.zsh'
