[0.034s] Invoking command in '/home/orangepi/GM/RESOURCES/ros2_ws/build/vision_msgs': CMAKE_PREFIX_PATH=${CMAKE_PREFIX_PATH}:/opt/ros/humble /usr/bin/cmake --build /home/orangepi/GM/RESOURCES/ros2_ws/build/vision_msgs -- -j8 -l8
[0.157s] [35m[1mConsolidate compiler generated dependencies of target vision_msgs__rosidl_generator_c[0m
[0.171s] [  0%] Built target ament_cmake_python_copy_vision_msgs
[0.176s] [  1%] Built target vision_msgs__cpp
[0.186s] [ 12%] Built target vision_msgs__rosidl_generator_c
[0.196s] [35m[1mConsolidate compiler generated dependencies of target vision_msgs__rosidl_typesupport_introspection_cpp[0m
[0.204s] [35m[1mConsolidate compiler generated dependencies of target vision_msgs__rosidl_typesupport_fastrtps_cpp[0m
[0.206s] [35m[1mConsolidate compiler generated dependencies of target vision_msgs__rosidl_typesupport_cpp[0m
[0.213s] [35m[1mConsolidate compiler generated dependencies of target vision_msgs__rosidl_typesupport_introspection_c[0m
[0.213s] [35m[1mConsolidate compiler generated dependencies of target vision_msgs__rosidl_typesupport_fastrtps_c[0m
[0.238s] [35m[1mConsolidate compiler generated dependencies of target vision_msgs__rosidl_typesupport_c[0m
[0.257s] [ 23%] Built target vision_msgs__rosidl_typesupport_introspection_cpp
[0.263s] [ 34%] Built target vision_msgs__rosidl_typesupport_introspection_c
[0.269s] [ 45%] Built target vision_msgs__rosidl_typesupport_cpp
[0.274s] [ 56%] Built target vision_msgs__rosidl_typesupport_fastrtps_cpp
[0.275s] [ 67%] Built target vision_msgs__rosidl_typesupport_c
[0.284s] [ 78%] Built target vision_msgs__rosidl_typesupport_fastrtps_c
[0.334s] [ 78%] Built target vision_msgs
[0.367s] [ 80%] Built target vision_msgs__py
[0.398s] [35m[1mConsolidate compiler generated dependencies of target vision_msgs__rosidl_generator_py[0m
[0.426s] [ 89%] Built target vision_msgs__rosidl_generator_py
[0.451s] [35m[1mConsolidate compiler generated dependencies of target vision_msgs__rosidl_typesupport_c__pyext[0m
[0.469s] [35m[1mConsolidate compiler generated dependencies of target vision_msgs__rosidl_typesupport_introspection_c__pyext[0m
[0.470s] [35m[1mConsolidate compiler generated dependencies of target vision_msgs__rosidl_typesupport_fastrtps_c__pyext[0m
[0.500s] [ 92%] Built target vision_msgs__rosidl_typesupport_introspection_c__pyext
[0.501s] [ 96%] Built target vision_msgs__rosidl_typesupport_c__pyext
[0.508s] [100%] Built target vision_msgs__rosidl_typesupport_fastrtps_c__pyext
[0.555s] running egg_info
[0.556s] writing vision_msgs.egg-info/PKG-INFO
[0.557s] writing dependency_links to vision_msgs.egg-info/dependency_links.txt
[0.557s] writing top-level names to vision_msgs.egg-info/top_level.txt
[0.560s] reading manifest file 'vision_msgs.egg-info/SOURCES.txt'
[0.561s] writing manifest file 'vision_msgs.egg-info/SOURCES.txt'
[0.630s] [100%] Built target ament_cmake_python_build_vision_msgs_egg
[0.666s] Invoked command in '/home/orangepi/GM/RESOURCES/ros2_ws/build/vision_msgs' returned '0': CMAKE_PREFIX_PATH=${CMAKE_PREFIX_PATH}:/opt/ros/humble /usr/bin/cmake --build /home/orangepi/GM/RESOURCES/ros2_ws/build/vision_msgs -- -j8 -l8
[0.926s] Invoking command in '/home/orangepi/GM/RESOURCES/ros2_ws/build/vision_msgs': CMAKE_PREFIX_PATH=${CMAKE_PREFIX_PATH}:/opt/ros/humble /usr/bin/cmake --install /home/orangepi/GM/RESOURCES/ros2_ws/build/vision_msgs
[0.972s] -- Install configuration: ""
[0.972s] -- Up-to-date: /home/orangepi/GM/RESOURCES/ros2_ws/install/vision_msgs/share/ament_index/resource_index/rosidl_interfaces/vision_msgs
[0.973s] -- Up-to-date: /home/orangepi/GM/RESOURCES/ros2_ws/install/vision_msgs/include/vision_msgs/vision_msgs
[0.973s] -- Up-to-date: /home/orangepi/GM/RESOURCES/ros2_ws/install/vision_msgs/include/vision_msgs/vision_msgs/msg
[0.973s] -- Up-to-date: /home/orangepi/GM/RESOURCES/ros2_ws/install/vision_msgs/include/vision_msgs/vision_msgs/msg/detail
[0.974s] -- Up-to-date: /home/orangepi/GM/RESOURCES/ros2_ws/install/vision_msgs/include/vision_msgs/vision_msgs/msg/detail/point__type_support.h
[0.974s] -- Up-to-date: /home/orangepi/GM/RESOURCES/ros2_ws/install/vision_msgs/include/vision_msgs/vision_msgs/msg/detail/point__functions.c
[0.974s] -- Up-to-date: /home/orangepi/GM/RESOURCES/ros2_ws/install/vision_msgs/include/vision_msgs/vision_msgs/msg/detail/armors__functions.h
[0.975s] -- Up-to-date: /home/orangepi/GM/RESOURCES/ros2_ws/install/vision_msgs/include/vision_msgs/vision_msgs/msg/detail/autoaim_state__functions.c
[0.975s] -- Up-to-date: /home/orangepi/GM/RESOURCES/ros2_ws/install/vision_msgs/include/vision_msgs/vision_msgs/msg/detail/autoaim_state__struct.h
[0.975s] -- Up-to-date: /home/orangepi/GM/RESOURCES/ros2_ws/install/vision_msgs/include/vision_msgs/vision_msgs/msg/detail/armors__struct.h
[0.976s] -- Up-to-date: /home/orangepi/GM/RESOURCES/ros2_ws/install/vision_msgs/include/vision_msgs/vision_msgs/msg/detail/point__functions.h
[0.976s] -- Up-to-date: /home/orangepi/GM/RESOURCES/ros2_ws/install/vision_msgs/include/vision_msgs/vision_msgs/msg/detail/autoaim_state__functions.h
[0.976s] -- Up-to-date: /home/orangepi/GM/RESOURCES/ros2_ws/install/vision_msgs/include/vision_msgs/vision_msgs/msg/detail/point__struct.h
[0.977s] -- Up-to-date: /home/orangepi/GM/RESOURCES/ros2_ws/install/vision_msgs/include/vision_msgs/vision_msgs/msg/detail/armor__type_support.h
[0.977s] -- Up-to-date: /home/orangepi/GM/RESOURCES/ros2_ws/install/vision_msgs/include/vision_msgs/vision_msgs/msg/detail/armor__struct.h
[0.977s] -- Up-to-date: /home/orangepi/GM/RESOURCES/ros2_ws/install/vision_msgs/include/vision_msgs/vision_msgs/msg/detail/armors__functions.c
[0.978s] -- Up-to-date: /home/orangepi/GM/RESOURCES/ros2_ws/install/vision_msgs/include/vision_msgs/vision_msgs/msg/detail/armor__functions.c
[0.978s] -- Up-to-date: /home/orangepi/GM/RESOURCES/ros2_ws/install/vision_msgs/include/vision_msgs/vision_msgs/msg/detail/armor__functions.h
[0.978s] -- Up-to-date: /home/orangepi/GM/RESOURCES/ros2_ws/install/vision_msgs/include/vision_msgs/vision_msgs/msg/detail/armors__type_support.h
[0.979s] -- Up-to-date: /home/orangepi/GM/RESOURCES/ros2_ws/install/vision_msgs/include/vision_msgs/vision_msgs/msg/detail/autoaim_state__type_support.h
[0.979s] -- Up-to-date: /home/orangepi/GM/RESOURCES/ros2_ws/install/vision_msgs/include/vision_msgs/vision_msgs/msg/armors.h
[0.979s] -- Up-to-date: /home/orangepi/GM/RESOURCES/ros2_ws/install/vision_msgs/include/vision_msgs/vision_msgs/msg/autoaim_state.h
[0.980s] -- Up-to-date: /home/orangepi/GM/RESOURCES/ros2_ws/install/vision_msgs/include/vision_msgs/vision_msgs/msg/point.h
[0.980s] -- Up-to-date: /home/orangepi/GM/RESOURCES/ros2_ws/install/vision_msgs/include/vision_msgs/vision_msgs/msg/armor.h
[0.980s] -- Up-to-date: /home/orangepi/GM/RESOURCES/ros2_ws/install/vision_msgs/include/vision_msgs/vision_msgs/msg/rosidl_generator_c__visibility_control.h
[0.981s] -- Up-to-date: /home/orangepi/GM/RESOURCES/ros2_ws/install/vision_msgs/share/vision_msgs/environment/library_path.sh
[0.981s] -- Up-to-date: /home/orangepi/GM/RESOURCES/ros2_ws/install/vision_msgs/share/vision_msgs/environment/library_path.dsv
[0.981s] -- Up-to-date: /home/orangepi/GM/RESOURCES/ros2_ws/install/vision_msgs/lib/libvision_msgs__rosidl_generator_c.so
[0.982s] -- Up-to-date: /home/orangepi/GM/RESOURCES/ros2_ws/install/vision_msgs/include/vision_msgs/vision_msgs
[0.982s] -- Up-to-date: /home/orangepi/GM/RESOURCES/ros2_ws/install/vision_msgs/include/vision_msgs/vision_msgs/msg
[0.983s] -- Up-to-date: /home/orangepi/GM/RESOURCES/ros2_ws/install/vision_msgs/include/vision_msgs/vision_msgs/msg/detail
[0.983s] -- Up-to-date: /home/orangepi/GM/RESOURCES/ros2_ws/install/vision_msgs/include/vision_msgs/vision_msgs/msg/detail/autoaim_state__rosidl_typesupport_fastrtps_c.h
[0.983s] -- Up-to-date: /home/orangepi/GM/RESOURCES/ros2_ws/install/vision_msgs/include/vision_msgs/vision_msgs/msg/detail/armor__rosidl_typesupport_fastrtps_c.h
[0.984s] -- Up-to-date: /home/orangepi/GM/RESOURCES/ros2_ws/install/vision_msgs/include/vision_msgs/vision_msgs/msg/detail/armors__rosidl_typesupport_fastrtps_c.h
[0.984s] -- Up-to-date: /home/orangepi/GM/RESOURCES/ros2_ws/install/vision_msgs/include/vision_msgs/vision_msgs/msg/detail/point__rosidl_typesupport_fastrtps_c.h
[0.984s] -- Up-to-date: /home/orangepi/GM/RESOURCES/ros2_ws/install/vision_msgs/include/vision_msgs/vision_msgs/msg/rosidl_typesupport_fastrtps_c__visibility_control.h
[0.985s] -- Up-to-date: /home/orangepi/GM/RESOURCES/ros2_ws/install/vision_msgs/lib/libvision_msgs__rosidl_typesupport_fastrtps_c.so
[0.985s] -- Up-to-date: /home/orangepi/GM/RESOURCES/ros2_ws/install/vision_msgs/include/vision_msgs/vision_msgs
[0.985s] -- Up-to-date: /home/orangepi/GM/RESOURCES/ros2_ws/install/vision_msgs/include/vision_msgs/vision_msgs/msg
[0.986s] -- Up-to-date: /home/orangepi/GM/RESOURCES/ros2_ws/install/vision_msgs/include/vision_msgs/vision_msgs/msg/detail
[0.986s] -- Up-to-date: /home/orangepi/GM/RESOURCES/ros2_ws/install/vision_msgs/include/vision_msgs/vision_msgs/msg/detail/armors__rosidl_typesupport_introspection_c.h
[0.986s] -- Up-to-date: /home/orangepi/GM/RESOURCES/ros2_ws/install/vision_msgs/include/vision_msgs/vision_msgs/msg/detail/point__type_support.c
[0.986s] -- Up-to-date: /home/orangepi/GM/RESOURCES/ros2_ws/install/vision_msgs/include/vision_msgs/vision_msgs/msg/detail/armor__type_support.c
[0.987s] -- Up-to-date: /home/orangepi/GM/RESOURCES/ros2_ws/install/vision_msgs/include/vision_msgs/vision_msgs/msg/detail/armors__type_support.c
[0.987s] -- Up-to-date: /home/orangepi/GM/RESOURCES/ros2_ws/install/vision_msgs/include/vision_msgs/vision_msgs/msg/detail/point__rosidl_typesupport_introspection_c.h
[0.988s] -- Up-to-date: /home/orangepi/GM/RESOURCES/ros2_ws/install/vision_msgs/include/vision_msgs/vision_msgs/msg/detail/autoaim_state__type_support.c
[0.988s] -- Up-to-date: /home/orangepi/GM/RESOURCES/ros2_ws/install/vision_msgs/include/vision_msgs/vision_msgs/msg/detail/autoaim_state__rosidl_typesupport_introspection_c.h
[0.988s] -- Up-to-date: /home/orangepi/GM/RESOURCES/ros2_ws/install/vision_msgs/include/vision_msgs/vision_msgs/msg/detail/armor__rosidl_typesupport_introspection_c.h
[0.989s] -- Up-to-date: /home/orangepi/GM/RESOURCES/ros2_ws/install/vision_msgs/include/vision_msgs/vision_msgs/msg/rosidl_typesupport_introspection_c__visibility_control.h
[0.989s] -- Up-to-date: /home/orangepi/GM/RESOURCES/ros2_ws/install/vision_msgs/lib/libvision_msgs__rosidl_typesupport_introspection_c.so
[0.989s] -- Up-to-date: /home/orangepi/GM/RESOURCES/ros2_ws/install/vision_msgs/lib/libvision_msgs__rosidl_typesupport_c.so
[0.990s] -- Up-to-date: /home/orangepi/GM/RESOURCES/ros2_ws/install/vision_msgs/include/vision_msgs/vision_msgs
[0.990s] -- Up-to-date: /home/orangepi/GM/RESOURCES/ros2_ws/install/vision_msgs/include/vision_msgs/vision_msgs/msg
[0.990s] -- Up-to-date: /home/orangepi/GM/RESOURCES/ros2_ws/install/vision_msgs/include/vision_msgs/vision_msgs/msg/detail
[0.991s] -- Up-to-date: /home/orangepi/GM/RESOURCES/ros2_ws/install/vision_msgs/include/vision_msgs/vision_msgs/msg/detail/armor__traits.hpp
[0.991s] -- Up-to-date: /home/orangepi/GM/RESOURCES/ros2_ws/install/vision_msgs/include/vision_msgs/vision_msgs/msg/detail/point__traits.hpp
[0.991s] -- Up-to-date: /home/orangepi/GM/RESOURCES/ros2_ws/install/vision_msgs/include/vision_msgs/vision_msgs/msg/detail/armors__builder.hpp
[0.991s] -- Up-to-date: /home/orangepi/GM/RESOURCES/ros2_ws/install/vision_msgs/include/vision_msgs/vision_msgs/msg/detail/autoaim_state__builder.hpp
[0.992s] -- Up-to-date: /home/orangepi/GM/RESOURCES/ros2_ws/install/vision_msgs/include/vision_msgs/vision_msgs/msg/detail/armors__traits.hpp
[0.992s] -- Up-to-date: /home/orangepi/GM/RESOURCES/ros2_ws/install/vision_msgs/include/vision_msgs/vision_msgs/msg/detail/autoaim_state__struct.hpp
[0.993s] -- Up-to-date: /home/orangepi/GM/RESOURCES/ros2_ws/install/vision_msgs/include/vision_msgs/vision_msgs/msg/detail/point__struct.hpp
[0.993s] -- Up-to-date: /home/orangepi/GM/RESOURCES/ros2_ws/install/vision_msgs/include/vision_msgs/vision_msgs/msg/detail/armor__builder.hpp
[0.994s] -- Up-to-date: /home/orangepi/GM/RESOURCES/ros2_ws/install/vision_msgs/include/vision_msgs/vision_msgs/msg/detail/point__builder.hpp
[0.994s] -- Up-to-date: /home/orangepi/GM/RESOURCES/ros2_ws/install/vision_msgs/include/vision_msgs/vision_msgs/msg/detail/autoaim_state__traits.hpp
[0.994s] -- Up-to-date: /home/orangepi/GM/RESOURCES/ros2_ws/install/vision_msgs/include/vision_msgs/vision_msgs/msg/detail/armors__struct.hpp
[0.995s] -- Up-to-date: /home/orangepi/GM/RESOURCES/ros2_ws/install/vision_msgs/include/vision_msgs/vision_msgs/msg/detail/armor__struct.hpp
[0.995s] -- Up-to-date: /home/orangepi/GM/RESOURCES/ros2_ws/install/vision_msgs/include/vision_msgs/vision_msgs/msg/autoaim_state.hpp
[0.995s] -- Up-to-date: /home/orangepi/GM/RESOURCES/ros2_ws/install/vision_msgs/include/vision_msgs/vision_msgs/msg/armor.hpp
[0.996s] -- Up-to-date: /home/orangepi/GM/RESOURCES/ros2_ws/install/vision_msgs/include/vision_msgs/vision_msgs/msg/armors.hpp
[0.996s] -- Up-to-date: /home/orangepi/GM/RESOURCES/ros2_ws/install/vision_msgs/include/vision_msgs/vision_msgs/msg/point.hpp
[0.996s] -- Up-to-date: /home/orangepi/GM/RESOURCES/ros2_ws/install/vision_msgs/include/vision_msgs/vision_msgs
[0.997s] -- Up-to-date: /home/orangepi/GM/RESOURCES/ros2_ws/install/vision_msgs/include/vision_msgs/vision_msgs/msg
[0.997s] -- Up-to-date: /home/orangepi/GM/RESOURCES/ros2_ws/install/vision_msgs/include/vision_msgs/vision_msgs/msg/detail
[0.997s] -- Up-to-date: /home/orangepi/GM/RESOURCES/ros2_ws/install/vision_msgs/include/vision_msgs/vision_msgs/msg/detail/armor__rosidl_typesupport_fastrtps_cpp.hpp
[0.998s] -- Up-to-date: /home/orangepi/GM/RESOURCES/ros2_ws/install/vision_msgs/include/vision_msgs/vision_msgs/msg/detail/dds_fastrtps
[0.998s] -- Up-to-date: /home/orangepi/GM/RESOURCES/ros2_ws/install/vision_msgs/include/vision_msgs/vision_msgs/msg/detail/point__rosidl_typesupport_fastrtps_cpp.hpp
[0.998s] -- Up-to-date: /home/orangepi/GM/RESOURCES/ros2_ws/install/vision_msgs/include/vision_msgs/vision_msgs/msg/detail/armors__rosidl_typesupport_fastrtps_cpp.hpp
[0.999s] -- Up-to-date: /home/orangepi/GM/RESOURCES/ros2_ws/install/vision_msgs/include/vision_msgs/vision_msgs/msg/detail/autoaim_state__rosidl_typesupport_fastrtps_cpp.hpp
[0.999s] -- Up-to-date: /home/orangepi/GM/RESOURCES/ros2_ws/install/vision_msgs/include/vision_msgs/vision_msgs/msg/rosidl_typesupport_fastrtps_cpp__visibility_control.h
[1.000s] -- Up-to-date: /home/orangepi/GM/RESOURCES/ros2_ws/install/vision_msgs/lib/libvision_msgs__rosidl_typesupport_fastrtps_cpp.so
[1.000s] -- Up-to-date: /home/orangepi/GM/RESOURCES/ros2_ws/install/vision_msgs/include/vision_msgs/vision_msgs
[1.001s] -- Up-to-date: /home/orangepi/GM/RESOURCES/ros2_ws/install/vision_msgs/include/vision_msgs/vision_msgs/msg
[1.002s] -- Up-to-date: /home/orangepi/GM/RESOURCES/ros2_ws/install/vision_msgs/include/vision_msgs/vision_msgs/msg/detail
[1.002s] -- Up-to-date: /home/orangepi/GM/RESOURCES/ros2_ws/install/vision_msgs/include/vision_msgs/vision_msgs/msg/detail/autoaim_state__type_support.cpp
[1.003s] -- Up-to-date: /home/orangepi/GM/RESOURCES/ros2_ws/install/vision_msgs/include/vision_msgs/vision_msgs/msg/detail/point__rosidl_typesupport_introspection_cpp.hpp
[1.003s] -- Up-to-date: /home/orangepi/GM/RESOURCES/ros2_ws/install/vision_msgs/include/vision_msgs/vision_msgs/msg/detail/autoaim_state__rosidl_typesupport_introspection_cpp.hpp
[1.003s] -- Up-to-date: /home/orangepi/GM/RESOURCES/ros2_ws/install/vision_msgs/include/vision_msgs/vision_msgs/msg/detail/armor__rosidl_typesupport_introspection_cpp.hpp
[1.004s] -- Up-to-date: /home/orangepi/GM/RESOURCES/ros2_ws/install/vision_msgs/include/vision_msgs/vision_msgs/msg/detail/armors__rosidl_typesupport_introspection_cpp.hpp
[1.004s] -- Up-to-date: /home/orangepi/GM/RESOURCES/ros2_ws/install/vision_msgs/include/vision_msgs/vision_msgs/msg/detail/point__type_support.cpp
[1.005s] -- Up-to-date: /home/orangepi/GM/RESOURCES/ros2_ws/install/vision_msgs/include/vision_msgs/vision_msgs/msg/detail/armor__type_support.cpp
[1.005s] -- Up-to-date: /home/orangepi/GM/RESOURCES/ros2_ws/install/vision_msgs/include/vision_msgs/vision_msgs/msg/detail/armors__type_support.cpp
[1.006s] -- Up-to-date: /home/orangepi/GM/RESOURCES/ros2_ws/install/vision_msgs/lib/libvision_msgs__rosidl_typesupport_introspection_cpp.so
[1.006s] -- Up-to-date: /home/orangepi/GM/RESOURCES/ros2_ws/install/vision_msgs/lib/libvision_msgs__rosidl_typesupport_cpp.so
[1.007s] -- Up-to-date: /home/orangepi/GM/RESOURCES/ros2_ws/install/vision_msgs/share/vision_msgs/environment/pythonpath.sh
[1.007s] -- Up-to-date: /home/orangepi/GM/RESOURCES/ros2_ws/install/vision_msgs/share/vision_msgs/environment/pythonpath.dsv
[1.008s] -- Up-to-date: /home/orangepi/GM/RESOURCES/ros2_ws/install/vision_msgs/local/lib/python3.10/dist-packages/vision_msgs-0.0.0-py3.10.egg-info
[1.008s] -- Installing: /home/orangepi/GM/RESOURCES/ros2_ws/install/vision_msgs/local/lib/python3.10/dist-packages/vision_msgs-0.0.0-py3.10.egg-info/top_level.txt
[1.009s] -- Installing: /home/orangepi/GM/RESOURCES/ros2_ws/install/vision_msgs/local/lib/python3.10/dist-packages/vision_msgs-0.0.0-py3.10.egg-info/PKG-INFO
[1.009s] -- Installing: /home/orangepi/GM/RESOURCES/ros2_ws/install/vision_msgs/local/lib/python3.10/dist-packages/vision_msgs-0.0.0-py3.10.egg-info/SOURCES.txt
[1.010s] -- Installing: /home/orangepi/GM/RESOURCES/ros2_ws/install/vision_msgs/local/lib/python3.10/dist-packages/vision_msgs-0.0.0-py3.10.egg-info/dependency_links.txt
[1.010s] -- Up-to-date: /home/orangepi/GM/RESOURCES/ros2_ws/install/vision_msgs/local/lib/python3.10/dist-packages/vision_msgs
[1.011s] -- Up-to-date: /home/orangepi/GM/RESOURCES/ros2_ws/install/vision_msgs/local/lib/python3.10/dist-packages/vision_msgs/msg
[1.011s] -- Up-to-date: /home/orangepi/GM/RESOURCES/ros2_ws/install/vision_msgs/local/lib/python3.10/dist-packages/vision_msgs/msg/__init__.py
[1.012s] -- Up-to-date: /home/orangepi/GM/RESOURCES/ros2_ws/install/vision_msgs/local/lib/python3.10/dist-packages/vision_msgs/msg/_armor_s.c
[1.012s] -- Up-to-date: /home/orangepi/GM/RESOURCES/ros2_ws/install/vision_msgs/local/lib/python3.10/dist-packages/vision_msgs/msg/_point.py
[1.012s] -- Up-to-date: /home/orangepi/GM/RESOURCES/ros2_ws/install/vision_msgs/local/lib/python3.10/dist-packages/vision_msgs/msg/_armors.py
[1.013s] -- Up-to-date: /home/orangepi/GM/RESOURCES/ros2_ws/install/vision_msgs/local/lib/python3.10/dist-packages/vision_msgs/msg/_point_s.c
[1.014s] -- Up-to-date: /home/orangepi/GM/RESOURCES/ros2_ws/install/vision_msgs/local/lib/python3.10/dist-packages/vision_msgs/msg/_armor.py
[1.014s] -- Up-to-date: /home/orangepi/GM/RESOURCES/ros2_ws/install/vision_msgs/local/lib/python3.10/dist-packages/vision_msgs/msg/_autoaim_state.py
[1.015s] -- Up-to-date: /home/orangepi/GM/RESOURCES/ros2_ws/install/vision_msgs/local/lib/python3.10/dist-packages/vision_msgs/msg/_autoaim_state_s.c
[1.015s] -- Up-to-date: /home/orangepi/GM/RESOURCES/ros2_ws/install/vision_msgs/local/lib/python3.10/dist-packages/vision_msgs/msg/_armors_s.c
[1.015s] -- Up-to-date: /home/orangepi/GM/RESOURCES/ros2_ws/install/vision_msgs/local/lib/python3.10/dist-packages/vision_msgs/_vision_msgs_s.ep.rosidl_typesupport_introspection_c.c
[1.016s] -- Up-to-date: /home/orangepi/GM/RESOURCES/ros2_ws/install/vision_msgs/local/lib/python3.10/dist-packages/vision_msgs/__init__.py
[1.016s] -- Up-to-date: /home/orangepi/GM/RESOURCES/ros2_ws/install/vision_msgs/local/lib/python3.10/dist-packages/vision_msgs/vision_msgs_s__rosidl_typesupport_fastrtps_c.cpython-310-aarch64-linux-gnu.so
[1.017s] -- Up-to-date: /home/orangepi/GM/RESOURCES/ros2_ws/install/vision_msgs/local/lib/python3.10/dist-packages/vision_msgs/libvision_msgs__rosidl_generator_py.so
[1.017s] -- Up-to-date: /home/orangepi/GM/RESOURCES/ros2_ws/install/vision_msgs/local/lib/python3.10/dist-packages/vision_msgs/vision_msgs_s__rosidl_typesupport_c.cpython-310-aarch64-linux-gnu.so
[1.018s] -- Up-to-date: /home/orangepi/GM/RESOURCES/ros2_ws/install/vision_msgs/local/lib/python3.10/dist-packages/vision_msgs/_vision_msgs_s.ep.rosidl_typesupport_c.c
[1.018s] -- Up-to-date: /home/orangepi/GM/RESOURCES/ros2_ws/install/vision_msgs/local/lib/python3.10/dist-packages/vision_msgs/vision_msgs_s__rosidl_typesupport_introspection_c.cpython-310-aarch64-linux-gnu.so
[1.018s] -- Up-to-date: /home/orangepi/GM/RESOURCES/ros2_ws/install/vision_msgs/local/lib/python3.10/dist-packages/vision_msgs/_vision_msgs_s.ep.rosidl_typesupport_fastrtps_c.c
[1.048s] Listing '/home/orangepi/GM/RESOURCES/ros2_ws/install/vision_msgs/local/lib/python3.10/dist-packages/vision_msgs'...
[1.048s] Listing '/home/orangepi/GM/RESOURCES/ros2_ws/install/vision_msgs/local/lib/python3.10/dist-packages/vision_msgs/msg'...
[1.064s] -- Up-to-date: /home/orangepi/GM/RESOURCES/ros2_ws/install/vision_msgs/local/lib/python3.10/dist-packages/vision_msgs/vision_msgs_s__rosidl_typesupport_fastrtps_c.cpython-310-aarch64-linux-gnu.so
[1.064s] -- Up-to-date: /home/orangepi/GM/RESOURCES/ros2_ws/install/vision_msgs/local/lib/python3.10/dist-packages/vision_msgs/vision_msgs_s__rosidl_typesupport_introspection_c.cpython-310-aarch64-linux-gnu.so
[1.065s] -- Up-to-date: /home/orangepi/GM/RESOURCES/ros2_ws/install/vision_msgs/local/lib/python3.10/dist-packages/vision_msgs/vision_msgs_s__rosidl_typesupport_c.cpython-310-aarch64-linux-gnu.so
[1.065s] -- Up-to-date: /home/orangepi/GM/RESOURCES/ros2_ws/install/vision_msgs/lib/libvision_msgs__rosidl_generator_py.so
[1.065s] -- Up-to-date: /home/orangepi/GM/RESOURCES/ros2_ws/install/vision_msgs/share/vision_msgs/msg/Point.idl
[1.065s] -- Up-to-date: /home/orangepi/GM/RESOURCES/ros2_ws/install/vision_msgs/share/vision_msgs/msg/Armor.idl
[1.065s] -- Up-to-date: /home/orangepi/GM/RESOURCES/ros2_ws/install/vision_msgs/share/vision_msgs/msg/Armors.idl
[1.065s] -- Up-to-date: /home/orangepi/GM/RESOURCES/ros2_ws/install/vision_msgs/share/vision_msgs/msg/AutoaimState.idl
[1.065s] -- Up-to-date: /home/orangepi/GM/RESOURCES/ros2_ws/install/vision_msgs/share/vision_msgs/msg/Point.msg
[1.065s] -- Up-to-date: /home/orangepi/GM/RESOURCES/ros2_ws/install/vision_msgs/share/vision_msgs/msg/Armor.msg
[1.066s] -- Up-to-date: /home/orangepi/GM/RESOURCES/ros2_ws/install/vision_msgs/share/vision_msgs/msg/Armors.msg
[1.066s] -- Up-to-date: /home/orangepi/GM/RESOURCES/ros2_ws/install/vision_msgs/share/vision_msgs/msg/AutoaimState.msg
[1.066s] -- Up-to-date: /home/orangepi/GM/RESOURCES/ros2_ws/install/vision_msgs/share/ament_index/resource_index/package_run_dependencies/vision_msgs
[1.066s] -- Up-to-date: /home/orangepi/GM/RESOURCES/ros2_ws/install/vision_msgs/share/ament_index/resource_index/parent_prefix_path/vision_msgs
[1.066s] -- Up-to-date: /home/orangepi/GM/RESOURCES/ros2_ws/install/vision_msgs/share/vision_msgs/environment/ament_prefix_path.sh
[1.066s] -- Up-to-date: /home/orangepi/GM/RESOURCES/ros2_ws/install/vision_msgs/share/vision_msgs/environment/ament_prefix_path.dsv
[1.066s] -- Up-to-date: /home/orangepi/GM/RESOURCES/ros2_ws/install/vision_msgs/share/vision_msgs/environment/path.sh
[1.066s] -- Up-to-date: /home/orangepi/GM/RESOURCES/ros2_ws/install/vision_msgs/share/vision_msgs/environment/path.dsv
[1.066s] -- Up-to-date: /home/orangepi/GM/RESOURCES/ros2_ws/install/vision_msgs/share/vision_msgs/local_setup.bash
[1.066s] -- Up-to-date: /home/orangepi/GM/RESOURCES/ros2_ws/install/vision_msgs/share/vision_msgs/local_setup.sh
[1.066s] -- Up-to-date: /home/orangepi/GM/RESOURCES/ros2_ws/install/vision_msgs/share/vision_msgs/local_setup.zsh
[1.066s] -- Up-to-date: /home/orangepi/GM/RESOURCES/ros2_ws/install/vision_msgs/share/vision_msgs/local_setup.dsv
[1.067s] -- Installing: /home/orangepi/GM/RESOURCES/ros2_ws/install/vision_msgs/share/vision_msgs/package.dsv
[1.067s] -- Up-to-date: /home/orangepi/GM/RESOURCES/ros2_ws/install/vision_msgs/share/ament_index/resource_index/packages/vision_msgs
[1.067s] -- Up-to-date: /home/orangepi/GM/RESOURCES/ros2_ws/install/vision_msgs/share/vision_msgs/cmake/export_vision_msgs__rosidl_generator_cExport.cmake
[1.067s] -- Up-to-date: /home/orangepi/GM/RESOURCES/ros2_ws/install/vision_msgs/share/vision_msgs/cmake/export_vision_msgs__rosidl_generator_cExport-noconfig.cmake
[1.067s] -- Up-to-date: /home/orangepi/GM/RESOURCES/ros2_ws/install/vision_msgs/share/vision_msgs/cmake/export_vision_msgs__rosidl_typesupport_fastrtps_cExport.cmake
[1.067s] -- Up-to-date: /home/orangepi/GM/RESOURCES/ros2_ws/install/vision_msgs/share/vision_msgs/cmake/export_vision_msgs__rosidl_typesupport_fastrtps_cExport-noconfig.cmake
[1.067s] -- Up-to-date: /home/orangepi/GM/RESOURCES/ros2_ws/install/vision_msgs/share/vision_msgs/cmake/vision_msgs__rosidl_typesupport_introspection_cExport.cmake
[1.067s] -- Up-to-date: /home/orangepi/GM/RESOURCES/ros2_ws/install/vision_msgs/share/vision_msgs/cmake/vision_msgs__rosidl_typesupport_introspection_cExport-noconfig.cmake
[1.067s] -- Up-to-date: /home/orangepi/GM/RESOURCES/ros2_ws/install/vision_msgs/share/vision_msgs/cmake/vision_msgs__rosidl_typesupport_cExport.cmake
[1.067s] -- Up-to-date: /home/orangepi/GM/RESOURCES/ros2_ws/install/vision_msgs/share/vision_msgs/cmake/vision_msgs__rosidl_typesupport_cExport-noconfig.cmake
[1.068s] -- Up-to-date: /home/orangepi/GM/RESOURCES/ros2_ws/install/vision_msgs/share/vision_msgs/cmake/export_vision_msgs__rosidl_generator_cppExport.cmake
[1.068s] -- Up-to-date: /home/orangepi/GM/RESOURCES/ros2_ws/install/vision_msgs/share/vision_msgs/cmake/export_vision_msgs__rosidl_typesupport_fastrtps_cppExport.cmake
[1.068s] -- Up-to-date: /home/orangepi/GM/RESOURCES/ros2_ws/install/vision_msgs/share/vision_msgs/cmake/export_vision_msgs__rosidl_typesupport_fastrtps_cppExport-noconfig.cmake
[1.068s] -- Up-to-date: /home/orangepi/GM/RESOURCES/ros2_ws/install/vision_msgs/share/vision_msgs/cmake/vision_msgs__rosidl_typesupport_introspection_cppExport.cmake
[1.068s] -- Up-to-date: /home/orangepi/GM/RESOURCES/ros2_ws/install/vision_msgs/share/vision_msgs/cmake/vision_msgs__rosidl_typesupport_introspection_cppExport-noconfig.cmake
[1.068s] -- Up-to-date: /home/orangepi/GM/RESOURCES/ros2_ws/install/vision_msgs/share/vision_msgs/cmake/vision_msgs__rosidl_typesupport_cppExport.cmake
[1.068s] -- Up-to-date: /home/orangepi/GM/RESOURCES/ros2_ws/install/vision_msgs/share/vision_msgs/cmake/vision_msgs__rosidl_typesupport_cppExport-noconfig.cmake
[1.068s] -- Up-to-date: /home/orangepi/GM/RESOURCES/ros2_ws/install/vision_msgs/share/vision_msgs/cmake/export_vision_msgs__rosidl_generator_pyExport.cmake
[1.068s] -- Up-to-date: /home/orangepi/GM/RESOURCES/ros2_ws/install/vision_msgs/share/vision_msgs/cmake/export_vision_msgs__rosidl_generator_pyExport-noconfig.cmake
[1.068s] -- Up-to-date: /home/orangepi/GM/RESOURCES/ros2_ws/install/vision_msgs/share/vision_msgs/cmake/rosidl_cmake-extras.cmake
[1.069s] -- Up-to-date: /home/orangepi/GM/RESOURCES/ros2_ws/install/vision_msgs/share/vision_msgs/cmake/ament_cmake_export_dependencies-extras.cmake
[1.069s] -- Up-to-date: /home/orangepi/GM/RESOURCES/ros2_ws/install/vision_msgs/share/vision_msgs/cmake/ament_cmake_export_include_directories-extras.cmake
[1.069s] -- Up-to-date: /home/orangepi/GM/RESOURCES/ros2_ws/install/vision_msgs/share/vision_msgs/cmake/ament_cmake_export_libraries-extras.cmake
[1.069s] -- Up-to-date: /home/orangepi/GM/RESOURCES/ros2_ws/install/vision_msgs/share/vision_msgs/cmake/ament_cmake_export_targets-extras.cmake
[1.069s] -- Up-to-date: /home/orangepi/GM/RESOURCES/ros2_ws/install/vision_msgs/share/vision_msgs/cmake/rosidl_cmake_export_typesupport_targets-extras.cmake
[1.069s] -- Up-to-date: /home/orangepi/GM/RESOURCES/ros2_ws/install/vision_msgs/share/vision_msgs/cmake/rosidl_cmake_export_typesupport_libraries-extras.cmake
[1.069s] -- Up-to-date: /home/orangepi/GM/RESOURCES/ros2_ws/install/vision_msgs/share/vision_msgs/cmake/vision_msgsConfig.cmake
[1.069s] -- Up-to-date: /home/orangepi/GM/RESOURCES/ros2_ws/install/vision_msgs/share/vision_msgs/cmake/vision_msgsConfig-version.cmake
[1.069s] -- Up-to-date: /home/orangepi/GM/RESOURCES/ros2_ws/install/vision_msgs/share/vision_msgs/package.xml
[1.074s] Invoked command in '/home/orangepi/GM/RESOURCES/ros2_ws/build/vision_msgs' returned '0': CMAKE_PREFIX_PATH=${CMAKE_PREFIX_PATH}:/opt/ros/humble /usr/bin/cmake --install /home/orangepi/GM/RESOURCES/ros2_ws/build/vision_msgs
