[6.476s] Invoking command in '/home/orangepi/GM/com': PYTHONPATH=/home/orangepi/GM/build/com/prefix_override:/usr/lib/python3/dist-packages/colcon_core/task/python/colcon_distutils_commands:/home/orangepi/GM/install/com/lib/python3.10/site-packages:${PYTHONPATH} /usr/bin/python3 -W ignore:setup.py install is deprecated setup.py egg_info --egg-base ../build/com build --build-base /home/orangepi/GM/build/com/build install --record /home/orangepi/GM/build/com/install.log --single-version-externally-managed install_data
[8.949s] running egg_info
[8.954s] writing ../build/com/com.egg-info/PKG-INFO
[8.957s] writing dependency_links to ../build/com/com.egg-info/dependency_links.txt
[8.959s] writing entry points to ../build/com/com.egg-info/entry_points.txt
[8.961s] writing requirements to ../build/com/com.egg-info/requires.txt
[8.962s] writing top-level names to ../build/com/com.egg-info/top_level.txt
[9.024s] reading manifest file '../build/com/com.egg-info/SOURCES.txt'
[9.037s] writing manifest file '../build/com/com.egg-info/SOURCES.txt'
[9.038s] running build
[9.039s] running build_py
[9.042s] copying com/com_sub.py -> /home/orangepi/GM/build/com/build/lib/com
[9.046s] running install
[9.048s] running install_lib
[9.061s] copying /home/orangepi/GM/build/com/build/lib/com/com_sub.py -> /home/orangepi/GM/install/com/lib/python3.10/site-packages/com
[9.069s] byte-compiling /home/orangepi/GM/install/com/lib/python3.10/site-packages/com/com_sub.py to com_sub.cpython-310.pyc
[9.077s] running install_data
[9.080s] running install_egg_info
[9.117s] removing '/home/orangepi/GM/install/com/lib/python3.10/site-packages/com-0.0.0-py3.10.egg-info' (and everything under it)
[9.121s] Copying ../build/com/com.egg-info to /home/orangepi/GM/install/com/lib/python3.10/site-packages/com-0.0.0-py3.10.egg-info
[9.138s] running install_scripts
[9.343s] Installing com_sub script to /home/orangepi/GM/install/com/lib/com
[9.347s] writing list of installed files to '/home/orangepi/GM/build/com/install.log'
[9.663s] Invoked command in '/home/orangepi/GM/com' returned '0': PYTHONPATH=/home/orangepi/GM/build/com/prefix_override:/usr/lib/python3/dist-packages/colcon_core/task/python/colcon_distutils_commands:/home/orangepi/GM/install/com/lib/python3.10/site-packages:${PYTHONPATH} /usr/bin/python3 -W ignore:setup.py install is deprecated setup.py egg_info --egg-base ../build/com build --build-base /home/orangepi/GM/build/com/build install --record /home/orangepi/GM/build/com/install.log --single-version-externally-managed install_data
