[0.127s] DEBUG:colcon:Command line arguments: ['/usr/bin/colcon', 'build']
[0.127s] DEBUG:colcon:Parsed command line arguments: Namespace(log_base=None, log_level=None, verb_name='build', build_base='build', install_base='install', merge_install=False, symlink_install=False, test_result_base=None, continue_on_error=False, executor='parallel', parallel_workers=8, event_handlers=None, ignore_user_meta=False, metas=['./colcon.meta'], base_paths=['.'], packages_ignore=None, packages_ignore_regex=None, paths=None, packages_up_to=None, packages_up_to_regex=None, packages_above=None, packages_above_and_dependencies=None, packages_above_depth=None, packages_select_by_dep=None, packages_skip_by_dep=None, packages_skip_up_to=None, packages_select_build_failed=False, packages_skip_build_finished=False, packages_select_test_failures=False, packages_skip_test_passed=False, packages_select=None, packages_skip=None, packages_select_regex=None, packages_skip_regex=None, packages_start=None, packages_end=None, cmake_args=None, cmake_target=None, cmake_target_skip_unavailable=False, cmake_clean_cache=False, cmake_clean_first=False, cmake_force_configure=False, ament_cmake_args=None, catkin_cmake_args=None, catkin_skip_building_tests=False, verb_parser=<colcon_defaults.argument_parser.defaults.DefaultArgumentsDecorator object at 0x7fb354fa00>, verb_extension=<colcon_core.verb.build.BuildVerb object at 0x7fb36b4640>, main=<bound method BuildVerb.main of <colcon_core.verb.build.BuildVerb object at 0x7fb36b4640>>)
[0.304s] Level 1:colcon.colcon_core.package_discovery:discover_packages(colcon_meta) check parameters
[0.305s] Level 1:colcon.colcon_core.package_discovery:discover_packages(recursive) check parameters
[0.305s] Level 1:colcon.colcon_core.package_discovery:discover_packages(ignore) check parameters
[0.305s] Level 1:colcon.colcon_core.package_discovery:discover_packages(path) check parameters
[0.305s] Level 1:colcon.colcon_core.package_discovery:discover_packages(colcon_meta) discover
[0.305s] Level 1:colcon.colcon_core.package_discovery:discover_packages(recursive) discover
[0.305s] INFO:colcon.colcon_core.package_discovery:Crawling recursively for packages in '/home/orangepi/GM/RESOURCES/ros2_ws'
[0.305s] Level 1:colcon.colcon_core.package_identification:_identify(.) by extensions ['ignore', 'ignore_ament_install']
[0.305s] Level 1:colcon.colcon_core.package_identification:_identify(.) by extension 'ignore'
[0.305s] Level 1:colcon.colcon_core.package_identification:_identify(.) by extension 'ignore_ament_install'
[0.305s] Level 1:colcon.colcon_core.package_identification:_identify(.) by extensions ['colcon_pkg']
[0.305s] Level 1:colcon.colcon_core.package_identification:_identify(.) by extension 'colcon_pkg'
[0.305s] Level 1:colcon.colcon_core.package_identification:_identify(.) by extensions ['colcon_meta']
[0.305s] Level 1:colcon.colcon_core.package_identification:_identify(.) by extension 'colcon_meta'
[0.306s] Level 1:colcon.colcon_core.package_identification:_identify(.) by extensions ['ros']
[0.306s] Level 1:colcon.colcon_core.package_identification:_identify(.) by extension 'ros'
[0.322s] Level 1:colcon.colcon_core.package_identification:_identify(.) by extensions ['cmake', 'python']
[0.322s] Level 1:colcon.colcon_core.package_identification:_identify(.) by extension 'cmake'
[0.322s] Level 1:colcon.colcon_core.package_identification:_identify(.) by extension 'python'
[0.323s] Level 1:colcon.colcon_core.package_identification:_identify(.) by extensions ['python_setup_py']
[0.323s] Level 1:colcon.colcon_core.package_identification:_identify(.) by extension 'python_setup_py'
[0.323s] Level 1:colcon.colcon_core.package_identification:_identify(build) by extensions ['ignore', 'ignore_ament_install']
[0.323s] Level 1:colcon.colcon_core.package_identification:_identify(build) by extension 'ignore'
[0.323s] Level 1:colcon.colcon_core.package_identification:_identify(build) ignored
[0.323s] Level 1:colcon.colcon_core.package_identification:_identify(install) by extensions ['ignore', 'ignore_ament_install']
[0.323s] Level 1:colcon.colcon_core.package_identification:_identify(install) by extension 'ignore'
[0.323s] Level 1:colcon.colcon_core.package_identification:_identify(install) ignored
[0.323s] Level 1:colcon.colcon_core.package_identification:_identify(log) by extensions ['ignore', 'ignore_ament_install']
[0.324s] Level 1:colcon.colcon_core.package_identification:_identify(log) by extension 'ignore'
[0.324s] Level 1:colcon.colcon_core.package_identification:_identify(log) ignored
[0.324s] Level 1:colcon.colcon_core.package_identification:_identify(src) by extensions ['ignore', 'ignore_ament_install']
[0.324s] Level 1:colcon.colcon_core.package_identification:_identify(src) by extension 'ignore'
[0.324s] Level 1:colcon.colcon_core.package_identification:_identify(src) by extension 'ignore_ament_install'
[0.324s] Level 1:colcon.colcon_core.package_identification:_identify(src) by extensions ['colcon_pkg']
[0.324s] Level 1:colcon.colcon_core.package_identification:_identify(src) by extension 'colcon_pkg'
[0.324s] Level 1:colcon.colcon_core.package_identification:_identify(src) by extensions ['colcon_meta']
[0.324s] Level 1:colcon.colcon_core.package_identification:_identify(src) by extension 'colcon_meta'
[0.324s] Level 1:colcon.colcon_core.package_identification:_identify(src) by extensions ['ros']
[0.324s] Level 1:colcon.colcon_core.package_identification:_identify(src) by extension 'ros'
[0.324s] Level 1:colcon.colcon_core.package_identification:_identify(src) by extensions ['cmake', 'python']
[0.324s] Level 1:colcon.colcon_core.package_identification:_identify(src) by extension 'cmake'
[0.324s] Level 1:colcon.colcon_core.package_identification:_identify(src) by extension 'python'
[0.324s] Level 1:colcon.colcon_core.package_identification:_identify(src) by extensions ['python_setup_py']
[0.324s] Level 1:colcon.colcon_core.package_identification:_identify(src) by extension 'python_setup_py'
[0.324s] Level 1:colcon.colcon_core.package_identification:_identify(src/contact) by extensions ['ignore', 'ignore_ament_install']
[0.324s] Level 1:colcon.colcon_core.package_identification:_identify(src/contact) by extension 'ignore'
[0.325s] Level 1:colcon.colcon_core.package_identification:_identify(src/contact) by extension 'ignore_ament_install'
[0.325s] Level 1:colcon.colcon_core.package_identification:_identify(src/contact) by extensions ['colcon_pkg']
[0.325s] Level 1:colcon.colcon_core.package_identification:_identify(src/contact) by extension 'colcon_pkg'
[0.325s] Level 1:colcon.colcon_core.package_identification:_identify(src/contact) by extensions ['colcon_meta']
[0.325s] Level 1:colcon.colcon_core.package_identification:_identify(src/contact) by extension 'colcon_meta'
[0.325s] Level 1:colcon.colcon_core.package_identification:_identify(src/contact) by extensions ['ros']
[0.325s] Level 1:colcon.colcon_core.package_identification:_identify(src/contact) by extension 'ros'
[0.328s] DEBUG:colcon.colcon_core.package_identification:Package 'src/contact' with type 'ros.ament_cmake' and name 'contact'
[0.328s] Level 1:colcon.colcon_core.package_identification:_identify(src/hero_msgs) by extensions ['ignore', 'ignore_ament_install']
[0.329s] Level 1:colcon.colcon_core.package_identification:_identify(src/hero_msgs) by extension 'ignore'
[0.329s] Level 1:colcon.colcon_core.package_identification:_identify(src/hero_msgs) by extension 'ignore_ament_install'
[0.329s] Level 1:colcon.colcon_core.package_identification:_identify(src/hero_msgs) by extensions ['colcon_pkg']
[0.329s] Level 1:colcon.colcon_core.package_identification:_identify(src/hero_msgs) by extension 'colcon_pkg'
[0.329s] Level 1:colcon.colcon_core.package_identification:_identify(src/hero_msgs) by extensions ['colcon_meta']
[0.329s] Level 1:colcon.colcon_core.package_identification:_identify(src/hero_msgs) by extension 'colcon_meta'
[0.329s] Level 1:colcon.colcon_core.package_identification:_identify(src/hero_msgs) by extensions ['ros']
[0.329s] Level 1:colcon.colcon_core.package_identification:_identify(src/hero_msgs) by extension 'ros'
[0.330s] DEBUG:colcon.colcon_core.package_identification:Package 'src/hero_msgs' with type 'ros.ament_cmake' and name 'hero_msgs'
[0.330s] Level 1:colcon.colcon_core.package_identification:_identify(src/vision_msgs) by extensions ['ignore', 'ignore_ament_install']
[0.330s] Level 1:colcon.colcon_core.package_identification:_identify(src/vision_msgs) by extension 'ignore'
[0.330s] Level 1:colcon.colcon_core.package_identification:_identify(src/vision_msgs) by extension 'ignore_ament_install'
[0.330s] Level 1:colcon.colcon_core.package_identification:_identify(src/vision_msgs) by extensions ['colcon_pkg']
[0.330s] Level 1:colcon.colcon_core.package_identification:_identify(src/vision_msgs) by extension 'colcon_pkg'
[0.330s] Level 1:colcon.colcon_core.package_identification:_identify(src/vision_msgs) by extensions ['colcon_meta']
[0.330s] Level 1:colcon.colcon_core.package_identification:_identify(src/vision_msgs) by extension 'colcon_meta'
[0.330s] Level 1:colcon.colcon_core.package_identification:_identify(src/vision_msgs) by extensions ['ros']
[0.330s] Level 1:colcon.colcon_core.package_identification:_identify(src/vision_msgs) by extension 'ros'
[0.331s] DEBUG:colcon.colcon_core.package_identification:Package 'src/vision_msgs' with type 'ros.ament_cmake' and name 'vision_msgs'
[0.331s] Level 1:colcon.colcon_core.package_discovery:discover_packages(recursive) using defaults
[0.331s] Level 1:colcon.colcon_core.package_discovery:discover_packages(ignore) discover
[0.331s] Level 1:colcon.colcon_core.package_discovery:discover_packages(ignore) using defaults
[0.331s] Level 1:colcon.colcon_core.package_discovery:discover_packages(path) discover
[0.331s] Level 1:colcon.colcon_core.package_discovery:discover_packages(path) using defaults
[0.356s] Level 5:colcon.colcon_core.verb:set package 'hero_msgs' build argument 'cmake_args' from command line to 'None'
[0.356s] Level 5:colcon.colcon_core.verb:set package 'hero_msgs' build argument 'cmake_target' from command line to 'None'
[0.356s] Level 5:colcon.colcon_core.verb:set package 'hero_msgs' build argument 'cmake_target_skip_unavailable' from command line to 'False'
[0.356s] Level 5:colcon.colcon_core.verb:set package 'hero_msgs' build argument 'cmake_clean_cache' from command line to 'False'
[0.356s] Level 5:colcon.colcon_core.verb:set package 'hero_msgs' build argument 'cmake_clean_first' from command line to 'False'
[0.356s] Level 5:colcon.colcon_core.verb:set package 'hero_msgs' build argument 'cmake_force_configure' from command line to 'False'
[0.356s] Level 5:colcon.colcon_core.verb:set package 'hero_msgs' build argument 'ament_cmake_args' from command line to 'None'
[0.356s] Level 5:colcon.colcon_core.verb:set package 'hero_msgs' build argument 'catkin_cmake_args' from command line to 'None'
[0.356s] Level 5:colcon.colcon_core.verb:set package 'hero_msgs' build argument 'catkin_skip_building_tests' from command line to 'False'
[0.356s] DEBUG:colcon.colcon_core.verb:Building package 'hero_msgs' with the following arguments: {'ament_cmake_args': None, 'build_base': '/home/orangepi/GM/RESOURCES/ros2_ws/build/hero_msgs', 'catkin_cmake_args': None, 'catkin_skip_building_tests': False, 'cmake_args': None, 'cmake_clean_cache': False, 'cmake_clean_first': False, 'cmake_force_configure': False, 'cmake_target': None, 'cmake_target_skip_unavailable': False, 'install_base': '/home/orangepi/GM/RESOURCES/ros2_ws/install/hero_msgs', 'merge_install': False, 'path': '/home/orangepi/GM/RESOURCES/ros2_ws/src/hero_msgs', 'symlink_install': False, 'test_result_base': None}
[0.357s] Level 5:colcon.colcon_core.verb:set package 'vision_msgs' build argument 'cmake_args' from command line to 'None'
[0.357s] Level 5:colcon.colcon_core.verb:set package 'vision_msgs' build argument 'cmake_target' from command line to 'None'
[0.357s] Level 5:colcon.colcon_core.verb:set package 'vision_msgs' build argument 'cmake_target_skip_unavailable' from command line to 'False'
[0.357s] Level 5:colcon.colcon_core.verb:set package 'vision_msgs' build argument 'cmake_clean_cache' from command line to 'False'
[0.357s] Level 5:colcon.colcon_core.verb:set package 'vision_msgs' build argument 'cmake_clean_first' from command line to 'False'
[0.357s] Level 5:colcon.colcon_core.verb:set package 'vision_msgs' build argument 'cmake_force_configure' from command line to 'False'
[0.357s] Level 5:colcon.colcon_core.verb:set package 'vision_msgs' build argument 'ament_cmake_args' from command line to 'None'
[0.357s] Level 5:colcon.colcon_core.verb:set package 'vision_msgs' build argument 'catkin_cmake_args' from command line to 'None'
[0.357s] Level 5:colcon.colcon_core.verb:set package 'vision_msgs' build argument 'catkin_skip_building_tests' from command line to 'False'
[0.357s] DEBUG:colcon.colcon_core.verb:Building package 'vision_msgs' with the following arguments: {'ament_cmake_args': None, 'build_base': '/home/orangepi/GM/RESOURCES/ros2_ws/build/vision_msgs', 'catkin_cmake_args': None, 'catkin_skip_building_tests': False, 'cmake_args': None, 'cmake_clean_cache': False, 'cmake_clean_first': False, 'cmake_force_configure': False, 'cmake_target': None, 'cmake_target_skip_unavailable': False, 'install_base': '/home/orangepi/GM/RESOURCES/ros2_ws/install/vision_msgs', 'merge_install': False, 'path': '/home/orangepi/GM/RESOURCES/ros2_ws/src/vision_msgs', 'symlink_install': False, 'test_result_base': None}
[0.358s] Level 5:colcon.colcon_core.verb:set package 'contact' build argument 'cmake_args' from command line to 'None'
[0.358s] Level 5:colcon.colcon_core.verb:set package 'contact' build argument 'cmake_target' from command line to 'None'
[0.358s] Level 5:colcon.colcon_core.verb:set package 'contact' build argument 'cmake_target_skip_unavailable' from command line to 'False'
[0.358s] Level 5:colcon.colcon_core.verb:set package 'contact' build argument 'cmake_clean_cache' from command line to 'False'
[0.358s] Level 5:colcon.colcon_core.verb:set package 'contact' build argument 'cmake_clean_first' from command line to 'False'
[0.358s] Level 5:colcon.colcon_core.verb:set package 'contact' build argument 'cmake_force_configure' from command line to 'False'
[0.358s] Level 5:colcon.colcon_core.verb:set package 'contact' build argument 'ament_cmake_args' from command line to 'None'
[0.358s] Level 5:colcon.colcon_core.verb:set package 'contact' build argument 'catkin_cmake_args' from command line to 'None'
[0.358s] Level 5:colcon.colcon_core.verb:set package 'contact' build argument 'catkin_skip_building_tests' from command line to 'False'
[0.358s] DEBUG:colcon.colcon_core.verb:Building package 'contact' with the following arguments: {'ament_cmake_args': None, 'build_base': '/home/orangepi/GM/RESOURCES/ros2_ws/build/contact', 'catkin_cmake_args': None, 'catkin_skip_building_tests': False, 'cmake_args': None, 'cmake_clean_cache': False, 'cmake_clean_first': False, 'cmake_force_configure': False, 'cmake_target': None, 'cmake_target_skip_unavailable': False, 'install_base': '/home/orangepi/GM/RESOURCES/ros2_ws/install/contact', 'merge_install': False, 'path': '/home/orangepi/GM/RESOURCES/ros2_ws/src/contact', 'symlink_install': False, 'test_result_base': None}
[0.358s] INFO:colcon.colcon_core.executor:Executing jobs using 'parallel' executor
[0.360s] DEBUG:colcon.colcon_parallel_executor.executor.parallel:run_until_complete
[0.360s] INFO:colcon.colcon_ros.task.ament_cmake.build:Building ROS package in '/home/orangepi/GM/RESOURCES/ros2_ws/src/hero_msgs' with build type 'ament_cmake'
[0.360s] INFO:colcon.colcon_cmake.task.cmake.build:Building CMake package in '/home/orangepi/GM/RESOURCES/ros2_ws/src/hero_msgs'
[0.364s] INFO:colcon.colcon_core.plugin_system:Skipping extension 'colcon_core.shell.bat': Not used on non-Windows systems
[0.364s] INFO:colcon.colcon_core.shell:Skip shell extension 'powershell' for command environment: Not usable outside of PowerShell
[0.364s] DEBUG:colcon.colcon_core.shell:Skip shell extension 'dsv' for command environment
[0.369s] INFO:colcon.colcon_ros.task.ament_cmake.build:Building ROS package in '/home/orangepi/GM/RESOURCES/ros2_ws/src/vision_msgs' with build type 'ament_cmake'
[0.370s] INFO:colcon.colcon_cmake.task.cmake.build:Building CMake package in '/home/orangepi/GM/RESOURCES/ros2_ws/src/vision_msgs'
[0.370s] INFO:colcon.colcon_core.shell:Skip shell extension 'powershell' for command environment: Not usable outside of PowerShell
[0.370s] DEBUG:colcon.colcon_core.shell:Skip shell extension 'dsv' for command environment
[0.380s] DEBUG:colcon.colcon_core.event_handler.log_command:Invoking command in '/home/orangepi/GM/RESOURCES/ros2_ws/build/hero_msgs': CMAKE_PREFIX_PATH=${CMAKE_PREFIX_PATH}:/opt/ros/humble /usr/bin/cmake --build /home/orangepi/GM/RESOURCES/ros2_ws/build/hero_msgs -- -j8 -l8
[0.388s] DEBUG:colcon.colcon_core.event_handler.log_command:Invoking command in '/home/orangepi/GM/RESOURCES/ros2_ws/build/vision_msgs': CMAKE_PREFIX_PATH=${CMAKE_PREFIX_PATH}:/opt/ros/humble /usr/bin/cmake --build /home/orangepi/GM/RESOURCES/ros2_ws/build/vision_msgs -- -j8 -l8
[0.986s] DEBUG:colcon.colcon_core.event_handler.log_command:Invoked command in '/home/orangepi/GM/RESOURCES/ros2_ws/build/hero_msgs' returned '0': CMAKE_PREFIX_PATH=${CMAKE_PREFIX_PATH}:/opt/ros/humble /usr/bin/cmake --build /home/orangepi/GM/RESOURCES/ros2_ws/build/hero_msgs -- -j8 -l8
[1.009s] DEBUG:colcon.colcon_core.event_handler.log_command:Invoked command in '/home/orangepi/GM/RESOURCES/ros2_ws/build/vision_msgs' returned '0': CMAKE_PREFIX_PATH=${CMAKE_PREFIX_PATH}:/opt/ros/humble /usr/bin/cmake --build /home/orangepi/GM/RESOURCES/ros2_ws/build/vision_msgs -- -j8 -l8
[1.262s] DEBUG:colcon.colcon_core.event_handler.log_command:Invoking command in '/home/orangepi/GM/RESOURCES/ros2_ws/build/vision_msgs': CMAKE_PREFIX_PATH=${CMAKE_PREFIX_PATH}:/opt/ros/humble /usr/bin/cmake --install /home/orangepi/GM/RESOURCES/ros2_ws/build/vision_msgs
[1.270s] DEBUG:colcon.colcon_core.event_handler.log_command:Invoking command in '/home/orangepi/GM/RESOURCES/ros2_ws/build/hero_msgs': CMAKE_PREFIX_PATH=${CMAKE_PREFIX_PATH}:/opt/ros/humble /usr/bin/cmake --install /home/orangepi/GM/RESOURCES/ros2_ws/build/hero_msgs
[1.385s] Level 1:colcon.colcon_core.environment:create_environment_scripts_only(vision_msgs)
[1.387s] DEBUG:colcon.colcon_core.event_handler.log_command:Invoked command in '/home/orangepi/GM/RESOURCES/ros2_ws/build/vision_msgs' returned '0': CMAKE_PREFIX_PATH=${CMAKE_PREFIX_PATH}:/opt/ros/humble /usr/bin/cmake --install /home/orangepi/GM/RESOURCES/ros2_ws/build/vision_msgs
[1.391s] Level 1:colcon.colcon_core.environment:checking '/home/orangepi/GM/RESOURCES/ros2_ws/install/vision_msgs' for CMake module files
[1.392s] Level 1:colcon.colcon_core.environment:checking '/home/orangepi/GM/RESOURCES/ros2_ws/install/vision_msgs' for CMake config files
[1.393s] Level 1:colcon.colcon_core.shell:create_environment_hook('vision_msgs', 'cmake_prefix_path')
[1.394s] INFO:colcon.colcon_core.shell:Creating environment hook '/home/orangepi/GM/RESOURCES/ros2_ws/install/vision_msgs/share/vision_msgs/hook/cmake_prefix_path.ps1'
[1.395s] INFO:colcon.colcon_core.shell:Creating environment descriptor '/home/orangepi/GM/RESOURCES/ros2_ws/install/vision_msgs/share/vision_msgs/hook/cmake_prefix_path.dsv'
[1.397s] INFO:colcon.colcon_core.shell:Creating environment hook '/home/orangepi/GM/RESOURCES/ros2_ws/install/vision_msgs/share/vision_msgs/hook/cmake_prefix_path.sh'
[1.400s] Level 1:colcon.colcon_core.environment:checking '/home/orangepi/GM/RESOURCES/ros2_ws/install/vision_msgs/lib'
[1.401s] Level 1:colcon.colcon_core.shell:create_environment_hook('vision_msgs', 'ld_library_path_lib')
[1.402s] INFO:colcon.colcon_core.shell:Creating environment hook '/home/orangepi/GM/RESOURCES/ros2_ws/install/vision_msgs/share/vision_msgs/hook/ld_library_path_lib.ps1'
[1.406s] INFO:colcon.colcon_core.shell:Creating environment descriptor '/home/orangepi/GM/RESOURCES/ros2_ws/install/vision_msgs/share/vision_msgs/hook/ld_library_path_lib.dsv'
[1.407s] INFO:colcon.colcon_core.shell:Creating environment hook '/home/orangepi/GM/RESOURCES/ros2_ws/install/vision_msgs/share/vision_msgs/hook/ld_library_path_lib.sh'
[1.409s] Level 1:colcon.colcon_core.environment:checking '/home/orangepi/GM/RESOURCES/ros2_ws/install/vision_msgs/bin'
[1.409s] Level 1:colcon.colcon_core.environment:checking '/home/orangepi/GM/RESOURCES/ros2_ws/install/vision_msgs/lib/pkgconfig/vision_msgs.pc'
[1.413s] Level 1:colcon.colcon_core.environment:checking '/home/orangepi/GM/RESOURCES/ros2_ws/install/vision_msgs/lib/python3.10/site-packages'
[1.413s] Level 1:colcon.colcon_core.environment:checking '/home/orangepi/GM/RESOURCES/ros2_ws/install/vision_msgs/bin'
[1.414s] INFO:colcon.colcon_core.shell:Creating package script '/home/orangepi/GM/RESOURCES/ros2_ws/install/vision_msgs/share/vision_msgs/package.ps1'
[1.415s] INFO:colcon.colcon_core.shell:Creating package descriptor '/home/orangepi/GM/RESOURCES/ros2_ws/install/vision_msgs/share/vision_msgs/package.dsv'
[1.416s] INFO:colcon.colcon_core.shell:Creating package script '/home/orangepi/GM/RESOURCES/ros2_ws/install/vision_msgs/share/vision_msgs/package.sh'
[1.418s] INFO:colcon.colcon_core.shell:Creating package script '/home/orangepi/GM/RESOURCES/ros2_ws/install/vision_msgs/share/vision_msgs/package.bash'
[1.419s] INFO:colcon.colcon_core.shell:Creating package script '/home/orangepi/GM/RESOURCES/ros2_ws/install/vision_msgs/share/vision_msgs/package.zsh'
[1.428s] Level 1:colcon.colcon_core.environment:create_file_with_runtime_dependencies(/home/orangepi/GM/RESOURCES/ros2_ws/install/vision_msgs/share/colcon-core/packages/vision_msgs)
[1.432s] Level 1:colcon.colcon_core.environment:create_environment_scripts_only(hero_msgs)
[1.433s] Level 1:colcon.colcon_core.environment:checking '/home/orangepi/GM/RESOURCES/ros2_ws/install/hero_msgs' for CMake module files
[1.435s] DEBUG:colcon.colcon_core.event_handler.log_command:Invoked command in '/home/orangepi/GM/RESOURCES/ros2_ws/build/hero_msgs' returned '0': CMAKE_PREFIX_PATH=${CMAKE_PREFIX_PATH}:/opt/ros/humble /usr/bin/cmake --install /home/orangepi/GM/RESOURCES/ros2_ws/build/hero_msgs
[1.436s] Level 1:colcon.colcon_core.environment:checking '/home/orangepi/GM/RESOURCES/ros2_ws/install/hero_msgs' for CMake config files
[1.437s] Level 1:colcon.colcon_core.shell:create_environment_hook('hero_msgs', 'cmake_prefix_path')
[1.437s] INFO:colcon.colcon_core.shell:Creating environment hook '/home/orangepi/GM/RESOURCES/ros2_ws/install/hero_msgs/share/hero_msgs/hook/cmake_prefix_path.ps1'
[1.438s] INFO:colcon.colcon_core.shell:Creating environment descriptor '/home/orangepi/GM/RESOURCES/ros2_ws/install/hero_msgs/share/hero_msgs/hook/cmake_prefix_path.dsv'
[1.440s] INFO:colcon.colcon_core.shell:Creating environment hook '/home/orangepi/GM/RESOURCES/ros2_ws/install/hero_msgs/share/hero_msgs/hook/cmake_prefix_path.sh'
[1.441s] Level 1:colcon.colcon_core.environment:checking '/home/orangepi/GM/RESOURCES/ros2_ws/install/hero_msgs/lib'
[1.441s] Level 1:colcon.colcon_core.shell:create_environment_hook('hero_msgs', 'ld_library_path_lib')
[1.441s] INFO:colcon.colcon_core.shell:Creating environment hook '/home/orangepi/GM/RESOURCES/ros2_ws/install/hero_msgs/share/hero_msgs/hook/ld_library_path_lib.ps1'
[1.442s] INFO:colcon.colcon_core.shell:Creating environment descriptor '/home/orangepi/GM/RESOURCES/ros2_ws/install/hero_msgs/share/hero_msgs/hook/ld_library_path_lib.dsv'
[1.444s] INFO:colcon.colcon_core.shell:Creating environment hook '/home/orangepi/GM/RESOURCES/ros2_ws/install/hero_msgs/share/hero_msgs/hook/ld_library_path_lib.sh'
[1.445s] Level 1:colcon.colcon_core.environment:checking '/home/orangepi/GM/RESOURCES/ros2_ws/install/hero_msgs/bin'
[1.445s] Level 1:colcon.colcon_core.environment:checking '/home/orangepi/GM/RESOURCES/ros2_ws/install/hero_msgs/lib/pkgconfig/hero_msgs.pc'
[1.445s] Level 1:colcon.colcon_core.environment:checking '/home/orangepi/GM/RESOURCES/ros2_ws/install/hero_msgs/lib/python3.10/site-packages'
[1.446s] Level 1:colcon.colcon_core.environment:checking '/home/orangepi/GM/RESOURCES/ros2_ws/install/hero_msgs/bin'
[1.447s] INFO:colcon.colcon_core.shell:Creating package script '/home/orangepi/GM/RESOURCES/ros2_ws/install/hero_msgs/share/hero_msgs/package.ps1'
[1.448s] INFO:colcon.colcon_core.shell:Creating package descriptor '/home/orangepi/GM/RESOURCES/ros2_ws/install/hero_msgs/share/hero_msgs/package.dsv'
[1.449s] INFO:colcon.colcon_core.shell:Creating package script '/home/orangepi/GM/RESOURCES/ros2_ws/install/hero_msgs/share/hero_msgs/package.sh'
[1.450s] INFO:colcon.colcon_core.shell:Creating package script '/home/orangepi/GM/RESOURCES/ros2_ws/install/hero_msgs/share/hero_msgs/package.bash'
[1.451s] INFO:colcon.colcon_core.shell:Creating package script '/home/orangepi/GM/RESOURCES/ros2_ws/install/hero_msgs/share/hero_msgs/package.zsh'
[1.452s] Level 1:colcon.colcon_core.environment:create_file_with_runtime_dependencies(/home/orangepi/GM/RESOURCES/ros2_ws/install/hero_msgs/share/colcon-core/packages/hero_msgs)
[1.660s] Level 1:colcon.colcon_core.environment:create_environment_scripts_only(vision_msgs)
[1.661s] Level 1:colcon.colcon_core.environment:checking '/home/orangepi/GM/RESOURCES/ros2_ws/install/vision_msgs' for CMake module files
[1.664s] Level 1:colcon.colcon_core.environment:checking '/home/orangepi/GM/RESOURCES/ros2_ws/install/vision_msgs' for CMake config files
[1.668s] Level 1:colcon.colcon_core.shell:create_environment_hook('vision_msgs', 'cmake_prefix_path')
[1.669s] INFO:colcon.colcon_core.shell:Creating environment hook '/home/orangepi/GM/RESOURCES/ros2_ws/install/vision_msgs/share/vision_msgs/hook/cmake_prefix_path.ps1'
[1.671s] INFO:colcon.colcon_core.shell:Creating environment descriptor '/home/orangepi/GM/RESOURCES/ros2_ws/install/vision_msgs/share/vision_msgs/hook/cmake_prefix_path.dsv'
[1.673s] INFO:colcon.colcon_core.shell:Creating environment hook '/home/orangepi/GM/RESOURCES/ros2_ws/install/vision_msgs/share/vision_msgs/hook/cmake_prefix_path.sh'
[1.676s] Level 1:colcon.colcon_core.environment:checking '/home/orangepi/GM/RESOURCES/ros2_ws/install/vision_msgs/lib'
[1.676s] Level 1:colcon.colcon_core.shell:create_environment_hook('vision_msgs', 'ld_library_path_lib')
[1.677s] INFO:colcon.colcon_core.shell:Creating environment hook '/home/orangepi/GM/RESOURCES/ros2_ws/install/vision_msgs/share/vision_msgs/hook/ld_library_path_lib.ps1'
[1.679s] INFO:colcon.colcon_core.shell:Creating environment descriptor '/home/orangepi/GM/RESOURCES/ros2_ws/install/vision_msgs/share/vision_msgs/hook/ld_library_path_lib.dsv'
[1.680s] INFO:colcon.colcon_core.shell:Creating environment hook '/home/orangepi/GM/RESOURCES/ros2_ws/install/vision_msgs/share/vision_msgs/hook/ld_library_path_lib.sh'
[1.681s] Level 1:colcon.colcon_core.environment:checking '/home/orangepi/GM/RESOURCES/ros2_ws/install/vision_msgs/bin'
[1.681s] Level 1:colcon.colcon_core.environment:checking '/home/orangepi/GM/RESOURCES/ros2_ws/install/vision_msgs/lib/pkgconfig/vision_msgs.pc'
[1.681s] Level 1:colcon.colcon_core.environment:checking '/home/orangepi/GM/RESOURCES/ros2_ws/install/vision_msgs/lib/python3.10/site-packages'
[1.682s] Level 1:colcon.colcon_core.environment:checking '/home/orangepi/GM/RESOURCES/ros2_ws/install/vision_msgs/bin'
[1.682s] INFO:colcon.colcon_core.shell:Creating package script '/home/orangepi/GM/RESOURCES/ros2_ws/install/vision_msgs/share/vision_msgs/package.ps1'
[1.683s] INFO:colcon.colcon_core.shell:Creating package descriptor '/home/orangepi/GM/RESOURCES/ros2_ws/install/vision_msgs/share/vision_msgs/package.dsv'
[1.684s] INFO:colcon.colcon_core.shell:Creating package script '/home/orangepi/GM/RESOURCES/ros2_ws/install/vision_msgs/share/vision_msgs/package.sh'
[1.686s] INFO:colcon.colcon_core.shell:Creating package script '/home/orangepi/GM/RESOURCES/ros2_ws/install/vision_msgs/share/vision_msgs/package.bash'
[1.686s] INFO:colcon.colcon_core.shell:Creating package script '/home/orangepi/GM/RESOURCES/ros2_ws/install/vision_msgs/share/vision_msgs/package.zsh'
[1.687s] Level 1:colcon.colcon_core.environment:create_file_with_runtime_dependencies(/home/orangepi/GM/RESOURCES/ros2_ws/install/vision_msgs/share/colcon-core/packages/vision_msgs)
[1.734s] Level 1:colcon.colcon_core.environment:create_environment_scripts_only(hero_msgs)
[1.735s] Level 1:colcon.colcon_core.environment:checking '/home/orangepi/GM/RESOURCES/ros2_ws/install/hero_msgs' for CMake module files
[1.738s] Level 1:colcon.colcon_core.environment:checking '/home/orangepi/GM/RESOURCES/ros2_ws/install/hero_msgs' for CMake config files
[1.740s] Level 1:colcon.colcon_core.shell:create_environment_hook('hero_msgs', 'cmake_prefix_path')
[1.740s] INFO:colcon.colcon_core.shell:Creating environment hook '/home/orangepi/GM/RESOURCES/ros2_ws/install/hero_msgs/share/hero_msgs/hook/cmake_prefix_path.ps1'
[1.741s] INFO:colcon.colcon_core.shell:Creating environment descriptor '/home/orangepi/GM/RESOURCES/ros2_ws/install/hero_msgs/share/hero_msgs/hook/cmake_prefix_path.dsv'
[1.742s] INFO:colcon.colcon_core.shell:Creating environment hook '/home/orangepi/GM/RESOURCES/ros2_ws/install/hero_msgs/share/hero_msgs/hook/cmake_prefix_path.sh'
[1.744s] Level 1:colcon.colcon_core.environment:checking '/home/orangepi/GM/RESOURCES/ros2_ws/install/hero_msgs/lib'
[1.744s] Level 1:colcon.colcon_core.shell:create_environment_hook('hero_msgs', 'ld_library_path_lib')
[1.744s] INFO:colcon.colcon_core.shell:Creating environment hook '/home/orangepi/GM/RESOURCES/ros2_ws/install/hero_msgs/share/hero_msgs/hook/ld_library_path_lib.ps1'
[1.745s] INFO:colcon.colcon_core.shell:Creating environment descriptor '/home/orangepi/GM/RESOURCES/ros2_ws/install/hero_msgs/share/hero_msgs/hook/ld_library_path_lib.dsv'
[1.746s] INFO:colcon.colcon_core.shell:Creating environment hook '/home/orangepi/GM/RESOURCES/ros2_ws/install/hero_msgs/share/hero_msgs/hook/ld_library_path_lib.sh'
[1.747s] Level 1:colcon.colcon_core.environment:checking '/home/orangepi/GM/RESOURCES/ros2_ws/install/hero_msgs/bin'
[1.747s] Level 1:colcon.colcon_core.environment:checking '/home/orangepi/GM/RESOURCES/ros2_ws/install/hero_msgs/lib/pkgconfig/hero_msgs.pc'
[1.748s] Level 1:colcon.colcon_core.environment:checking '/home/orangepi/GM/RESOURCES/ros2_ws/install/hero_msgs/lib/python3.10/site-packages'
[1.748s] Level 1:colcon.colcon_core.environment:checking '/home/orangepi/GM/RESOURCES/ros2_ws/install/hero_msgs/bin'
[1.749s] INFO:colcon.colcon_core.shell:Creating package script '/home/orangepi/GM/RESOURCES/ros2_ws/install/hero_msgs/share/hero_msgs/package.ps1'
[1.750s] INFO:colcon.colcon_core.shell:Creating package descriptor '/home/orangepi/GM/RESOURCES/ros2_ws/install/hero_msgs/share/hero_msgs/package.dsv'
[1.752s] INFO:colcon.colcon_core.shell:Creating package script '/home/orangepi/GM/RESOURCES/ros2_ws/install/hero_msgs/share/hero_msgs/package.sh'
[1.753s] INFO:colcon.colcon_core.shell:Creating package script '/home/orangepi/GM/RESOURCES/ros2_ws/install/hero_msgs/share/hero_msgs/package.bash'
[1.754s] INFO:colcon.colcon_core.shell:Creating package script '/home/orangepi/GM/RESOURCES/ros2_ws/install/hero_msgs/share/hero_msgs/package.zsh'
[1.754s] Level 1:colcon.colcon_core.environment:create_file_with_runtime_dependencies(/home/orangepi/GM/RESOURCES/ros2_ws/install/hero_msgs/share/colcon-core/packages/hero_msgs)
[1.756s] INFO:colcon.colcon_ros.task.ament_cmake.build:Building ROS package in '/home/orangepi/GM/RESOURCES/ros2_ws/src/contact' with build type 'ament_cmake'
[1.756s] INFO:colcon.colcon_cmake.task.cmake.build:Building CMake package in '/home/orangepi/GM/RESOURCES/ros2_ws/src/contact'
[1.757s] INFO:colcon.colcon_core.shell:Skip shell extension 'powershell' for command environment: Not usable outside of PowerShell
[1.757s] DEBUG:colcon.colcon_core.shell:Skip shell extension 'dsv' for command environment
[1.779s] DEBUG:colcon.colcon_core.event_handler.log_command:Invoking command in '/home/orangepi/GM/RESOURCES/ros2_ws/build/contact': CMAKE_PREFIX_PATH=/home/orangepi/GM/RESOURCES/ros2_ws/install/hero_msgs:/home/orangepi/GM/RESOURCES/ros2_ws/install/vision_msgs:/opt/ros/humble LD_LIBRARY_PATH=/home/orangepi/GM/RESOURCES/ros2_ws/install/hero_msgs/lib:/home/orangepi/GM/RESOURCES/ros2_ws/install/vision_msgs/lib:/root/.x-cmd.root/local/data/pkg/sphere/X/l/j/h/lib:/opt/ros/humble/opt/rviz_ogre_vendor/lib:/opt/ros/humble/lib/aarch64-linux-gnu:/opt/ros/humble/lib /usr/bin/cmake --build /home/orangepi/GM/RESOURCES/ros2_ws/build/contact -- -j8 -l8
[14.145s] DEBUG:colcon.colcon_core.event_handler.log_command:Invoked command in '/home/orangepi/GM/RESOURCES/ros2_ws/build/contact' returned '2': CMAKE_PREFIX_PATH=/home/orangepi/GM/RESOURCES/ros2_ws/install/hero_msgs:/home/orangepi/GM/RESOURCES/ros2_ws/install/vision_msgs:/opt/ros/humble LD_LIBRARY_PATH=/home/orangepi/GM/RESOURCES/ros2_ws/install/hero_msgs/lib:/home/orangepi/GM/RESOURCES/ros2_ws/install/vision_msgs/lib:/root/.x-cmd.root/local/data/pkg/sphere/X/l/j/h/lib:/opt/ros/humble/opt/rviz_ogre_vendor/lib:/opt/ros/humble/lib/aarch64-linux-gnu:/opt/ros/humble/lib /usr/bin/cmake --build /home/orangepi/GM/RESOURCES/ros2_ws/build/contact -- -j8 -l8
[14.221s] Level 1:colcon.colcon_core.environment:create_environment_scripts_only(contact)
[14.223s] Level 1:colcon.colcon_core.environment:checking '/home/orangepi/GM/RESOURCES/ros2_ws/install/contact' for CMake module files
[14.225s] Level 1:colcon.colcon_core.environment:checking '/home/orangepi/GM/RESOURCES/ros2_ws/install/contact' for CMake config files
[14.226s] Level 1:colcon.colcon_core.environment:checking '/home/orangepi/GM/RESOURCES/ros2_ws/install/contact/bin'
[14.227s] Level 1:colcon.colcon_core.environment:checking '/home/orangepi/GM/RESOURCES/ros2_ws/install/contact/lib/pkgconfig/contact.pc'
[14.228s] Level 1:colcon.colcon_core.environment:checking '/home/orangepi/GM/RESOURCES/ros2_ws/install/contact/lib/python3.10/site-packages'
[14.229s] Level 1:colcon.colcon_core.environment:checking '/home/orangepi/GM/RESOURCES/ros2_ws/install/contact/bin'
[14.230s] INFO:colcon.colcon_core.shell:Creating package script '/home/orangepi/GM/RESOURCES/ros2_ws/install/contact/share/contact/package.ps1'
[14.231s] INFO:colcon.colcon_core.shell:Creating package descriptor '/home/orangepi/GM/RESOURCES/ros2_ws/install/contact/share/contact/package.dsv'
[14.233s] INFO:colcon.colcon_core.shell:Creating package script '/home/orangepi/GM/RESOURCES/ros2_ws/install/contact/share/contact/package.sh'
[14.234s] INFO:colcon.colcon_core.shell:Creating package script '/home/orangepi/GM/RESOURCES/ros2_ws/install/contact/share/contact/package.bash'
[14.235s] INFO:colcon.colcon_core.shell:Creating package script '/home/orangepi/GM/RESOURCES/ros2_ws/install/contact/share/contact/package.zsh'
[14.236s] Level 1:colcon.colcon_core.environment:create_file_with_runtime_dependencies(/home/orangepi/GM/RESOURCES/ros2_ws/install/contact/share/colcon-core/packages/contact)
[14.248s] DEBUG:colcon.colcon_parallel_executor.executor.parallel:closing loop
[14.248s] DEBUG:colcon.colcon_parallel_executor.executor.parallel:loop closed
[14.248s] DEBUG:colcon.colcon_parallel_executor.executor.parallel:run_until_complete finished with '2'
[14.248s] DEBUG:colcon.colcon_core.event_reactor:joining thread
[14.360s] INFO:colcon.colcon_core.plugin_system:Skipping extension 'colcon_notification.desktop_notification.terminal_notifier': Not used on non-Darwin systems
[14.360s] INFO:colcon.colcon_core.plugin_system:Skipping extension 'colcon_notification.desktop_notification.win32': Not used on non-Windows systems
[14.360s] INFO:colcon.colcon_notification.desktop_notification:Sending desktop notification using 'notify2'
[14.380s] DEBUG:colcon.colcon_core.event_reactor:joined thread
[14.382s] INFO:colcon.colcon_core.shell:Creating prefix script '/home/orangepi/GM/RESOURCES/ros2_ws/install/local_setup.ps1'
[14.388s] INFO:colcon.colcon_core.shell:Creating prefix util module '/home/orangepi/GM/RESOURCES/ros2_ws/install/_local_setup_util_ps1.py'
[14.396s] INFO:colcon.colcon_core.shell:Creating prefix chain script '/home/orangepi/GM/RESOURCES/ros2_ws/install/setup.ps1'
[14.400s] INFO:colcon.colcon_core.shell:Creating prefix script '/home/orangepi/GM/RESOURCES/ros2_ws/install/local_setup.sh'
[14.403s] INFO:colcon.colcon_core.shell:Creating prefix util module '/home/orangepi/GM/RESOURCES/ros2_ws/install/_local_setup_util_sh.py'
[14.405s] INFO:colcon.colcon_core.shell:Creating prefix chain script '/home/orangepi/GM/RESOURCES/ros2_ws/install/setup.sh'
[14.409s] INFO:colcon.colcon_core.shell:Creating prefix script '/home/orangepi/GM/RESOURCES/ros2_ws/install/local_setup.bash'
[14.411s] INFO:colcon.colcon_core.shell:Creating prefix chain script '/home/orangepi/GM/RESOURCES/ros2_ws/install/setup.bash'
[14.415s] INFO:colcon.colcon_core.shell:Creating prefix script '/home/orangepi/GM/RESOURCES/ros2_ws/install/local_setup.zsh'
[14.417s] INFO:colcon.colcon_core.shell:Creating prefix chain script '/home/orangepi/GM/RESOURCES/ros2_ws/install/setup.zsh'
